12:39:52 | 🚀 [baseline_L3_ile1p0_cl0p1_tau0p2_beta0p0_s42] ILE=False(λ=1.0) aug_main=False CL=False(λ=0.1,τ=0.2) negβ=0.0 drop=degree_aware layers=3 epochs=100 steps/epoch=137 device=cuda
12:39:54 | ep   1 |  2.4s | BPR=0.5770 ILE=0.0000 CL=0.0000
12:39:57 | ep   2 |  2.6s | BPR=0.3333 ILE=0.0000 CL=0.0000
12:39:59 | ep   3 |  2.4s | BPR=0.3142 ILE=0.0000 CL=0.0000
12:40:01 | ep   4 |  2.3s | BPR=0.3127 ILE=0.0000 CL=0.0000
12:40:04 | ep   5 |  2.3s | BPR=0.3066 ILE=0.0000 CL=0.0000 | VAL R@10=0.0472 R@20=0.0834 N@10=0.0226 N@20=0.0315 TailR@20=0.0000 Cov@20=0.0654 ARP@20=7.5200 HeadExp=0.9988 MidExp=0.0000 TailExp=0.0012 ⭐best
12:40:07 | ep   6 |  2.3s | BPR=0.3052 ILE=0.0000 CL=0.0000
12:40:09 | ep   7 |  2.3s | BPR=0.3028 ILE=0.0000 CL=0.0000
12:40:11 | ep   8 |  2.3s | BPR=0.2992 ILE=0.0000 CL=0.0000
12:40:14 | ep   9 |  2.4s | BPR=0.2960 ILE=0.0000 CL=0.0000
12:40:17 | ep  10 |  2.3s | BPR=0.2908 ILE=0.0000 CL=0.0000 | VAL R@10=0.0474 R@20=0.0837 N@10=0.0226 N@20=0.0316 TailR@20=0.0021 Cov@20=0.0826 ARP@20=7.5148 HeadExp=0.9983 MidExp=0.0000 TailExp=0.0016 ⭐best
12:40:19 | ep  11 |  2.3s | BPR=0.2851 ILE=0.0000 CL=0.0000
12:40:22 | ep  12 |  2.3s | BPR=0.2771 ILE=0.0000 CL=0.0000
12:40:24 | ep  13 |  2.3s | BPR=0.2675 ILE=0.0000 CL=0.0000
12:40:26 | ep  14 |  2.3s | BPR=0.2607 ILE=0.0000 CL=0.0000
12:40:29 | ep  15 |  2.3s | BPR=0.2553 ILE=0.0000 CL=0.0000 | VAL R@10=0.0479 R@20=0.0857 N@10=0.0230 N@20=0.0325 TailR@20=0.0000 Cov@20=0.1084 ARP@20=7.4461 HeadExp=0.9987 MidExp=0.0002 TailExp=0.0011 ⭐best
12:40:32 | ep  16 |  2.3s | BPR=0.2520 ILE=0.0000 CL=0.0000
12:40:34 | ep  17 |  2.3s | BPR=0.2479 ILE=0.0000 CL=0.0000
12:40:36 | ep  18 |  2.3s | BPR=0.2450 ILE=0.0000 CL=0.0000
12:40:39 | ep  19 |  2.3s | BPR=0.2429 ILE=0.0000 CL=0.0000
12:40:42 | ep  20 |  2.3s | BPR=0.2413 ILE=0.0000 CL=0.0000 | VAL R@10=0.0502 R@20=0.0877 N@10=0.0237 N@20=0.0331 TailR@20=0.0000 Cov@20=0.1163 ARP@20=7.3814 HeadExp=0.9989 MidExp=0.0004 TailExp=0.0006 ⭐best
12:40:44 | ep  21 |  2.5s | BPR=0.2381 ILE=0.0000 CL=0.0000
12:40:47 | ep  22 |  2.5s | BPR=0.2360 ILE=0.0000 CL=0.0000
12:40:49 | ep  23 |  2.4s | BPR=0.2337 ILE=0.0000 CL=0.0000
12:40:52 | ep  24 |  2.3s | BPR=0.2293 ILE=0.0000 CL=0.0000
12:40:55 | ep  25 |  2.3s | BPR=0.2254 ILE=0.0000 CL=0.0000 | VAL R@10=0.0549 R@20=0.0916 N@10=0.0261 N@20=0.0354 TailR@20=0.0000 Cov@20=0.1432 ARP@20=7.3486 HeadExp=0.9986 MidExp=0.0008 TailExp=0.0007 ⭐best
12:40:57 | ep  26 |  2.3s | BPR=0.2216 ILE=0.0000 CL=0.0000
12:40:59 | ep  27 |  2.3s | BPR=0.2174 ILE=0.0000 CL=0.0000
12:41:02 | ep  28 |  2.4s | BPR=0.2140 ILE=0.0000 CL=0.0000
12:41:04 | ep  29 |  2.3s | BPR=0.2105 ILE=0.0000 CL=0.0000
12:41:07 | ep  30 |  2.3s | BPR=0.2078 ILE=0.0000 CL=0.0000 | VAL R@10=0.0595 R@20=0.0996 N@10=0.0296 N@20=0.0397 TailR@20=0.0000 Cov@20=0.1803 ARP@20=7.2823 HeadExp=0.9975 MidExp=0.0016 TailExp=0.0008 ⭐best
12:41:10 | ep  31 |  2.4s | BPR=0.2050 ILE=0.0000 CL=0.0000
12:41:12 | ep  32 |  2.4s | BPR=0.2017 ILE=0.0000 CL=0.0000
12:41:14 | ep  33 |  2.3s | BPR=0.2001 ILE=0.0000 CL=0.0000
12:41:17 | ep  34 |  2.3s | BPR=0.1985 ILE=0.0000 CL=0.0000
12:41:20 | ep  35 |  2.4s | BPR=0.1954 ILE=0.0000 CL=0.0000 | VAL R@10=0.0631 R@20=0.1036 N@10=0.0312 N@20=0.0414 TailR@20=0.0000 Cov@20=0.2004 ARP@20=7.2213 HeadExp=0.9960 MidExp=0.0033 TailExp=0.0007 ⭐best
12:41:22 | ep  36 |  2.3s | BPR=0.1947 ILE=0.0000 CL=0.0000
12:41:24 | ep  37 |  2.3s | BPR=0.1939 ILE=0.0000 CL=0.0000
12:41:27 | ep  38 |  2.4s | BPR=0.1900 ILE=0.0000 CL=0.0000
12:41:29 | ep  39 |  2.3s | BPR=0.1899 ILE=0.0000 CL=0.0000
12:41:32 | ep  40 |  2.2s | BPR=0.1896 ILE=0.0000 CL=0.0000 | VAL R@10=0.0646 R@20=0.1086 N@10=0.0325 N@20=0.0435 TailR@20=0.0000 Cov@20=0.2233 ARP@20=7.1837 HeadExp=0.9941 MidExp=0.0051 TailExp=0.0008 ⭐best
12:41:34 | ep  41 |  2.3s | BPR=0.1872 ILE=0.0000 CL=0.0000
12:41:37 | ep  42 |  2.3s | BPR=0.1856 ILE=0.0000 CL=0.0000
12:41:39 | ep  43 |  2.3s | BPR=0.1841 ILE=0.0000 CL=0.0000
12:41:41 | ep  44 |  2.4s | BPR=0.1826 ILE=0.0000 CL=0.0000
12:41:45 | ep  45 |  2.4s | BPR=0.1813 ILE=0.0000 CL=0.0000 | VAL R@10=0.0641 R@20=0.1124 N@10=0.0324 N@20=0.0445 TailR@20=0.0000 Cov@20=0.2378 ARP@20=7.1523 HeadExp=0.9927 MidExp=0.0064 TailExp=0.0009 ⭐best
12:41:47 | ep  46 |  2.3s | BPR=0.1800 ILE=0.0000 CL=0.0000
12:41:49 | ep  47 |  2.3s | BPR=0.1802 ILE=0.0000 CL=0.0000
12:41:52 | ep  48 |  2.3s | BPR=0.1782 ILE=0.0000 CL=0.0000
12:41:54 | ep  49 |  2.4s | BPR=0.1766 ILE=0.0000 CL=0.0000
12:41:57 | ep  50 |  2.3s | BPR=0.1752 ILE=0.0000 CL=0.0000 | VAL R@10=0.0681 R@20=0.1162 N@10=0.0337 N@20=0.0457 TailR@20=0.0000 Cov@20=0.2562 ARP@20=7.1291 HeadExp=0.9907 MidExp=0.0085 TailExp=0.0008 ⭐best
12:42:00 | ep  51 |  2.3s | BPR=0.1741 ILE=0.0000 CL=0.0000
12:42:02 | ep  52 |  2.3s | BPR=0.1731 ILE=0.0000 CL=0.0000
12:42:04 | ep  53 |  2.3s | BPR=0.1720 ILE=0.0000 CL=0.0000
12:42:06 | ep  54 |  2.3s | BPR=0.1717 ILE=0.0000 CL=0.0000
12:42:10 | ep  55 |  2.3s | BPR=0.1699 ILE=0.0000 CL=0.0000 | VAL R@10=0.0689 R@20=0.1205 N@10=0.0342 N@20=0.0471 TailR@20=0.0000 Cov@20=0.2703 ARP@20=7.1017 HeadExp=0.9884 MidExp=0.0107 TailExp=0.0008 ⭐best
12:42:12 | ep  56 |  2.4s | BPR=0.1691 ILE=0.0000 CL=0.0000
12:42:14 | ep  57 |  2.4s | BPR=0.1681 ILE=0.0000 CL=0.0000
12:42:17 | ep  58 |  2.3s | BPR=0.1672 ILE=0.0000 CL=0.0000
12:42:19 | ep  59 |  2.3s | BPR=0.1664 ILE=0.0000 CL=0.0000
12:42:22 | ep  60 |  2.3s | BPR=0.1654 ILE=0.0000 CL=0.0000 | VAL R@10=0.0714 R@20=0.1230 N@10=0.0357 N@20=0.0485 TailR@20=0.0021 Cov@20=0.2842 ARP@20=7.0789 HeadExp=0.9863 MidExp=0.0128 TailExp=0.0009 ⭐best
12:42:25 | ep  61 |  2.3s | BPR=0.1653 ILE=0.0000 CL=0.0000
12:42:27 | ep  62 |  2.4s | BPR=0.1643 ILE=0.0000 CL=0.0000
12:42:29 | ep  63 |  2.4s | BPR=0.1632 ILE=0.0000 CL=0.0000
12:42:32 | ep  64 |  2.3s | BPR=0.1630 ILE=0.0000 CL=0.0000
12:42:35 | ep  65 |  2.3s | BPR=0.1622 ILE=0.0000 CL=0.0000 | VAL R@10=0.0709 R@20=0.1240 N@10=0.0354 N@20=0.0487 TailR@20=0.0021 Cov@20=0.2966 ARP@20=7.0568 HeadExp=0.9842 MidExp=0.0149 TailExp=0.0009 ⭐best
12:42:37 | ep  66 |  2.3s | BPR=0.1610 ILE=0.0000 CL=0.0000
12:42:40 | ep  67 |  2.4s | BPR=0.1602 ILE=0.0000 CL=0.0000
12:42:42 | ep  68 |  2.3s | BPR=0.1606 ILE=0.0000 CL=0.0000
12:42:44 | ep  69 |  2.3s | BPR=0.1598 ILE=0.0000 CL=0.0000
12:42:47 | ep  70 |  2.3s | BPR=0.1595 ILE=0.0000 CL=0.0000 | VAL R@10=0.0737 R@20=0.1251 N@10=0.0365 N@20=0.0494 TailR@20=0.0021 Cov@20=0.3037 ARP@20=7.0331 HeadExp=0.9820 MidExp=0.0171 TailExp=0.0009 ⭐best
12:42:50 | ep  71 |  2.4s | BPR=0.1576 ILE=0.0000 CL=0.0000
12:42:52 | ep  72 |  2.3s | BPR=0.1576 ILE=0.0000 CL=0.0000
12:42:54 | ep  73 |  2.3s | BPR=0.1572 ILE=0.0000 CL=0.0000
12:42:57 | ep  74 |  2.5s | BPR=0.1565 ILE=0.0000 CL=0.0000
12:43:00 | ep  75 |  2.5s | BPR=0.1575 ILE=0.0000 CL=0.0000 | VAL R@10=0.0731 R@20=0.1261 N@10=0.0364 N@20=0.0497 TailR@20=0.0021 Cov@20=0.3116 ARP@20=7.0189 HeadExp=0.9802 MidExp=0.0190 TailExp=0.0009 ⭐best
12:43:03 | ep  76 |  2.3s | BPR=0.1557 ILE=0.0000 CL=0.0000
12:43:05 | ep  77 |  2.3s | BPR=0.1549 ILE=0.0000 CL=0.0000
12:43:07 | ep  78 |  2.3s | BPR=0.1550 ILE=0.0000 CL=0.0000
12:43:10 | ep  79 |  2.3s | BPR=0.1540 ILE=0.0000 CL=0.0000
12:43:13 | ep  80 |  2.3s | BPR=0.1545 ILE=0.0000 CL=0.0000 | VAL R@10=0.0751 R@20=0.1274 N@10=0.0370 N@20=0.0501 TailR@20=0.0021 Cov@20=0.3187 ARP@20=7.0050 HeadExp=0.9787 MidExp=0.0204 TailExp=0.0009 ⭐best
12:43:15 | ep  81 |  2.5s | BPR=0.1531 ILE=0.0000 CL=0.0000
12:43:18 | ep  82 |  2.3s | BPR=0.1522 ILE=0.0000 CL=0.0000
12:43:20 | ep  83 |  2.4s | BPR=0.1508 ILE=0.0000 CL=0.0000
12:43:22 | ep  84 |  2.3s | BPR=0.1510 ILE=0.0000 CL=0.0000
12:43:25 | ep  85 |  2.4s | BPR=0.1505 ILE=0.0000 CL=0.0000 | VAL R@10=0.0746 R@20=0.1274 N@10=0.0370 N@20=0.0503 TailR@20=0.0021 Cov@20=0.3258 ARP@20=6.9912 HeadExp=0.9774 MidExp=0.0217 TailExp=0.0009 (best 0.1274@80)
12:43:28 | ep  86 |  2.3s | BPR=0.1505 ILE=0.0000 CL=0.0000
12:43:30 | ep  87 |  2.4s | BPR=0.1497 ILE=0.0000 CL=0.0000
12:43:32 | ep  88 |  2.3s | BPR=0.1512 ILE=0.0000 CL=0.0000
12:43:35 | ep  89 |  2.3s | BPR=0.1492 ILE=0.0000 CL=0.0000
12:43:38 | ep  90 |  2.3s | BPR=0.1479 ILE=0.0000 CL=0.0000 | VAL R@10=0.0762 R@20=0.1296 N@10=0.0374 N@20=0.0508 TailR@20=0.0021 Cov@20=0.3323 ARP@20=6.9739 HeadExp=0.9755 MidExp=0.0236 TailExp=0.0009 ⭐best
12:43:40 | ep  91 |  2.3s | BPR=0.1474 ILE=0.0000 CL=0.0000
12:43:43 | ep  92 |  2.3s | BPR=0.1476 ILE=0.0000 CL=0.0000
12:43:45 | ep  93 |  2.3s | BPR=0.1472 ILE=0.0000 CL=0.0000
12:43:47 | ep  94 |  2.3s | BPR=0.1476 ILE=0.0000 CL=0.0000
12:43:50 | ep  95 |  2.3s | BPR=0.1466 ILE=0.0000 CL=0.0000 | VAL R@10=0.0776 R@20=0.1306 N@10=0.0375 N@20=0.0508 TailR@20=0.0021 Cov@20=0.3416 ARP@20=6.9574 HeadExp=0.9735 MidExp=0.0255 TailExp=0.0009 ⭐best
12:43:53 | ep  96 |  2.4s | BPR=0.1455 ILE=0.0000 CL=0.0000
12:43:55 | ep  97 |  2.3s | BPR=0.1461 ILE=0.0000 CL=0.0000
12:43:57 | ep  98 |  2.3s | BPR=0.1453 ILE=0.0000 CL=0.0000
12:44:00 | ep  99 |  2.3s | BPR=0.1448 ILE=0.0000 CL=0.0000
12:44:03 | ep 100 |  2.3s | BPR=0.1441 ILE=0.0000 CL=0.0000 | VAL R@10=0.0771 R@20=0.1311 N@10=0.0374 N@20=0.0509 TailR@20=0.0021 Cov@20=0.3442 ARP@20=6.9459 HeadExp=0.9725 MidExp=0.0265 TailExp=0.0010 ⭐best
12:44:04 | ✅ [baseline_L3_ile1p0_cl0p1_tau0p2_beta0p0_s42] TEST | R@10=0.0673 R@20=0.1206 N@10=0.0341 N@20=0.0475 TailR@20=0.0037 Cov@20=0.3445 ARP@20=6.9443 HeadExp=0.9724 MidExp=0.0266 TailExp=0.0010
