16:33:17 | 🚀 [final_accuracy_L2_s0] ILE=True(λ=0.1) aug_main=False CL=True(λ=0.1,τ=0.2) negβ=0.5 drop=degree_aware layers=2 epochs=100 steps/epoch=137 device=cuda
16:33:22 | ep   1 |  5.0s | BPR=0.6925 ILE=0.0000 CL=5.5790
16:33:27 | ep   2 |  5.0s | BPR=0.6914 ILE=0.0000 CL=5.5699
16:33:32 | ep   3 |  5.0s | BPR=0.6897 ILE=0.0000 CL=5.5672
16:33:37 | ep   4 |  5.0s | BPR=0.6874 ILE=0.0000 CL=5.5708
16:33:43 | ep   5 |  5.0s | BPR=0.6839 ILE=0.0000 CL=5.5745 | VAL R@10=0.0428 R@20=0.0666 N@10=0.0208 N@20=0.0268 TailR@20=0.0168 Cov@20=0.8140 ARP@20=5.8229 HeadExp=0.6813 MidExp=0.2724 TailExp=0.0463 ⭐best
16:33:47 | ep   6 |  4.5s | BPR=0.6785 ILE=0.0000 CL=5.5863
16:33:52 | ep   7 |  4.9s | BPR=0.6699 ILE=0.0000 CL=5.5973
16:33:57 | ep   8 |  5.1s | BPR=0.6559 ILE=0.0001 CL=5.6269
16:34:02 | ep   9 |  5.0s | BPR=0.6345 ILE=0.0003 CL=5.6709
16:34:08 | ep  10 |  5.0s | BPR=0.6031 ILE=0.0011 CL=5.7423 | VAL R@10=0.0779 R@20=0.1371 N@10=0.0377 N@20=0.0527 TailR@20=0.0232 Cov@20=0.4752 ARP@20=6.4916 HeadExp=0.9189 MidExp=0.0725 TailExp=0.0086 ⭐best
16:34:13 | ep  11 |  5.0s | BPR=0.5624 ILE=0.0032 CL=5.8325
16:34:18 | ep  12 |  5.0s | BPR=0.5163 ILE=0.0071 CL=5.9285
16:34:23 | ep  13 |  5.0s | BPR=0.4725 ILE=0.0115 CL=6.0124
16:34:28 | ep  14 |  5.0s | BPR=0.4339 ILE=0.0160 CL=6.0655
16:34:34 | ep  15 |  4.9s | BPR=0.4040 ILE=0.0182 CL=6.0960 | VAL R@10=0.0897 R@20=0.1536 N@10=0.0420 N@20=0.0580 TailR@20=0.0274 Cov@20=0.4155 ARP@20=6.6034 HeadExp=0.9393 MidExp=0.0530 TailExp=0.0077 ⭐best
16:34:39 | ep  16 |  5.0s | BPR=0.3791 ILE=0.0201 CL=6.1089
16:34:44 | ep  17 |  5.0s | BPR=0.3601 ILE=0.0210 CL=6.1117
16:34:49 | ep  18 |  4.8s | BPR=0.3430 ILE=0.0205 CL=6.1101
16:34:54 | ep  19 |  5.0s | BPR=0.3289 ILE=0.0211 CL=6.1006
16:35:00 | ep  20 |  4.9s | BPR=0.3173 ILE=0.0200 CL=6.0913 | VAL R@10=0.0913 R@20=0.1589 N@10=0.0432 N@20=0.0602 TailR@20=0.0274 Cov@20=0.4435 ARP@20=6.5397 HeadExp=0.9271 MidExp=0.0642 TailExp=0.0087 ⭐best
16:35:04 | ep  21 |  4.8s | BPR=0.3063 ILE=0.0197 CL=6.0835
16:35:09 | ep  22 |  4.6s | BPR=0.2969 ILE=0.0184 CL=6.0736
16:35:14 | ep  23 |  5.0s | BPR=0.2888 ILE=0.0178 CL=6.0608
16:35:19 | ep  24 |  5.0s | BPR=0.2815 ILE=0.0180 CL=6.0497
16:35:25 | ep  25 |  5.0s | BPR=0.2759 ILE=0.0175 CL=6.0415 | VAL R@10=0.0908 R@20=0.1571 N@10=0.0440 N@20=0.0607 TailR@20=0.0189 Cov@20=0.4733 ARP@20=6.4782 HeadExp=0.9126 MidExp=0.0775 TailExp=0.0099 (best 0.1589@20)
16:35:30 | ep  26 |  5.0s | BPR=0.2697 ILE=0.0160 CL=6.0323
16:35:35 | ep  27 |  5.0s | BPR=0.2635 ILE=0.0155 CL=6.0230
16:35:40 | ep  28 |  5.0s | BPR=0.2584 ILE=0.0146 CL=6.0128
16:35:45 | ep  29 |  4.7s | BPR=0.2545 ILE=0.0134 CL=6.0067
16:35:51 | ep  30 |  5.0s | BPR=0.2497 ILE=0.0139 CL=5.9982 | VAL R@10=0.0915 R@20=0.1569 N@10=0.0443 N@20=0.0607 TailR@20=0.0232 Cov@20=0.5058 ARP@20=6.4270 HeadExp=0.8980 MidExp=0.0906 TailExp=0.0114 (best 0.1589@20)
16:35:56 | ep  31 |  5.0s | BPR=0.2473 ILE=0.0124 CL=5.9867
16:36:01 | ep  32 |  5.0s | BPR=0.2423 ILE=0.0118 CL=5.9811
16:36:05 | ep  33 |  4.9s | BPR=0.2394 ILE=0.0123 CL=5.9730
16:36:11 | ep  34 |  5.0s | BPR=0.2357 ILE=0.0114 CL=5.9665
16:36:16 | ep  35 |  5.1s | BPR=0.2324 ILE=0.0108 CL=5.9592 | VAL R@10=0.0938 R@20=0.1546 N@10=0.0457 N@20=0.0610 TailR@20=0.0232 Cov@20=0.5341 ARP@20=6.3855 HeadExp=0.8845 MidExp=0.1028 TailExp=0.0127 (best 0.1589@20)
16:36:21 | ep  36 |  5.0s | BPR=0.2293 ILE=0.0103 CL=5.9540
16:36:26 | ep  37 |  4.9s | BPR=0.2272 ILE=0.0102 CL=5.9473
16:36:31 | ep  38 |  4.9s | BPR=0.2243 ILE=0.0102 CL=5.9413
16:36:36 | ep  39 |  5.0s | BPR=0.2206 ILE=0.0094 CL=5.9376
16:36:42 | ep  40 |  4.7s | BPR=0.2191 ILE=0.0090 CL=5.9299 | VAL R@10=0.0916 R@20=0.1545 N@10=0.0453 N@20=0.0610 TailR@20=0.0316 Cov@20=0.5562 ARP@20=6.3466 HeadExp=0.8716 MidExp=0.1144 TailExp=0.0140 (best 0.1589@20)
16:36:47 | ep  41 |  4.9s | BPR=0.2159 ILE=0.0082 CL=5.9252
16:36:52 | ep  42 |  5.0s | BPR=0.2154 ILE=0.0085 CL=5.9196
16:36:57 | ep  43 |  5.0s | BPR=0.2119 ILE=0.0082 CL=5.9157
16:37:01 | ep  44 |  4.5s | BPR=0.2105 ILE=0.0082 CL=5.9136
16:37:07 | ep  45 |  4.7s | BPR=0.2078 ILE=0.0081 CL=5.9083 | VAL R@10=0.0910 R@20=0.1540 N@10=0.0451 N@20=0.0609 TailR@20=0.0295 Cov@20=0.5805 ARP@20=6.3121 HeadExp=0.8588 MidExp=0.1256 TailExp=0.0156 (best 0.1589@20)
16:37:12 | ep  46 |  4.7s | BPR=0.2060 ILE=0.0072 CL=5.9027
16:37:16 | ep  47 |  4.7s | BPR=0.2041 ILE=0.0070 CL=5.8982
16:37:21 | ep  48 |  4.9s | BPR=0.2017 ILE=0.0072 CL=5.8968
16:37:26 | ep  49 |  5.0s | BPR=0.2017 ILE=0.0063 CL=5.8914
16:37:32 | ep  50 |  5.0s | BPR=0.1991 ILE=0.0055 CL=5.8849 | VAL R@10=0.0883 R@20=0.1520 N@10=0.0441 N@20=0.0601 TailR@20=0.0337 Cov@20=0.6020 ARP@20=6.2822 HeadExp=0.8472 MidExp=0.1358 TailExp=0.0169 (best 0.1589@20)
16:37:37 | ep  51 |  5.0s | BPR=0.1976 ILE=0.0063 CL=5.8857
16:37:42 | ep  52 |  4.9s | BPR=0.1967 ILE=0.0061 CL=5.8805
16:37:47 | ep  53 |  4.8s | BPR=0.1943 ILE=0.0062 CL=5.8789
16:37:52 | ep  54 |  4.9s | BPR=0.1937 ILE=0.0054 CL=5.8743
16:37:57 | ep  55 |  4.6s | BPR=0.1919 ILE=0.0045 CL=5.8731 | VAL R@10=0.0878 R@20=0.1510 N@10=0.0436 N@20=0.0594 TailR@20=0.0337 Cov@20=0.6193 ARP@20=6.2518 HeadExp=0.8359 MidExp=0.1457 TailExp=0.0184 (best 0.1589@20)
16:38:02 | ep  56 |  5.0s | BPR=0.1914 ILE=0.0053 CL=5.8692
16:38:07 | ep  57 |  5.0s | BPR=0.1894 ILE=0.0051 CL=5.8673
16:38:12 | ep  58 |  5.0s | BPR=0.1870 ILE=0.0061 CL=5.8646
16:38:17 | ep  59 |  5.1s | BPR=0.1870 ILE=0.0048 CL=5.8625
16:38:23 | ep  60 |  5.0s | BPR=0.1856 ILE=0.0052 CL=5.8611 | VAL R@10=0.0875 R@20=0.1498 N@10=0.0432 N@20=0.0588 TailR@20=0.0295 Cov@20=0.6371 ARP@20=6.2204 HeadExp=0.8244 MidExp=0.1556 TailExp=0.0200 (best 0.1589@20)
16:38:28 | ep  61 |  5.0s | BPR=0.1849 ILE=0.0047 CL=5.8564
16:38:33 | ep  62 |  5.0s | BPR=0.1834 ILE=0.0042 CL=5.8535
16:38:38 | ep  63 |  5.0s | BPR=0.1826 ILE=0.0045 CL=5.8518
16:38:43 | ep  64 |  5.1s | BPR=0.1812 ILE=0.0039 CL=5.8499
16:38:49 | ep  65 |  4.7s | BPR=0.1800 ILE=0.0043 CL=5.8494 | VAL R@10=0.0860 R@20=0.1488 N@10=0.0427 N@20=0.0585 TailR@20=0.0295 Cov@20=0.6510 ARP@20=6.1962 HeadExp=0.8149 MidExp=0.1637 TailExp=0.0214 (best 0.1589@20)
16:38:54 | ep  66 |  5.0s | BPR=0.1797 ILE=0.0042 CL=5.8467
16:38:59 | ep  67 |  5.1s | BPR=0.1788 ILE=0.0047 CL=5.8422
16:39:04 | ep  68 |  5.0s | BPR=0.1777 ILE=0.0039 CL=5.8406
16:39:08 | ep  69 |  4.5s | BPR=0.1768 ILE=0.0038 CL=5.8408
16:39:14 | ep  70 |  5.0s | BPR=0.1755 ILE=0.0043 CL=5.8386 | VAL R@10=0.0863 R@20=0.1462 N@10=0.0425 N@20=0.0575 TailR@20=0.0274 Cov@20=0.6620 ARP@20=6.1697 HeadExp=0.8050 MidExp=0.1719 TailExp=0.0232 (best 0.1589@20)
16:39:14 | ⏰ early stopping @ epoch 70
16:39:15 | ✅ [final_accuracy_L2_s0] TEST | R@10=0.0762 R@20=0.1323 N@10=0.0379 N@20=0.0519 TailR@20=0.0168 Cov@20=0.4438 ARP@20=6.5378 HeadExp=0.9268 MidExp=0.0645 TailExp=0.0087
