16:26:24 | 🚀 [final_accuracy_L2_s42] ILE=True(λ=0.1) aug_main=False CL=True(λ=0.1,τ=0.2) negβ=0.5 drop=degree_aware layers=2 epochs=100 steps/epoch=137 device=cuda
16:26:29 | ep   1 |  4.9s | BPR=0.6925 ILE=0.0000 CL=5.5793
16:26:34 | ep   2 |  5.0s | BPR=0.6914 ILE=0.0000 CL=5.5712
16:26:39 | ep   3 |  5.0s | BPR=0.6897 ILE=0.0000 CL=5.5670
16:26:44 | ep   4 |  5.2s | BPR=0.6874 ILE=0.0000 CL=5.5693
16:26:50 | ep   5 |  5.0s | BPR=0.6838 ILE=0.0000 CL=5.5731 | VAL R@10=0.0381 R@20=0.0620 N@10=0.0201 N@20=0.0261 TailR@20=0.0021 Cov@20=0.8163 ARP@20=5.8110 HeadExp=0.6794 MidExp=0.2740 TailExp=0.0466 ⭐best
16:26:55 | ep   6 |  5.1s | BPR=0.6785 ILE=0.0000 CL=5.5825
16:27:00 | ep   7 |  5.0s | BPR=0.6698 ILE=0.0000 CL=5.5979
16:27:05 | ep   8 |  4.9s | BPR=0.6558 ILE=0.0001 CL=5.6256
16:27:10 | ep   9 |  4.8s | BPR=0.6344 ILE=0.0003 CL=5.6722
16:27:16 | ep  10 |  5.0s | BPR=0.6027 ILE=0.0011 CL=5.7415 | VAL R@10=0.0805 R@20=0.1332 N@10=0.0390 N@20=0.0522 TailR@20=0.0274 Cov@20=0.4775 ARP@20=6.4879 HeadExp=0.9177 MidExp=0.0741 TailExp=0.0082 ⭐best
16:27:21 | ep  11 |  5.0s | BPR=0.5612 ILE=0.0031 CL=5.8366
16:27:26 | ep  12 |  5.0s | BPR=0.5145 ILE=0.0070 CL=5.9368
16:27:31 | ep  13 |  5.0s | BPR=0.4704 ILE=0.0119 CL=6.0159
16:27:36 | ep  14 |  5.0s | BPR=0.4333 ILE=0.0155 CL=6.0675
16:27:42 | ep  15 |  5.0s | BPR=0.4017 ILE=0.0191 CL=6.0999 | VAL R@10=0.0875 R@20=0.1480 N@10=0.0420 N@20=0.0571 TailR@20=0.0274 Cov@20=0.4203 ARP@20=6.6043 HeadExp=0.9379 MidExp=0.0543 TailExp=0.0077 ⭐best
16:27:47 | ep  16 |  4.9s | BPR=0.3782 ILE=0.0207 CL=6.1126
16:27:51 | ep  17 |  4.7s | BPR=0.3587 ILE=0.0211 CL=6.1130
16:27:56 | ep  18 |  5.0s | BPR=0.3421 ILE=0.0216 CL=6.1087
16:28:01 | ep  19 |  5.0s | BPR=0.3278 ILE=0.0209 CL=6.1039
16:28:07 | ep  20 |  5.0s | BPR=0.3163 ILE=0.0200 CL=6.0930 | VAL R@10=0.0898 R@20=0.1558 N@10=0.0436 N@20=0.0601 TailR@20=0.0295 Cov@20=0.4387 ARP@20=6.5408 HeadExp=0.9268 MidExp=0.0649 TailExp=0.0083 ⭐best
16:28:12 | ep  21 |  5.0s | BPR=0.3065 ILE=0.0191 CL=6.0840
16:28:17 | ep  22 |  5.0s | BPR=0.2966 ILE=0.0190 CL=6.0756
16:28:22 | ep  23 |  4.8s | BPR=0.2889 ILE=0.0193 CL=6.0625
16:28:27 | ep  24 |  4.6s | BPR=0.2822 ILE=0.0168 CL=6.0529
16:28:33 | ep  25 |  5.0s | BPR=0.2755 ILE=0.0165 CL=6.0435 | VAL R@10=0.0907 R@20=0.1568 N@10=0.0440 N@20=0.0606 TailR@20=0.0274 Cov@20=0.4758 ARP@20=6.4793 HeadExp=0.9120 MidExp=0.0783 TailExp=0.0097 ⭐best
16:28:38 | ep  26 |  5.0s | BPR=0.2700 ILE=0.0162 CL=6.0334
16:28:43 | ep  27 |  5.0s | BPR=0.2633 ILE=0.0149 CL=6.0235
16:28:48 | ep  28 |  4.9s | BPR=0.2589 ILE=0.0148 CL=6.0159
16:28:52 | ep  29 |  4.9s | BPR=0.2550 ILE=0.0136 CL=6.0058
16:28:58 | ep  30 |  4.9s | BPR=0.2506 ILE=0.0142 CL=5.9955 | VAL R@10=0.0926 R@20=0.1573 N@10=0.0446 N@20=0.0608 TailR@20=0.0295 Cov@20=0.5024 ARP@20=6.4296 HeadExp=0.8971 MidExp=0.0917 TailExp=0.0112 ⭐best
16:29:03 | ep  31 |  5.0s | BPR=0.2464 ILE=0.0123 CL=5.9880
16:29:08 | ep  32 |  5.0s | BPR=0.2432 ILE=0.0126 CL=5.9808
16:29:13 | ep  33 |  5.0s | BPR=0.2397 ILE=0.0119 CL=5.9718
16:29:18 | ep  34 |  5.0s | BPR=0.2363 ILE=0.0104 CL=5.9668
16:29:24 | ep  35 |  5.0s | BPR=0.2328 ILE=0.0107 CL=5.9606 | VAL R@10=0.0928 R@20=0.1543 N@10=0.0446 N@20=0.0601 TailR@20=0.0295 Cov@20=0.5267 ARP@20=6.3879 HeadExp=0.8833 MidExp=0.1043 TailExp=0.0124 (best 0.1573@30)
16:29:29 | ep  36 |  5.0s | BPR=0.2304 ILE=0.0115 CL=5.9545
16:29:34 | ep  37 |  5.0s | BPR=0.2266 ILE=0.0104 CL=5.9472
16:29:39 | ep  38 |  5.0s | BPR=0.2242 ILE=0.0100 CL=5.9412
16:29:44 | ep  39 |  5.0s | BPR=0.2210 ILE=0.0086 CL=5.9363
16:29:50 | ep  40 |  5.0s | BPR=0.2196 ILE=0.0085 CL=5.9306 | VAL R@10=0.0953 R@20=0.1526 N@10=0.0451 N@20=0.0595 TailR@20=0.0295 Cov@20=0.5517 ARP@20=6.3508 HeadExp=0.8703 MidExp=0.1158 TailExp=0.0140 (best 0.1573@30)
16:29:55 | ep  41 |  5.0s | BPR=0.2167 ILE=0.0088 CL=5.9261
16:30:00 | ep  42 |  4.9s | BPR=0.2149 ILE=0.0080 CL=5.9199
16:30:05 | ep  43 |  5.0s | BPR=0.2119 ILE=0.0086 CL=5.9155
16:30:10 | ep  44 |  5.1s | BPR=0.2108 ILE=0.0077 CL=5.9123
16:30:16 | ep  45 |  4.8s | BPR=0.2086 ILE=0.0076 CL=5.9084 | VAL R@10=0.0940 R@20=0.1508 N@10=0.0447 N@20=0.0591 TailR@20=0.0316 Cov@20=0.5723 ARP@20=6.3124 HeadExp=0.8571 MidExp=0.1273 TailExp=0.0155 (best 0.1573@30)
16:30:20 | ep  46 |  4.7s | BPR=0.2068 ILE=0.0071 CL=5.9026
16:30:25 | ep  47 |  5.0s | BPR=0.2049 ILE=0.0067 CL=5.8992
16:30:30 | ep  48 |  5.0s | BPR=0.2022 ILE=0.0075 CL=5.8960
16:30:35 | ep  49 |  5.0s | BPR=0.2013 ILE=0.0068 CL=5.8921
16:30:41 | ep  50 |  4.9s | BPR=0.2004 ILE=0.0072 CL=5.8896 | VAL R@10=0.0936 R@20=0.1515 N@10=0.0445 N@20=0.0590 TailR@20=0.0337 Cov@20=0.5916 ARP@20=6.2808 HeadExp=0.8456 MidExp=0.1373 TailExp=0.0171 (best 0.1573@30)
16:30:46 | ep  51 |  5.0s | BPR=0.1983 ILE=0.0069 CL=5.8840
16:30:51 | ep  52 |  5.0s | BPR=0.1957 ILE=0.0062 CL=5.8811
16:30:56 | ep  53 |  5.0s | BPR=0.1946 ILE=0.0056 CL=5.8790
16:31:01 | ep  54 |  4.9s | BPR=0.1933 ILE=0.0056 CL=5.8745
16:31:07 | ep  55 |  5.0s | BPR=0.1923 ILE=0.0052 CL=5.8719 | VAL R@10=0.0943 R@20=0.1515 N@10=0.0448 N@20=0.0591 TailR@20=0.0379 Cov@20=0.6091 ARP@20=6.2530 HeadExp=0.8355 MidExp=0.1459 TailExp=0.0186 (best 0.1573@30)
16:31:12 | ep  56 |  5.1s | BPR=0.1912 ILE=0.0051 CL=5.8714
16:31:17 | ep  57 |  5.1s | BPR=0.1893 ILE=0.0050 CL=5.8664
16:31:22 | ep  58 |  5.0s | BPR=0.1885 ILE=0.0051 CL=5.8642
16:31:27 | ep  59 |  5.0s | BPR=0.1872 ILE=0.0045 CL=5.8604
16:31:33 | ep  60 |  4.8s | BPR=0.1867 ILE=0.0050 CL=5.8607 | VAL R@10=0.0930 R@20=0.1505 N@10=0.0443 N@20=0.0588 TailR@20=0.0379 Cov@20=0.6278 ARP@20=6.2234 HeadExp=0.8249 MidExp=0.1550 TailExp=0.0201 (best 0.1573@30)
16:31:38 | ep  61 |  4.9s | BPR=0.1848 ILE=0.0043 CL=5.8586
16:31:43 | ep  62 |  5.0s | BPR=0.1830 ILE=0.0043 CL=5.8561
16:31:48 | ep  63 |  5.0s | BPR=0.1819 ILE=0.0042 CL=5.8540
16:31:53 | ep  64 |  5.0s | BPR=0.1809 ILE=0.0042 CL=5.8510
16:31:59 | ep  65 |  5.0s | BPR=0.1805 ILE=0.0047 CL=5.8463 | VAL R@10=0.0915 R@20=0.1510 N@10=0.0434 N@20=0.0583 TailR@20=0.0442 Cov@20=0.6380 ARP@20=6.1951 HeadExp=0.8137 MidExp=0.1648 TailExp=0.0215 (best 0.1573@30)
16:32:04 | ep  66 |  5.0s | BPR=0.1801 ILE=0.0045 CL=5.8431
16:32:09 | ep  67 |  5.0s | BPR=0.1785 ILE=0.0038 CL=5.8442
16:32:14 | ep  68 |  5.0s | BPR=0.1774 ILE=0.0038 CL=5.8429
16:32:19 | ep  69 |  5.0s | BPR=0.1772 ILE=0.0043 CL=5.8422
16:32:24 | ep  70 |  5.1s | BPR=0.1758 ILE=0.0042 CL=5.8360 | VAL R@10=0.0887 R@20=0.1477 N@10=0.0426 N@20=0.0575 TailR@20=0.0463 Cov@20=0.6493 ARP@20=6.1704 HeadExp=0.8040 MidExp=0.1729 TailExp=0.0231 (best 0.1573@30)
16:32:30 | ep  71 |  5.1s | BPR=0.1748 ILE=0.0037 CL=5.8365
16:32:35 | ep  72 |  4.9s | BPR=0.1741 ILE=0.0036 CL=5.8355
16:32:40 | ep  73 |  5.0s | BPR=0.1728 ILE=0.0035 CL=5.8310
16:32:44 | ep  74 |  4.8s | BPR=0.1725 ILE=0.0039 CL=5.8303
16:32:50 | ep  75 |  5.0s | BPR=0.1711 ILE=0.0035 CL=5.8268 | VAL R@10=0.0892 R@20=0.1460 N@10=0.0428 N@20=0.0571 TailR@20=0.0505 Cov@20=0.6674 ARP@20=6.1489 HeadExp=0.7951 MidExp=0.1805 TailExp=0.0244 (best 0.1573@30)
16:32:55 | ep  76 |  5.0s | BPR=0.1712 ILE=0.0034 CL=5.8265
16:33:00 | ep  77 |  4.9s | BPR=0.1702 ILE=0.0035 CL=5.8258
16:33:05 | ep  78 |  5.0s | BPR=0.1684 ILE=0.0033 CL=5.8251
16:33:10 | ep  79 |  5.0s | BPR=0.1683 ILE=0.0030 CL=5.8248
16:33:16 | ep  80 |  5.0s | BPR=0.1682 ILE=0.0031 CL=5.8212 | VAL R@10=0.0890 R@20=0.1448 N@10=0.0426 N@20=0.0566 TailR@20=0.0505 Cov@20=0.6787 ARP@20=6.1291 HeadExp=0.7873 MidExp=0.1869 TailExp=0.0257 (best 0.1573@30)
16:33:16 | ⏰ early stopping @ epoch 80
16:33:17 | ✅ [final_accuracy_L2_s42] TEST | R@10=0.0784 R@20=0.1371 N@10=0.0380 N@20=0.0527 TailR@20=0.0150 Cov@20=0.5027 ARP@20=6.4277 HeadExp=0.8967 MidExp=0.0920 TailExp=0.0113
