17:35:58 | 🚀 [final_fairness_L2_s1] ILE=True(λ=1.0) aug_main=False CL=True(λ=0.5,τ=0.2) negβ=0.0 drop=degree_aware layers=2 epochs=100 steps/epoch=137 device=cuda
17:36:02 | ep   1 |  4.4s | BPR=0.6927 ILE=0.0000 CL=5.5770
17:36:07 | ep   2 |  4.2s | BPR=0.6925 ILE=0.0000 CL=5.5668
17:36:11 | ep   3 |  4.4s | BPR=0.6923 ILE=0.0000 CL=5.5635
17:36:15 | ep   4 |  4.5s | BPR=0.6921 ILE=0.0000 CL=5.5609
17:36:21 | ep   5 |  4.4s | BPR=0.6918 ILE=0.0000 CL=5.5607 | VAL R@10=0.0103 R@20=0.0174 N@10=0.0047 N@20=0.0065 TailR@20=0.0000 Cov@20=0.8480 ARP@20=5.4038 HeadExp=0.5053 MidExp=0.4211 TailExp=0.0736 ⭐best
17:36:25 | ep   6 |  4.1s | BPR=0.6915 ILE=0.0000 CL=5.5596
17:36:29 | ep   7 |  3.8s | BPR=0.6912 ILE=0.0000 CL=5.5592
17:36:32 | ep   8 |  3.8s | BPR=0.6909 ILE=0.0000 CL=5.5588
17:36:37 | ep   9 |  4.2s | BPR=0.6905 ILE=0.0000 CL=5.5615
17:36:42 | ep  10 |  4.4s | BPR=0.6901 ILE=0.0000 CL=5.5594 | VAL R@10=0.0124 R@20=0.0229 N@10=0.0062 N@20=0.0088 TailR@20=0.0000 Cov@20=0.7656 ARP@20=5.5330 HeadExp=0.5490 MidExp=0.4075 TailExp=0.0435 ⭐best
17:36:46 | ep  11 |  4.4s | BPR=0.6896 ILE=0.0000 CL=5.5588
17:36:51 | ep  12 |  4.4s | BPR=0.6892 ILE=0.0000 CL=5.5599
17:36:55 | ep  13 |  4.2s | BPR=0.6886 ILE=0.0000 CL=5.5606
17:36:59 | ep  14 |  4.4s | BPR=0.6880 ILE=0.0000 CL=5.5599
17:37:05 | ep  15 |  4.5s | BPR=0.6874 ILE=0.0000 CL=5.5592 | VAL R@10=0.0154 R@20=0.0298 N@10=0.0079 N@20=0.0115 TailR@20=0.0042 Cov@20=0.7620 ARP@20=5.5639 HeadExp=0.5626 MidExp=0.3975 TailExp=0.0398 ⭐best
17:37:09 | ep  16 |  4.5s | BPR=0.6866 ILE=0.0000 CL=5.5579
17:37:14 | ep  17 |  4.3s | BPR=0.6857 ILE=0.0000 CL=5.5598
17:37:18 | ep  18 |  4.4s | BPR=0.6847 ILE=0.0000 CL=5.5564
17:37:22 | ep  19 |  4.4s | BPR=0.6836 ILE=0.0000 CL=5.5603
17:37:28 | ep  20 |  4.4s | BPR=0.6822 ILE=0.0000 CL=5.5629 | VAL R@10=0.0214 R@20=0.0356 N@10=0.0103 N@20=0.0139 TailR@20=0.0042 Cov@20=0.7673 ARP@20=5.6013 HeadExp=0.5865 MidExp=0.3732 TailExp=0.0403 ⭐best
17:37:32 | ep  21 |  4.4s | BPR=0.6806 ILE=0.0000 CL=5.5594
17:37:36 | ep  22 |  4.4s | BPR=0.6788 ILE=0.0000 CL=5.5607
17:37:40 | ep  23 |  3.9s | BPR=0.6765 ILE=0.0000 CL=5.5607
17:37:44 | ep  24 |  4.0s | BPR=0.6739 ILE=0.0000 CL=5.5586
17:37:50 | ep  25 |  4.3s | BPR=0.6706 ILE=0.0000 CL=5.5633 | VAL R@10=0.0280 R@20=0.0469 N@10=0.0135 N@20=0.0182 TailR@20=0.0042 Cov@20=0.7838 ARP@20=5.6839 HeadExp=0.6345 MidExp=0.3254 TailExp=0.0400 ⭐best
17:37:54 | ep  26 |  4.2s | BPR=0.6666 ILE=0.0000 CL=5.5591
17:37:58 | ep  27 |  3.8s | BPR=0.6618 ILE=0.0000 CL=5.5644
17:38:02 | ep  28 |  3.9s | BPR=0.6560 ILE=0.0000 CL=5.5682
17:38:06 | ep  29 |  4.1s | BPR=0.6490 ILE=0.0000 CL=5.5664
17:38:11 | ep  30 |  4.5s | BPR=0.6404 ILE=0.0000 CL=5.5716 | VAL R@10=0.0444 R@20=0.0689 N@10=0.0213 N@20=0.0275 TailR@20=0.0211 Cov@20=0.7829 ARP@20=5.8381 HeadExp=0.7142 MidExp=0.2466 TailExp=0.0392 ⭐best
17:38:15 | ep  31 |  4.2s | BPR=0.6302 ILE=0.0001 CL=5.5753
17:38:19 | ep  32 |  4.2s | BPR=0.6181 ILE=0.0001 CL=5.5791
17:38:23 | ep  33 |  4.1s | BPR=0.6040 ILE=0.0002 CL=5.5835
17:38:28 | ep  34 |  4.4s | BPR=0.5877 ILE=0.0003 CL=5.5893
17:38:33 | ep  35 |  4.4s | BPR=0.5698 ILE=0.0004 CL=5.5920 | VAL R@10=0.0597 R@20=0.0938 N@10=0.0293 N@20=0.0378 TailR@20=0.0253 Cov@20=0.7614 ARP@20=5.9914 HeadExp=0.7863 MidExp=0.1701 TailExp=0.0436 ⭐best
17:38:38 | ep  36 |  4.4s | BPR=0.5497 ILE=0.0006 CL=5.5994
17:38:42 | ep  37 |  4.5s | BPR=0.5291 ILE=0.0008 CL=5.6069
17:38:46 | ep  38 |  4.1s | BPR=0.5078 ILE=0.0009 CL=5.6114
17:38:50 | ep  39 |  3.9s | BPR=0.4856 ILE=0.0011 CL=5.6198
17:38:55 | ep  40 |  4.0s | BPR=0.4645 ILE=0.0014 CL=5.6257 | VAL R@10=0.0656 R@20=0.1076 N@10=0.0321 N@20=0.0426 TailR@20=0.0442 Cov@20=0.7385 ARP@20=6.0837 HeadExp=0.8203 MidExp=0.1307 TailExp=0.0490 ⭐best
17:38:59 | ep  41 |  4.3s | BPR=0.4436 ILE=0.0012 CL=5.6336
17:39:03 | ep  42 |  4.2s | BPR=0.4243 ILE=0.0016 CL=5.6355
17:39:08 | ep  43 |  4.3s | BPR=0.4052 ILE=0.0017 CL=5.6412
17:39:12 | ep  44 |  4.3s | BPR=0.3879 ILE=0.0015 CL=5.6450
17:39:17 | ep  45 |  4.2s | BPR=0.3717 ILE=0.0018 CL=5.6479 | VAL R@10=0.0694 R@20=0.1157 N@10=0.0341 N@20=0.0457 TailR@20=0.0568 Cov@20=0.7178 ARP@20=6.1286 HeadExp=0.8334 MidExp=0.1174 TailExp=0.0492 ⭐best
17:39:21 | ep  46 |  4.3s | BPR=0.3565 ILE=0.0017 CL=5.6530
17:39:26 | ep  47 |  4.3s | BPR=0.3425 ILE=0.0017 CL=5.6561
17:39:30 | ep  48 |  4.2s | BPR=0.3302 ILE=0.0019 CL=5.6549
17:39:34 | ep  49 |  4.3s | BPR=0.3190 ILE=0.0017 CL=5.6562
17:39:39 | ep  50 |  4.3s | BPR=0.3073 ILE=0.0017 CL=5.6595 | VAL R@10=0.0699 R@20=0.1193 N@10=0.0342 N@20=0.0466 TailR@20=0.0568 Cov@20=0.7150 ARP@20=6.1434 HeadExp=0.8366 MidExp=0.1162 TailExp=0.0472 ⭐best
17:39:44 | ep  51 |  4.2s | BPR=0.2970 ILE=0.0016 CL=5.6602
17:39:48 | ep  52 |  4.0s | BPR=0.2881 ILE=0.0016 CL=5.6611
17:39:51 | ep  53 |  3.8s | BPR=0.2798 ILE=0.0016 CL=5.6593
17:39:55 | ep  54 |  4.0s | BPR=0.2718 ILE=0.0017 CL=5.6598
17:40:00 | ep  55 |  4.3s | BPR=0.2644 ILE=0.0015 CL=5.6614 | VAL R@10=0.0694 R@20=0.1178 N@10=0.0343 N@20=0.0464 TailR@20=0.0568 Cov@20=0.7099 ARP@20=6.1436 HeadExp=0.8343 MidExp=0.1204 TailExp=0.0453 (best 0.1193@50)
17:40:05 | ep  56 |  4.3s | BPR=0.2568 ILE=0.0015 CL=5.6599
17:40:09 | ep  57 |  4.3s | BPR=0.2511 ILE=0.0015 CL=5.6629
17:40:13 | ep  58 |  4.3s | BPR=0.2449 ILE=0.0016 CL=5.6625
17:40:18 | ep  59 |  4.3s | BPR=0.2397 ILE=0.0014 CL=5.6617
17:40:23 | ep  60 |  4.3s | BPR=0.2338 ILE=0.0013 CL=5.6606 | VAL R@10=0.0681 R@20=0.1170 N@10=0.0341 N@20=0.0464 TailR@20=0.0589 Cov@20=0.7124 ARP@20=6.1317 HeadExp=0.8295 MidExp=0.1258 TailExp=0.0447 (best 0.1193@50)
17:40:27 | ep  61 |  4.3s | BPR=0.2295 ILE=0.0017 CL=5.6583
17:40:32 | ep  62 |  4.3s | BPR=0.2240 ILE=0.0013 CL=5.6601
17:40:36 | ep  63 |  4.2s | BPR=0.2207 ILE=0.0012 CL=5.6625
17:40:40 | ep  64 |  3.9s | BPR=0.2162 ILE=0.0012 CL=5.6616
17:40:45 | ep  65 |  4.3s | BPR=0.2123 ILE=0.0012 CL=5.6611 | VAL R@10=0.0670 R@20=0.1153 N@10=0.0340 N@20=0.0461 TailR@20=0.0547 Cov@20=0.7184 ARP@20=6.1176 HeadExp=0.8231 MidExp=0.1329 TailExp=0.0440 (best 0.1193@50)
17:40:49 | ep  66 |  4.3s | BPR=0.2085 ILE=0.0013 CL=5.6592
17:40:53 | ep  67 |  3.9s | BPR=0.2057 ILE=0.0013 CL=5.6566
17:40:57 | ep  68 |  3.9s | BPR=0.2016 ILE=0.0011 CL=5.6583
17:41:01 | ep  69 |  3.9s | BPR=0.1985 ILE=0.0012 CL=5.6557
17:41:06 | ep  70 |  4.2s | BPR=0.1956 ILE=0.0012 CL=5.6582 | VAL R@10=0.0665 R@20=0.1132 N@10=0.0341 N@20=0.0458 TailR@20=0.0589 Cov@20=0.7237 ARP@20=6.0993 HeadExp=0.8157 MidExp=0.1401 TailExp=0.0442 (best 0.1193@50)
17:41:10 | ep  71 |  4.5s | BPR=0.1930 ILE=0.0011 CL=5.6536
17:41:15 | ep  72 |  4.3s | BPR=0.1905 ILE=0.0012 CL=5.6570
17:41:19 | ep  73 |  4.3s | BPR=0.1877 ILE=0.0011 CL=5.6589
17:41:23 | ep  74 |  4.0s | BPR=0.1850 ILE=0.0010 CL=5.6566
17:41:28 | ep  75 |  4.1s | BPR=0.1828 ILE=0.0013 CL=5.6564 | VAL R@10=0.0661 R@20=0.1100 N@10=0.0339 N@20=0.0449 TailR@20=0.0547 Cov@20=0.7365 ARP@20=6.0819 HeadExp=0.8086 MidExp=0.1467 TailExp=0.0448 (best 0.1193@50)
17:41:32 | ep  76 |  4.1s | BPR=0.1804 ILE=0.0010 CL=5.6531
17:41:37 | ep  77 |  4.3s | BPR=0.1774 ILE=0.0011 CL=5.6528
17:41:41 | ep  78 |  4.4s | BPR=0.1764 ILE=0.0012 CL=5.6518
17:41:45 | ep  79 |  4.3s | BPR=0.1746 ILE=0.0010 CL=5.6529
17:41:50 | ep  80 |  4.3s | BPR=0.1728 ILE=0.0010 CL=5.6534 | VAL R@10=0.0646 R@20=0.1067 N@10=0.0334 N@20=0.0440 TailR@20=0.0484 Cov@20=0.7478 ARP@20=6.0678 HeadExp=0.8021 MidExp=0.1529 TailExp=0.0450 (best 0.1193@50)
17:41:55 | ep  81 |  4.3s | BPR=0.1709 ILE=0.0012 CL=5.6520
17:41:59 | ep  82 |  4.4s | BPR=0.1697 ILE=0.0011 CL=5.6531
17:42:03 | ep  83 |  4.0s | BPR=0.1669 ILE=0.0010 CL=5.6521
17:42:07 | ep  84 |  4.2s | BPR=0.1658 ILE=0.0009 CL=5.6518
17:42:12 | ep  85 |  3.9s | BPR=0.1644 ILE=0.0012 CL=5.6527 | VAL R@10=0.0643 R@20=0.1056 N@10=0.0331 N@20=0.0434 TailR@20=0.0505 Cov@20=0.7543 ARP@20=6.0491 HeadExp=0.7949 MidExp=0.1588 TailExp=0.0463 (best 0.1193@50)
17:42:16 | ep  86 |  4.0s | BPR=0.1628 ILE=0.0010 CL=5.6503
17:42:20 | ep  87 |  3.9s | BPR=0.1613 ILE=0.0012 CL=5.6503
17:42:24 | ep  88 |  4.3s | BPR=0.1595 ILE=0.0010 CL=5.6493
17:42:29 | ep  89 |  4.5s | BPR=0.1589 ILE=0.0009 CL=5.6510
17:42:34 | ep  90 |  4.4s | BPR=0.1573 ILE=0.0011 CL=5.6492 | VAL R@10=0.0631 R@20=0.1029 N@10=0.0326 N@20=0.0426 TailR@20=0.0463 Cov@20=0.7605 ARP@20=6.0342 HeadExp=0.7887 MidExp=0.1637 TailExp=0.0476 (best 0.1193@50)
17:42:39 | ep  91 |  4.3s | BPR=0.1562 ILE=0.0012 CL=5.6482
17:42:43 | ep  92 |  4.3s | BPR=0.1544 ILE=0.0011 CL=5.6479
17:42:47 | ep  93 |  4.3s | BPR=0.1533 ILE=0.0011 CL=5.6463
17:42:51 | ep  94 |  3.8s | BPR=0.1533 ILE=0.0009 CL=5.6467
17:42:56 | ep  95 |  3.9s | BPR=0.1513 ILE=0.0009 CL=5.6480 | VAL R@10=0.0617 R@20=0.1026 N@10=0.0323 N@20=0.0425 TailR@20=0.0442 Cov@20=0.7724 ARP@20=6.0185 HeadExp=0.7819 MidExp=0.1693 TailExp=0.0488 (best 0.1193@50)
17:43:00 | ep  96 |  3.8s | BPR=0.1500 ILE=0.0010 CL=5.6492
17:43:04 | ep  97 |  3.9s | BPR=0.1491 ILE=0.0009 CL=5.6464
17:43:07 | ep  98 |  3.9s | BPR=0.1482 ILE=0.0010 CL=5.6460
17:43:11 | ep  99 |  3.9s | BPR=0.1469 ILE=0.0008 CL=5.6464
17:43:16 | ep 100 |  4.1s | BPR=0.1463 ILE=0.0010 CL=5.6457 | VAL R@10=0.0615 R@20=0.0996 N@10=0.0318 N@20=0.0413 TailR@20=0.0421 Cov@20=0.7812 ARP@20=6.0063 HeadExp=0.7767 MidExp=0.1738 TailExp=0.0495 (best 0.1193@50)
17:43:16 | ⏰ early stopping @ epoch 100
17:43:17 | ✅ [final_fairness_L2_s1] TEST | R@10=0.0655 R@20=0.1051 N@10=0.0312 N@20=0.0411 TailR@20=0.0299 Cov@20=0.7167 ARP@20=6.1394 HeadExp=0.8355 MidExp=0.1168 TailExp=0.0477
