17:21:13 | 🚀 [final_fairness_L2_s42] ILE=True(λ=1.0) aug_main=False CL=True(λ=0.5,τ=0.2) negβ=0.0 drop=degree_aware layers=2 epochs=100 steps/epoch=137 device=cuda
17:21:17 | ep   1 |  4.1s | BPR=0.6927 ILE=0.0000 CL=5.5749
17:21:21 | ep   2 |  4.0s | BPR=0.6925 ILE=0.0000 CL=5.5680
17:21:25 | ep   3 |  4.3s | BPR=0.6923 ILE=0.0000 CL=5.5635
17:21:29 | ep   4 |  4.0s | BPR=0.6920 ILE=0.0000 CL=5.5620
17:21:35 | ep   5 |  4.4s | BPR=0.6917 ILE=0.0000 CL=5.5608 | VAL R@10=0.0113 R@20=0.0174 N@10=0.0049 N@20=0.0064 TailR@20=0.0000 Cov@20=0.8432 ARP@20=5.4127 HeadExp=0.5095 MidExp=0.4195 TailExp=0.0710 ⭐best
17:21:39 | ep   6 |  4.3s | BPR=0.6914 ILE=0.0000 CL=5.5612
17:21:43 | ep   7 |  4.3s | BPR=0.6911 ILE=0.0000 CL=5.5610
17:21:47 | ep   8 |  3.8s | BPR=0.6907 ILE=0.0000 CL=5.5593
17:21:51 | ep   9 |  4.2s | BPR=0.6904 ILE=0.0000 CL=5.5589
17:21:56 | ep  10 |  4.2s | BPR=0.6900 ILE=0.0000 CL=5.5587 | VAL R@10=0.0134 R@20=0.0210 N@10=0.0062 N@20=0.0082 TailR@20=0.0000 Cov@20=0.7651 ARP@20=5.5327 HeadExp=0.5493 MidExp=0.4066 TailExp=0.0441 ⭐best
17:22:00 | ep  11 |  4.2s | BPR=0.6895 ILE=0.0000 CL=5.5572
17:22:05 | ep  12 |  4.2s | BPR=0.6890 ILE=0.0000 CL=5.5588
17:22:09 | ep  13 |  4.3s | BPR=0.6884 ILE=0.0000 CL=5.5577
17:22:13 | ep  14 |  4.3s | BPR=0.6878 ILE=0.0000 CL=5.5570
17:22:18 | ep  15 |  4.4s | BPR=0.6871 ILE=0.0000 CL=5.5608 | VAL R@10=0.0157 R@20=0.0290 N@10=0.0075 N@20=0.0108 TailR@20=0.0042 Cov@20=0.7546 ARP@20=5.5714 HeadExp=0.5667 MidExp=0.3941 TailExp=0.0392 ⭐best
17:22:23 | ep  16 |  4.3s | BPR=0.6863 ILE=0.0000 CL=5.5575
17:22:27 | ep  17 |  4.2s | BPR=0.6854 ILE=0.0000 CL=5.5601
17:22:31 | ep  18 |  4.3s | BPR=0.6843 ILE=0.0000 CL=5.5578
17:22:36 | ep  19 |  4.3s | BPR=0.6831 ILE=0.0000 CL=5.5581
17:22:41 | ep  20 |  4.2s | BPR=0.6817 ILE=0.0000 CL=5.5618 | VAL R@10=0.0186 R@20=0.0381 N@10=0.0094 N@20=0.0143 TailR@20=0.0084 Cov@20=0.7716 ARP@20=5.6174 HeadExp=0.5940 MidExp=0.3674 TailExp=0.0386 ⭐best
17:22:45 | ep  21 |  3.8s | BPR=0.6800 ILE=0.0000 CL=5.5578
17:22:49 | ep  22 |  4.0s | BPR=0.6779 ILE=0.0000 CL=5.5592
17:22:53 | ep  23 |  4.3s | BPR=0.6756 ILE=0.0000 CL=5.5618
17:22:57 | ep  24 |  4.3s | BPR=0.6726 ILE=0.0000 CL=5.5620
17:23:02 | ep  25 |  4.3s | BPR=0.6693 ILE=0.0000 CL=5.5616 | VAL R@10=0.0290 R@20=0.0487 N@10=0.0144 N@20=0.0194 TailR@20=0.0147 Cov@20=0.7804 ARP@20=5.7081 HeadExp=0.6454 MidExp=0.3177 TailExp=0.0369 ⭐best
17:23:07 | ep  26 |  4.3s | BPR=0.6651 ILE=0.0000 CL=5.5631
17:23:11 | ep  27 |  4.3s | BPR=0.6599 ILE=0.0000 CL=5.5633
17:23:15 | ep  28 |  4.0s | BPR=0.6537 ILE=0.0000 CL=5.5669
17:23:19 | ep  29 |  4.2s | BPR=0.6461 ILE=0.0000 CL=5.5676
17:23:24 | ep  30 |  4.1s | BPR=0.6368 ILE=0.0000 CL=5.5688 | VAL R@10=0.0452 R@20=0.0731 N@10=0.0226 N@20=0.0296 TailR@20=0.0168 Cov@20=0.7806 ARP@20=5.8617 HeadExp=0.7239 MidExp=0.2391 TailExp=0.0370 ⭐best
17:23:29 | ep  31 |  4.3s | BPR=0.6257 ILE=0.0001 CL=5.5773
17:23:33 | ep  32 |  4.4s | BPR=0.6131 ILE=0.0001 CL=5.5771
17:23:37 | ep  33 |  4.4s | BPR=0.5981 ILE=0.0002 CL=5.5829
17:23:42 | ep  34 |  4.4s | BPR=0.5812 ILE=0.0003 CL=5.5899
17:23:47 | ep  35 |  4.4s | BPR=0.5623 ILE=0.0005 CL=5.5971 | VAL R@10=0.0582 R@20=0.0966 N@10=0.0292 N@20=0.0389 TailR@20=0.0358 Cov@20=0.7634 ARP@20=6.0067 HeadExp=0.7901 MidExp=0.1664 TailExp=0.0434 ⭐best
17:23:52 | ep  36 |  4.5s | BPR=0.5423 ILE=0.0007 CL=5.6018
17:23:56 | ep  37 |  4.4s | BPR=0.5208 ILE=0.0008 CL=5.6097
17:24:01 | ep  38 |  4.5s | BPR=0.4987 ILE=0.0011 CL=5.6168
17:24:05 | ep  39 |  4.4s | BPR=0.4772 ILE=0.0012 CL=5.6230
17:24:10 | ep  40 |  4.3s | BPR=0.4558 ILE=0.0014 CL=5.6309 | VAL R@10=0.0718 R@20=0.1135 N@10=0.0355 N@20=0.0460 TailR@20=0.0463 Cov@20=0.7464 ARP@20=6.0885 HeadExp=0.8192 MidExp=0.1316 TailExp=0.0492 ⭐best
17:24:15 | ep  41 |  4.3s | BPR=0.4358 ILE=0.0016 CL=5.6348
17:24:19 | ep  42 |  4.0s | BPR=0.4165 ILE=0.0016 CL=5.6407
17:24:23 | ep  43 |  4.3s | BPR=0.3979 ILE=0.0017 CL=5.6433
17:24:27 | ep  44 |  4.3s | BPR=0.3813 ILE=0.0017 CL=5.6463
17:24:32 | ep  45 |  4.2s | BPR=0.3651 ILE=0.0017 CL=5.6506 | VAL R@10=0.0751 R@20=0.1211 N@10=0.0373 N@20=0.0489 TailR@20=0.0526 Cov@20=0.7215 ARP@20=6.1278 HeadExp=0.8304 MidExp=0.1198 TailExp=0.0498 ⭐best
17:24:36 | ep  46 |  3.8s | BPR=0.3512 ILE=0.0017 CL=5.6535
17:24:40 | ep  47 |  4.2s | BPR=0.3380 ILE=0.0020 CL=5.6556
17:24:45 | ep  48 |  4.3s | BPR=0.3253 ILE=0.0018 CL=5.6575
17:24:49 | ep  49 |  4.4s | BPR=0.3137 ILE=0.0017 CL=5.6554
17:24:54 | ep  50 |  4.3s | BPR=0.3029 ILE=0.0017 CL=5.6590 | VAL R@10=0.0762 R@20=0.1225 N@10=0.0378 N@20=0.0495 TailR@20=0.0547 Cov@20=0.7102 ARP@20=6.1410 HeadExp=0.8331 MidExp=0.1194 TailExp=0.0475 ⭐best
17:24:59 | ep  51 |  4.4s | BPR=0.2931 ILE=0.0018 CL=5.6575
17:25:02 | ep  52 |  3.8s | BPR=0.2841 ILE=0.0016 CL=5.6601
17:25:07 | ep  53 |  4.2s | BPR=0.2761 ILE=0.0015 CL=5.6619
17:25:11 | ep  54 |  4.1s | BPR=0.2681 ILE=0.0015 CL=5.6628
17:25:16 | ep  55 |  4.0s | BPR=0.2611 ILE=0.0017 CL=5.6629 | VAL R@10=0.0747 R@20=0.1223 N@10=0.0373 N@20=0.0492 TailR@20=0.0526 Cov@20=0.7070 ARP@20=6.1372 HeadExp=0.8305 MidExp=0.1237 TailExp=0.0458 (best 0.1225@50)
17:25:20 | ep  56 |  4.3s | BPR=0.2543 ILE=0.0016 CL=5.6613
17:25:24 | ep  57 |  3.9s | BPR=0.2483 ILE=0.0015 CL=5.6614
17:25:28 | ep  58 |  4.4s | BPR=0.2423 ILE=0.0014 CL=5.6618
17:25:33 | ep  59 |  4.5s | BPR=0.2369 ILE=0.0016 CL=5.6605
17:25:38 | ep  60 |  4.4s | BPR=0.2327 ILE=0.0014 CL=5.6606 | VAL R@10=0.0734 R@20=0.1208 N@10=0.0369 N@20=0.0488 TailR@20=0.0526 Cov@20=0.7119 ARP@20=6.1270 HeadExp=0.8260 MidExp=0.1292 TailExp=0.0448 (best 0.1225@50)
17:25:42 | ep  61 |  4.1s | BPR=0.2271 ILE=0.0013 CL=5.6615
17:25:46 | ep  62 |  4.2s | BPR=0.2226 ILE=0.0016 CL=5.6624
17:25:51 | ep  63 |  4.4s | BPR=0.2187 ILE=0.0013 CL=5.6577
17:25:55 | ep  64 |  4.2s | BPR=0.2148 ILE=0.0015 CL=5.6592
17:26:00 | ep  65 |  3.9s | BPR=0.2110 ILE=0.0012 CL=5.6572 | VAL R@10=0.0728 R@20=0.1175 N@10=0.0364 N@20=0.0476 TailR@20=0.0526 Cov@20=0.7130 ARP@20=6.1106 HeadExp=0.8192 MidExp=0.1363 TailExp=0.0445 (best 0.1225@50)
17:26:04 | ep  66 |  3.8s | BPR=0.2066 ILE=0.0014 CL=5.6580
17:26:08 | ep  67 |  3.9s | BPR=0.2041 ILE=0.0012 CL=5.6571
17:26:12 | ep  68 |  4.1s | BPR=0.2004 ILE=0.0011 CL=5.6589
17:26:16 | ep  69 |  4.0s | BPR=0.1977 ILE=0.0015 CL=5.6556
17:26:20 | ep  70 |  3.9s | BPR=0.1944 ILE=0.0011 CL=5.6576 | VAL R@10=0.0703 R@20=0.1168 N@10=0.0353 N@20=0.0469 TailR@20=0.0547 Cov@20=0.7170 ARP@20=6.0952 HeadExp=0.8126 MidExp=0.1431 TailExp=0.0443 (best 0.1225@50)
17:26:24 | ep  71 |  3.9s | BPR=0.1918 ILE=0.0012 CL=5.6557
17:26:29 | ep  72 |  4.2s | BPR=0.1890 ILE=0.0012 CL=5.6569
17:26:32 | ep  73 |  3.9s | BPR=0.1869 ILE=0.0009 CL=5.6569
17:26:37 | ep  74 |  4.3s | BPR=0.1838 ILE=0.0013 CL=5.6536
17:26:42 | ep  75 |  4.3s | BPR=0.1826 ILE=0.0013 CL=5.6544 | VAL R@10=0.0701 R@20=0.1124 N@10=0.0351 N@20=0.0457 TailR@20=0.0526 Cov@20=0.7288 ARP@20=6.0766 HeadExp=0.8048 MidExp=0.1501 TailExp=0.0451 (best 0.1225@50)
17:26:46 | ep  76 |  4.4s | BPR=0.1793 ILE=0.0011 CL=5.6537
17:26:51 | ep  77 |  4.4s | BPR=0.1769 ILE=0.0011 CL=5.6530
17:26:55 | ep  78 |  4.2s | BPR=0.1761 ILE=0.0013 CL=5.6515
17:26:59 | ep  79 |  4.2s | BPR=0.1745 ILE=0.0012 CL=5.6519
17:27:04 | ep  80 |  4.2s | BPR=0.1726 ILE=0.0010 CL=5.6531 | VAL R@10=0.0689 R@20=0.1089 N@10=0.0348 N@20=0.0449 TailR@20=0.0505 Cov@20=0.7373 ARP@20=6.0627 HeadExp=0.7988 MidExp=0.1557 TailExp=0.0455 (best 0.1225@50)
17:27:09 | ep  81 |  4.4s | BPR=0.1698 ILE=0.0010 CL=5.6529
17:27:13 | ep  82 |  4.4s | BPR=0.1679 ILE=0.0011 CL=5.6503
17:27:17 | ep  83 |  4.4s | BPR=0.1657 ILE=0.0010 CL=5.6513
17:27:22 | ep  84 |  4.5s | BPR=0.1649 ILE=0.0010 CL=5.6508
17:27:27 | ep  85 |  4.4s | BPR=0.1634 ILE=0.0010 CL=5.6499 | VAL R@10=0.0675 R@20=0.1086 N@10=0.0341 N@20=0.0444 TailR@20=0.0505 Cov@20=0.7455 ARP@20=6.0446 HeadExp=0.7917 MidExp=0.1614 TailExp=0.0469 (best 0.1225@50)
17:27:31 | ep  86 |  4.1s | BPR=0.1623 ILE=0.0011 CL=5.6479
17:27:35 | ep  87 |  4.1s | BPR=0.1604 ILE=0.0011 CL=5.6508
17:27:40 | ep  88 |  4.1s | BPR=0.1601 ILE=0.0011 CL=5.6494
17:27:44 | ep  89 |  4.4s | BPR=0.1573 ILE=0.0011 CL=5.6500
17:27:49 | ep  90 |  4.2s | BPR=0.1566 ILE=0.0008 CL=5.6464 | VAL R@10=0.0679 R@20=0.1052 N@10=0.0344 N@20=0.0437 TailR@20=0.0505 Cov@20=0.7605 ARP@20=6.0305 HeadExp=0.7857 MidExp=0.1663 TailExp=0.0480 (best 0.1225@50)
17:27:53 | ep  91 |  4.3s | BPR=0.1549 ILE=0.0010 CL=5.6490
17:27:58 | ep  92 |  4.3s | BPR=0.1543 ILE=0.0010 CL=5.6459
17:28:02 | ep  93 |  4.4s | BPR=0.1534 ILE=0.0010 CL=5.6466
17:28:06 | ep  94 |  4.2s | BPR=0.1519 ILE=0.0010 CL=5.6480
17:28:11 | ep  95 |  4.2s | BPR=0.1508 ILE=0.0011 CL=5.6457 | VAL R@10=0.0661 R@20=0.1039 N@10=0.0341 N@20=0.0435 TailR@20=0.0526 Cov@20=0.7693 ARP@20=6.0150 HeadExp=0.7793 MidExp=0.1716 TailExp=0.0491 (best 0.1225@50)
17:28:16 | ep  96 |  4.2s | BPR=0.1490 ILE=0.0009 CL=5.6440
17:28:20 | ep  97 |  4.3s | BPR=0.1485 ILE=0.0010 CL=5.6450
17:28:24 | ep  98 |  4.3s | BPR=0.1477 ILE=0.0010 CL=5.6485
17:28:28 | ep  99 |  4.1s | BPR=0.1463 ILE=0.0011 CL=5.6442
17:28:33 | ep 100 |  3.9s | BPR=0.1456 ILE=0.0011 CL=5.6475 | VAL R@10=0.0660 R@20=0.1006 N@10=0.0337 N@20=0.0424 TailR@20=0.0442 Cov@20=0.7789 ARP@20=6.0013 HeadExp=0.7735 MidExp=0.1765 TailExp=0.0500 (best 0.1225@50)
17:28:33 | ⏰ early stopping @ epoch 100
17:28:34 | ✅ [final_fairness_L2_s42] TEST | R@10=0.0650 R@20=0.1100 N@10=0.0316 N@20=0.0430 TailR@20=0.0299 Cov@20=0.7136 ARP@20=6.1375 HeadExp=0.8321 MidExp=0.1200 TailExp=0.0479
