16:58:08 | 🚀 [final_best_L2_s1] ILE=True(λ=1.0) aug_main=False CL=True(λ=0.1,τ=0.2) negβ=0.5 drop=degree_aware layers=2 epochs=100 steps/epoch=137 device=cuda
16:58:13 | ep   1 |  5.0s | BPR=0.6925 ILE=0.0000 CL=5.5791
16:58:18 | ep   2 |  5.0s | BPR=0.6915 ILE=0.0000 CL=5.5686
16:58:23 | ep   3 |  5.0s | BPR=0.6899 ILE=0.0000 CL=5.5682
16:58:28 | ep   4 |  5.0s | BPR=0.6876 ILE=0.0000 CL=5.5673
16:58:33 | ep   5 |  5.0s | BPR=0.6843 ILE=0.0000 CL=5.5727 | VAL R@10=0.0375 R@20=0.0592 N@10=0.0191 N@20=0.0245 TailR@20=0.0042 Cov@20=0.8279 ARP@20=5.8073 HeadExp=0.6779 MidExp=0.2760 TailExp=0.0460 ⭐best
16:58:39 | ep   6 |  5.0s | BPR=0.6791 ILE=0.0000 CL=5.5828
16:58:44 | ep   7 |  5.0s | BPR=0.6709 ILE=0.0000 CL=5.5944
16:58:49 | ep   8 |  5.0s | BPR=0.6580 ILE=0.0000 CL=5.6215
16:58:53 | ep   9 |  4.7s | BPR=0.6376 ILE=0.0002 CL=5.6628
16:58:59 | ep  10 |  5.1s | BPR=0.6087 ILE=0.0005 CL=5.7238 | VAL R@10=0.0807 R@20=0.1336 N@10=0.0387 N@20=0.0519 TailR@20=0.0232 Cov@20=0.5242 ARP@20=6.4334 HeadExp=0.9040 MidExp=0.0788 TailExp=0.0172 ⭐best
16:59:04 | ep  11 |  5.0s | BPR=0.5715 ILE=0.0011 CL=5.7981
16:59:09 | ep  12 |  5.0s | BPR=0.5305 ILE=0.0018 CL=5.8749
16:59:14 | ep  13 |  5.0s | BPR=0.4902 ILE=0.0025 CL=5.9384
16:59:19 | ep  14 |  4.9s | BPR=0.4544 ILE=0.0029 CL=5.9869
16:59:25 | ep  15 |  5.1s | BPR=0.4237 ILE=0.0031 CL=6.0173 | VAL R@10=0.0907 R@20=0.1505 N@10=0.0426 N@20=0.0576 TailR@20=0.0463 Cov@20=0.4684 ARP@20=6.5020 HeadExp=0.9118 MidExp=0.0608 TailExp=0.0273 ⭐best
16:59:30 | ep  16 |  5.0s | BPR=0.3992 ILE=0.0033 CL=6.0370
16:59:35 | ep  17 |  4.7s | BPR=0.3780 ILE=0.0029 CL=6.0462
16:59:40 | ep  18 |  4.8s | BPR=0.3610 ILE=0.0027 CL=6.0518
16:59:45 | ep  19 |  5.1s | BPR=0.3449 ILE=0.0027 CL=6.0518
16:59:50 | ep  20 |  4.9s | BPR=0.3323 ILE=0.0026 CL=6.0506 | VAL R@10=0.0910 R@20=0.1535 N@10=0.0434 N@20=0.0591 TailR@20=0.0484 Cov@20=0.4953 ARP@20=6.4574 HeadExp=0.9001 MidExp=0.0691 TailExp=0.0308 ⭐best
16:59:55 | ep  21 |  4.7s | BPR=0.3215 ILE=0.0025 CL=6.0414
17:00:00 | ep  22 |  5.0s | BPR=0.3121 ILE=0.0023 CL=6.0346
17:00:05 | ep  23 |  5.0s | BPR=0.3023 ILE=0.0022 CL=6.0272
17:00:10 | ep  24 |  5.1s | BPR=0.2940 ILE=0.0021 CL=6.0222
17:00:16 | ep  25 |  5.0s | BPR=0.2869 ILE=0.0019 CL=6.0153 | VAL R@10=0.0907 R@20=0.1531 N@10=0.0432 N@20=0.0589 TailR@20=0.0484 Cov@20=0.5259 ARP@20=6.4117 HeadExp=0.8877 MidExp=0.0799 TailExp=0.0324 (best 0.1535@20)
17:00:21 | ep  26 |  5.0s | BPR=0.2812 ILE=0.0019 CL=6.0105
17:00:26 | ep  27 |  5.1s | BPR=0.2755 ILE=0.0019 CL=6.0024
17:00:31 | ep  28 |  4.8s | BPR=0.2691 ILE=0.0016 CL=5.9941
17:00:36 | ep  29 |  5.1s | BPR=0.2638 ILE=0.0015 CL=5.9893
17:00:42 | ep  30 |  5.0s | BPR=0.2605 ILE=0.0017 CL=5.9825 | VAL R@10=0.0890 R@20=0.1550 N@10=0.0429 N@20=0.0595 TailR@20=0.0526 Cov@20=0.5601 ARP@20=6.3685 HeadExp=0.8754 MidExp=0.0913 TailExp=0.0332 ⭐best
17:00:47 | ep  31 |  4.9s | BPR=0.2544 ILE=0.0014 CL=5.9754
17:00:52 | ep  32 |  4.9s | BPR=0.2515 ILE=0.0014 CL=5.9701
17:00:56 | ep  33 |  4.5s | BPR=0.2479 ILE=0.0012 CL=5.9643
17:01:01 | ep  34 |  4.9s | BPR=0.2433 ILE=0.0014 CL=5.9594
17:01:07 | ep  35 |  5.1s | BPR=0.2407 ILE=0.0011 CL=5.9514 | VAL R@10=0.0893 R@20=0.1535 N@10=0.0431 N@20=0.0592 TailR@20=0.0526 Cov@20=0.5836 ARP@20=6.3400 HeadExp=0.8659 MidExp=0.1011 TailExp=0.0330 (best 0.1550@30)
17:01:12 | ep  36 |  5.0s | BPR=0.2368 ILE=0.0011 CL=5.9491
17:01:17 | ep  37 |  5.0s | BPR=0.2344 ILE=0.0013 CL=5.9396
17:01:22 | ep  38 |  5.0s | BPR=0.2301 ILE=0.0012 CL=5.9362
17:01:27 | ep  39 |  4.9s | BPR=0.2283 ILE=0.0013 CL=5.9315
17:01:33 | ep  40 |  5.0s | BPR=0.2266 ILE=0.0009 CL=5.9258 | VAL R@10=0.0880 R@20=0.1523 N@10=0.0428 N@20=0.0589 TailR@20=0.0505 Cov@20=0.6060 ARP@20=6.3071 HeadExp=0.8547 MidExp=0.1122 TailExp=0.0332 (best 0.1550@30)
17:01:38 | ep  41 |  5.0s | BPR=0.2243 ILE=0.0013 CL=5.9213
17:01:43 | ep  42 |  5.0s | BPR=0.2201 ILE=0.0010 CL=5.9177
17:01:48 | ep  43 |  5.0s | BPR=0.2186 ILE=0.0010 CL=5.9141
17:01:53 | ep  44 |  5.0s | BPR=0.2162 ILE=0.0010 CL=5.9077
17:01:59 | ep  45 |  4.9s | BPR=0.2144 ILE=0.0011 CL=5.9053 | VAL R@10=0.0867 R@20=0.1508 N@10=0.0423 N@20=0.0584 TailR@20=0.0526 Cov@20=0.6227 ARP@20=6.2736 HeadExp=0.8430 MidExp=0.1228 TailExp=0.0341 (best 0.1550@30)
17:02:04 | ep  46 |  4.9s | BPR=0.2120 ILE=0.0009 CL=5.9011
17:02:08 | ep  47 |  4.8s | BPR=0.2111 ILE=0.0009 CL=5.8964
17:02:13 | ep  48 |  4.6s | BPR=0.2076 ILE=0.0008 CL=5.8934
17:02:18 | ep  49 |  4.8s | BPR=0.2066 ILE=0.0010 CL=5.8876
17:02:24 | ep  50 |  5.0s | BPR=0.2052 ILE=0.0010 CL=5.8861 | VAL R@10=0.0858 R@20=0.1505 N@10=0.0420 N@20=0.0582 TailR@20=0.0568 Cov@20=0.6377 ARP@20=6.2459 HeadExp=0.8325 MidExp=0.1330 TailExp=0.0345 (best 0.1550@30)
17:02:29 | ep  51 |  5.0s | BPR=0.2027 ILE=0.0008 CL=5.8837
17:02:34 | ep  52 |  5.0s | BPR=0.2006 ILE=0.0008 CL=5.8820
17:02:39 | ep  53 |  5.0s | BPR=0.1998 ILE=0.0007 CL=5.8794
17:02:44 | ep  54 |  4.9s | BPR=0.1991 ILE=0.0007 CL=5.8774
17:02:49 | ep  55 |  5.0s | BPR=0.1970 ILE=0.0010 CL=5.8725 | VAL R@10=0.0840 R@20=0.1468 N@10=0.0414 N@20=0.0572 TailR@20=0.0526 Cov@20=0.6530 ARP@20=6.2218 HeadExp=0.8232 MidExp=0.1420 TailExp=0.0348 (best 0.1550@30)
17:02:55 | ep  56 |  5.0s | BPR=0.1951 ILE=0.0007 CL=5.8696
17:03:00 | ep  57 |  5.0s | BPR=0.1947 ILE=0.0008 CL=5.8649
17:03:04 | ep  58 |  4.9s | BPR=0.1921 ILE=0.0007 CL=5.8635
17:03:09 | ep  59 |  5.0s | BPR=0.1916 ILE=0.0009 CL=5.8633
17:03:15 | ep  60 |  5.0s | BPR=0.1904 ILE=0.0007 CL=5.8610 | VAL R@10=0.0847 R@20=0.1460 N@10=0.0418 N@20=0.0571 TailR@20=0.0526 Cov@20=0.6680 ARP@20=6.1960 HeadExp=0.8140 MidExp=0.1503 TailExp=0.0357 (best 0.1550@30)
17:03:20 | ep  61 |  4.9s | BPR=0.1888 ILE=0.0008 CL=5.8561
17:03:25 | ep  62 |  5.0s | BPR=0.1884 ILE=0.0008 CL=5.8555
17:03:30 | ep  63 |  5.1s | BPR=0.1867 ILE=0.0006 CL=5.8530
17:03:35 | ep  64 |  5.1s | BPR=0.1858 ILE=0.0008 CL=5.8510
17:03:41 | ep  65 |  4.8s | BPR=0.1849 ILE=0.0008 CL=5.8496 | VAL R@10=0.0827 R@20=0.1420 N@10=0.0410 N@20=0.0559 TailR@20=0.0526 Cov@20=0.6833 ARP@20=6.1723 HeadExp=0.8048 MidExp=0.1591 TailExp=0.0360 (best 0.1550@30)
17:03:46 | ep  66 |  5.1s | BPR=0.1840 ILE=0.0007 CL=5.8461
17:03:51 | ep  67 |  5.0s | BPR=0.1833 ILE=0.0006 CL=5.8446
17:03:56 | ep  68 |  5.0s | BPR=0.1813 ILE=0.0007 CL=5.8450
17:04:01 | ep  69 |  5.0s | BPR=0.1812 ILE=0.0008 CL=5.8410
17:04:07 | ep  70 |  4.7s | BPR=0.1792 ILE=0.0007 CL=5.8395 | VAL R@10=0.0825 R@20=0.1399 N@10=0.0406 N@20=0.0549 TailR@20=0.0505 Cov@20=0.6903 ARP@20=6.1531 HeadExp=0.7977 MidExp=0.1661 TailExp=0.0362 (best 0.1550@30)
17:04:12 | ep  71 |  5.0s | BPR=0.1794 ILE=0.0007 CL=5.8375
17:04:17 | ep  72 |  5.0s | BPR=0.1782 ILE=0.0005 CL=5.8338
17:04:22 | ep  73 |  5.0s | BPR=0.1762 ILE=0.0006 CL=5.8345
17:04:27 | ep  74 |  5.0s | BPR=0.1767 ILE=0.0007 CL=5.8332
17:04:32 | ep  75 |  4.9s | BPR=0.1752 ILE=0.0006 CL=5.8300 | VAL R@10=0.0812 R@20=0.1390 N@10=0.0399 N@20=0.0544 TailR@20=0.0526 Cov@20=0.6971 ARP@20=6.1324 HeadExp=0.7900 MidExp=0.1731 TailExp=0.0369 (best 0.1550@30)
17:04:37 | ep  76 |  5.0s | BPR=0.1740 ILE=0.0006 CL=5.8298
17:04:42 | ep  77 |  5.0s | BPR=0.1735 ILE=0.0007 CL=5.8282
17:04:47 | ep  78 |  4.9s | BPR=0.1727 ILE=0.0007 CL=5.8263
17:04:52 | ep  79 |  4.9s | BPR=0.1711 ILE=0.0006 CL=5.8254
17:04:58 | ep  80 |  4.9s | BPR=0.1702 ILE=0.0005 CL=5.8226 | VAL R@10=0.0789 R@20=0.1356 N@10=0.0390 N@20=0.0532 TailR@20=0.0484 Cov@20=0.7059 ARP@20=6.1165 HeadExp=0.7832 MidExp=0.1796 TailExp=0.0372 (best 0.1550@30)
17:04:58 | ⏰ early stopping @ epoch 80
17:04:59 | ✅ [final_best_L2_s1] TEST | R@10=0.0762 R@20=0.1369 N@10=0.0371 N@20=0.0523 TailR@20=0.0393 Cov@20=0.5604 ARP@20=6.3658 HeadExp=0.8749 MidExp=0.0917 TailExp=0.0334
