16:19:13 | 🚀 [final_baseline_L2_s0] ILE=False(λ=0.0) aug_main=False CL=False(λ=0.0,τ=0.2) negβ=0.0 drop=degree_aware layers=2 epochs=100 steps/epoch=137 device=cuda
16:19:16 | ep   1 |  2.0s | BPR=0.6212 ILE=0.0000 CL=0.0000
16:19:17 | ep   2 |  2.0s | BPR=0.3455 ILE=0.0000 CL=0.0000
16:19:19 | ep   3 |  1.9s | BPR=0.3089 ILE=0.0000 CL=0.0000
16:19:21 | ep   4 |  1.9s | BPR=0.3037 ILE=0.0000 CL=0.0000
16:19:24 | ep   5 |  1.9s | BPR=0.2960 ILE=0.0000 CL=0.0000 | VAL R@10=0.0471 R@20=0.0837 N@10=0.0227 N@20=0.0318 TailR@20=0.0021 Cov@20=0.0926 ARP@20=7.5145 HeadExp=0.9981 MidExp=0.0001 TailExp=0.0018 ⭐best
16:19:26 | ep   6 |  2.0s | BPR=0.2870 ILE=0.0000 CL=0.0000
16:19:28 | ep   7 |  2.0s | BPR=0.2756 ILE=0.0000 CL=0.0000
16:19:30 | ep   8 |  2.0s | BPR=0.2643 ILE=0.0000 CL=0.0000
16:19:32 | ep   9 |  2.0s | BPR=0.2561 ILE=0.0000 CL=0.0000
16:19:35 | ep  10 |  1.9s | BPR=0.2485 ILE=0.0000 CL=0.0000 | VAL R@10=0.0504 R@20=0.0870 N@10=0.0245 N@20=0.0337 TailR@20=0.0000 Cov@20=0.1115 ARP@20=7.4334 HeadExp=0.9989 MidExp=0.0002 TailExp=0.0008 ⭐best
16:19:37 | ep  11 |  2.0s | BPR=0.2434 ILE=0.0000 CL=0.0000
16:19:39 | ep  12 |  2.0s | BPR=0.2385 ILE=0.0000 CL=0.0000
16:19:41 | ep  13 |  1.9s | BPR=0.2353 ILE=0.0000 CL=0.0000
16:19:43 | ep  14 |  2.0s | BPR=0.2319 ILE=0.0000 CL=0.0000
16:19:46 | ep  15 |  2.0s | BPR=0.2279 ILE=0.0000 CL=0.0000 | VAL R@10=0.0547 R@20=0.0921 N@10=0.0266 N@20=0.0361 TailR@20=0.0000 Cov@20=0.1404 ARP@20=7.3493 HeadExp=0.9987 MidExp=0.0005 TailExp=0.0007 ⭐best
16:19:48 | ep  16 |  2.0s | BPR=0.2258 ILE=0.0000 CL=0.0000
16:19:49 | ep  17 |  1.9s | BPR=0.2217 ILE=0.0000 CL=0.0000
16:19:51 | ep  18 |  1.9s | BPR=0.2195 ILE=0.0000 CL=0.0000
16:19:53 | ep  19 |  1.9s | BPR=0.2168 ILE=0.0000 CL=0.0000
16:19:56 | ep  20 |  2.0s | BPR=0.2131 ILE=0.0000 CL=0.0000 | VAL R@10=0.0595 R@20=0.0970 N@10=0.0292 N@20=0.0385 TailR@20=0.0021 Cov@20=0.1636 ARP@20=7.2895 HeadExp=0.9982 MidExp=0.0011 TailExp=0.0007 ⭐best
16:19:58 | ep  21 |  1.9s | BPR=0.2093 ILE=0.0000 CL=0.0000
16:20:00 | ep  22 |  2.0s | BPR=0.2063 ILE=0.0000 CL=0.0000
16:20:02 | ep  23 |  2.0s | BPR=0.2042 ILE=0.0000 CL=0.0000
16:20:04 | ep  24 |  1.9s | BPR=0.2014 ILE=0.0000 CL=0.0000
16:20:07 | ep  25 |  2.0s | BPR=0.1978 ILE=0.0000 CL=0.0000 | VAL R@10=0.0633 R@20=0.1047 N@10=0.0312 N@20=0.0415 TailR@20=0.0021 Cov@20=0.1981 ARP@20=7.2279 HeadExp=0.9964 MidExp=0.0026 TailExp=0.0009 ⭐best
16:20:09 | ep  26 |  2.0s | BPR=0.1950 ILE=0.0000 CL=0.0000
16:20:11 | ep  27 |  2.0s | BPR=0.1934 ILE=0.0000 CL=0.0000
16:20:13 | ep  28 |  2.0s | BPR=0.1913 ILE=0.0000 CL=0.0000
16:20:15 | ep  29 |  2.0s | BPR=0.1883 ILE=0.0000 CL=0.0000
16:20:18 | ep  30 |  1.9s | BPR=0.1863 ILE=0.0000 CL=0.0000 | VAL R@10=0.0653 R@20=0.1092 N@10=0.0327 N@20=0.0437 TailR@20=0.0000 Cov@20=0.2270 ARP@20=7.1712 HeadExp=0.9938 MidExp=0.0051 TailExp=0.0011 ⭐best
16:20:20 | ep  31 |  2.0s | BPR=0.1827 ILE=0.0000 CL=0.0000
16:20:22 | ep  32 |  2.0s | BPR=0.1827 ILE=0.0000 CL=0.0000
16:20:24 | ep  33 |  1.9s | BPR=0.1798 ILE=0.0000 CL=0.0000
16:20:26 | ep  34 |  2.0s | BPR=0.1785 ILE=0.0000 CL=0.0000
16:20:28 | ep  35 |  2.0s | BPR=0.1763 ILE=0.0000 CL=0.0000 | VAL R@10=0.0668 R@20=0.1163 N@10=0.0339 N@20=0.0463 TailR@20=0.0000 Cov@20=0.2550 ARP@20=7.1269 HeadExp=0.9911 MidExp=0.0080 TailExp=0.0009 ⭐best
16:20:30 | ep  36 |  2.0s | BPR=0.1737 ILE=0.0000 CL=0.0000
16:20:32 | ep  37 |  1.9s | BPR=0.1722 ILE=0.0000 CL=0.0000
16:20:34 | ep  38 |  2.0s | BPR=0.1708 ILE=0.0000 CL=0.0000
16:20:36 | ep  39 |  2.0s | BPR=0.1690 ILE=0.0000 CL=0.0000
16:20:39 | ep  40 |  2.0s | BPR=0.1686 ILE=0.0000 CL=0.0000 | VAL R@10=0.0709 R@20=0.1198 N@10=0.0350 N@20=0.0473 TailR@20=0.0000 Cov@20=0.2760 ARP@20=7.0810 HeadExp=0.9882 MidExp=0.0110 TailExp=0.0009 ⭐best
16:20:41 | ep  41 |  2.0s | BPR=0.1671 ILE=0.0000 CL=0.0000
16:20:43 | ep  42 |  2.0s | BPR=0.1650 ILE=0.0000 CL=0.0000
16:20:45 | ep  43 |  2.0s | BPR=0.1640 ILE=0.0000 CL=0.0000
16:20:47 | ep  44 |  2.0s | BPR=0.1633 ILE=0.0000 CL=0.0000
16:20:50 | ep  45 |  1.9s | BPR=0.1593 ILE=0.0000 CL=0.0000 | VAL R@10=0.0729 R@20=0.1215 N@10=0.0360 N@20=0.0482 TailR@20=0.0021 Cov@20=0.2904 ARP@20=7.0434 HeadExp=0.9852 MidExp=0.0140 TailExp=0.0008 ⭐best
16:20:52 | ep  46 |  2.0s | BPR=0.1599 ILE=0.0000 CL=0.0000
16:20:54 | ep  47 |  1.9s | BPR=0.1585 ILE=0.0000 CL=0.0000
16:20:56 | ep  48 |  1.9s | BPR=0.1581 ILE=0.0000 CL=0.0000
16:20:58 | ep  49 |  2.0s | BPR=0.1580 ILE=0.0000 CL=0.0000
16:21:00 | ep  50 |  1.9s | BPR=0.1565 ILE=0.0000 CL=0.0000 | VAL R@10=0.0744 R@20=0.1250 N@10=0.0367 N@20=0.0494 TailR@20=0.0021 Cov@20=0.3048 ARP@20=7.0082 HeadExp=0.9819 MidExp=0.0173 TailExp=0.0008 ⭐best
16:21:02 | ep  51 |  2.0s | BPR=0.1550 ILE=0.0000 CL=0.0000
16:21:04 | ep  52 |  2.0s | BPR=0.1551 ILE=0.0000 CL=0.0000
16:21:06 | ep  53 |  2.0s | BPR=0.1540 ILE=0.0000 CL=0.0000
16:21:08 | ep  54 |  2.0s | BPR=0.1528 ILE=0.0000 CL=0.0000
16:21:11 | ep  55 |  2.0s | BPR=0.1509 ILE=0.0000 CL=0.0000 | VAL R@10=0.0746 R@20=0.1281 N@10=0.0368 N@20=0.0502 TailR@20=0.0000 Cov@20=0.3105 ARP@20=6.9826 HeadExp=0.9791 MidExp=0.0201 TailExp=0.0009 ⭐best
16:21:13 | ep  56 |  2.0s | BPR=0.1515 ILE=0.0000 CL=0.0000
16:21:15 | ep  57 |  1.9s | BPR=0.1502 ILE=0.0000 CL=0.0000
16:21:17 | ep  58 |  2.0s | BPR=0.1493 ILE=0.0000 CL=0.0000
16:21:19 | ep  59 |  2.0s | BPR=0.1477 ILE=0.0000 CL=0.0000
16:21:22 | ep  60 |  2.0s | BPR=0.1492 ILE=0.0000 CL=0.0000 | VAL R@10=0.0736 R@20=0.1311 N@10=0.0366 N@20=0.0510 TailR@20=0.0021 Cov@20=0.3241 ARP@20=6.9559 HeadExp=0.9769 MidExp=0.0223 TailExp=0.0008 ⭐best
16:21:24 | ep  61 |  1.9s | BPR=0.1467 ILE=0.0000 CL=0.0000
16:21:26 | ep  62 |  1.9s | BPR=0.1457 ILE=0.0000 CL=0.0000
16:21:28 | ep  63 |  2.0s | BPR=0.1459 ILE=0.0000 CL=0.0000
16:21:30 | ep  64 |  2.0s | BPR=0.1442 ILE=0.0000 CL=0.0000
16:21:33 | ep  65 |  2.0s | BPR=0.1436 ILE=0.0000 CL=0.0000 | VAL R@10=0.0752 R@20=0.1323 N@10=0.0370 N@20=0.0513 TailR@20=0.0021 Cov@20=0.3326 ARP@20=6.9364 HeadExp=0.9747 MidExp=0.0245 TailExp=0.0008 ⭐best
16:21:35 | ep  66 |  1.9s | BPR=0.1441 ILE=0.0000 CL=0.0000
16:21:37 | ep  67 |  2.0s | BPR=0.1434 ILE=0.0000 CL=0.0000
16:21:39 | ep  68 |  2.0s | BPR=0.1417 ILE=0.0000 CL=0.0000
16:21:40 | ep  69 |  2.0s | BPR=0.1403 ILE=0.0000 CL=0.0000
16:21:43 | ep  70 |  2.0s | BPR=0.1411 ILE=0.0000 CL=0.0000 | VAL R@10=0.0759 R@20=0.1356 N@10=0.0373 N@20=0.0522 TailR@20=0.0063 Cov@20=0.3484 ARP@20=6.9177 HeadExp=0.9718 MidExp=0.0272 TailExp=0.0010 ⭐best
16:21:45 | ep  71 |  2.0s | BPR=0.1394 ILE=0.0000 CL=0.0000
16:21:47 | ep  72 |  2.1s | BPR=0.1397 ILE=0.0000 CL=0.0000
16:21:49 | ep  73 |  1.9s | BPR=0.1377 ILE=0.0000 CL=0.0000
16:21:51 | ep  74 |  1.9s | BPR=0.1377 ILE=0.0000 CL=0.0000
16:21:54 | ep  75 |  2.0s | BPR=0.1373 ILE=0.0000 CL=0.0000 | VAL R@10=0.0787 R@20=0.1374 N@10=0.0382 N@20=0.0528 TailR@20=0.0063 Cov@20=0.3552 ARP@20=6.8992 HeadExp=0.9696 MidExp=0.0294 TailExp=0.0010 ⭐best
16:21:56 | ep  76 |  2.0s | BPR=0.1364 ILE=0.0000 CL=0.0000
16:21:58 | ep  77 |  1.9s | BPR=0.1356 ILE=0.0000 CL=0.0000
16:22:00 | ep  78 |  1.9s | BPR=0.1346 ILE=0.0000 CL=0.0000
16:22:02 | ep  79 |  1.9s | BPR=0.1353 ILE=0.0000 CL=0.0000
16:22:05 | ep  80 |  2.0s | BPR=0.1340 ILE=0.0000 CL=0.0000 | VAL R@10=0.0799 R@20=0.1369 N@10=0.0381 N@20=0.0524 TailR@20=0.0063 Cov@20=0.3629 ARP@20=6.8846 HeadExp=0.9672 MidExp=0.0317 TailExp=0.0011 (best 0.1374@75)
16:22:07 | ep  81 |  2.0s | BPR=0.1337 ILE=0.0000 CL=0.0000
16:22:09 | ep  82 |  1.9s | BPR=0.1305 ILE=0.0000 CL=0.0000
16:22:11 | ep  83 |  2.0s | BPR=0.1318 ILE=0.0000 CL=0.0000
16:22:13 | ep  84 |  2.0s | BPR=0.1311 ILE=0.0000 CL=0.0000
16:22:15 | ep  85 |  2.0s | BPR=0.1313 ILE=0.0000 CL=0.0000 | VAL R@10=0.0814 R@20=0.1369 N@10=0.0389 N@20=0.0528 TailR@20=0.0063 Cov@20=0.3748 ARP@20=6.8717 HeadExp=0.9646 MidExp=0.0342 TailExp=0.0012 (best 0.1374@75)
16:22:18 | ep  86 |  2.1s | BPR=0.1307 ILE=0.0000 CL=0.0000
16:22:20 | ep  87 |  2.0s | BPR=0.1296 ILE=0.0000 CL=0.0000
16:22:22 | ep  88 |  2.0s | BPR=0.1284 ILE=0.0000 CL=0.0000
16:22:24 | ep  89 |  2.0s | BPR=0.1285 ILE=0.0000 CL=0.0000
16:22:26 | ep  90 |  2.0s | BPR=0.1283 ILE=0.0000 CL=0.0000 | VAL R@10=0.0809 R@20=0.1400 N@10=0.0390 N@20=0.0539 TailR@20=0.0084 Cov@20=0.3855 ARP@20=6.8544 HeadExp=0.9619 MidExp=0.0367 TailExp=0.0014 ⭐best
16:22:28 | ep  91 |  2.0s | BPR=0.1268 ILE=0.0000 CL=0.0000
16:22:30 | ep  92 |  2.0s | BPR=0.1261 ILE=0.0000 CL=0.0000
16:22:32 | ep  93 |  2.0s | BPR=0.1258 ILE=0.0000 CL=0.0000
16:22:34 | ep  94 |  1.9s | BPR=0.1257 ILE=0.0000 CL=0.0000
16:22:37 | ep  95 |  2.0s | BPR=0.1252 ILE=0.0000 CL=0.0000 | VAL R@10=0.0835 R@20=0.1404 N@10=0.0397 N@20=0.0540 TailR@20=0.0126 Cov@20=0.3937 ARP@20=6.8463 HeadExp=0.9611 MidExp=0.0374 TailExp=0.0015 ⭐best
16:22:39 | ep  96 |  1.9s | BPR=0.1254 ILE=0.0000 CL=0.0000
16:22:41 | ep  97 |  2.0s | BPR=0.1238 ILE=0.0000 CL=0.0000
16:22:43 | ep  98 |  1.9s | BPR=0.1236 ILE=0.0000 CL=0.0000
16:22:45 | ep  99 |  2.0s | BPR=0.1222 ILE=0.0000 CL=0.0000
16:22:48 | ep 100 |  2.0s | BPR=0.1232 ILE=0.0000 CL=0.0000 | VAL R@10=0.0835 R@20=0.1424 N@10=0.0401 N@20=0.0549 TailR@20=0.0084 Cov@20=0.4016 ARP@20=6.8308 HeadExp=0.9585 MidExp=0.0400 TailExp=0.0015 ⭐best
16:22:49 | ✅ [final_baseline_L2_s0] TEST | R@10=0.0742 R@20=0.1288 N@10=0.0358 N@20=0.0495 TailR@20=0.0056 Cov@20=0.4022 ARP@20=6.8290 HeadExp=0.9583 MidExp=0.0402 TailExp=0.0015
