16:22:49 | 🚀 [final_baseline_L2_s1] ILE=False(λ=0.0) aug_main=False CL=False(λ=0.0,τ=0.2) negβ=0.0 drop=degree_aware layers=2 epochs=100 steps/epoch=137 device=cuda
16:22:51 | ep   1 |  2.0s | BPR=0.6174 ILE=0.0000 CL=0.0000
16:22:53 | ep   2 |  2.0s | BPR=0.3449 ILE=0.0000 CL=0.0000
16:22:55 | ep   3 |  1.9s | BPR=0.3095 ILE=0.0000 CL=0.0000
16:22:57 | ep   4 |  1.9s | BPR=0.3037 ILE=0.0000 CL=0.0000
16:22:59 | ep   5 |  1.9s | BPR=0.2955 ILE=0.0000 CL=0.0000 | VAL R@10=0.0472 R@20=0.0827 N@10=0.0226 N@20=0.0315 TailR@20=0.0021 Cov@20=0.0943 ARP@20=7.5146 HeadExp=0.9981 MidExp=0.0003 TailExp=0.0017 ⭐best
16:23:01 | ep   6 |  1.9s | BPR=0.2855 ILE=0.0000 CL=0.0000
16:23:03 | ep   7 |  1.9s | BPR=0.2723 ILE=0.0000 CL=0.0000
16:23:05 | ep   8 |  1.9s | BPR=0.2636 ILE=0.0000 CL=0.0000
16:23:07 | ep   9 |  1.9s | BPR=0.2564 ILE=0.0000 CL=0.0000
16:23:10 | ep  10 |  2.0s | BPR=0.2492 ILE=0.0000 CL=0.0000 | VAL R@10=0.0502 R@20=0.0873 N@10=0.0241 N@20=0.0334 TailR@20=0.0000 Cov@20=0.1152 ARP@20=7.4238 HeadExp=0.9988 MidExp=0.0002 TailExp=0.0010 ⭐best
16:23:12 | ep  11 |  2.0s | BPR=0.2452 ILE=0.0000 CL=0.0000
16:23:14 | ep  12 |  2.0s | BPR=0.2417 ILE=0.0000 CL=0.0000
16:23:16 | ep  13 |  1.9s | BPR=0.2390 ILE=0.0000 CL=0.0000
16:23:18 | ep  14 |  2.0s | BPR=0.2345 ILE=0.0000 CL=0.0000
16:23:21 | ep  15 |  1.9s | BPR=0.2328 ILE=0.0000 CL=0.0000 | VAL R@10=0.0520 R@20=0.0902 N@10=0.0248 N@20=0.0344 TailR@20=0.0000 Cov@20=0.1217 ARP@20=7.3613 HeadExp=0.9990 MidExp=0.0005 TailExp=0.0006 ⭐best
16:23:23 | ep  16 |  2.0s | BPR=0.2294 ILE=0.0000 CL=0.0000
16:23:25 | ep  17 |  1.9s | BPR=0.2250 ILE=0.0000 CL=0.0000
16:23:27 | ep  18 |  2.0s | BPR=0.2221 ILE=0.0000 CL=0.0000
16:23:29 | ep  19 |  2.0s | BPR=0.2178 ILE=0.0000 CL=0.0000
16:23:31 | ep  20 |  1.9s | BPR=0.2140 ILE=0.0000 CL=0.0000 | VAL R@10=0.0572 R@20=0.0961 N@10=0.0282 N@20=0.0379 TailR@20=0.0000 Cov@20=0.1602 ARP@20=7.3042 HeadExp=0.9982 MidExp=0.0012 TailExp=0.0006 ⭐best
16:23:33 | ep  21 |  2.0s | BPR=0.2097 ILE=0.0000 CL=0.0000
16:23:35 | ep  22 |  2.0s | BPR=0.2075 ILE=0.0000 CL=0.0000
16:23:37 | ep  23 |  2.0s | BPR=0.2028 ILE=0.0000 CL=0.0000
16:23:39 | ep  24 |  1.9s | BPR=0.1998 ILE=0.0000 CL=0.0000
16:23:42 | ep  25 |  1.9s | BPR=0.1988 ILE=0.0000 CL=0.0000 | VAL R@10=0.0605 R@20=0.1023 N@10=0.0303 N@20=0.0408 TailR@20=0.0000 Cov@20=0.1953 ARP@20=7.2313 HeadExp=0.9965 MidExp=0.0027 TailExp=0.0007 ⭐best
16:23:44 | ep  26 |  2.0s | BPR=0.1954 ILE=0.0000 CL=0.0000
16:23:46 | ep  27 |  2.0s | BPR=0.1925 ILE=0.0000 CL=0.0000
16:23:48 | ep  28 |  2.0s | BPR=0.1909 ILE=0.0000 CL=0.0000
16:23:50 | ep  29 |  2.0s | BPR=0.1879 ILE=0.0000 CL=0.0000
16:23:53 | ep  30 |  2.0s | BPR=0.1870 ILE=0.0000 CL=0.0000 | VAL R@10=0.0646 R@20=0.1100 N@10=0.0320 N@20=0.0434 TailR@20=0.0021 Cov@20=0.2179 ARP@20=7.1768 HeadExp=0.9946 MidExp=0.0047 TailExp=0.0007 ⭐best
16:23:55 | ep  31 |  1.9s | BPR=0.1847 ILE=0.0000 CL=0.0000
16:23:57 | ep  32 |  2.0s | BPR=0.1830 ILE=0.0000 CL=0.0000
16:23:59 | ep  33 |  2.0s | BPR=0.1817 ILE=0.0000 CL=0.0000
16:24:01 | ep  34 |  2.0s | BPR=0.1796 ILE=0.0000 CL=0.0000
16:24:04 | ep  35 |  1.9s | BPR=0.1767 ILE=0.0000 CL=0.0000 | VAL R@10=0.0656 R@20=0.1157 N@10=0.0331 N@20=0.0457 TailR@20=0.0021 Cov@20=0.2395 ARP@20=7.1365 HeadExp=0.9923 MidExp=0.0069 TailExp=0.0007 ⭐best
16:24:06 | ep  36 |  1.9s | BPR=0.1764 ILE=0.0000 CL=0.0000
16:24:07 | ep  37 |  1.9s | BPR=0.1735 ILE=0.0000 CL=0.0000
16:24:09 | ep  38 |  2.0s | BPR=0.1725 ILE=0.0000 CL=0.0000
16:24:11 | ep  39 |  2.0s | BPR=0.1703 ILE=0.0000 CL=0.0000
16:24:14 | ep  40 |  1.9s | BPR=0.1692 ILE=0.0000 CL=0.0000 | VAL R@10=0.0694 R@20=0.1221 N@10=0.0346 N@20=0.0478 TailR@20=0.0021 Cov@20=0.2663 ARP@20=7.0952 HeadExp=0.9892 MidExp=0.0100 TailExp=0.0008 ⭐best
16:24:16 | ep  41 |  2.0s | BPR=0.1678 ILE=0.0000 CL=0.0000
16:24:18 | ep  42 |  2.0s | BPR=0.1665 ILE=0.0000 CL=0.0000
16:24:20 | ep  43 |  2.0s | BPR=0.1650 ILE=0.0000 CL=0.0000
16:24:22 | ep  44 |  2.0s | BPR=0.1634 ILE=0.0000 CL=0.0000
16:24:25 | ep  45 |  2.0s | BPR=0.1631 ILE=0.0000 CL=0.0000 | VAL R@10=0.0716 R@20=0.1248 N@10=0.0355 N@20=0.0489 TailR@20=0.0000 Cov@20=0.2839 ARP@20=7.0523 HeadExp=0.9859 MidExp=0.0132 TailExp=0.0009 ⭐best
16:24:27 | ep  46 |  2.0s | BPR=0.1605 ILE=0.0000 CL=0.0000
16:24:29 | ep  47 |  1.9s | BPR=0.1603 ILE=0.0000 CL=0.0000
16:24:31 | ep  48 |  1.9s | BPR=0.1590 ILE=0.0000 CL=0.0000
16:24:33 | ep  49 |  2.0s | BPR=0.1580 ILE=0.0000 CL=0.0000
16:24:36 | ep  50 |  1.9s | BPR=0.1558 ILE=0.0000 CL=0.0000 | VAL R@10=0.0751 R@20=0.1293 N@10=0.0366 N@20=0.0501 TailR@20=0.0021 Cov@20=0.3017 ARP@20=7.0251 HeadExp=0.9827 MidExp=0.0164 TailExp=0.0009 ⭐best
16:24:38 | ep  51 |  1.9s | BPR=0.1554 ILE=0.0000 CL=0.0000
16:24:40 | ep  52 |  2.0s | BPR=0.1549 ILE=0.0000 CL=0.0000
16:24:42 | ep  53 |  1.9s | BPR=0.1548 ILE=0.0000 CL=0.0000
16:24:43 | ep  54 |  2.0s | BPR=0.1542 ILE=0.0000 CL=0.0000
16:24:46 | ep  55 |  2.0s | BPR=0.1521 ILE=0.0000 CL=0.0000 | VAL R@10=0.0752 R@20=0.1293 N@10=0.0372 N@20=0.0507 TailR@20=0.0021 Cov@20=0.3173 ARP@20=6.9897 HeadExp=0.9795 MidExp=0.0195 TailExp=0.0010 (best 0.1293@50)
16:24:48 | ep  56 |  2.0s | BPR=0.1517 ILE=0.0000 CL=0.0000
16:24:50 | ep  57 |  2.0s | BPR=0.1510 ILE=0.0000 CL=0.0000
16:24:52 | ep  58 |  1.9s | BPR=0.1495 ILE=0.0000 CL=0.0000
16:24:54 | ep  59 |  2.0s | BPR=0.1479 ILE=0.0000 CL=0.0000
16:24:57 | ep  60 |  2.0s | BPR=0.1491 ILE=0.0000 CL=0.0000 | VAL R@10=0.0764 R@20=0.1346 N@10=0.0376 N@20=0.0522 TailR@20=0.0042 Cov@20=0.3247 ARP@20=6.9626 HeadExp=0.9770 MidExp=0.0222 TailExp=0.0009 ⭐best
16:24:59 | ep  61 |  2.0s | BPR=0.1466 ILE=0.0000 CL=0.0000
16:25:01 | ep  62 |  1.9s | BPR=0.1463 ILE=0.0000 CL=0.0000
16:25:03 | ep  63 |  1.9s | BPR=0.1458 ILE=0.0000 CL=0.0000
16:25:05 | ep  64 |  1.9s | BPR=0.1448 ILE=0.0000 CL=0.0000
16:25:08 | ep  65 |  2.0s | BPR=0.1440 ILE=0.0000 CL=0.0000 | VAL R@10=0.0784 R@20=0.1359 N@10=0.0377 N@20=0.0521 TailR@20=0.0042 Cov@20=0.3368 ARP@20=6.9444 HeadExp=0.9747 MidExp=0.0243 TailExp=0.0010 ⭐best
16:25:10 | ep  66 |  2.0s | BPR=0.1429 ILE=0.0000 CL=0.0000
16:25:12 | ep  67 |  2.0s | BPR=0.1427 ILE=0.0000 CL=0.0000
16:25:14 | ep  68 |  1.9s | BPR=0.1417 ILE=0.0000 CL=0.0000
16:25:16 | ep  69 |  2.1s | BPR=0.1412 ILE=0.0000 CL=0.0000
16:25:19 | ep  70 |  2.0s | BPR=0.1414 ILE=0.0000 CL=0.0000 | VAL R@10=0.0771 R@20=0.1361 N@10=0.0373 N@20=0.0521 TailR@20=0.0042 Cov@20=0.3490 ARP@20=6.9161 HeadExp=0.9713 MidExp=0.0276 TailExp=0.0011 ⭐best
16:25:21 | ep  71 |  2.0s | BPR=0.1392 ILE=0.0000 CL=0.0000
16:25:23 | ep  72 |  2.0s | BPR=0.1390 ILE=0.0000 CL=0.0000
16:25:25 | ep  73 |  2.0s | BPR=0.1390 ILE=0.0000 CL=0.0000
16:25:27 | ep  74 |  1.9s | BPR=0.1377 ILE=0.0000 CL=0.0000
16:25:29 | ep  75 |  2.0s | BPR=0.1373 ILE=0.0000 CL=0.0000 | VAL R@10=0.0802 R@20=0.1385 N@10=0.0384 N@20=0.0529 TailR@20=0.0042 Cov@20=0.3566 ARP@20=6.9026 HeadExp=0.9696 MidExp=0.0293 TailExp=0.0011 ⭐best
16:25:31 | ep  76 |  2.0s | BPR=0.1364 ILE=0.0000 CL=0.0000
16:25:33 | ep  77 |  1.9s | BPR=0.1342 ILE=0.0000 CL=0.0000
16:25:35 | ep  78 |  1.9s | BPR=0.1345 ILE=0.0000 CL=0.0000
16:25:37 | ep  79 |  1.9s | BPR=0.1344 ILE=0.0000 CL=0.0000
16:25:40 | ep  80 |  1.9s | BPR=0.1341 ILE=0.0000 CL=0.0000 | VAL R@10=0.0792 R@20=0.1371 N@10=0.0384 N@20=0.0529 TailR@20=0.0063 Cov@20=0.3643 ARP@20=6.8874 HeadExp=0.9672 MidExp=0.0317 TailExp=0.0011 (best 0.1385@75)
16:25:42 | ep  81 |  2.0s | BPR=0.1344 ILE=0.0000 CL=0.0000
16:25:44 | ep  82 |  2.0s | BPR=0.1325 ILE=0.0000 CL=0.0000
16:25:46 | ep  83 |  1.9s | BPR=0.1312 ILE=0.0000 CL=0.0000
16:25:48 | ep  84 |  2.0s | BPR=0.1314 ILE=0.0000 CL=0.0000
16:25:51 | ep  85 |  1.9s | BPR=0.1310 ILE=0.0000 CL=0.0000 | VAL R@10=0.0795 R@20=0.1404 N@10=0.0386 N@20=0.0539 TailR@20=0.0084 Cov@20=0.3748 ARP@20=6.8689 HeadExp=0.9647 MidExp=0.0341 TailExp=0.0012 ⭐best
16:25:53 | ep  86 |  1.9s | BPR=0.1289 ILE=0.0000 CL=0.0000
16:25:55 | ep  87 |  1.9s | BPR=0.1297 ILE=0.0000 CL=0.0000
16:25:57 | ep  88 |  2.1s | BPR=0.1293 ILE=0.0000 CL=0.0000
16:25:59 | ep  89 |  2.1s | BPR=0.1286 ILE=0.0000 CL=0.0000
16:26:02 | ep  90 |  2.0s | BPR=0.1275 ILE=0.0000 CL=0.0000 | VAL R@10=0.0814 R@20=0.1405 N@10=0.0395 N@20=0.0543 TailR@20=0.0084 Cov@20=0.3813 ARP@20=6.8605 HeadExp=0.9631 MidExp=0.0356 TailExp=0.0013 ⭐best
16:26:04 | ep  91 |  2.0s | BPR=0.1270 ILE=0.0000 CL=0.0000
16:26:06 | ep  92 |  2.0s | BPR=0.1265 ILE=0.0000 CL=0.0000
16:26:08 | ep  93 |  1.9s | BPR=0.1257 ILE=0.0000 CL=0.0000
16:26:09 | ep  94 |  2.0s | BPR=0.1258 ILE=0.0000 CL=0.0000
16:26:12 | ep  95 |  2.2s | BPR=0.1247 ILE=0.0000 CL=0.0000 | VAL R@10=0.0852 R@20=0.1385 N@10=0.0406 N@20=0.0540 TailR@20=0.0084 Cov@20=0.3906 ARP@20=6.8391 HeadExp=0.9605 MidExp=0.0381 TailExp=0.0014 (best 0.1405@90)
16:26:15 | ep  96 |  2.0s | BPR=0.1241 ILE=0.0000 CL=0.0000
16:26:16 | ep  97 |  1.9s | BPR=0.1239 ILE=0.0000 CL=0.0000
16:26:18 | ep  98 |  1.9s | BPR=0.1233 ILE=0.0000 CL=0.0000
16:26:20 | ep  99 |  1.9s | BPR=0.1223 ILE=0.0000 CL=0.0000
16:26:23 | ep 100 |  1.9s | BPR=0.1227 ILE=0.0000 CL=0.0000 | VAL R@10=0.0845 R@20=0.1424 N@10=0.0403 N@20=0.0547 TailR@20=0.0084 Cov@20=0.3994 ARP@20=6.8263 HeadExp=0.9585 MidExp=0.0399 TailExp=0.0015 ⭐best
16:26:24 | ✅ [final_baseline_L2_s1] TEST | R@10=0.0721 R@20=0.1293 N@10=0.0356 N@20=0.0500 TailR@20=0.0037 Cov@20=0.3991 ARP@20=6.8246 HeadExp=0.9583 MidExp=0.0402 TailExp=0.0015
