16:45:16 | 🚀 [final_best_L2_s42] ILE=True(λ=1.0) aug_main=False CL=True(λ=0.1,τ=0.2) negβ=0.5 drop=degree_aware layers=2 epochs=100 steps/epoch=137 device=cuda
16:45:21 | ep   1 |  5.2s | BPR=0.6925 ILE=0.0000 CL=5.5793
16:45:26 | ep   2 |  4.9s | BPR=0.6914 ILE=0.0000 CL=5.5712
16:45:31 | ep   3 |  4.6s | BPR=0.6897 ILE=0.0000 CL=5.5670
16:45:36 | ep   4 |  4.8s | BPR=0.6874 ILE=0.0000 CL=5.5693
16:45:41 | ep   5 |  5.0s | BPR=0.6838 ILE=0.0000 CL=5.5731 | VAL R@10=0.0381 R@20=0.0618 N@10=0.0201 N@20=0.0260 TailR@20=0.0000 Cov@20=0.8115 ARP@20=5.8211 HeadExp=0.6822 MidExp=0.2743 TailExp=0.0435 ⭐best
16:45:46 | ep   6 |  5.1s | BPR=0.6785 ILE=0.0000 CL=5.5825
16:45:51 | ep   7 |  4.9s | BPR=0.6699 ILE=0.0000 CL=5.5978
16:45:56 | ep   8 |  4.9s | BPR=0.6560 ILE=0.0001 CL=5.6248
16:46:01 | ep   9 |  4.9s | BPR=0.6350 ILE=0.0002 CL=5.6689
16:46:07 | ep  10 |  5.0s | BPR=0.6048 ILE=0.0005 CL=5.7306 | VAL R@10=0.0807 R@20=0.1331 N@10=0.0390 N@20=0.0521 TailR@20=0.0295 Cov@20=0.5064 ARP@20=6.4392 HeadExp=0.9035 MidExp=0.0798 TailExp=0.0167 ⭐best
16:46:12 | ep  11 |  5.0s | BPR=0.5665 ILE=0.0011 CL=5.8103
16:46:17 | ep  12 |  4.8s | BPR=0.5243 ILE=0.0019 CL=5.8896
16:46:22 | ep  13 |  5.0s | BPR=0.4845 ILE=0.0026 CL=5.9506
16:46:27 | ep  14 |  5.0s | BPR=0.4498 ILE=0.0028 CL=5.9948
16:46:33 | ep  15 |  4.9s | BPR=0.4192 ILE=0.0033 CL=6.0269 | VAL R@10=0.0883 R@20=0.1462 N@10=0.0423 N@20=0.0568 TailR@20=0.0379 Cov@20=0.4769 ARP@20=6.5022 HeadExp=0.9089 MidExp=0.0632 TailExp=0.0279 ⭐best
16:46:38 | ep  16 |  5.0s | BPR=0.3959 ILE=0.0032 CL=6.0425
16:46:43 | ep  17 |  4.8s | BPR=0.3757 ILE=0.0031 CL=6.0496
16:46:47 | ep  18 |  4.9s | BPR=0.3586 ILE=0.0031 CL=6.0512
16:46:52 | ep  19 |  4.6s | BPR=0.3436 ILE=0.0028 CL=6.0520
16:46:58 | ep  20 |  4.9s | BPR=0.3313 ILE=0.0026 CL=6.0473 | VAL R@10=0.0910 R@20=0.1546 N@10=0.0441 N@20=0.0600 TailR@20=0.0463 Cov@20=0.5007 ARP@20=6.4619 HeadExp=0.8985 MidExp=0.0714 TailExp=0.0301 ⭐best
16:47:02 | ep  21 |  4.6s | BPR=0.3206 ILE=0.0023 CL=6.0441
16:47:08 | ep  22 |  5.1s | BPR=0.3100 ILE=0.0024 CL=6.0394
16:47:13 | ep  23 |  5.0s | BPR=0.3018 ILE=0.0025 CL=6.0284
16:47:17 | ep  24 |  5.0s | BPR=0.2946 ILE=0.0018 CL=6.0228
16:47:23 | ep  25 |  4.9s | BPR=0.2871 ILE=0.0019 CL=6.0181 | VAL R@10=0.0907 R@20=0.1573 N@10=0.0443 N@20=0.0610 TailR@20=0.0442 Cov@20=0.5293 ARP@20=6.4180 HeadExp=0.8870 MidExp=0.0819 TailExp=0.0311 ⭐best
16:47:28 | ep  26 |  5.0s | BPR=0.2812 ILE=0.0019 CL=6.0100
16:47:33 | ep  27 |  5.0s | BPR=0.2739 ILE=0.0017 CL=6.0031
16:47:38 | ep  28 |  4.9s | BPR=0.2690 ILE=0.0018 CL=5.9972
16:47:43 | ep  29 |  4.9s | BPR=0.2650 ILE=0.0015 CL=5.9881
16:47:49 | ep  30 |  5.0s | BPR=0.2602 ILE=0.0017 CL=5.9797 | VAL R@10=0.0923 R@20=0.1576 N@10=0.0447 N@20=0.0611 TailR@20=0.0505 Cov@20=0.5579 ARP@20=6.3772 HeadExp=0.8748 MidExp=0.0933 TailExp=0.0320 ⭐best
16:47:54 | ep  31 |  5.0s | BPR=0.2555 ILE=0.0014 CL=5.9739
16:47:59 | ep  32 |  5.0s | BPR=0.2521 ILE=0.0015 CL=5.9678
16:48:04 | ep  33 |  5.1s | BPR=0.2483 ILE=0.0013 CL=5.9601
16:48:09 | ep  34 |  5.0s | BPR=0.2445 ILE=0.0011 CL=5.9568
16:48:15 | ep  35 |  5.0s | BPR=0.2407 ILE=0.0013 CL=5.9512 | VAL R@10=0.0941 R@20=0.1566 N@10=0.0451 N@20=0.0608 TailR@20=0.0505 Cov@20=0.5746 ARP@20=6.3447 HeadExp=0.8641 MidExp=0.1042 TailExp=0.0317 (best 0.1576@30)
16:48:20 | ep  36 |  5.0s | BPR=0.2383 ILE=0.0014 CL=5.9445
16:48:25 | ep  37 |  5.0s | BPR=0.2344 ILE=0.0012 CL=5.9374
16:48:30 | ep  38 |  5.0s | BPR=0.2316 ILE=0.0012 CL=5.9330
16:48:35 | ep  39 |  4.5s | BPR=0.2282 ILE=0.0010 CL=5.9293
16:48:40 | ep  40 |  4.8s | BPR=0.2264 ILE=0.0010 CL=5.9251 | VAL R@10=0.0940 R@20=0.1555 N@10=0.0448 N@20=0.0602 TailR@20=0.0547 Cov@20=0.6003 ARP@20=6.3141 HeadExp=0.8536 MidExp=0.1145 TailExp=0.0319 (best 0.1576@30)
16:48:45 | ep  41 |  5.0s | BPR=0.2234 ILE=0.0010 CL=5.9203
16:48:50 | ep  42 |  4.9s | BPR=0.2214 ILE=0.0009 CL=5.9147
16:48:55 | ep  43 |  5.0s | BPR=0.2183 ILE=0.0011 CL=5.9101
16:49:00 | ep  44 |  5.1s | BPR=0.2170 ILE=0.0010 CL=5.9074
16:49:06 | ep  45 |  5.0s | BPR=0.2146 ILE=0.0010 CL=5.9041 | VAL R@10=0.0935 R@20=0.1516 N@10=0.0446 N@20=0.0593 TailR@20=0.0526 Cov@20=0.6219 ARP@20=6.2784 HeadExp=0.8424 MidExp=0.1251 TailExp=0.0325 (best 0.1576@30)
16:49:11 | ep  46 |  5.0s | BPR=0.2127 ILE=0.0009 CL=5.8983
16:49:16 | ep  47 |  5.1s | BPR=0.2106 ILE=0.0009 CL=5.8962
16:49:21 | ep  48 |  5.0s | BPR=0.2078 ILE=0.0010 CL=5.8920
16:49:26 | ep  49 |  5.0s | BPR=0.2069 ILE=0.0009 CL=5.8881
16:49:32 | ep  50 |  4.8s | BPR=0.2058 ILE=0.0010 CL=5.8860 | VAL R@10=0.0935 R@20=0.1521 N@10=0.0447 N@20=0.0594 TailR@20=0.0589 Cov@20=0.6383 ARP@20=6.2497 HeadExp=0.8322 MidExp=0.1345 TailExp=0.0333 (best 0.1576@30)
16:49:37 | ep  51 |  5.0s | BPR=0.2036 ILE=0.0010 CL=5.8799
16:49:42 | ep  52 |  4.9s | BPR=0.2009 ILE=0.0008 CL=5.8778
16:49:47 | ep  53 |  4.7s | BPR=0.1997 ILE=0.0008 CL=5.8766
16:49:52 | ep  54 |  4.8s | BPR=0.1982 ILE=0.0008 CL=5.8726
16:49:57 | ep  55 |  5.0s | BPR=0.1971 ILE=0.0007 CL=5.8703 | VAL R@10=0.0946 R@20=0.1511 N@10=0.0449 N@20=0.0591 TailR@20=0.0589 Cov@20=0.6538 ARP@20=6.2274 HeadExp=0.8240 MidExp=0.1423 TailExp=0.0336 (best 0.1576@30)
16:50:02 | ep  56 |  5.0s | BPR=0.1958 ILE=0.0008 CL=5.8702
16:50:08 | ep  57 |  5.1s | BPR=0.1938 ILE=0.0008 CL=5.8653
16:50:13 | ep  58 |  5.0s | BPR=0.1930 ILE=0.0007 CL=5.8625
16:50:18 | ep  59 |  5.0s | BPR=0.1916 ILE=0.0006 CL=5.8590
16:50:23 | ep  60 |  5.0s | BPR=0.1910 ILE=0.0008 CL=5.8592 | VAL R@10=0.0925 R@20=0.1521 N@10=0.0444 N@20=0.0593 TailR@20=0.0589 Cov@20=0.6654 ARP@20=6.1991 HeadExp=0.8143 MidExp=0.1515 TailExp=0.0342 (best 0.1576@30)
16:50:28 | ep  61 |  4.9s | BPR=0.1890 ILE=0.0007 CL=5.8576
16:50:33 | ep  62 |  4.9s | BPR=0.1870 ILE=0.0007 CL=5.8553
16:50:38 | ep  63 |  5.1s | BPR=0.1859 ILE=0.0006 CL=5.8533
16:50:43 | ep  64 |  5.0s | BPR=0.1849 ILE=0.0006 CL=5.8498
16:50:49 | ep  65 |  5.1s | BPR=0.1844 ILE=0.0008 CL=5.8445 | VAL R@10=0.0916 R@20=0.1495 N@10=0.0435 N@20=0.0579 TailR@20=0.0632 Cov@20=0.6802 ARP@20=6.1699 HeadExp=0.8036 MidExp=0.1613 TailExp=0.0352 (best 0.1576@30)
16:50:54 | ep  66 |  5.0s | BPR=0.1840 ILE=0.0007 CL=5.8412
16:50:59 | ep  67 |  4.6s | BPR=0.1823 ILE=0.0006 CL=5.8431
16:51:03 | ep  68 |  4.5s | BPR=0.1811 ILE=0.0006 CL=5.8420
16:51:08 | ep  69 |  5.0s | BPR=0.1810 ILE=0.0009 CL=5.8410
16:51:14 | ep  70 |  5.0s | BPR=0.1795 ILE=0.0008 CL=5.8348 | VAL R@10=0.0905 R@20=0.1475 N@10=0.0436 N@20=0.0578 TailR@20=0.0611 Cov@20=0.6903 ARP@20=6.1484 HeadExp=0.7949 MidExp=0.1690 TailExp=0.0360 (best 0.1576@30)
16:51:19 | ep  71 |  4.9s | BPR=0.1784 ILE=0.0006 CL=5.8350
16:51:24 | ep  72 |  5.0s | BPR=0.1775 ILE=0.0007 CL=5.8347
16:51:29 | ep  73 |  5.0s | BPR=0.1762 ILE=0.0007 CL=5.8305
16:51:34 | ep  74 |  4.9s | BPR=0.1759 ILE=0.0009 CL=5.8296
16:51:40 | ep  75 |  4.9s | BPR=0.1745 ILE=0.0007 CL=5.8255 | VAL R@10=0.0893 R@20=0.1460 N@10=0.0433 N@20=0.0575 TailR@20=0.0611 Cov@20=0.7014 ARP@20=6.1298 HeadExp=0.7872 MidExp=0.1762 TailExp=0.0366 (best 0.1576@30)
16:51:45 | ep  76 |  4.7s | BPR=0.1745 ILE=0.0007 CL=5.8255
16:51:50 | ep  77 |  4.9s | BPR=0.1734 ILE=0.0007 CL=5.8248
16:51:55 | ep  78 |  5.0s | BPR=0.1717 ILE=0.0007 CL=5.8246
16:52:00 | ep  79 |  5.0s | BPR=0.1715 ILE=0.0006 CL=5.8244
16:52:06 | ep  80 |  5.0s | BPR=0.1713 ILE=0.0007 CL=5.8211 | VAL R@10=0.0880 R@20=0.1453 N@10=0.0428 N@20=0.0571 TailR@20=0.0674 Cov@20=0.7042 ARP@20=6.1142 HeadExp=0.7813 MidExp=0.1816 TailExp=0.0371 (best 0.1576@30)
16:52:06 | ⏰ early stopping @ epoch 80
16:52:07 | ✅ [final_best_L2_s42] TEST | R@10=0.0787 R@20=0.1347 N@10=0.0378 N@20=0.0518 TailR@20=0.0299 Cov@20=0.5579 ARP@20=6.3745 HeadExp=0.8741 MidExp=0.0937 TailExp=0.0322
