17:28:34 | 🚀 [final_fairness_L2_s0] ILE=True(λ=1.0) aug_main=False CL=True(λ=0.5,τ=0.2) negβ=0.0 drop=degree_aware layers=2 epochs=100 steps/epoch=137 device=cuda
17:28:38 | ep   1 |  4.4s | BPR=0.6927 ILE=0.0000 CL=5.5768
17:28:43 | ep   2 |  4.3s | BPR=0.6925 ILE=0.0000 CL=5.5677
17:28:47 | ep   3 |  4.2s | BPR=0.6923 ILE=0.0000 CL=5.5637
17:28:51 | ep   4 |  4.0s | BPR=0.6920 ILE=0.0000 CL=5.5614
17:28:56 | ep   5 |  4.3s | BPR=0.6917 ILE=0.0000 CL=5.5611 | VAL R@10=0.0089 R@20=0.0146 N@10=0.0046 N@20=0.0060 TailR@20=0.0021 Cov@20=0.8452 ARP@20=5.4121 HeadExp=0.5069 MidExp=0.4216 TailExp=0.0715 ⭐best
17:29:00 | ep   6 |  4.0s | BPR=0.6914 ILE=0.0000 CL=5.5621
17:29:04 | ep   7 |  4.0s | BPR=0.6912 ILE=0.0000 CL=5.5603
17:29:08 | ep   8 |  4.3s | BPR=0.6908 ILE=0.0000 CL=5.5580
17:29:13 | ep   9 |  4.3s | BPR=0.6904 ILE=0.0000 CL=5.5600
17:29:18 | ep  10 |  4.3s | BPR=0.6900 ILE=0.0000 CL=5.5600 | VAL R@10=0.0128 R@20=0.0215 N@10=0.0066 N@20=0.0088 TailR@20=0.0021 Cov@20=0.7600 ARP@20=5.5398 HeadExp=0.5491 MidExp=0.4094 TailExp=0.0416 ⭐best
17:29:22 | ep  11 |  4.2s | BPR=0.6896 ILE=0.0000 CL=5.5581
17:29:26 | ep  12 |  4.3s | BPR=0.6891 ILE=0.0000 CL=5.5588
17:29:30 | ep  13 |  4.2s | BPR=0.6885 ILE=0.0000 CL=5.5594
17:29:35 | ep  14 |  4.3s | BPR=0.6880 ILE=0.0000 CL=5.5584
17:29:40 | ep  15 |  4.3s | BPR=0.6873 ILE=0.0000 CL=5.5619 | VAL R@10=0.0179 R@20=0.0278 N@10=0.0085 N@20=0.0110 TailR@20=0.0021 Cov@20=0.7504 ARP@20=5.5761 HeadExp=0.5669 MidExp=0.3955 TailExp=0.0376 ⭐best
17:29:44 | ep  16 |  3.9s | BPR=0.6865 ILE=0.0000 CL=5.5592
17:29:48 | ep  17 |  4.3s | BPR=0.6856 ILE=0.0000 CL=5.5578
17:29:52 | ep  18 |  3.8s | BPR=0.6846 ILE=0.0000 CL=5.5585
17:29:56 | ep  19 |  3.8s | BPR=0.6834 ILE=0.0000 CL=5.5584
17:30:00 | ep  20 |  3.8s | BPR=0.6820 ILE=0.0000 CL=5.5629 | VAL R@10=0.0235 R@20=0.0378 N@10=0.0112 N@20=0.0148 TailR@20=0.0084 Cov@20=0.7668 ARP@20=5.6218 HeadExp=0.5949 MidExp=0.3671 TailExp=0.0380 ⭐best
17:30:04 | ep  21 |  3.8s | BPR=0.6803 ILE=0.0000 CL=5.5618
17:30:08 | ep  22 |  4.2s | BPR=0.6783 ILE=0.0000 CL=5.5609
17:30:13 | ep  23 |  4.3s | BPR=0.6760 ILE=0.0000 CL=5.5632
17:30:17 | ep  24 |  4.3s | BPR=0.6732 ILE=0.0000 CL=5.5616
17:30:22 | ep  25 |  4.1s | BPR=0.6698 ILE=0.0000 CL=5.5622 | VAL R@10=0.0350 R@20=0.0568 N@10=0.0177 N@20=0.0231 TailR@20=0.0126 Cov@20=0.7705 ARP@20=5.7084 HeadExp=0.6433 MidExp=0.3190 TailExp=0.0377 ⭐best
17:30:26 | ep  26 |  4.0s | BPR=0.6657 ILE=0.0000 CL=5.5639
17:30:30 | ep  27 |  4.1s | BPR=0.6606 ILE=0.0000 CL=5.5660
17:30:34 | ep  28 |  4.2s | BPR=0.6546 ILE=0.0000 CL=5.5680
17:30:39 | ep  29 |  4.2s | BPR=0.6472 ILE=0.0000 CL=5.5679
17:30:44 | ep  30 |  4.1s | BPR=0.6383 ILE=0.0000 CL=5.5701 | VAL R@10=0.0486 R@20=0.0741 N@10=0.0252 N@20=0.0315 TailR@20=0.0168 Cov@20=0.7645 ARP@20=5.8644 HeadExp=0.7213 MidExp=0.2421 TailExp=0.0365 ⭐best
17:30:48 | ep  31 |  4.3s | BPR=0.6275 ILE=0.0001 CL=5.5736
17:30:52 | ep  32 |  4.2s | BPR=0.6147 ILE=0.0001 CL=5.5780
17:30:56 | ep  33 |  4.2s | BPR=0.6002 ILE=0.0002 CL=5.5837
17:31:01 | ep  34 |  4.3s | BPR=0.5836 ILE=0.0004 CL=5.5887
17:31:06 | ep  35 |  4.3s | BPR=0.5652 ILE=0.0004 CL=5.5948 | VAL R@10=0.0630 R@20=0.0994 N@10=0.0319 N@20=0.0411 TailR@20=0.0316 Cov@20=0.7529 ARP@20=6.0174 HeadExp=0.7910 MidExp=0.1675 TailExp=0.0415 ⭐best
17:31:10 | ep  36 |  4.3s | BPR=0.5446 ILE=0.0007 CL=5.6015
17:31:14 | ep  37 |  3.9s | BPR=0.5237 ILE=0.0009 CL=5.6082
17:31:18 | ep  38 |  4.1s | BPR=0.5019 ILE=0.0011 CL=5.6163
17:31:23 | ep  39 |  4.4s | BPR=0.4804 ILE=0.0012 CL=5.6208
17:31:28 | ep  40 |  4.3s | BPR=0.4593 ILE=0.0013 CL=5.6278 | VAL R@10=0.0713 R@20=0.1165 N@10=0.0355 N@20=0.0469 TailR@20=0.0547 Cov@20=0.7447 ARP@20=6.0993 HeadExp=0.8217 MidExp=0.1298 TailExp=0.0485 ⭐best
17:31:32 | ep  41 |  4.4s | BPR=0.4383 ILE=0.0015 CL=5.6355
17:31:37 | ep  42 |  4.4s | BPR=0.4189 ILE=0.0016 CL=5.6408
17:31:41 | ep  43 |  4.4s | BPR=0.4007 ILE=0.0017 CL=5.6439
17:31:45 | ep  44 |  4.4s | BPR=0.3836 ILE=0.0018 CL=5.6472
17:31:51 | ep  45 |  4.4s | BPR=0.3673 ILE=0.0017 CL=5.6487 | VAL R@10=0.0751 R@20=0.1220 N@10=0.0370 N@20=0.0489 TailR@20=0.0611 Cov@20=0.7150 ARP@20=6.1334 HeadExp=0.8320 MidExp=0.1183 TailExp=0.0497 ⭐best
17:31:55 | ep  46 |  4.4s | BPR=0.3519 ILE=0.0018 CL=5.6525
17:31:59 | ep  47 |  4.1s | BPR=0.3389 ILE=0.0018 CL=5.6545
17:32:03 | ep  48 |  4.2s | BPR=0.3267 ILE=0.0018 CL=5.6579
17:32:08 | ep  49 |  4.3s | BPR=0.3156 ILE=0.0017 CL=5.6572
17:32:13 | ep  50 |  4.3s | BPR=0.3048 ILE=0.0016 CL=5.6588 | VAL R@10=0.0749 R@20=0.1230 N@10=0.0373 N@20=0.0494 TailR@20=0.0611 Cov@20=0.7093 ARP@20=6.1413 HeadExp=0.8332 MidExp=0.1180 TailExp=0.0488 ⭐best
17:32:17 | ep  51 |  4.0s | BPR=0.2951 ILE=0.0019 CL=5.6608
17:32:21 | ep  52 |  4.3s | BPR=0.2859 ILE=0.0016 CL=5.6584
17:32:25 | ep  53 |  4.3s | BPR=0.2771 ILE=0.0016 CL=5.6610
17:32:30 | ep  54 |  4.3s | BPR=0.2696 ILE=0.0016 CL=5.6604
17:32:35 | ep  55 |  4.3s | BPR=0.2623 ILE=0.0018 CL=5.6594 | VAL R@10=0.0766 R@20=0.1215 N@10=0.0379 N@20=0.0492 TailR@20=0.0589 Cov@20=0.7076 ARP@20=6.1363 HeadExp=0.8297 MidExp=0.1227 TailExp=0.0476 (best 0.1230@50)
17:32:39 | ep  56 |  4.3s | BPR=0.2560 ILE=0.0015 CL=5.6611
17:32:43 | ep  57 |  4.3s | BPR=0.2494 ILE=0.0014 CL=5.6608
17:32:48 | ep  58 |  4.3s | BPR=0.2434 ILE=0.0015 CL=5.6605
17:32:52 | ep  59 |  4.3s | BPR=0.2371 ILE=0.0014 CL=5.6615
17:32:57 | ep  60 |  4.3s | BPR=0.2334 ILE=0.0014 CL=5.6608 | VAL R@10=0.0746 R@20=0.1188 N@10=0.0372 N@20=0.0484 TailR@20=0.0526 Cov@20=0.7065 ARP@20=6.1272 HeadExp=0.8259 MidExp=0.1276 TailExp=0.0465 (best 0.1230@50)
17:33:02 | ep  61 |  4.4s | BPR=0.2273 ILE=0.0015 CL=5.6622
17:33:06 | ep  62 |  4.3s | BPR=0.2234 ILE=0.0013 CL=5.6591
17:33:10 | ep  63 |  4.2s | BPR=0.2191 ILE=0.0015 CL=5.6604
17:33:14 | ep  64 |  4.4s | BPR=0.2147 ILE=0.0013 CL=5.6587
17:33:20 | ep  65 |  4.4s | BPR=0.2108 ILE=0.0012 CL=5.6587 | VAL R@10=0.0736 R@20=0.1145 N@10=0.0363 N@20=0.0467 TailR@20=0.0505 Cov@20=0.7164 ARP@20=6.1125 HeadExp=0.8200 MidExp=0.1340 TailExp=0.0459 (best 0.1230@50)
17:33:24 | ep  66 |  4.4s | BPR=0.2084 ILE=0.0012 CL=5.6566
17:33:29 | ep  67 |  4.4s | BPR=0.2045 ILE=0.0015 CL=5.6580
17:33:33 | ep  68 |  4.4s | BPR=0.2012 ILE=0.0013 CL=5.6536
17:33:38 | ep  69 |  4.4s | BPR=0.1980 ILE=0.0014 CL=5.6547
17:33:43 | ep  70 |  4.5s | BPR=0.1953 ILE=0.0012 CL=5.6574 | VAL R@10=0.0723 R@20=0.1157 N@10=0.0362 N@20=0.0472 TailR@20=0.0526 Cov@20=0.7260 ARP@20=6.0937 HeadExp=0.8120 MidExp=0.1416 TailExp=0.0464 (best 0.1230@50)
17:33:47 | ep  71 |  4.4s | BPR=0.1914 ILE=0.0014 CL=5.6565
17:33:52 | ep  72 |  4.4s | BPR=0.1905 ILE=0.0013 CL=5.6558
17:33:56 | ep  73 |  4.4s | BPR=0.1870 ILE=0.0013 CL=5.6532
17:34:01 | ep  74 |  4.4s | BPR=0.1844 ILE=0.0012 CL=5.6544
17:34:06 | ep  75 |  4.4s | BPR=0.1817 ILE=0.0011 CL=5.6537 | VAL R@10=0.0713 R@20=0.1145 N@10=0.0356 N@20=0.0465 TailR@20=0.0526 Cov@20=0.7427 ARP@20=6.0706 HeadExp=0.8031 MidExp=0.1489 TailExp=0.0480 (best 0.1230@50)
17:34:10 | ep  76 |  4.4s | BPR=0.1802 ILE=0.0010 CL=5.6520
17:34:14 | ep  77 |  4.2s | BPR=0.1775 ILE=0.0011 CL=5.6534
17:34:19 | ep  78 |  4.3s | BPR=0.1751 ILE=0.0009 CL=5.6537
17:34:23 | ep  79 |  4.4s | BPR=0.1736 ILE=0.0010 CL=5.6536
17:34:28 | ep  80 |  4.4s | BPR=0.1716 ILE=0.0010 CL=5.6519 | VAL R@10=0.0696 R@20=0.1130 N@10=0.0351 N@20=0.0461 TailR@20=0.0505 Cov@20=0.7552 ARP@20=6.0558 HeadExp=0.7970 MidExp=0.1547 TailExp=0.0483 (best 0.1230@50)
17:34:33 | ep  81 |  4.4s | BPR=0.1700 ILE=0.0011 CL=5.6524
17:34:37 | ep  82 |  4.4s | BPR=0.1678 ILE=0.0012 CL=5.6520
17:34:42 | ep  83 |  4.4s | BPR=0.1663 ILE=0.0010 CL=5.6528
17:34:46 | ep  84 |  4.4s | BPR=0.1649 ILE=0.0011 CL=5.6500
17:34:51 | ep  85 |  4.4s | BPR=0.1641 ILE=0.0010 CL=5.6489 | VAL R@10=0.0689 R@20=0.1114 N@10=0.0345 N@20=0.0451 TailR@20=0.0505 Cov@20=0.7597 ARP@20=6.0413 HeadExp=0.7908 MidExp=0.1603 TailExp=0.0490 (best 0.1230@50)
17:34:56 | ep  86 |  4.5s | BPR=0.1619 ILE=0.0011 CL=5.6505
17:35:00 | ep  87 |  4.3s | BPR=0.1611 ILE=0.0010 CL=5.6489
17:35:04 | ep  88 |  4.0s | BPR=0.1587 ILE=0.0010 CL=5.6480
17:35:08 | ep  89 |  4.2s | BPR=0.1575 ILE=0.0011 CL=5.6518
17:35:13 | ep  90 |  4.4s | BPR=0.1566 ILE=0.0010 CL=5.6490 | VAL R@10=0.0676 R@20=0.1071 N@10=0.0338 N@20=0.0437 TailR@20=0.0463 Cov@20=0.7750 ARP@20=6.0218 HeadExp=0.7836 MidExp=0.1657 TailExp=0.0507 (best 0.1230@50)
17:35:18 | ep  91 |  4.3s | BPR=0.1551 ILE=0.0010 CL=5.6498
17:35:22 | ep  92 |  4.2s | BPR=0.1534 ILE=0.0010 CL=5.6481
17:35:26 | ep  93 |  4.2s | BPR=0.1526 ILE=0.0010 CL=5.6455
17:35:30 | ep  94 |  4.1s | BPR=0.1512 ILE=0.0010 CL=5.6474
17:35:35 | ep  95 |  4.2s | BPR=0.1509 ILE=0.0010 CL=5.6477 | VAL R@10=0.0675 R@20=0.1074 N@10=0.0335 N@20=0.0436 TailR@20=0.0484 Cov@20=0.7792 ARP@20=6.0129 HeadExp=0.7793 MidExp=0.1696 TailExp=0.0511 (best 0.1230@50)
17:35:40 | ep  96 |  4.3s | BPR=0.1494 ILE=0.0010 CL=5.6491
17:35:44 | ep  97 |  4.3s | BPR=0.1482 ILE=0.0011 CL=5.6463
17:35:48 | ep  98 |  3.9s | BPR=0.1481 ILE=0.0010 CL=5.6464
17:35:52 | ep  99 |  4.1s | BPR=0.1463 ILE=0.0012 CL=5.6456
17:35:57 | ep 100 |  3.8s | BPR=0.1459 ILE=0.0010 CL=5.6458 | VAL R@10=0.0665 R@20=0.1051 N@10=0.0328 N@20=0.0425 TailR@20=0.0421 Cov@20=0.7891 ARP@20=5.9967 HeadExp=0.7723 MidExp=0.1755 TailExp=0.0522 (best 0.1230@50)
17:35:57 | ⏰ early stopping @ epoch 100
17:35:58 | ✅ [final_fairness_L2_s0] TEST | R@10=0.0610 R@20=0.1006 N@10=0.0304 N@20=0.0403 TailR@20=0.0224 Cov@20=0.7102 ARP@20=6.1380 HeadExp=0.8323 MidExp=0.1186 TailExp=0.0491
