16:39:15 | 🚀 [final_accuracy_L2_s1] ILE=True(λ=0.1) aug_main=False CL=True(λ=0.1,τ=0.2) negβ=0.5 drop=degree_aware layers=2 epochs=100 steps/epoch=137 device=cuda
16:39:20 | ep   1 |  4.7s | BPR=0.6925 ILE=0.0000 CL=5.5791
16:39:25 | ep   2 |  4.8s | BPR=0.6915 ILE=0.0000 CL=5.5686
16:39:30 | ep   3 |  5.0s | BPR=0.6899 ILE=0.0000 CL=5.5682
16:39:35 | ep   4 |  4.9s | BPR=0.6876 ILE=0.0000 CL=5.5673
16:39:40 | ep   5 |  4.9s | BPR=0.6843 ILE=0.0000 CL=5.5727 | VAL R@10=0.0373 R@20=0.0593 N@10=0.0190 N@20=0.0245 TailR@20=0.0063 Cov@20=0.8307 ARP@20=5.7985 HeadExp=0.6753 MidExp=0.2760 TailExp=0.0488 ⭐best
16:39:45 | ep   6 |  4.9s | BPR=0.6791 ILE=0.0000 CL=5.5828
16:39:50 | ep   7 |  5.0s | BPR=0.6709 ILE=0.0000 CL=5.5944
16:39:55 | ep   8 |  4.9s | BPR=0.6578 ILE=0.0001 CL=5.6222
16:40:00 | ep   9 |  4.9s | BPR=0.6370 ILE=0.0002 CL=5.6657
16:40:06 | ep  10 |  5.0s | BPR=0.6069 ILE=0.0009 CL=5.7333 | VAL R@10=0.0810 R@20=0.1361 N@10=0.0387 N@20=0.0524 TailR@20=0.0189 Cov@20=0.4837 ARP@20=6.4802 HeadExp=0.9175 MidExp=0.0737 TailExp=0.0088 ⭐best
16:40:11 | ep  11 |  5.0s | BPR=0.5667 ILE=0.0029 CL=5.8220
16:40:16 | ep  12 |  5.1s | BPR=0.5213 ILE=0.0064 CL=5.9194
16:40:21 | ep  13 |  5.0s | BPR=0.4766 ILE=0.0111 CL=6.0014
16:40:26 | ep  14 |  5.0s | BPR=0.4380 ILE=0.0154 CL=6.0595
16:40:32 | ep  15 |  5.1s | BPR=0.4061 ILE=0.0186 CL=6.0913 | VAL R@10=0.0902 R@20=0.1490 N@10=0.0426 N@20=0.0574 TailR@20=0.0189 Cov@20=0.4141 ARP@20=6.6032 HeadExp=0.9398 MidExp=0.0521 TailExp=0.0081 ⭐best
16:40:37 | ep  16 |  5.0s | BPR=0.3815 ILE=0.0208 CL=6.1085
16:40:42 | ep  17 |  5.0s | BPR=0.3610 ILE=0.0202 CL=6.1098
16:40:47 | ep  18 |  5.0s | BPR=0.3446 ILE=0.0203 CL=6.1096
16:40:52 | ep  19 |  5.0s | BPR=0.3296 ILE=0.0201 CL=6.1025
16:40:58 | ep  20 |  5.0s | BPR=0.3178 ILE=0.0197 CL=6.0959 | VAL R@10=0.0916 R@20=0.1555 N@10=0.0437 N@20=0.0597 TailR@20=0.0189 Cov@20=0.4393 ARP@20=6.5378 HeadExp=0.9281 MidExp=0.0628 TailExp=0.0091 ⭐best
16:41:03 | ep  21 |  5.0s | BPR=0.3075 ILE=0.0194 CL=6.0827
16:41:08 | ep  22 |  5.0s | BPR=0.2987 ILE=0.0188 CL=6.0722
16:41:13 | ep  23 |  5.1s | BPR=0.2896 ILE=0.0179 CL=6.0604
16:41:18 | ep  24 |  5.0s | BPR=0.2819 ILE=0.0170 CL=6.0512
16:41:24 | ep  25 |  4.8s | BPR=0.2754 ILE=0.0161 CL=6.0425 | VAL R@10=0.0912 R@20=0.1551 N@10=0.0433 N@20=0.0593 TailR@20=0.0211 Cov@20=0.4684 ARP@20=6.4786 HeadExp=0.9141 MidExp=0.0757 TailExp=0.0103 (best 0.1555@20)
16:41:29 | ep  26 |  5.0s | BPR=0.2702 ILE=0.0162 CL=6.0343
16:41:34 | ep  27 |  5.0s | BPR=0.2648 ILE=0.0155 CL=6.0245
16:41:39 | ep  28 |  5.0s | BPR=0.2587 ILE=0.0145 CL=6.0149
16:41:44 | ep  29 |  5.1s | BPR=0.2539 ILE=0.0137 CL=6.0074
16:41:50 | ep  30 |  4.8s | BPR=0.2511 ILE=0.0142 CL=5.9986 | VAL R@10=0.0893 R@20=0.1546 N@10=0.0431 N@20=0.0596 TailR@20=0.0211 Cov@20=0.4976 ARP@20=6.4273 HeadExp=0.8993 MidExp=0.0892 TailExp=0.0115 (best 0.1555@20)
16:41:55 | ep  31 |  5.1s | BPR=0.2452 ILE=0.0125 CL=5.9904
16:42:00 | ep  32 |  5.1s | BPR=0.2427 ILE=0.0123 CL=5.9837
16:42:05 | ep  33 |  4.9s | BPR=0.2394 ILE=0.0112 CL=5.9761
16:42:10 | ep  34 |  5.0s | BPR=0.2351 ILE=0.0116 CL=5.9702
16:42:16 | ep  35 |  5.0s | BPR=0.2327 ILE=0.0107 CL=5.9619 | VAL R@10=0.0887 R@20=0.1516 N@10=0.0428 N@20=0.0586 TailR@20=0.0232 Cov@20=0.5276 ARP@20=6.3854 HeadExp=0.8855 MidExp=0.1016 TailExp=0.0129 (best 0.1555@20)
16:42:21 | ep  36 |  5.0s | BPR=0.2292 ILE=0.0099 CL=5.9578
16:42:26 | ep  37 |  5.0s | BPR=0.2269 ILE=0.0109 CL=5.9487
16:42:31 | ep  38 |  5.0s | BPR=0.2229 ILE=0.0100 CL=5.9443
16:42:36 | ep  39 |  5.0s | BPR=0.2211 ILE=0.0105 CL=5.9407
16:42:41 | ep  40 |  5.0s | BPR=0.2196 ILE=0.0085 CL=5.9331 | VAL R@10=0.0882 R@20=0.1513 N@10=0.0429 N@20=0.0587 TailR@20=0.0274 Cov@20=0.5539 ARP@20=6.3456 HeadExp=0.8716 MidExp=0.1137 TailExp=0.0146 (best 0.1555@20)
16:42:47 | ep  41 |  5.1s | BPR=0.2177 ILE=0.0098 CL=5.9279
16:42:52 | ep  42 |  5.1s | BPR=0.2135 ILE=0.0081 CL=5.9240
16:42:57 | ep  43 |  5.0s | BPR=0.2124 ILE=0.0080 CL=5.9189
16:43:02 | ep  44 |  4.9s | BPR=0.2101 ILE=0.0081 CL=5.9122
16:43:07 | ep  45 |  5.0s | BPR=0.2083 ILE=0.0080 CL=5.9106 | VAL R@10=0.0855 R@20=0.1518 N@10=0.0419 N@20=0.0585 TailR@20=0.0316 Cov@20=0.5768 ARP@20=6.3113 HeadExp=0.8588 MidExp=0.1248 TailExp=0.0164 (best 0.1555@20)
16:43:13 | ep  46 |  4.9s | BPR=0.2061 ILE=0.0070 CL=5.9057
16:43:17 | ep  47 |  4.9s | BPR=0.2054 ILE=0.0074 CL=5.9006
16:43:22 | ep  48 |  5.0s | BPR=0.2021 ILE=0.0066 CL=5.8967
16:43:27 | ep  49 |  5.0s | BPR=0.2011 ILE=0.0073 CL=5.8917
16:43:33 | ep  50 |  5.0s | BPR=0.1999 ILE=0.0071 CL=5.8899 | VAL R@10=0.0875 R@20=0.1493 N@10=0.0424 N@20=0.0579 TailR@20=0.0295 Cov@20=0.5947 ARP@20=6.2791 HeadExp=0.8467 MidExp=0.1354 TailExp=0.0179 (best 0.1555@20)
16:43:38 | ep  51 |  4.7s | BPR=0.1974 ILE=0.0061 CL=5.8873
16:43:43 | ep  52 |  5.0s | BPR=0.1956 ILE=0.0061 CL=5.8845
16:43:48 | ep  53 |  5.0s | BPR=0.1949 ILE=0.0054 CL=5.8813
16:43:53 | ep  54 |  4.9s | BPR=0.1943 ILE=0.0055 CL=5.8794
16:43:58 | ep  55 |  4.5s | BPR=0.1923 ILE=0.0060 CL=5.8747 | VAL R@10=0.0855 R@20=0.1475 N@10=0.0418 N@20=0.0573 TailR@20=0.0337 Cov@20=0.6111 ARP@20=6.2492 HeadExp=0.8351 MidExp=0.1454 TailExp=0.0195 (best 0.1555@20)
16:44:03 | ep  56 |  4.8s | BPR=0.1905 ILE=0.0056 CL=5.8721
16:44:08 | ep  57 |  4.7s | BPR=0.1900 ILE=0.0055 CL=5.8674
16:44:13 | ep  58 |  5.0s | BPR=0.1876 ILE=0.0053 CL=5.8659
16:44:18 | ep  59 |  5.0s | BPR=0.1872 ILE=0.0050 CL=5.8649
16:44:24 | ep  60 |  5.0s | BPR=0.1862 ILE=0.0049 CL=5.8624 | VAL R@10=0.0850 R@20=0.1453 N@10=0.0420 N@20=0.0571 TailR@20=0.0358 Cov@20=0.6292 ARP@20=6.2223 HeadExp=0.8248 MidExp=0.1542 TailExp=0.0210 (best 0.1555@20)
16:44:29 | ep  61 |  5.0s | BPR=0.1846 ILE=0.0047 CL=5.8575
16:44:34 | ep  62 |  5.0s | BPR=0.1843 ILE=0.0049 CL=5.8570
16:44:39 | ep  63 |  5.1s | BPR=0.1826 ILE=0.0043 CL=5.8545
16:44:44 | ep  64 |  5.0s | BPR=0.1818 ILE=0.0045 CL=5.8523
16:44:50 | ep  65 |  5.0s | BPR=0.1811 ILE=0.0046 CL=5.8506 | VAL R@10=0.0829 R@20=0.1425 N@10=0.0411 N@20=0.0560 TailR@20=0.0358 Cov@20=0.6456 ARP@20=6.1959 HeadExp=0.8144 MidExp=0.1633 TailExp=0.0223 (best 0.1555@20)
16:44:54 | ep  66 |  4.6s | BPR=0.1800 ILE=0.0043 CL=5.8479
16:44:59 | ep  67 |  5.0s | BPR=0.1795 ILE=0.0036 CL=5.8453
16:45:04 | ep  68 |  4.9s | BPR=0.1778 ILE=0.0037 CL=5.8450
16:45:09 | ep  69 |  5.0s | BPR=0.1776 ILE=0.0040 CL=5.8415
16:45:15 | ep  70 |  5.0s | BPR=0.1756 ILE=0.0036 CL=5.8397 | VAL R@10=0.0829 R@20=0.1381 N@10=0.0405 N@20=0.0543 TailR@20=0.0358 Cov@20=0.6569 ARP@20=6.1718 HeadExp=0.8057 MidExp=0.1704 TailExp=0.0239 (best 0.1555@20)
16:45:15 | ⏰ early stopping @ epoch 70
16:45:16 | ✅ [final_accuracy_L2_s1] TEST | R@10=0.0766 R@20=0.1407 N@10=0.0374 N@20=0.0534 TailR@20=0.0112 Cov@20=0.4393 ARP@20=6.5354 HeadExp=0.9277 MidExp=0.0632 TailExp=0.0091
