17:15:46 | 🚀 [final_hightail_L2_s1] ILE=True(λ=1.0) aug_main=False CL=True(λ=0.1,τ=0.2) negβ=0.0 drop=degree_aware layers=2 epochs=100 steps/epoch=137 device=cuda
17:15:50 | ep   1 |  4.2s | BPR=0.6925 ILE=0.0000 CL=5.5779
17:15:54 | ep   2 |  4.3s | BPR=0.6917 ILE=0.0000 CL=5.5690
17:15:58 | ep   3 |  3.9s | BPR=0.6903 ILE=0.0000 CL=5.5674
17:16:02 | ep   4 |  3.8s | BPR=0.6882 ILE=0.0000 CL=5.5674
17:16:07 | ep   5 |  3.8s | BPR=0.6852 ILE=0.0000 CL=5.5717 | VAL R@10=0.0375 R@20=0.0572 N@10=0.0192 N@20=0.0241 TailR@20=0.0063 Cov@20=0.8384 ARP@20=5.7701 HeadExp=0.6647 MidExp=0.2879 TailExp=0.0475 ⭐best
17:16:11 | ep   6 |  4.1s | BPR=0.6804 ILE=0.0000 CL=5.5790
17:16:15 | ep   7 |  3.9s | BPR=0.6725 ILE=0.0000 CL=5.5948
17:16:19 | ep   8 |  4.0s | BPR=0.6585 ILE=0.0002 CL=5.6264
17:16:23 | ep   9 |  4.1s | BPR=0.6337 ILE=0.0008 CL=5.6922
17:16:28 | ep  10 |  4.2s | BPR=0.5928 ILE=0.0027 CL=5.7965 | VAL R@10=0.0795 R@20=0.1327 N@10=0.0382 N@20=0.0516 TailR@20=0.0484 Cov@20=0.5777 ARP@20=6.4514 HeadExp=0.8957 MidExp=0.0667 TailExp=0.0377 ⭐best
17:16:33 | ep  11 |  4.4s | BPR=0.5375 ILE=0.0065 CL=5.9230
17:16:37 | ep  12 |  4.4s | BPR=0.4808 ILE=0.0102 CL=6.0290
17:16:41 | ep  13 |  4.3s | BPR=0.4303 ILE=0.0122 CL=6.1064
17:16:46 | ep  14 |  4.4s | BPR=0.3870 ILE=0.0133 CL=6.1586
17:16:51 | ep  15 |  4.5s | BPR=0.3540 ILE=0.0136 CL=6.1855 | VAL R@10=0.0893 R@20=0.1482 N@10=0.0427 N@20=0.0575 TailR@20=0.0505 Cov@20=0.4942 ARP@20=6.5684 HeadExp=0.9113 MidExp=0.0464 TailExp=0.0423 ⭐best
17:16:55 | ep  16 |  4.1s | BPR=0.3268 ILE=0.0132 CL=6.1993
17:16:59 | ep  17 |  4.2s | BPR=0.3040 ILE=0.0123 CL=6.2106
17:17:04 | ep  18 |  4.3s | BPR=0.2847 ILE=0.0124 CL=6.2114
17:17:08 | ep  19 |  4.4s | BPR=0.2707 ILE=0.0114 CL=6.2063
17:17:13 | ep  20 |  4.3s | BPR=0.2569 ILE=0.0107 CL=6.2050 | VAL R@10=0.0893 R@20=0.1506 N@10=0.0431 N@20=0.0586 TailR@20=0.0463 Cov@20=0.4931 ARP@20=6.5740 HeadExp=0.9138 MidExp=0.0484 TailExp=0.0378 ⭐best
17:17:18 | ep  21 |  4.3s | BPR=0.2446 ILE=0.0098 CL=6.1967
17:17:22 | ep  22 |  4.2s | BPR=0.2351 ILE=0.0095 CL=6.1897
17:17:26 | ep  23 |  3.9s | BPR=0.2253 ILE=0.0088 CL=6.1814
17:17:30 | ep  24 |  3.8s | BPR=0.2186 ILE=0.0087 CL=6.1665
17:17:35 | ep  25 |  4.2s | BPR=0.2120 ILE=0.0083 CL=6.1613 | VAL R@10=0.0928 R@20=0.1533 N@10=0.0439 N@20=0.0591 TailR@20=0.0547 Cov@20=0.5083 ARP@20=6.5588 HeadExp=0.9118 MidExp=0.0531 TailExp=0.0352 ⭐best
17:17:39 | ep  26 |  4.3s | BPR=0.2046 ILE=0.0077 CL=6.1456
17:17:43 | ep  27 |  4.4s | BPR=0.1991 ILE=0.0076 CL=6.1373
17:17:48 | ep  28 |  4.4s | BPR=0.1937 ILE=0.0067 CL=6.1318
17:17:52 | ep  29 |  4.4s | BPR=0.1885 ILE=0.0066 CL=6.1195
17:17:57 | ep  30 |  4.2s | BPR=0.1841 ILE=0.0061 CL=6.1145 | VAL R@10=0.0918 R@20=0.1506 N@10=0.0441 N@20=0.0590 TailR@20=0.0547 Cov@20=0.5200 ARP@20=6.5379 HeadExp=0.9091 MidExp=0.0573 TailExp=0.0337 (best 0.1533@25)
17:18:01 | ep  31 |  4.0s | BPR=0.1797 ILE=0.0059 CL=6.1063
17:18:06 | ep  32 |  4.2s | BPR=0.1763 ILE=0.0063 CL=6.0939
17:18:10 | ep  33 |  4.3s | BPR=0.1731 ILE=0.0059 CL=6.0834
17:18:14 | ep  34 |  4.4s | BPR=0.1693 ILE=0.0050 CL=6.0791
17:18:19 | ep  35 |  4.2s | BPR=0.1658 ILE=0.0050 CL=6.0693 | VAL R@10=0.0916 R@20=0.1513 N@10=0.0439 N@20=0.0589 TailR@20=0.0547 Cov@20=0.5335 ARP@20=6.5146 HeadExp=0.9046 MidExp=0.0633 TailExp=0.0321 (best 0.1533@25)
17:18:24 | ep  36 |  4.2s | BPR=0.1627 ILE=0.0049 CL=6.0609
17:18:28 | ep  37 |  4.1s | BPR=0.1596 ILE=0.0054 CL=6.0543
17:18:32 | ep  38 |  4.2s | BPR=0.1579 ILE=0.0047 CL=6.0422
17:18:36 | ep  39 |  4.3s | BPR=0.1549 ILE=0.0046 CL=6.0375
17:18:41 | ep  40 |  4.3s | BPR=0.1526 ILE=0.0046 CL=6.0312 | VAL R@10=0.0915 R@20=0.1478 N@10=0.0440 N@20=0.0581 TailR@20=0.0568 Cov@20=0.5539 ARP@20=6.4856 HeadExp=0.8986 MidExp=0.0694 TailExp=0.0320 (best 0.1533@25)
17:18:45 | ep  41 |  4.4s | BPR=0.1500 ILE=0.0037 CL=6.0286
17:18:50 | ep  42 |  4.3s | BPR=0.1478 ILE=0.0041 CL=6.0195
17:18:54 | ep  43 |  4.3s | BPR=0.1457 ILE=0.0041 CL=6.0136
17:18:58 | ep  44 |  4.1s | BPR=0.1435 ILE=0.0038 CL=6.0075
17:19:03 | ep  45 |  3.9s | BPR=0.1417 ILE=0.0038 CL=6.0034 | VAL R@10=0.0898 R@20=0.1458 N@10=0.0433 N@20=0.0575 TailR@20=0.0547 Cov@20=0.5709 ARP@20=6.4656 HeadExp=0.8937 MidExp=0.0753 TailExp=0.0310 (best 0.1533@25)
17:19:07 | ep  46 |  4.5s | BPR=0.1396 ILE=0.0034 CL=5.9996
17:19:12 | ep  47 |  4.4s | BPR=0.1380 ILE=0.0035 CL=5.9951
17:19:16 | ep  48 |  4.4s | BPR=0.1364 ILE=0.0037 CL=5.9884
17:19:20 | ep  49 |  4.0s | BPR=0.1356 ILE=0.0034 CL=5.9820
17:19:25 | ep  50 |  4.1s | BPR=0.1331 ILE=0.0032 CL=5.9794 | VAL R@10=0.0902 R@20=0.1462 N@10=0.0432 N@20=0.0572 TailR@20=0.0505 Cov@20=0.5834 ARP@20=6.4466 HeadExp=0.8889 MidExp=0.0811 TailExp=0.0300 (best 0.1533@25)
17:19:29 | ep  51 |  3.8s | BPR=0.1315 ILE=0.0029 CL=5.9755
17:19:33 | ep  52 |  3.8s | BPR=0.1305 ILE=0.0031 CL=5.9712
17:19:37 | ep  53 |  4.0s | BPR=0.1294 ILE=0.0031 CL=5.9647
17:19:41 | ep  54 |  4.3s | BPR=0.1281 ILE=0.0030 CL=5.9599
17:19:46 | ep  55 |  4.0s | BPR=0.1266 ILE=0.0032 CL=5.9552 | VAL R@10=0.0897 R@20=0.1437 N@10=0.0431 N@20=0.0565 TailR@20=0.0526 Cov@20=0.6015 ARP@20=6.4221 HeadExp=0.8822 MidExp=0.0880 TailExp=0.0298 (best 0.1533@25)
17:19:50 | ep  56 |  3.8s | BPR=0.1248 ILE=0.0029 CL=5.9503
17:19:54 | ep  57 |  4.1s | BPR=0.1246 ILE=0.0027 CL=5.9500
17:19:58 | ep  58 |  4.3s | BPR=0.1227 ILE=0.0027 CL=5.9477
17:20:02 | ep  59 |  4.2s | BPR=0.1217 ILE=0.0028 CL=5.9435
17:20:07 | ep  60 |  3.9s | BPR=0.1206 ILE=0.0025 CL=5.9388 | VAL R@10=0.0882 R@20=0.1429 N@10=0.0421 N@20=0.0557 TailR@20=0.0442 Cov@20=0.6142 ARP@20=6.4057 HeadExp=0.8773 MidExp=0.0933 TailExp=0.0294 (best 0.1533@25)
17:20:11 | ep  61 |  4.1s | BPR=0.1200 ILE=0.0029 CL=5.9341
17:20:16 | ep  62 |  4.3s | BPR=0.1179 ILE=0.0023 CL=5.9339
17:20:19 | ep  63 |  3.9s | BPR=0.1180 ILE=0.0024 CL=5.9325
17:20:23 | ep  64 |  3.8s | BPR=0.1168 ILE=0.0024 CL=5.9288
17:20:28 | ep  65 |  4.0s | BPR=0.1159 ILE=0.0021 CL=5.9267 | VAL R@10=0.0858 R@20=0.1420 N@10=0.0413 N@20=0.0554 TailR@20=0.0463 Cov@20=0.6289 ARP@20=6.3900 HeadExp=0.8731 MidExp=0.0981 TailExp=0.0288 (best 0.1533@25)
17:20:32 | ep  66 |  4.2s | BPR=0.1145 ILE=0.0025 CL=5.9224
17:20:37 | ep  67 |  4.4s | BPR=0.1141 ILE=0.0024 CL=5.9165
17:20:41 | ep  68 |  4.3s | BPR=0.1129 ILE=0.0021 CL=5.9160
17:20:45 | ep  69 |  4.4s | BPR=0.1124 ILE=0.0023 CL=5.9107
17:20:50 | ep  70 |  3.8s | BPR=0.1115 ILE=0.0022 CL=5.9108 | VAL R@10=0.0850 R@20=0.1412 N@10=0.0413 N@20=0.0553 TailR@20=0.0442 Cov@20=0.6411 ARP@20=6.3670 HeadExp=0.8661 MidExp=0.1047 TailExp=0.0292 (best 0.1533@25)
17:20:54 | ep  71 |  4.3s | BPR=0.1112 ILE=0.0021 CL=5.9045
17:20:59 | ep  72 |  4.4s | BPR=0.1099 ILE=0.0022 CL=5.9071
17:21:03 | ep  73 |  3.9s | BPR=0.1096 ILE=0.0022 CL=5.9071
17:21:07 | ep  74 |  4.2s | BPR=0.1085 ILE=0.0019 CL=5.9024
17:21:12 | ep  75 |  4.2s | BPR=0.1083 ILE=0.0023 CL=5.9006 | VAL R@10=0.0837 R@20=0.1397 N@10=0.0410 N@20=0.0550 TailR@20=0.0421 Cov@20=0.6513 ARP@20=6.3532 HeadExp=0.8615 MidExp=0.1094 TailExp=0.0291 (best 0.1533@25)
17:21:12 | ⏰ early stopping @ epoch 75
17:21:13 | ✅ [final_hightail_L2_s1] TEST | R@10=0.0787 R@20=0.1376 N@10=0.0380 N@20=0.0527 TailR@20=0.0393 Cov@20=0.5089 ARP@20=6.5563 HeadExp=0.9113 MidExp=0.0533 TailExp=0.0354
