16:15:38 | 🚀 [final_baseline_L2_s42] ILE=False(λ=0.0) aug_main=False CL=False(λ=0.0,τ=0.2) negβ=0.0 drop=degree_aware layers=2 epochs=100 steps/epoch=137 device=cuda
16:15:40 | ep   1 |  2.3s | BPR=0.6213 ILE=0.0000 CL=0.0000
16:15:42 | ep   2 |  2.0s | BPR=0.3445 ILE=0.0000 CL=0.0000
16:15:44 | ep   3 |  2.0s | BPR=0.3079 ILE=0.0000 CL=0.0000
16:15:46 | ep   4 |  1.9s | BPR=0.3034 ILE=0.0000 CL=0.0000
16:15:49 | ep   5 |  1.9s | BPR=0.2936 ILE=0.0000 CL=0.0000 | VAL R@10=0.0474 R@20=0.0844 N@10=0.0223 N@20=0.0315 TailR@20=0.0021 Cov@20=0.0852 ARP@20=7.5150 HeadExp=0.9985 MidExp=0.0001 TailExp=0.0015 ⭐best
16:15:51 | ep   6 |  2.0s | BPR=0.2868 ILE=0.0000 CL=0.0000
16:15:53 | ep   7 |  1.9s | BPR=0.2780 ILE=0.0000 CL=0.0000
16:15:55 | ep   8 |  2.0s | BPR=0.2690 ILE=0.0000 CL=0.0000
16:15:57 | ep   9 |  1.9s | BPR=0.2617 ILE=0.0000 CL=0.0000
16:16:00 | ep  10 |  1.9s | BPR=0.2550 ILE=0.0000 CL=0.0000 | VAL R@10=0.0496 R@20=0.0857 N@10=0.0237 N@20=0.0328 TailR@20=0.0000 Cov@20=0.1107 ARP@20=7.4424 HeadExp=0.9987 MidExp=0.0001 TailExp=0.0012 ⭐best
16:16:02 | ep  11 |  2.0s | BPR=0.2510 ILE=0.0000 CL=0.0000
16:16:04 | ep  12 |  2.0s | BPR=0.2469 ILE=0.0000 CL=0.0000
16:16:06 | ep  13 |  1.9s | BPR=0.2424 ILE=0.0000 CL=0.0000
16:16:08 | ep  14 |  1.9s | BPR=0.2397 ILE=0.0000 CL=0.0000
16:16:11 | ep  15 |  1.9s | BPR=0.2360 ILE=0.0000 CL=0.0000 | VAL R@10=0.0500 R@20=0.0887 N@10=0.0239 N@20=0.0337 TailR@20=0.0000 Cov@20=0.1226 ARP@20=7.3755 HeadExp=0.9988 MidExp=0.0005 TailExp=0.0007 ⭐best
16:16:13 | ep  16 |  2.0s | BPR=0.2328 ILE=0.0000 CL=0.0000
16:16:15 | ep  17 |  2.0s | BPR=0.2275 ILE=0.0000 CL=0.0000
16:16:17 | ep  18 |  1.9s | BPR=0.2225 ILE=0.0000 CL=0.0000
16:16:19 | ep  19 |  2.0s | BPR=0.2180 ILE=0.0000 CL=0.0000
16:16:21 | ep  20 |  1.9s | BPR=0.2142 ILE=0.0000 CL=0.0000 | VAL R@10=0.0582 R@20=0.0968 N@10=0.0283 N@20=0.0380 TailR@20=0.0000 Cov@20=0.1684 ARP@20=7.3064 HeadExp=0.9979 MidExp=0.0013 TailExp=0.0008 ⭐best
16:16:23 | ep  21 |  2.0s | BPR=0.2089 ILE=0.0000 CL=0.0000
16:16:25 | ep  22 |  1.9s | BPR=0.2053 ILE=0.0000 CL=0.0000
16:16:27 | ep  23 |  1.9s | BPR=0.2028 ILE=0.0000 CL=0.0000
16:16:29 | ep  24 |  1.9s | BPR=0.1990 ILE=0.0000 CL=0.0000
16:16:32 | ep  25 |  1.9s | BPR=0.1960 ILE=0.0000 CL=0.0000 | VAL R@10=0.0636 R@20=0.1029 N@10=0.0315 N@20=0.0414 TailR@20=0.0000 Cov@20=0.2024 ARP@20=7.2169 HeadExp=0.9961 MidExp=0.0030 TailExp=0.0009 ⭐best
16:16:34 | ep  26 |  2.0s | BPR=0.1937 ILE=0.0000 CL=0.0000
16:16:36 | ep  27 |  2.0s | BPR=0.1911 ILE=0.0000 CL=0.0000
16:16:38 | ep  28 |  2.0s | BPR=0.1891 ILE=0.0000 CL=0.0000
16:16:40 | ep  29 |  2.0s | BPR=0.1871 ILE=0.0000 CL=0.0000
16:16:43 | ep  30 |  1.9s | BPR=0.1856 ILE=0.0000 CL=0.0000 | VAL R@10=0.0655 R@20=0.1099 N@10=0.0328 N@20=0.0440 TailR@20=0.0000 Cov@20=0.2290 ARP@20=7.1605 HeadExp=0.9942 MidExp=0.0049 TailExp=0.0009 ⭐best
16:16:45 | ep  31 |  1.9s | BPR=0.1834 ILE=0.0000 CL=0.0000
16:16:47 | ep  32 |  2.1s | BPR=0.1811 ILE=0.0000 CL=0.0000
16:16:49 | ep  33 |  1.9s | BPR=0.1793 ILE=0.0000 CL=0.0000
16:16:51 | ep  34 |  2.0s | BPR=0.1784 ILE=0.0000 CL=0.0000
16:16:53 | ep  35 |  2.0s | BPR=0.1755 ILE=0.0000 CL=0.0000 | VAL R@10=0.0688 R@20=0.1160 N@10=0.0339 N@20=0.0457 TailR@20=0.0000 Cov@20=0.2536 ARP@20=7.1203 HeadExp=0.9915 MidExp=0.0077 TailExp=0.0009 ⭐best
16:16:55 | ep  36 |  2.0s | BPR=0.1747 ILE=0.0000 CL=0.0000
16:16:57 | ep  37 |  2.0s | BPR=0.1737 ILE=0.0000 CL=0.0000
16:16:59 | ep  38 |  2.0s | BPR=0.1700 ILE=0.0000 CL=0.0000
16:17:01 | ep  39 |  2.0s | BPR=0.1700 ILE=0.0000 CL=0.0000
16:17:04 | ep  40 |  1.9s | BPR=0.1697 ILE=0.0000 CL=0.0000 | VAL R@10=0.0704 R@20=0.1202 N@10=0.0350 N@20=0.0475 TailR@20=0.0000 Cov@20=0.2760 ARP@20=7.0845 HeadExp=0.9878 MidExp=0.0113 TailExp=0.0009 ⭐best
16:17:06 | ep  41 |  2.0s | BPR=0.1675 ILE=0.0000 CL=0.0000
16:17:08 | ep  42 |  1.9s | BPR=0.1657 ILE=0.0000 CL=0.0000
16:17:10 | ep  43 |  2.0s | BPR=0.1643 ILE=0.0000 CL=0.0000
16:17:12 | ep  44 |  1.9s | BPR=0.1631 ILE=0.0000 CL=0.0000
16:17:15 | ep  45 |  1.9s | BPR=0.1618 ILE=0.0000 CL=0.0000 | VAL R@10=0.0731 R@20=0.1238 N@10=0.0364 N@20=0.0490 TailR@20=0.0000 Cov@20=0.2932 ARP@20=7.0484 HeadExp=0.9851 MidExp=0.0139 TailExp=0.0010 ⭐best
16:17:17 | ep  46 |  2.0s | BPR=0.1607 ILE=0.0000 CL=0.0000
16:17:19 | ep  47 |  1.9s | BPR=0.1611 ILE=0.0000 CL=0.0000
16:17:21 | ep  48 |  2.0s | BPR=0.1592 ILE=0.0000 CL=0.0000
16:17:23 | ep  49 |  2.0s | BPR=0.1580 ILE=0.0000 CL=0.0000
16:17:25 | ep  50 |  2.0s | BPR=0.1567 ILE=0.0000 CL=0.0000 | VAL R@10=0.0741 R@20=0.1253 N@10=0.0370 N@20=0.0498 TailR@20=0.0021 Cov@20=0.3074 ARP@20=7.0211 HeadExp=0.9824 MidExp=0.0166 TailExp=0.0009 ⭐best
16:17:28 | ep  51 |  2.0s | BPR=0.1557 ILE=0.0000 CL=0.0000
16:17:29 | ep  52 |  2.0s | BPR=0.1548 ILE=0.0000 CL=0.0000
16:17:31 | ep  53 |  2.0s | BPR=0.1538 ILE=0.0000 CL=0.0000
16:17:33 | ep  54 |  2.0s | BPR=0.1536 ILE=0.0000 CL=0.0000
16:17:36 | ep  55 |  1.9s | BPR=0.1519 ILE=0.0000 CL=0.0000 | VAL R@10=0.0747 R@20=0.1298 N@10=0.0374 N@20=0.0512 TailR@20=0.0021 Cov@20=0.3193 ARP@20=6.9858 HeadExp=0.9790 MidExp=0.0200 TailExp=0.0010 ⭐best
16:17:38 | ep  56 |  2.0s | BPR=0.1513 ILE=0.0000 CL=0.0000
16:17:40 | ep  57 |  2.0s | BPR=0.1506 ILE=0.0000 CL=0.0000
16:17:42 | ep  58 |  1.9s | BPR=0.1494 ILE=0.0000 CL=0.0000
16:17:44 | ep  59 |  2.0s | BPR=0.1488 ILE=0.0000 CL=0.0000
16:17:47 | ep  60 |  2.0s | BPR=0.1479 ILE=0.0000 CL=0.0000 | VAL R@10=0.0754 R@20=0.1319 N@10=0.0376 N@20=0.0518 TailR@20=0.0021 Cov@20=0.3292 ARP@20=6.9627 HeadExp=0.9766 MidExp=0.0224 TailExp=0.0010 ⭐best
16:17:49 | ep  61 |  1.9s | BPR=0.1477 ILE=0.0000 CL=0.0000
16:17:51 | ep  62 |  1.9s | BPR=0.1466 ILE=0.0000 CL=0.0000
16:17:53 | ep  63 |  2.0s | BPR=0.1454 ILE=0.0000 CL=0.0000
16:17:55 | ep  64 |  1.9s | BPR=0.1452 ILE=0.0000 CL=0.0000
16:17:58 | ep  65 |  2.0s | BPR=0.1445 ILE=0.0000 CL=0.0000 | VAL R@10=0.0774 R@20=0.1336 N@10=0.0381 N@20=0.0521 TailR@20=0.0021 Cov@20=0.3411 ARP@20=6.9402 HeadExp=0.9736 MidExp=0.0253 TailExp=0.0011 ⭐best
16:18:00 | ep  66 |  2.0s | BPR=0.1431 ILE=0.0000 CL=0.0000
16:18:02 | ep  67 |  1.9s | BPR=0.1425 ILE=0.0000 CL=0.0000
16:18:04 | ep  68 |  2.0s | BPR=0.1426 ILE=0.0000 CL=0.0000
16:18:06 | ep  69 |  1.9s | BPR=0.1419 ILE=0.0000 CL=0.0000
16:18:08 | ep  70 |  1.9s | BPR=0.1416 ILE=0.0000 CL=0.0000 | VAL R@10=0.0794 R@20=0.1359 N@10=0.0387 N@20=0.0528 TailR@20=0.0042 Cov@20=0.3501 ARP@20=6.9173 HeadExp=0.9708 MidExp=0.0281 TailExp=0.0010 ⭐best
16:18:10 | ep  71 |  2.0s | BPR=0.1397 ILE=0.0000 CL=0.0000
16:18:12 | ep  72 |  2.0s | BPR=0.1394 ILE=0.0000 CL=0.0000
16:18:14 | ep  73 |  2.0s | BPR=0.1389 ILE=0.0000 CL=0.0000
16:18:16 | ep  74 |  2.0s | BPR=0.1383 ILE=0.0000 CL=0.0000
16:18:19 | ep  75 |  1.9s | BPR=0.1390 ILE=0.0000 CL=0.0000 | VAL R@10=0.0789 R@20=0.1376 N@10=0.0385 N@20=0.0532 TailR@20=0.0042 Cov@20=0.3578 ARP@20=6.9047 HeadExp=0.9685 MidExp=0.0304 TailExp=0.0010 ⭐best
16:18:21 | ep  76 |  2.0s | BPR=0.1373 ILE=0.0000 CL=0.0000
16:18:23 | ep  77 |  2.0s | BPR=0.1362 ILE=0.0000 CL=0.0000
16:18:25 | ep  78 |  2.0s | BPR=0.1365 ILE=0.0000 CL=0.0000
16:18:27 | ep  79 |  1.9s | BPR=0.1354 ILE=0.0000 CL=0.0000
16:18:30 | ep  80 |  1.9s | BPR=0.1355 ILE=0.0000 CL=0.0000 | VAL R@10=0.0804 R@20=0.1389 N@10=0.0390 N@20=0.0537 TailR@20=0.0063 Cov@20=0.3694 ARP@20=6.8923 HeadExp=0.9667 MidExp=0.0322 TailExp=0.0011 ⭐best
16:18:32 | ep  81 |  2.0s | BPR=0.1342 ILE=0.0000 CL=0.0000
16:18:34 | ep  82 |  2.0s | BPR=0.1333 ILE=0.0000 CL=0.0000
16:18:36 | ep  83 |  1.9s | BPR=0.1318 ILE=0.0000 CL=0.0000
16:18:38 | ep  84 |  1.9s | BPR=0.1321 ILE=0.0000 CL=0.0000
16:18:40 | ep  85 |  1.9s | BPR=0.1313 ILE=0.0000 CL=0.0000 | VAL R@10=0.0824 R@20=0.1381 N@10=0.0399 N@20=0.0538 TailR@20=0.0084 Cov@20=0.3762 ARP@20=6.8766 HeadExp=0.9643 MidExp=0.0345 TailExp=0.0012 (best 0.1389@80)
16:18:42 | ep  86 |  2.0s | BPR=0.1312 ILE=0.0000 CL=0.0000
16:18:44 | ep  87 |  2.0s | BPR=0.1304 ILE=0.0000 CL=0.0000
16:18:46 | ep  88 |  2.0s | BPR=0.1317 ILE=0.0000 CL=0.0000
16:18:48 | ep  89 |  1.9s | BPR=0.1296 ILE=0.0000 CL=0.0000
16:18:51 | ep  90 |  1.9s | BPR=0.1285 ILE=0.0000 CL=0.0000 | VAL R@10=0.0810 R@20=0.1376 N@10=0.0401 N@20=0.0543 TailR@20=0.0105 Cov@20=0.3807 ARP@20=6.8617 HeadExp=0.9623 MidExp=0.0363 TailExp=0.0013 (best 0.1389@80)
16:18:53 | ep  91 |  1.9s | BPR=0.1276 ILE=0.0000 CL=0.0000
16:18:55 | ep  92 |  1.9s | BPR=0.1279 ILE=0.0000 CL=0.0000
16:18:57 | ep  93 |  2.0s | BPR=0.1272 ILE=0.0000 CL=0.0000
16:18:59 | ep  94 |  1.9s | BPR=0.1274 ILE=0.0000 CL=0.0000
16:19:02 | ep  95 |  1.9s | BPR=0.1265 ILE=0.0000 CL=0.0000 | VAL R@10=0.0832 R@20=0.1410 N@10=0.0407 N@20=0.0552 TailR@20=0.0105 Cov@20=0.3923 ARP@20=6.8468 HeadExp=0.9597 MidExp=0.0389 TailExp=0.0014 ⭐best
16:19:04 | ep  96 |  2.0s | BPR=0.1254 ILE=0.0000 CL=0.0000
16:19:06 | ep  97 |  1.9s | BPR=0.1257 ILE=0.0000 CL=0.0000
16:19:08 | ep  98 |  2.0s | BPR=0.1248 ILE=0.0000 CL=0.0000
16:19:10 | ep  99 |  1.9s | BPR=0.1243 ILE=0.0000 CL=0.0000
16:19:12 | ep 100 |  2.0s | BPR=0.1234 ILE=0.0000 CL=0.0000 | VAL R@10=0.0840 R@20=0.1410 N@10=0.0411 N@20=0.0554 TailR@20=0.0105 Cov@20=0.3999 ARP@20=6.8332 HeadExp=0.9581 MidExp=0.0405 TailExp=0.0015 (best 0.1410@95)
16:19:13 | ✅ [final_baseline_L2_s42] TEST | R@10=0.0713 R@20=0.1279 N@10=0.0354 N@20=0.0496 TailR@20=0.0056 Cov@20=0.3920 ARP@20=6.8456 HeadExp=0.9596 MidExp=0.0390 TailExp=0.0014
