16:52:07 | 🚀 [final_best_L2_s0] ILE=True(λ=1.0) aug_main=False CL=True(λ=0.1,τ=0.2) negβ=0.5 drop=degree_aware layers=2 epochs=100 steps/epoch=137 device=cuda
16:52:12 | ep   1 |  5.0s | BPR=0.6925 ILE=0.0000 CL=5.5790
16:52:16 | ep   2 |  4.7s | BPR=0.6914 ILE=0.0000 CL=5.5699
16:52:21 | ep   3 |  5.0s | BPR=0.6897 ILE=0.0000 CL=5.5672
16:52:26 | ep   4 |  5.0s | BPR=0.6874 ILE=0.0000 CL=5.5708
16:52:32 | ep   5 |  5.0s | BPR=0.6839 ILE=0.0000 CL=5.5745 | VAL R@10=0.0429 R@20=0.0665 N@10=0.0209 N@20=0.0268 TailR@20=0.0147 Cov@20=0.8081 ARP@20=5.8303 HeadExp=0.6836 MidExp=0.2724 TailExp=0.0440 ⭐best
16:52:37 | ep   6 |  5.0s | BPR=0.6785 ILE=0.0000 CL=5.5863
16:52:42 | ep   7 |  5.0s | BPR=0.6699 ILE=0.0000 CL=5.5972
16:52:47 | ep   8 |  5.0s | BPR=0.6560 ILE=0.0000 CL=5.6261
16:52:52 | ep   9 |  4.9s | BPR=0.6352 ILE=0.0002 CL=5.6674
16:52:58 | ep  10 |  4.9s | BPR=0.6053 ILE=0.0005 CL=5.7314 | VAL R@10=0.0795 R@20=0.1369 N@10=0.0383 N@20=0.0527 TailR@20=0.0316 Cov@20=0.5149 ARP@20=6.4423 HeadExp=0.9044 MidExp=0.0786 TailExp=0.0170 ⭐best
16:53:03 | ep  11 |  4.8s | BPR=0.5677 ILE=0.0011 CL=5.8060
16:53:08 | ep  12 |  5.0s | BPR=0.5261 ILE=0.0019 CL=5.8816
16:53:13 | ep  13 |  5.0s | BPR=0.4864 ILE=0.0025 CL=5.9481
16:53:18 | ep  14 |  5.0s | BPR=0.4505 ILE=0.0030 CL=5.9929
16:53:24 | ep  15 |  5.0s | BPR=0.4214 ILE=0.0030 CL=6.0235 | VAL R@10=0.0885 R@20=0.1525 N@10=0.0417 N@20=0.0577 TailR@20=0.0484 Cov@20=0.4653 ARP@20=6.5023 HeadExp=0.9108 MidExp=0.0617 TailExp=0.0275 ⭐best
16:53:29 | ep  16 |  5.0s | BPR=0.3966 ILE=0.0032 CL=6.0399
16:53:34 | ep  17 |  5.0s | BPR=0.3772 ILE=0.0031 CL=6.0481
16:53:39 | ep  18 |  5.0s | BPR=0.3592 ILE=0.0029 CL=6.0534
16:53:44 | ep  19 |  5.0s | BPR=0.3445 ILE=0.0029 CL=6.0490
16:53:50 | ep  20 |  5.0s | BPR=0.3320 ILE=0.0026 CL=6.0460 | VAL R@10=0.0921 R@20=0.1584 N@10=0.0434 N@20=0.0599 TailR@20=0.0526 Cov@20=0.4967 ARP@20=6.4607 HeadExp=0.8992 MidExp=0.0705 TailExp=0.0304 ⭐best
16:53:55 | ep  21 |  5.0s | BPR=0.3204 ILE=0.0026 CL=6.0428
16:54:00 | ep  22 |  5.1s | BPR=0.3104 ILE=0.0022 CL=6.0364
16:54:05 | ep  23 |  4.9s | BPR=0.3014 ILE=0.0022 CL=6.0291
16:54:10 | ep  24 |  5.0s | BPR=0.2939 ILE=0.0022 CL=6.0194
16:54:15 | ep  25 |  5.0s | BPR=0.2878 ILE=0.0021 CL=6.0143 | VAL R@10=0.0915 R@20=0.1546 N@10=0.0442 N@20=0.0601 TailR@20=0.0505 Cov@20=0.5330 ARP@20=6.4116 HeadExp=0.8864 MidExp=0.0817 TailExp=0.0319 (best 0.1584@20)
16:54:20 | ep  26 |  4.9s | BPR=0.2810 ILE=0.0019 CL=6.0079
16:54:25 | ep  27 |  5.0s | BPR=0.2745 ILE=0.0018 CL=6.0007
16:54:30 | ep  28 |  5.0s | BPR=0.2690 ILE=0.0017 CL=5.9934
16:54:35 | ep  29 |  4.9s | BPR=0.2644 ILE=0.0014 CL=5.9896
16:54:41 | ep  30 |  4.9s | BPR=0.2593 ILE=0.0016 CL=5.9826 | VAL R@10=0.0928 R@20=0.1551 N@10=0.0447 N@20=0.0603 TailR@20=0.0526 Cov@20=0.5650 ARP@20=6.3725 HeadExp=0.8752 MidExp=0.0918 TailExp=0.0331 (best 0.1584@20)
16:54:46 | ep  31 |  5.0s | BPR=0.2565 ILE=0.0014 CL=5.9727
16:54:51 | ep  32 |  4.9s | BPR=0.2512 ILE=0.0014 CL=5.9690
16:54:56 | ep  33 |  4.8s | BPR=0.2480 ILE=0.0015 CL=5.9608
16:55:01 | ep  34 |  4.7s | BPR=0.2441 ILE=0.0013 CL=5.9555
16:55:06 | ep  35 |  5.0s | BPR=0.2405 ILE=0.0012 CL=5.9492 | VAL R@10=0.0948 R@20=0.1545 N@10=0.0458 N@20=0.0607 TailR@20=0.0505 Cov@20=0.5899 ARP@20=6.3382 HeadExp=0.8644 MidExp=0.1021 TailExp=0.0336 (best 0.1584@20)
16:55:11 | ep  36 |  5.0s | BPR=0.2372 ILE=0.0012 CL=5.9450
16:55:17 | ep  37 |  5.1s | BPR=0.2348 ILE=0.0012 CL=5.9389
16:55:22 | ep  38 |  5.0s | BPR=0.2318 ILE=0.0013 CL=5.9331
16:55:27 | ep  39 |  5.1s | BPR=0.2278 ILE=0.0012 CL=5.9302
16:55:32 | ep  40 |  4.9s | BPR=0.2261 ILE=0.0011 CL=5.9234 | VAL R@10=0.0928 R@20=0.1531 N@10=0.0450 N@20=0.0602 TailR@20=0.0526 Cov@20=0.6117 ARP@20=6.3060 HeadExp=0.8540 MidExp=0.1124 TailExp=0.0336 (best 0.1584@20)
16:55:37 | ep  41 |  5.0s | BPR=0.2227 ILE=0.0009 CL=5.9194
16:55:43 | ep  42 |  5.1s | BPR=0.2219 ILE=0.0011 CL=5.9144
16:55:48 | ep  43 |  5.0s | BPR=0.2184 ILE=0.0010 CL=5.9103
16:55:52 | ep  44 |  4.7s | BPR=0.2168 ILE=0.0012 CL=5.9086
16:55:58 | ep  45 |  4.9s | BPR=0.2139 ILE=0.0011 CL=5.9031 | VAL R@10=0.0916 R@20=0.1543 N@10=0.0450 N@20=0.0606 TailR@20=0.0484 Cov@20=0.6320 ARP@20=6.2750 HeadExp=0.8427 MidExp=0.1235 TailExp=0.0338 (best 0.1584@20)
16:56:03 | ep  46 |  5.0s | BPR=0.2120 ILE=0.0008 CL=5.8978
16:56:08 | ep  47 |  5.0s | BPR=0.2099 ILE=0.0009 CL=5.8944
16:56:13 | ep  48 |  5.1s | BPR=0.2075 ILE=0.0009 CL=5.8927
16:56:18 | ep  49 |  5.0s | BPR=0.2071 ILE=0.0008 CL=5.8884
16:56:24 | ep  50 |  5.0s | BPR=0.2044 ILE=0.0006 CL=5.8830 | VAL R@10=0.0908 R@20=0.1516 N@10=0.0447 N@20=0.0599 TailR@20=0.0505 Cov@20=0.6468 ARP@20=6.2558 HeadExp=0.8352 MidExp=0.1313 TailExp=0.0335 (best 0.1584@20)
16:56:29 | ep  51 |  5.0s | BPR=0.2027 ILE=0.0009 CL=5.8838
16:56:34 | ep  52 |  5.0s | BPR=0.2019 ILE=0.0009 CL=5.8779
16:56:39 | ep  53 |  5.0s | BPR=0.1993 ILE=0.0010 CL=5.8764
16:56:44 | ep  54 |  5.0s | BPR=0.1987 ILE=0.0008 CL=5.8718
16:56:50 | ep  55 |  4.9s | BPR=0.1965 ILE=0.0005 CL=5.8721 | VAL R@10=0.0892 R@20=0.1521 N@10=0.0442 N@20=0.0600 TailR@20=0.0484 Cov@20=0.6640 ARP@20=6.2283 HeadExp=0.8252 MidExp=0.1407 TailExp=0.0340 (best 0.1584@20)
16:56:55 | ep  56 |  4.7s | BPR=0.1960 ILE=0.0009 CL=5.8684
16:56:59 | ep  57 |  4.8s | BPR=0.1939 ILE=0.0007 CL=5.8658
16:57:04 | ep  58 |  5.0s | BPR=0.1916 ILE=0.0011 CL=5.8614
16:57:10 | ep  59 |  5.1s | BPR=0.1915 ILE=0.0007 CL=5.8599
16:57:15 | ep  60 |  5.1s | BPR=0.1900 ILE=0.0008 CL=5.8591 | VAL R@10=0.0870 R@20=0.1508 N@10=0.0431 N@20=0.0591 TailR@20=0.0463 Cov@20=0.6787 ARP@20=6.1924 HeadExp=0.8128 MidExp=0.1522 TailExp=0.0351 (best 0.1584@20)
16:57:20 | ep  61 |  5.0s | BPR=0.1892 ILE=0.0007 CL=5.8540
16:57:25 | ep  62 |  5.0s | BPR=0.1876 ILE=0.0006 CL=5.8523
16:57:30 | ep  63 |  5.0s | BPR=0.1866 ILE=0.0008 CL=5.8509
16:57:35 | ep  64 |  4.8s | BPR=0.1851 ILE=0.0007 CL=5.8493
16:57:41 | ep  65 |  4.8s | BPR=0.1839 ILE=0.0007 CL=5.8485 | VAL R@10=0.0863 R@20=0.1477 N@10=0.0425 N@20=0.0579 TailR@20=0.0442 Cov@20=0.6881 ARP@20=6.1729 HeadExp=0.8049 MidExp=0.1599 TailExp=0.0353 (best 0.1584@20)
16:57:46 | ep  66 |  5.0s | BPR=0.1836 ILE=0.0007 CL=5.8457
16:57:51 | ep  67 |  5.1s | BPR=0.1827 ILE=0.0009 CL=5.8407
16:57:56 | ep  68 |  5.0s | BPR=0.1817 ILE=0.0006 CL=5.8390
16:58:01 | ep  69 |  4.9s | BPR=0.1805 ILE=0.0006 CL=5.8399
16:58:07 | ep  70 |  5.0s | BPR=0.1792 ILE=0.0008 CL=5.8369 | VAL R@10=0.0850 R@20=0.1460 N@10=0.0422 N@20=0.0575 TailR@20=0.0400 Cov@20=0.6971 ARP@20=6.1477 HeadExp=0.7958 MidExp=0.1679 TailExp=0.0363 (best 0.1584@20)
16:58:07 | ⏰ early stopping @ epoch 70
16:58:08 | ✅ [final_best_L2_s0] TEST | R@10=0.0762 R@20=0.1298 N@10=0.0378 N@20=0.0513 TailR@20=0.0280 Cov@20=0.4970 ARP@20=6.4582 HeadExp=0.8987 MidExp=0.0708 TailExp=0.0305
