17:10:36 | 🚀 [final_hightail_L2_s0] ILE=True(λ=1.0) aug_main=False CL=True(λ=0.1,τ=0.2) negβ=0.0 drop=degree_aware layers=2 epochs=100 steps/epoch=137 device=cuda
17:10:40 | ep   1 |  4.4s | BPR=0.6925 ILE=0.0000 CL=5.5776
17:10:44 | ep   2 |  4.2s | BPR=0.6916 ILE=0.0000 CL=5.5700
17:10:49 | ep   3 |  4.3s | BPR=0.6902 ILE=0.0000 CL=5.5677
17:10:53 | ep   4 |  4.4s | BPR=0.6881 ILE=0.0000 CL=5.5681
17:10:58 | ep   5 |  4.4s | BPR=0.6849 ILE=0.0000 CL=5.5729 | VAL R@10=0.0381 R@20=0.0585 N@10=0.0194 N@20=0.0245 TailR@20=0.0084 Cov@20=0.8256 ARP@20=5.7993 HeadExp=0.6722 MidExp=0.2832 TailExp=0.0446 ⭐best
17:11:03 | ep   6 |  4.4s | BPR=0.6799 ILE=0.0000 CL=5.5829
17:11:07 | ep   7 |  4.4s | BPR=0.6714 ILE=0.0000 CL=5.5986
17:11:12 | ep   8 |  4.4s | BPR=0.6564 ILE=0.0002 CL=5.6318
17:11:16 | ep   9 |  4.5s | BPR=0.6297 ILE=0.0010 CL=5.7024
17:11:21 | ep  10 |  4.4s | BPR=0.5867 ILE=0.0032 CL=5.8136 | VAL R@10=0.0764 R@20=0.1357 N@10=0.0369 N@20=0.0518 TailR@20=0.0568 Cov@20=0.5819 ARP@20=6.4676 HeadExp=0.8945 MidExp=0.0678 TailExp=0.0377 ⭐best
17:11:26 | ep  11 |  4.5s | BPR=0.5314 ILE=0.0073 CL=5.9343
17:11:30 | ep  12 |  4.4s | BPR=0.4753 ILE=0.0107 CL=6.0376
17:11:35 | ep  13 |  4.4s | BPR=0.4253 ILE=0.0123 CL=6.1142
17:11:39 | ep  14 |  4.1s | BPR=0.3847 ILE=0.0136 CL=6.1593
17:11:44 | ep  15 |  4.4s | BPR=0.3522 ILE=0.0134 CL=6.1899 | VAL R@10=0.0827 R@20=0.1526 N@10=0.0393 N@20=0.0569 TailR@20=0.0674 Cov@20=0.4959 ARP@20=6.5822 HeadExp=0.9127 MidExp=0.0461 TailExp=0.0412 ⭐best
17:11:48 | ep  16 |  4.4s | BPR=0.3254 ILE=0.0136 CL=6.2019
17:11:53 | ep  17 |  4.4s | BPR=0.3034 ILE=0.0130 CL=6.2059
17:11:57 | ep  18 |  4.1s | BPR=0.2853 ILE=0.0120 CL=6.2095
17:12:01 | ep  19 |  4.0s | BPR=0.2703 ILE=0.0113 CL=6.2064
17:12:06 | ep  20 |  4.2s | BPR=0.2565 ILE=0.0112 CL=6.2053 | VAL R@10=0.0897 R@20=0.1548 N@10=0.0423 N@20=0.0585 TailR@20=0.0589 Cov@20=0.4857 ARP@20=6.5772 HeadExp=0.9128 MidExp=0.0492 TailExp=0.0380 ⭐best
17:12:10 | ep  21 |  4.2s | BPR=0.2447 ILE=0.0096 CL=6.1983
17:12:15 | ep  22 |  4.5s | BPR=0.2343 ILE=0.0098 CL=6.1902
17:12:19 | ep  23 |  4.4s | BPR=0.2265 ILE=0.0095 CL=6.1799
17:12:23 | ep  24 |  3.9s | BPR=0.2196 ILE=0.0085 CL=6.1634
17:12:28 | ep  25 |  4.1s | BPR=0.2109 ILE=0.0087 CL=6.1571 | VAL R@10=0.0913 R@20=0.1546 N@10=0.0433 N@20=0.0591 TailR@20=0.0589 Cov@20=0.5024 ARP@20=6.5574 HeadExp=0.9101 MidExp=0.0540 TailExp=0.0360 (best 0.1548@20)
17:12:32 | ep  26 |  4.1s | BPR=0.2053 ILE=0.0074 CL=6.1508
17:12:36 | ep  27 |  4.3s | BPR=0.1997 ILE=0.0074 CL=6.1399
17:12:41 | ep  28 |  4.3s | BPR=0.1944 ILE=0.0076 CL=6.1285
17:12:45 | ep  29 |  4.2s | BPR=0.1898 ILE=0.0067 CL=6.1173
17:12:50 | ep  30 |  4.1s | BPR=0.1855 ILE=0.0065 CL=6.1077 | VAL R@10=0.0923 R@20=0.1528 N@10=0.0441 N@20=0.0592 TailR@20=0.0568 Cov@20=0.5191 ARP@20=6.5394 HeadExp=0.9067 MidExp=0.0589 TailExp=0.0344 (best 0.1548@20)
17:12:54 | ep  31 |  3.8s | BPR=0.1802 ILE=0.0058 CL=6.1012
17:12:58 | ep  32 |  4.0s | BPR=0.1770 ILE=0.0063 CL=6.0916
17:13:02 | ep  33 |  4.2s | BPR=0.1735 ILE=0.0056 CL=6.0823
17:13:06 | ep  34 |  4.3s | BPR=0.1701 ILE=0.0058 CL=6.0733
17:13:11 | ep  35 |  4.3s | BPR=0.1673 ILE=0.0047 CL=6.0656 | VAL R@10=0.0918 R@20=0.1538 N@10=0.0443 N@20=0.0598 TailR@20=0.0505 Cov@20=0.5330 ARP@20=6.5219 HeadExp=0.9035 MidExp=0.0638 TailExp=0.0327 (best 0.1548@20)
17:13:16 | ep  36 |  4.3s | BPR=0.1629 ILE=0.0053 CL=6.0609
17:13:20 | ep  37 |  4.2s | BPR=0.1604 ILE=0.0050 CL=6.0509
17:13:24 | ep  38 |  4.2s | BPR=0.1581 ILE=0.0048 CL=6.0448
17:13:29 | ep  39 |  4.2s | BPR=0.1559 ILE=0.0047 CL=6.0359
17:13:34 | ep  40 |  4.3s | BPR=0.1537 ILE=0.0041 CL=6.0308 | VAL R@10=0.0898 R@20=0.1530 N@10=0.0441 N@20=0.0599 TailR@20=0.0484 Cov@20=0.5539 ARP@20=6.4965 HeadExp=0.8984 MidExp=0.0701 TailExp=0.0315 (best 0.1548@20)
17:13:38 | ep  41 |  4.4s | BPR=0.1503 ILE=0.0046 CL=6.0252
17:13:42 | ep  42 |  4.3s | BPR=0.1481 ILE=0.0038 CL=6.0194
17:13:47 | ep  43 |  4.2s | BPR=0.1459 ILE=0.0038 CL=6.0163
17:13:50 | ep  44 |  3.9s | BPR=0.1438 ILE=0.0040 CL=6.0087
17:13:55 | ep  45 |  3.8s | BPR=0.1416 ILE=0.0037 CL=6.0013 | VAL R@10=0.0877 R@20=0.1503 N@10=0.0434 N@20=0.0591 TailR@20=0.0484 Cov@20=0.5703 ARP@20=6.4736 HeadExp=0.8930 MidExp=0.0765 TailExp=0.0305 (best 0.1548@20)
17:13:59 | ep  46 |  4.4s | BPR=0.1395 ILE=0.0038 CL=5.9977
17:14:04 | ep  47 |  4.4s | BPR=0.1383 ILE=0.0036 CL=5.9915
17:14:08 | ep  48 |  4.2s | BPR=0.1364 ILE=0.0035 CL=5.9886
17:14:12 | ep  49 |  4.0s | BPR=0.1357 ILE=0.0033 CL=5.9811
17:14:17 | ep  50 |  4.0s | BPR=0.1335 ILE=0.0031 CL=5.9788 | VAL R@10=0.0873 R@20=0.1493 N@10=0.0434 N@20=0.0589 TailR@20=0.0505 Cov@20=0.5822 ARP@20=6.4490 HeadExp=0.8867 MidExp=0.0831 TailExp=0.0303 (best 0.1548@20)
17:14:21 | ep  51 |  4.0s | BPR=0.1324 ILE=0.0033 CL=5.9738
17:14:25 | ep  52 |  4.3s | BPR=0.1306 ILE=0.0031 CL=5.9665
17:14:30 | ep  53 |  4.3s | BPR=0.1297 ILE=0.0030 CL=5.9639
17:14:34 | ep  54 |  4.3s | BPR=0.1286 ILE=0.0030 CL=5.9583
17:14:39 | ep  55 |  4.4s | BPR=0.1266 ILE=0.0032 CL=5.9541 | VAL R@10=0.0860 R@20=0.1492 N@10=0.0435 N@20=0.0593 TailR@20=0.0484 Cov@20=0.5978 ARP@20=6.4271 HeadExp=0.8813 MidExp=0.0891 TailExp=0.0296 (best 0.1548@20)
17:14:44 | ep  56 |  4.5s | BPR=0.1259 ILE=0.0029 CL=5.9521
17:14:48 | ep  57 |  4.5s | BPR=0.1241 ILE=0.0025 CL=5.9485
17:14:53 | ep  58 |  4.4s | BPR=0.1234 ILE=0.0030 CL=5.9443
17:14:57 | ep  59 |  4.4s | BPR=0.1211 ILE=0.0027 CL=5.9417
17:15:02 | ep  60 |  4.3s | BPR=0.1216 ILE=0.0027 CL=5.9374 | VAL R@10=0.0858 R@20=0.1470 N@10=0.0430 N@20=0.0583 TailR@20=0.0484 Cov@20=0.6125 ARP@20=6.4086 HeadExp=0.8762 MidExp=0.0943 TailExp=0.0295 (best 0.1548@20)
17:15:06 | ep  61 |  4.1s | BPR=0.1194 ILE=0.0027 CL=5.9361
17:15:10 | ep  62 |  3.8s | BPR=0.1186 ILE=0.0025 CL=5.9313
17:15:14 | ep  63 |  4.0s | BPR=0.1182 ILE=0.0028 CL=5.9287
17:15:18 | ep  64 |  4.0s | BPR=0.1165 ILE=0.0023 CL=5.9244
17:15:23 | ep  65 |  4.1s | BPR=0.1156 ILE=0.0022 CL=5.9242 | VAL R@10=0.0832 R@20=0.1443 N@10=0.0419 N@20=0.0574 TailR@20=0.0463 Cov@20=0.6213 ARP@20=6.3917 HeadExp=0.8712 MidExp=0.0996 TailExp=0.0292 (best 0.1548@20)
17:15:27 | ep  66 |  4.3s | BPR=0.1161 ILE=0.0025 CL=5.9182
17:15:32 | ep  67 |  4.4s | BPR=0.1148 ILE=0.0026 CL=5.9158
17:15:36 | ep  68 |  4.4s | BPR=0.1136 ILE=0.0023 CL=5.9097
17:15:40 | ep  69 |  4.0s | BPR=0.1123 ILE=0.0024 CL=5.9084
17:15:45 | ep  70 |  3.9s | BPR=0.1124 ILE=0.0023 CL=5.9094 | VAL R@10=0.0834 R@20=0.1425 N@10=0.0420 N@20=0.0570 TailR@20=0.0379 Cov@20=0.6352 ARP@20=6.3715 HeadExp=0.8646 MidExp=0.1059 TailExp=0.0295 (best 0.1548@20)
17:15:45 | ⏰ early stopping @ epoch 70
17:15:46 | ✅ [final_hightail_L2_s0] TEST | R@10=0.0787 R@20=0.1327 N@10=0.0384 N@20=0.0519 TailR@20=0.0430 Cov@20=0.4854 ARP@20=6.5749 HeadExp=0.9124 MidExp=0.0494 TailExp=0.0382
