13:03:43 | 🚀 [full_L2_ile0p1_cl0p5_tau0p2_beta0p5_s42] ILE=True(λ=0.1) aug_main=False CL=True(λ=0.5,τ=0.2) negβ=0.5 drop=degree_aware layers=2 epochs=100 steps/epoch=137 device=cuda
13:03:48 | ep   1 |  5.0s | BPR=0.6927 ILE=0.0000 CL=5.5782
13:03:53 | ep   2 |  5.0s | BPR=0.6925 ILE=0.0000 CL=5.5686
13:03:58 | ep   3 |  5.0s | BPR=0.6922 ILE=0.0000 CL=5.5624
13:04:03 | ep   4 |  4.6s | BPR=0.6919 ILE=0.0000 CL=5.5616
13:04:08 | ep   5 |  4.5s | BPR=0.6916 ILE=0.0000 CL=5.5600 | VAL R@10=0.0098 R@20=0.0186 N@10=0.0046 N@20=0.0068 TailR@20=0.0000 Cov@20=0.8282 ARP@20=5.4224 HeadExp=0.5109 MidExp=0.4190 TailExp=0.0701 ⭐best
13:04:13 | ep   6 |  4.6s | BPR=0.6913 ILE=0.0000 CL=5.5603
13:04:18 | ep   7 |  4.9s | BPR=0.6909 ILE=0.0000 CL=5.5598
13:04:23 | ep   8 |  5.0s | BPR=0.6905 ILE=0.0000 CL=5.5593
13:04:28 | ep   9 |  5.1s | BPR=0.6901 ILE=0.0000 CL=5.5593
13:04:34 | ep  10 |  5.0s | BPR=0.6896 ILE=0.0000 CL=5.5577 | VAL R@10=0.0136 R@20=0.0235 N@10=0.0067 N@20=0.0092 TailR@20=0.0000 Cov@20=0.7586 ARP@20=5.5502 HeadExp=0.5553 MidExp=0.4027 TailExp=0.0420 ⭐best
13:04:39 | ep  11 |  5.1s | BPR=0.6891 ILE=0.0000 CL=5.5592
13:04:44 | ep  12 |  4.9s | BPR=0.6886 ILE=0.0000 CL=5.5608
13:04:49 | ep  13 |  4.9s | BPR=0.6879 ILE=0.0000 CL=5.5584
13:04:54 | ep  14 |  5.0s | BPR=0.6873 ILE=0.0000 CL=5.5578
13:05:00 | ep  15 |  4.9s | BPR=0.6865 ILE=0.0000 CL=5.5598 | VAL R@10=0.0176 R@20=0.0307 N@10=0.0089 N@20=0.0121 TailR@20=0.0000 Cov@20=0.7387 ARP@20=5.6154 HeadExp=0.5832 MidExp=0.3830 TailExp=0.0338 ⭐best
13:05:05 | ep  16 |  5.0s | BPR=0.6856 ILE=0.0000 CL=5.5599
13:05:10 | ep  17 |  4.9s | BPR=0.6845 ILE=0.0000 CL=5.5579
13:05:14 | ep  18 |  4.6s | BPR=0.6833 ILE=0.0000 CL=5.5581
13:05:19 | ep  19 |  5.1s | BPR=0.6820 ILE=0.0000 CL=5.5609
13:05:25 | ep  20 |  5.1s | BPR=0.6804 ILE=0.0000 CL=5.5581 | VAL R@10=0.0229 R@20=0.0383 N@10=0.0113 N@20=0.0152 TailR@20=0.0042 Cov@20=0.7198 ARP@20=5.7051 HeadExp=0.6230 MidExp=0.3486 TailExp=0.0285 ⭐best
13:05:30 | ep  21 |  5.0s | BPR=0.6785 ILE=0.0000 CL=5.5584
13:05:35 | ep  22 |  4.9s | BPR=0.6762 ILE=0.0000 CL=5.5615
13:05:40 | ep  23 |  4.6s | BPR=0.6734 ILE=0.0000 CL=5.5605
13:05:45 | ep  24 |  4.9s | BPR=0.6700 ILE=0.0000 CL=5.5632
13:05:50 | ep  25 |  5.0s | BPR=0.6661 ILE=0.0000 CL=5.5640 | VAL R@10=0.0338 R@20=0.0573 N@10=0.0167 N@20=0.0226 TailR@20=0.0084 Cov@20=0.6946 ARP@20=5.8528 HeadExp=0.6900 MidExp=0.2883 TailExp=0.0217 ⭐best
13:05:55 | ep  26 |  5.0s | BPR=0.6612 ILE=0.0000 CL=5.5653
13:06:00 | ep  27 |  4.9s | BPR=0.6554 ILE=0.0000 CL=5.5654
13:06:05 | ep  28 |  4.7s | BPR=0.6483 ILE=0.0000 CL=5.5696
13:06:10 | ep  29 |  5.0s | BPR=0.6401 ILE=0.0000 CL=5.5717
13:06:16 | ep  30 |  4.8s | BPR=0.6303 ILE=0.0000 CL=5.5716 | VAL R@10=0.0496 R@20=0.0844 N@10=0.0245 N@20=0.0333 TailR@20=0.0168 Cov@20=0.6550 ARP@20=6.0454 HeadExp=0.7737 MidExp=0.2113 TailExp=0.0149 ⭐best
13:06:21 | ep  31 |  4.7s | BPR=0.6187 ILE=0.0001 CL=5.5749
13:06:26 | ep  32 |  5.1s | BPR=0.6059 ILE=0.0001 CL=5.5802
13:06:31 | ep  33 |  5.0s | BPR=0.5914 ILE=0.0002 CL=5.5836
13:06:36 | ep  34 |  5.1s | BPR=0.5755 ILE=0.0003 CL=5.5890
13:06:42 | ep  35 |  5.1s | BPR=0.5584 ILE=0.0004 CL=5.5939 | VAL R@10=0.0653 R@20=0.1079 N@10=0.0317 N@20=0.0426 TailR@20=0.0232 Cov@20=0.6080 ARP@20=6.1920 HeadExp=0.8345 MidExp=0.1551 TailExp=0.0104 ⭐best
13:06:47 | ep  36 |  4.9s | BPR=0.5410 ILE=0.0007 CL=5.5990
13:06:51 | ep  37 |  4.9s | BPR=0.5226 ILE=0.0010 CL=5.6037
13:06:56 | ep  38 |  5.0s | BPR=0.5046 ILE=0.0012 CL=5.6081
13:07:01 | ep  39 |  4.7s | BPR=0.4866 ILE=0.0014 CL=5.6124
13:07:07 | ep  40 |  4.9s | BPR=0.4698 ILE=0.0017 CL=5.6152 | VAL R@10=0.0719 R@20=0.1225 N@10=0.0352 N@20=0.0479 TailR@20=0.0253 Cov@20=0.5749 ARP@20=6.2466 HeadExp=0.8581 MidExp=0.1329 TailExp=0.0090 ⭐best
13:07:12 | ep  41 |  5.1s | BPR=0.4534 ILE=0.0020 CL=5.6195
13:07:17 | ep  42 |  5.0s | BPR=0.4383 ILE=0.0021 CL=5.6224
13:07:22 | ep  43 |  5.1s | BPR=0.4232 ILE=0.0026 CL=5.6248
13:07:27 | ep  44 |  5.1s | BPR=0.4097 ILE=0.0026 CL=5.6293
13:07:33 | ep  45 |  5.0s | BPR=0.3977 ILE=0.0028 CL=5.6315 | VAL R@10=0.0757 R@20=0.1268 N@10=0.0369 N@20=0.0498 TailR@20=0.0274 Cov@20=0.5675 ARP@20=6.2440 HeadExp=0.8596 MidExp=0.1306 TailExp=0.0097 ⭐best
13:07:38 | ep  46 |  4.9s | BPR=0.3854 ILE=0.0028 CL=5.6316
13:07:43 | ep  47 |  5.0s | BPR=0.3745 ILE=0.0028 CL=5.6335
13:07:48 | ep  48 |  5.1s | BPR=0.3636 ILE=0.0032 CL=5.6347
13:07:53 | ep  49 |  5.0s | BPR=0.3556 ILE=0.0031 CL=5.6345
13:07:59 | ep  50 |  4.9s | BPR=0.3470 ILE=0.0034 CL=5.6364 | VAL R@10=0.0774 R@20=0.1256 N@10=0.0378 N@20=0.0499 TailR@20=0.0316 Cov@20=0.5746 ARP@20=6.2192 HeadExp=0.8522 MidExp=0.1369 TailExp=0.0109 (best 0.1268@45)
13:08:03 | ep  51 |  4.7s | BPR=0.3392 ILE=0.0033 CL=5.6349
13:08:08 | ep  52 |  5.0s | BPR=0.3305 ILE=0.0032 CL=5.6357
13:08:14 | ep  53 |  5.0s | BPR=0.3239 ILE=0.0029 CL=5.6370
13:08:18 | ep  54 |  4.9s | BPR=0.3175 ILE=0.0030 CL=5.6361
13:08:24 | ep  55 |  5.1s | BPR=0.3118 ILE=0.0028 CL=5.6358 | VAL R@10=0.0772 R@20=0.1248 N@10=0.0376 N@20=0.0496 TailR@20=0.0400 Cov@20=0.5904 ARP@20=6.1911 HeadExp=0.8426 MidExp=0.1452 TailExp=0.0122 (best 0.1268@45)
13:08:29 | ep  56 |  4.6s | BPR=0.3057 ILE=0.0030 CL=5.6383
13:08:34 | ep  57 |  5.0s | BPR=0.2999 ILE=0.0028 CL=5.6360
13:08:39 | ep  58 |  5.0s | BPR=0.2953 ILE=0.0026 CL=5.6360
13:08:44 | ep  59 |  5.0s | BPR=0.2905 ILE=0.0025 CL=5.6349
13:08:50 | ep  60 |  5.0s | BPR=0.2869 ILE=0.0026 CL=5.6374 | VAL R@10=0.0784 R@20=0.1235 N@10=0.0371 N@20=0.0484 TailR@20=0.0400 Cov@20=0.6003 ARP@20=6.1596 HeadExp=0.8309 MidExp=0.1557 TailExp=0.0133 (best 0.1268@45)
13:08:55 | ep  61 |  4.8s | BPR=0.2826 ILE=0.0025 CL=5.6373
13:08:59 | ep  62 |  4.8s | BPR=0.2775 ILE=0.0024 CL=5.6363
13:09:04 | ep  63 |  4.6s | BPR=0.2735 ILE=0.0026 CL=5.6371
13:09:09 | ep  64 |  5.1s | BPR=0.2701 ILE=0.0023 CL=5.6360
13:09:15 | ep  65 |  5.1s | BPR=0.2674 ILE=0.0028 CL=5.6340 | VAL R@10=0.0752 R@20=0.1208 N@10=0.0360 N@20=0.0475 TailR@20=0.0379 Cov@20=0.6145 ARP@20=6.1282 HeadExp=0.8180 MidExp=0.1670 TailExp=0.0150 (best 0.1268@45)
13:09:20 | ep  66 |  4.9s | BPR=0.2646 ILE=0.0024 CL=5.6323
13:09:25 | ep  67 |  4.8s | BPR=0.2609 ILE=0.0022 CL=5.6347
13:09:30 | ep  68 |  5.0s | BPR=0.2578 ILE=0.0021 CL=5.6348
13:09:35 | ep  69 |  5.0s | BPR=0.2559 ILE=0.0023 CL=5.6360
13:09:41 | ep  70 |  5.1s | BPR=0.2524 ILE=0.0022 CL=5.6319 | VAL R@10=0.0736 R@20=0.1187 N@10=0.0356 N@20=0.0471 TailR@20=0.0400 Cov@20=0.6303 ARP@20=6.0972 HeadExp=0.8050 MidExp=0.1782 TailExp=0.0168 (best 0.1268@45)
13:09:46 | ep  71 |  5.0s | BPR=0.2499 ILE=0.0021 CL=5.6337
13:09:51 | ep  72 |  5.0s | BPR=0.2473 ILE=0.0020 CL=5.6342
13:09:56 | ep  73 |  5.0s | BPR=0.2445 ILE=0.0020 CL=5.6309
13:10:01 | ep  74 |  5.1s | BPR=0.2431 ILE=0.0023 CL=5.6313
13:10:07 | ep  75 |  5.0s | BPR=0.2400 ILE=0.0021 CL=5.6295 | VAL R@10=0.0724 R@20=0.1152 N@10=0.0354 N@20=0.0463 TailR@20=0.0400 Cov@20=0.6400 ARP@20=6.0707 HeadExp=0.7931 MidExp=0.1889 TailExp=0.0181 (best 0.1268@45)
13:10:12 | ep  76 |  5.0s | BPR=0.2390 ILE=0.0020 CL=5.6309
13:10:17 | ep  77 |  5.0s | BPR=0.2368 ILE=0.0021 CL=5.6317
13:10:22 | ep  78 |  5.0s | BPR=0.2335 ILE=0.0018 CL=5.6310
13:10:27 | ep  79 |  5.0s | BPR=0.2319 ILE=0.0017 CL=5.6327
13:10:32 | ep  80 |  5.0s | BPR=0.2313 ILE=0.0018 CL=5.6300 | VAL R@10=0.0729 R@20=0.1130 N@10=0.0355 N@20=0.0457 TailR@20=0.0400 Cov@20=0.6541 ARP@20=6.0447 HeadExp=0.7818 MidExp=0.1984 TailExp=0.0197 (best 0.1268@45)
13:10:37 | ep  81 |  5.0s | BPR=0.2302 ILE=0.0015 CL=5.6297
13:10:42 | ep  82 |  5.0s | BPR=0.2283 ILE=0.0017 CL=5.6310
13:10:47 | ep  83 |  5.0s | BPR=0.2256 ILE=0.0018 CL=5.6305
13:10:52 | ep  84 |  5.0s | BPR=0.2247 ILE=0.0016 CL=5.6295
13:10:58 | ep  85 |  5.0s | BPR=0.2225 ILE=0.0017 CL=5.6299 | VAL R@10=0.0704 R@20=0.1120 N@10=0.0347 N@20=0.0452 TailR@20=0.0400 Cov@20=0.6629 ARP@20=6.0188 HeadExp=0.7702 MidExp=0.2084 TailExp=0.0215 (best 0.1268@45)
13:11:03 | ep  86 |  5.0s | BPR=0.2224 ILE=0.0016 CL=5.6305
13:11:08 | ep  87 |  5.0s | BPR=0.2199 ILE=0.0017 CL=5.6291
13:11:13 | ep  88 |  5.1s | BPR=0.2182 ILE=0.0016 CL=5.6276
13:11:18 | ep  89 |  5.0s | BPR=0.2166 ILE=0.0015 CL=5.6270
13:11:24 | ep  90 |  4.9s | BPR=0.2167 ILE=0.0014 CL=5.6296 | VAL R@10=0.0698 R@20=0.1109 N@10=0.0344 N@20=0.0447 TailR@20=0.0400 Cov@20=0.6717 ARP@20=5.9959 HeadExp=0.7598 MidExp=0.2170 TailExp=0.0232 (best 0.1268@45)
13:11:29 | ep  91 |  4.9s | BPR=0.2150 ILE=0.0017 CL=5.6280
13:11:34 | ep  92 |  5.0s | BPR=0.2132 ILE=0.0017 CL=5.6303
13:11:39 | ep  93 |  5.0s | BPR=0.2122 ILE=0.0015 CL=5.6282
13:11:44 | ep  94 |  4.9s | BPR=0.2116 ILE=0.0014 CL=5.6281
13:11:50 | ep  95 |  4.9s | BPR=0.2103 ILE=0.0015 CL=5.6269 | VAL R@10=0.0681 R@20=0.1081 N@10=0.0338 N@20=0.0439 TailR@20=0.0400 Cov@20=0.6824 ARP@20=5.9734 HeadExp=0.7498 MidExp=0.2253 TailExp=0.0250 (best 0.1268@45)
13:11:50 | ⏰ early stopping @ epoch 95
13:11:51 | ✅ [full_L2_ile0p1_cl0p5_tau0p2_beta0p5_s42] TEST | R@10=0.0694 R@20=0.1112 N@10=0.0327 N@20=0.0433 TailR@20=0.0131 Cov@20=0.5681 ARP@20=6.2411 HeadExp=0.8588 MidExp=0.1314 TailExp=0.0098
