14:58:13 | 🚀 [full_L3_ile0p5_cl0p5_tau0p2_beta0p0_s42] ILE=True(λ=0.5) aug_main=False CL=True(λ=0.5,τ=0.2) negβ=0.0 drop=degree_aware layers=3 epochs=100 steps/epoch=137 device=cuda
14:58:18 | ep   1 |  4.9s | BPR=0.6929 ILE=0.0000 CL=5.5784
14:58:23 | ep   2 |  4.9s | BPR=0.6929 ILE=0.0000 CL=5.5714
14:58:28 | ep   3 |  4.9s | BPR=0.6928 ILE=0.0000 CL=5.5665
14:58:33 | ep   4 |  4.9s | BPR=0.6927 ILE=0.0000 CL=5.5646
14:58:39 | ep   5 |  4.9s | BPR=0.6927 ILE=0.0000 CL=5.5630 | VAL R@10=0.0080 R@20=0.0147 N@10=0.0035 N@20=0.0053 TailR@20=0.0000 Cov@20=0.8480 ARP@20=5.3671 HeadExp=0.4896 MidExp=0.4316 TailExp=0.0789 ⭐best
14:58:43 | ep   6 |  4.9s | BPR=0.6926 ILE=0.0000 CL=5.5634
14:58:48 | ep   7 |  4.9s | BPR=0.6925 ILE=0.0000 CL=5.5631
14:58:53 | ep   8 |  4.9s | BPR=0.6925 ILE=0.0000 CL=5.5611
14:58:58 | ep   9 |  4.9s | BPR=0.6924 ILE=0.0000 CL=5.5606
14:59:04 | ep  10 |  4.9s | BPR=0.6924 ILE=0.0000 CL=5.5604 | VAL R@10=0.0098 R@20=0.0167 N@10=0.0044 N@20=0.0061 TailR@20=0.0000 Cov@20=0.7628 ARP@20=5.5052 HeadExp=0.5347 MidExp=0.4199 TailExp=0.0453 ⭐best
14:59:09 | ep  11 |  4.8s | BPR=0.6923 ILE=0.0000 CL=5.5588
14:59:13 | ep  12 |  4.6s | BPR=0.6922 ILE=0.0000 CL=5.5603
14:59:18 | ep  13 |  4.7s | BPR=0.6921 ILE=0.0000 CL=5.5590
14:59:23 | ep  14 |  4.9s | BPR=0.6921 ILE=0.0000 CL=5.5582
14:59:29 | ep  15 |  4.9s | BPR=0.6920 ILE=0.0000 CL=5.5618 | VAL R@10=0.0094 R@20=0.0184 N@10=0.0044 N@20=0.0067 TailR@20=0.0000 Cov@20=0.7458 ARP@20=5.5323 HeadExp=0.5445 MidExp=0.4167 TailExp=0.0387 ⭐best
14:59:34 | ep  16 |  5.0s | BPR=0.6919 ILE=0.0000 CL=5.5583
14:59:39 | ep  17 |  4.9s | BPR=0.6918 ILE=0.0000 CL=5.5607
14:59:44 | ep  18 |  4.9s | BPR=0.6918 ILE=0.0000 CL=5.5582
14:59:48 | ep  19 |  4.9s | BPR=0.6917 ILE=0.0000 CL=5.5582
14:59:54 | ep  20 |  4.7s | BPR=0.6916 ILE=0.0000 CL=5.5616 | VAL R@10=0.0114 R@20=0.0204 N@10=0.0051 N@20=0.0074 TailR@20=0.0042 Cov@20=0.7416 ARP@20=5.5345 HeadExp=0.5454 MidExp=0.4172 TailExp=0.0374 ⭐best
14:59:59 | ep  21 |  4.9s | BPR=0.6915 ILE=0.0000 CL=5.5570
15:00:04 | ep  22 |  4.9s | BPR=0.6914 ILE=0.0000 CL=5.5580
15:00:09 | ep  23 |  4.7s | BPR=0.6913 ILE=0.0000 CL=5.5599
15:00:13 | ep  24 |  4.9s | BPR=0.6912 ILE=0.0000 CL=5.5594
15:00:19 | ep  25 |  4.7s | BPR=0.6911 ILE=0.0000 CL=5.5580 | VAL R@10=0.0113 R@20=0.0222 N@10=0.0054 N@20=0.0081 TailR@20=0.0063 Cov@20=0.7390 ARP@20=5.5305 HeadExp=0.5451 MidExp=0.4177 TailExp=0.0372 ⭐best
15:00:24 | ep  26 |  4.7s | BPR=0.6910 ILE=0.0000 CL=5.5583
15:00:28 | ep  27 |  4.7s | BPR=0.6908 ILE=0.0000 CL=5.5570
15:00:33 | ep  28 |  4.9s | BPR=0.6907 ILE=0.0000 CL=5.5588
15:00:38 | ep  29 |  4.9s | BPR=0.6906 ILE=0.0000 CL=5.5573
15:00:44 | ep  30 |  4.6s | BPR=0.6904 ILE=0.0000 CL=5.5557 | VAL R@10=0.0124 R@20=0.0229 N@10=0.0061 N@20=0.0087 TailR@20=0.0084 Cov@20=0.7416 ARP@20=5.5241 HeadExp=0.5448 MidExp=0.4165 TailExp=0.0387 ⭐best
15:00:49 | ep  31 |  4.9s | BPR=0.6903 ILE=0.0000 CL=5.5606
15:00:54 | ep  32 |  4.9s | BPR=0.6901 ILE=0.0000 CL=5.5564
15:00:59 | ep  33 |  5.0s | BPR=0.6900 ILE=0.0000 CL=5.5573
15:01:04 | ep  34 |  5.0s | BPR=0.6898 ILE=0.0000 CL=5.5585
15:01:09 | ep  35 |  4.9s | BPR=0.6896 ILE=0.0000 CL=5.5597 | VAL R@10=0.0134 R@20=0.0232 N@10=0.0063 N@20=0.0087 TailR@20=0.0063 Cov@20=0.7538 ARP@20=5.5046 HeadExp=0.5433 MidExp=0.4140 TailExp=0.0428 ⭐best
15:01:14 | ep  36 |  5.0s | BPR=0.6894 ILE=0.0000 CL=5.5576
15:01:19 | ep  37 |  5.0s | BPR=0.6892 ILE=0.0000 CL=5.5585
15:01:24 | ep  38 |  4.9s | BPR=0.6890 ILE=0.0000 CL=5.5591
15:01:29 | ep  39 |  4.9s | BPR=0.6887 ILE=0.0000 CL=5.5586
15:01:35 | ep  40 |  4.9s | BPR=0.6885 ILE=0.0000 CL=5.5606 | VAL R@10=0.0136 R@20=0.0247 N@10=0.0065 N@20=0.0092 TailR@20=0.0063 Cov@20=0.7605 ARP@20=5.4750 HeadExp=0.5421 MidExp=0.4099 TailExp=0.0480 ⭐best
15:01:40 | ep  41 |  4.9s | BPR=0.6882 ILE=0.0000 CL=5.5591
15:01:45 | ep  42 |  4.9s | BPR=0.6879 ILE=0.0000 CL=5.5601
15:01:49 | ep  43 |  4.6s | BPR=0.6876 ILE=0.0000 CL=5.5584
15:01:54 | ep  44 |  4.9s | BPR=0.6872 ILE=0.0000 CL=5.5575
15:02:00 | ep  45 |  4.9s | BPR=0.6868 ILE=0.0000 CL=5.5590 | VAL R@10=0.0146 R@20=0.0268 N@10=0.0069 N@20=0.0099 TailR@20=0.0063 Cov@20=0.7673 ARP@20=5.4363 HeadExp=0.5434 MidExp=0.3988 TailExp=0.0577 ⭐best
15:02:05 | ep  46 |  4.9s | BPR=0.6864 ILE=0.0000 CL=5.5593
15:02:10 | ep  47 |  4.9s | BPR=0.6860 ILE=0.0000 CL=5.5594
15:02:15 | ep  48 |  4.7s | BPR=0.6855 ILE=0.0000 CL=5.5599
15:02:19 | ep  49 |  4.8s | BPR=0.6849 ILE=0.0000 CL=5.5560
15:02:25 | ep  50 |  4.6s | BPR=0.6843 ILE=0.0000 CL=5.5589 | VAL R@10=0.0167 R@20=0.0285 N@10=0.0081 N@20=0.0111 TailR@20=0.0105 Cov@20=0.7784 ARP@20=5.3974 HeadExp=0.5487 MidExp=0.3828 TailExp=0.0684 ⭐best
15:02:30 | ep  51 |  4.7s | BPR=0.6837 ILE=0.0000 CL=5.5570
15:02:35 | ep  52 |  4.9s | BPR=0.6829 ILE=0.0000 CL=5.5590
15:02:40 | ep  53 |  4.9s | BPR=0.6821 ILE=0.0000 CL=5.5603
15:02:45 | ep  54 |  5.0s | BPR=0.6812 ILE=0.0000 CL=5.5613
15:02:50 | ep  55 |  4.9s | BPR=0.6802 ILE=0.0000 CL=5.5617 | VAL R@10=0.0191 R@20=0.0326 N@10=0.0091 N@20=0.0125 TailR@20=0.0105 Cov@20=0.7874 ARP@20=5.3914 HeadExp=0.5643 MidExp=0.3607 TailExp=0.0751 ⭐best
15:02:55 | ep  56 |  5.0s | BPR=0.6791 ILE=0.0000 CL=5.5600
15:03:00 | ep  57 |  5.0s | BPR=0.6778 ILE=0.0000 CL=5.5606
15:03:05 | ep  58 |  4.9s | BPR=0.6763 ILE=0.0000 CL=5.5616
15:03:10 | ep  59 |  4.9s | BPR=0.6747 ILE=0.0000 CL=5.5617
15:03:16 | ep  60 |  5.0s | BPR=0.6729 ILE=0.0000 CL=5.5624 | VAL R@10=0.0252 R@20=0.0398 N@10=0.0122 N@20=0.0158 TailR@20=0.0084 Cov@20=0.7857 ARP@20=5.4261 HeadExp=0.5938 MidExp=0.3286 TailExp=0.0776 ⭐best
15:03:21 | ep  61 |  4.9s | BPR=0.6707 ILE=0.0000 CL=5.5633
15:03:26 | ep  62 |  5.0s | BPR=0.6682 ILE=0.0000 CL=5.5661
15:03:31 | ep  63 |  4.9s | BPR=0.6654 ILE=0.0000 CL=5.5621
15:03:36 | ep  64 |  5.0s | BPR=0.6622 ILE=0.0000 CL=5.5649
15:03:42 | ep  65 |  5.0s | BPR=0.6585 ILE=0.0000 CL=5.5643 | VAL R@10=0.0312 R@20=0.0520 N@10=0.0159 N@20=0.0211 TailR@20=0.0105 Cov@20=0.7809 ARP@20=5.5358 HeadExp=0.6441 MidExp=0.2832 TailExp=0.0728 ⭐best
15:03:47 | ep  66 |  5.0s | BPR=0.6541 ILE=0.0000 CL=5.5668
15:03:52 | ep  67 |  4.9s | BPR=0.6492 ILE=0.0000 CL=5.5677
15:03:57 | ep  68 |  4.9s | BPR=0.6434 ILE=0.0000 CL=5.5716
15:04:01 | ep  69 |  4.9s | BPR=0.6369 ILE=0.0000 CL=5.5712
15:04:07 | ep  70 |  4.9s | BPR=0.6294 ILE=0.0000 CL=5.5764 | VAL R@10=0.0456 R@20=0.0746 N@10=0.0226 N@20=0.0300 TailR@20=0.0168 Cov@20=0.7696 ARP@20=5.7030 HeadExp=0.7099 MidExp=0.2253 TailExp=0.0648 ⭐best
15:04:12 | ep  71 |  4.9s | BPR=0.6209 ILE=0.0001 CL=5.5771
15:04:17 | ep  72 |  4.8s | BPR=0.6111 ILE=0.0001 CL=5.5821
15:04:22 | ep  73 |  4.9s | BPR=0.6006 ILE=0.0002 CL=5.5860
15:04:27 | ep  74 |  4.9s | BPR=0.5882 ILE=0.0004 CL=5.5879
15:04:33 | ep  75 |  4.9s | BPR=0.5753 ILE=0.0005 CL=5.5944 | VAL R@10=0.0600 R@20=0.0960 N@10=0.0292 N@20=0.0382 TailR@20=0.0274 Cov@20=0.7489 ARP@20=5.8860 HeadExp=0.7724 MidExp=0.1710 TailExp=0.0566 ⭐best
15:04:38 | ep  76 |  4.9s | BPR=0.5612 ILE=0.0007 CL=5.5991
15:04:43 | ep  77 |  4.9s | BPR=0.5459 ILE=0.0010 CL=5.6034
15:04:47 | ep  78 |  4.7s | BPR=0.5309 ILE=0.0013 CL=5.6078
15:04:52 | ep  79 |  4.7s | BPR=0.5149 ILE=0.0017 CL=5.6146
15:04:58 | ep  80 |  4.9s | BPR=0.4988 ILE=0.0018 CL=5.6212 | VAL R@10=0.0684 R@20=0.1152 N@10=0.0340 N@20=0.0457 TailR@20=0.0421 Cov@20=0.7328 ARP@20=6.0254 HeadExp=0.8143 MidExp=0.1337 TailExp=0.0520 ⭐best
15:05:03 | ep  81 |  5.0s | BPR=0.4821 ILE=0.0023 CL=5.6266
15:05:08 | ep  82 |  4.9s | BPR=0.4660 ILE=0.0027 CL=5.6292
15:05:12 | ep  83 |  4.8s | BPR=0.4501 ILE=0.0028 CL=5.6355
15:05:17 | ep  84 |  4.9s | BPR=0.4348 ILE=0.0033 CL=5.6399
15:05:23 | ep  85 |  4.9s | BPR=0.4201 ILE=0.0035 CL=5.6434 | VAL R@10=0.0734 R@20=0.1216 N@10=0.0362 N@20=0.0482 TailR@20=0.0547 Cov@20=0.7170 ARP@20=6.1043 HeadExp=0.8340 MidExp=0.1172 TailExp=0.0489 ⭐best
15:05:28 | ep  86 |  4.9s | BPR=0.4065 ILE=0.0038 CL=5.6451
15:05:33 | ep  87 |  5.0s | BPR=0.3929 ILE=0.0039 CL=5.6515
15:05:38 | ep  88 |  5.0s | BPR=0.3809 ILE=0.0039 CL=5.6530
15:05:43 | ep  89 |  5.0s | BPR=0.3678 ILE=0.0042 CL=5.6566
15:05:49 | ep  90 |  5.0s | BPR=0.3566 ILE=0.0040 CL=5.6551 | VAL R@10=0.0781 R@20=0.1231 N@10=0.0382 N@20=0.0495 TailR@20=0.0589 Cov@20=0.7014 ARP@20=6.1421 HeadExp=0.8420 MidExp=0.1116 TailExp=0.0463 ⭐best
15:05:54 | ep  91 |  4.8s | BPR=0.3457 ILE=0.0041 CL=5.6599
15:05:59 | ep  92 |  4.9s | BPR=0.3358 ILE=0.0042 CL=5.6585
15:06:04 | ep  93 |  4.9s | BPR=0.3268 ILE=0.0043 CL=5.6608
15:06:08 | ep  94 |  4.8s | BPR=0.3177 ILE=0.0044 CL=5.6633
15:06:14 | ep  95 |  4.9s | BPR=0.3096 ILE=0.0045 CL=5.6622 | VAL R@10=0.0777 R@20=0.1240 N@10=0.0383 N@20=0.0500 TailR@20=0.0589 Cov@20=0.6954 ARP@20=6.1586 HeadExp=0.8440 MidExp=0.1119 TailExp=0.0442 ⭐best
15:06:19 | ep  96 |  4.9s | BPR=0.3010 ILE=0.0041 CL=5.6616
15:06:24 | ep  97 |  4.9s | BPR=0.2944 ILE=0.0039 CL=5.6632
15:06:29 | ep  98 |  4.9s | BPR=0.2872 ILE=0.0042 CL=5.6677
15:06:34 | ep  99 |  4.9s | BPR=0.2804 ILE=0.0042 CL=5.6637
15:06:40 | ep 100 |  4.9s | BPR=0.2743 ILE=0.0040 CL=5.6678 | VAL R@10=0.0795 R@20=0.1238 N@10=0.0393 N@20=0.0504 TailR@20=0.0589 Cov@20=0.6957 ARP@20=6.1588 HeadExp=0.8428 MidExp=0.1146 TailExp=0.0426 (best 0.1240@95)
15:06:41 | ✅ [full_L3_ile0p5_cl0p5_tau0p2_beta0p0_s42] TEST | R@10=0.0641 R@20=0.1090 N@10=0.0307 N@20=0.0421 TailR@20=0.0243 Cov@20=0.6963 ARP@20=6.1550 HeadExp=0.8430 MidExp=0.1125 TailExp=0.0445
