14:31:50 | 🚀 [full_L3_ile0p1_cl0p5_tau0p2_beta0p5_s42] ILE=True(λ=0.1) aug_main=False CL=True(λ=0.5,τ=0.2) negβ=0.5 drop=degree_aware layers=3 epochs=100 steps/epoch=137 device=cuda
14:31:56 | ep   1 |  5.6s | BPR=0.6929 ILE=0.0000 CL=5.5818
14:32:02 | ep   2 |  5.5s | BPR=0.6928 ILE=0.0000 CL=5.5719
14:32:07 | ep   3 |  5.2s | BPR=0.6928 ILE=0.0000 CL=5.5654
14:32:12 | ep   4 |  5.2s | BPR=0.6927 ILE=0.0000 CL=5.5642
14:32:18 | ep   5 |  5.3s | BPR=0.6926 ILE=0.0000 CL=5.5623 | VAL R@10=0.0083 R@20=0.0149 N@10=0.0037 N@20=0.0054 TailR@20=0.0000 Cov@20=0.8426 ARP@20=5.3612 HeadExp=0.4868 MidExp=0.4327 TailExp=0.0805 ⭐best
14:32:24 | ep   6 |  5.4s | BPR=0.6926 ILE=0.0000 CL=5.5624
14:32:29 | ep   7 |  5.3s | BPR=0.6925 ILE=0.0000 CL=5.5617
14:32:34 | ep   8 |  5.6s | BPR=0.6924 ILE=0.0000 CL=5.5611
14:32:40 | ep   9 |  5.6s | BPR=0.6923 ILE=0.0000 CL=5.5611
14:32:46 | ep  10 |  5.4s | BPR=0.6923 ILE=0.0000 CL=5.5593 | VAL R@10=0.0109 R@20=0.0182 N@10=0.0049 N@20=0.0067 TailR@20=0.0000 Cov@20=0.7622 ARP@20=5.5049 HeadExp=0.5362 MidExp=0.4184 TailExp=0.0454 ⭐best
14:32:52 | ep  11 |  5.5s | BPR=0.6922 ILE=0.0000 CL=5.5606
14:32:57 | ep  12 |  5.5s | BPR=0.6921 ILE=0.0000 CL=5.5622
14:33:03 | ep  13 |  5.6s | BPR=0.6920 ILE=0.0000 CL=5.5594
14:33:09 | ep  14 |  5.6s | BPR=0.6920 ILE=0.0000 CL=5.5588
14:33:15 | ep  15 |  5.6s | BPR=0.6919 ILE=0.0000 CL=5.5607 | VAL R@10=0.0111 R@20=0.0197 N@10=0.0058 N@20=0.0079 TailR@20=0.0000 Cov@20=0.7404 ARP@20=5.5316 HeadExp=0.5453 MidExp=0.4158 TailExp=0.0389 ⭐best
14:33:20 | ep  16 |  5.3s | BPR=0.6918 ILE=0.0000 CL=5.5605
14:33:26 | ep  17 |  5.6s | BPR=0.6917 ILE=0.0000 CL=5.5584
14:33:32 | ep  18 |  5.6s | BPR=0.6916 ILE=0.0000 CL=5.5582
14:33:37 | ep  19 |  5.6s | BPR=0.6915 ILE=0.0000 CL=5.5608
14:33:44 | ep  20 |  5.7s | BPR=0.6914 ILE=0.0000 CL=5.5576 | VAL R@10=0.0128 R@20=0.0215 N@10=0.0062 N@20=0.0084 TailR@20=0.0000 Cov@20=0.7354 ARP@20=5.5426 HeadExp=0.5477 MidExp=0.4155 TailExp=0.0368 ⭐best
14:33:49 | ep  21 |  5.6s | BPR=0.6913 ILE=0.0000 CL=5.5573
14:33:55 | ep  22 |  5.8s | BPR=0.6912 ILE=0.0000 CL=5.5600
14:34:01 | ep  23 |  5.6s | BPR=0.6911 ILE=0.0000 CL=5.5582
14:34:06 | ep  24 |  5.6s | BPR=0.6910 ILE=0.0000 CL=5.5601
14:34:13 | ep  25 |  5.6s | BPR=0.6909 ILE=0.0000 CL=5.5598 | VAL R@10=0.0138 R@20=0.0230 N@10=0.0066 N@20=0.0089 TailR@20=0.0000 Cov@20=0.7328 ARP@20=5.5474 HeadExp=0.5500 MidExp=0.4144 TailExp=0.0356 ⭐best
14:34:18 | ep  26 |  5.5s | BPR=0.6908 ILE=0.0000 CL=5.5599
14:34:24 | ep  27 |  5.6s | BPR=0.6906 ILE=0.0000 CL=5.5584
14:34:30 | ep  28 |  5.5s | BPR=0.6905 ILE=0.0000 CL=5.5608
14:34:35 | ep  29 |  5.6s | BPR=0.6904 ILE=0.0000 CL=5.5606
14:34:42 | ep  30 |  5.6s | BPR=0.6902 ILE=0.0000 CL=5.5577 | VAL R@10=0.0138 R@20=0.0237 N@10=0.0070 N@20=0.0094 TailR@20=0.0042 Cov@20=0.7300 ARP@20=5.5523 HeadExp=0.5524 MidExp=0.4122 TailExp=0.0354 ⭐best
14:34:47 | ep  31 |  5.6s | BPR=0.6900 ILE=0.0000 CL=5.5579
14:34:53 | ep  32 |  5.7s | BPR=0.6899 ILE=0.0000 CL=5.5595
14:34:59 | ep  33 |  5.7s | BPR=0.6897 ILE=0.0000 CL=5.5588
14:35:04 | ep  34 |  5.6s | BPR=0.6895 ILE=0.0000 CL=5.5596
14:35:11 | ep  35 |  5.6s | BPR=0.6893 ILE=0.0000 CL=5.5596 | VAL R@10=0.0139 R@20=0.0259 N@10=0.0072 N@20=0.0102 TailR@20=0.0042 Cov@20=0.7297 ARP@20=5.5604 HeadExp=0.5567 MidExp=0.4081 TailExp=0.0351 ⭐best
14:35:17 | ep  36 |  5.7s | BPR=0.6891 ILE=0.0000 CL=5.5597
14:35:22 | ep  37 |  5.6s | BPR=0.6888 ILE=0.0000 CL=5.5596
14:35:28 | ep  38 |  5.6s | BPR=0.6886 ILE=0.0000 CL=5.5591
14:35:34 | ep  39 |  5.7s | BPR=0.6883 ILE=0.0000 CL=5.5589
14:35:40 | ep  40 |  5.7s | BPR=0.6880 ILE=0.0000 CL=5.5576 | VAL R@10=0.0147 R@20=0.0300 N@10=0.0073 N@20=0.0110 TailR@20=0.0042 Cov@20=0.7303 ARP@20=5.5724 HeadExp=0.5634 MidExp=0.4019 TailExp=0.0347 ⭐best
14:35:46 | ep  41 |  5.6s | BPR=0.6877 ILE=0.0000 CL=5.5583
14:35:51 | ep  42 |  5.7s | BPR=0.6874 ILE=0.0000 CL=5.5580
14:35:57 | ep  43 |  5.6s | BPR=0.6870 ILE=0.0000 CL=5.5577
14:36:03 | ep  44 |  5.5s | BPR=0.6866 ILE=0.0000 CL=5.5600
14:36:09 | ep  45 |  5.3s | BPR=0.6862 ILE=0.0000 CL=5.5603 | VAL R@10=0.0169 R@20=0.0303 N@10=0.0085 N@20=0.0119 TailR@20=0.0042 Cov@20=0.7356 ARP@20=5.5939 HeadExp=0.5737 MidExp=0.3919 TailExp=0.0343 ⭐best
14:36:14 | ep  46 |  5.4s | BPR=0.6857 ILE=0.0000 CL=5.5589
14:36:20 | ep  47 |  5.6s | BPR=0.6852 ILE=0.0000 CL=5.5595
14:36:25 | ep  48 |  5.4s | BPR=0.6846 ILE=0.0000 CL=5.5597
14:36:31 | ep  49 |  5.6s | BPR=0.6840 ILE=0.0000 CL=5.5589
14:36:37 | ep  50 |  5.5s | BPR=0.6833 ILE=0.0000 CL=5.5604 | VAL R@10=0.0197 R@20=0.0350 N@10=0.0100 N@20=0.0138 TailR@20=0.0042 Cov@20=0.7331 ARP@20=5.6245 HeadExp=0.5905 MidExp=0.3759 TailExp=0.0336 ⭐best
14:36:43 | ep  51 |  5.5s | BPR=0.6826 ILE=0.0000 CL=5.5584
14:36:48 | ep  52 |  5.6s | BPR=0.6816 ILE=0.0000 CL=5.5591
14:36:54 | ep  53 |  5.6s | BPR=0.6807 ILE=0.0000 CL=5.5604
14:37:00 | ep  54 |  5.6s | BPR=0.6797 ILE=0.0000 CL=5.5597
14:37:06 | ep  55 |  5.6s | BPR=0.6784 ILE=0.0000 CL=5.5594 | VAL R@10=0.0249 R@20=0.0421 N@10=0.0126 N@20=0.0170 TailR@20=0.0063 Cov@20=0.7308 ARP@20=5.6719 HeadExp=0.6151 MidExp=0.3524 TailExp=0.0325 ⭐best
14:37:12 | ep  56 |  5.6s | BPR=0.6771 ILE=0.0000 CL=5.5624
14:37:17 | ep  57 |  5.6s | BPR=0.6754 ILE=0.0000 CL=5.5605
14:37:23 | ep  58 |  5.5s | BPR=0.6737 ILE=0.0000 CL=5.5610
14:37:28 | ep  59 |  5.4s | BPR=0.6717 ILE=0.0000 CL=5.5606
14:37:35 | ep  60 |  5.5s | BPR=0.6696 ILE=0.0000 CL=5.5639 | VAL R@10=0.0315 R@20=0.0549 N@10=0.0156 N@20=0.0215 TailR@20=0.0126 Cov@20=0.7288 ARP@20=5.7519 HeadExp=0.6546 MidExp=0.3142 TailExp=0.0311 ⭐best
14:37:40 | ep  61 |  5.6s | BPR=0.6671 ILE=0.0000 CL=5.5644
14:37:46 | ep  62 |  5.6s | BPR=0.6640 ILE=0.0000 CL=5.5642
14:37:51 | ep  63 |  5.6s | BPR=0.6606 ILE=0.0000 CL=5.5666
14:37:57 | ep  64 |  5.6s | BPR=0.6566 ILE=0.0000 CL=5.5667
14:38:04 | ep  65 |  5.6s | BPR=0.6524 ILE=0.0000 CL=5.5661 | VAL R@10=0.0433 R@20=0.0673 N@10=0.0220 N@20=0.0280 TailR@20=0.0168 Cov@20=0.7096 ARP@20=5.8713 HeadExp=0.7071 MidExp=0.2655 TailExp=0.0274 ⭐best
14:38:09 | ep  66 |  5.6s | BPR=0.6474 ILE=0.0000 CL=5.5659
14:38:15 | ep  67 |  5.6s | BPR=0.6416 ILE=0.0000 CL=5.5702
14:38:20 | ep  68 |  5.3s | BPR=0.6351 ILE=0.0000 CL=5.5722
14:38:26 | ep  69 |  5.5s | BPR=0.6280 ILE=0.0000 CL=5.5758
14:38:32 | ep  70 |  5.6s | BPR=0.6196 ILE=0.0000 CL=5.5747 | VAL R@10=0.0580 R@20=0.0887 N@10=0.0283 N@20=0.0360 TailR@20=0.0211 Cov@20=0.6881 ARP@20=6.0076 HeadExp=0.7643 MidExp=0.2127 TailExp=0.0230 ⭐best
14:38:38 | ep  71 |  5.6s | BPR=0.6106 ILE=0.0000 CL=5.5792
14:38:43 | ep  72 |  5.6s | BPR=0.6009 ILE=0.0000 CL=5.5830
14:38:49 | ep  73 |  5.6s | BPR=0.5900 ILE=0.0001 CL=5.5831
14:38:54 | ep  74 |  5.6s | BPR=0.5788 ILE=0.0001 CL=5.5871
14:39:01 | ep  75 |  5.6s | BPR=0.5665 ILE=0.0002 CL=5.5894 | VAL R@10=0.0666 R@20=0.1076 N@10=0.0328 N@20=0.0431 TailR@20=0.0232 Cov@20=0.6533 ARP@20=6.1366 HeadExp=0.8137 MidExp=0.1684 TailExp=0.0179 ⭐best
14:39:07 | ep  76 |  5.6s | BPR=0.5541 ILE=0.0003 CL=5.5948
14:39:12 | ep  77 |  5.4s | BPR=0.5410 ILE=0.0004 CL=5.5999
14:39:18 | ep  78 |  5.5s | BPR=0.5275 ILE=0.0004 CL=5.6031
14:39:23 | ep  79 |  5.6s | BPR=0.5140 ILE=0.0006 CL=5.6092
14:39:30 | ep  80 |  5.6s | BPR=0.5012 ILE=0.0007 CL=5.6103 | VAL R@10=0.0741 R@20=0.1183 N@10=0.0359 N@20=0.0470 TailR@20=0.0253 Cov@20=0.6255 ARP@20=6.2138 HeadExp=0.8419 MidExp=0.1430 TailExp=0.0150 ⭐best
14:39:35 | ep  81 |  5.6s | BPR=0.4884 ILE=0.0008 CL=5.6138
14:39:41 | ep  82 |  5.6s | BPR=0.4757 ILE=0.0010 CL=5.6185
14:39:46 | ep  83 |  5.5s | BPR=0.4628 ILE=0.0012 CL=5.6214
14:39:52 | ep  84 |  5.7s | BPR=0.4510 ILE=0.0013 CL=5.6235
14:39:58 | ep  85 |  5.4s | BPR=0.4394 ILE=0.0016 CL=5.6269 | VAL R@10=0.0782 R@20=0.1211 N@10=0.0377 N@20=0.0486 TailR@20=0.0295 Cov@20=0.6111 ARP@20=6.2396 HeadExp=0.8514 MidExp=0.1341 TailExp=0.0146 ⭐best
14:40:04 | ep  86 |  5.3s | BPR=0.4290 ILE=0.0016 CL=5.6299
14:40:09 | ep  87 |  5.5s | BPR=0.4180 ILE=0.0018 CL=5.6307
14:40:15 | ep  88 |  5.6s | BPR=0.4081 ILE=0.0019 CL=5.6312
14:40:21 | ep  89 |  5.6s | BPR=0.3982 ILE=0.0020 CL=5.6324
14:40:27 | ep  90 |  5.6s | BPR=0.3903 ILE=0.0020 CL=5.6365 | VAL R@10=0.0800 R@20=0.1260 N@10=0.0387 N@20=0.0503 TailR@20=0.0316 Cov@20=0.6032 ARP@20=6.2404 HeadExp=0.8524 MidExp=0.1333 TailExp=0.0143 ⭐best
14:40:33 | ep  91 |  5.6s | BPR=0.3814 ILE=0.0022 CL=5.6363
14:40:38 | ep  92 |  5.7s | BPR=0.3730 ILE=0.0025 CL=5.6397
14:40:44 | ep  93 |  5.7s | BPR=0.3658 ILE=0.0022 CL=5.6388
14:40:50 | ep  94 |  5.6s | BPR=0.3590 ILE=0.0024 CL=5.6393
14:40:56 | ep  95 |  5.6s | BPR=0.3521 ILE=0.0023 CL=5.6388 | VAL R@10=0.0800 R@20=0.1278 N@10=0.0389 N@20=0.0510 TailR@20=0.0337 Cov@20=0.6066 ARP@20=6.2237 HeadExp=0.8473 MidExp=0.1376 TailExp=0.0151 ⭐best
14:41:02 | ep  96 |  5.7s | BPR=0.3454 ILE=0.0023 CL=5.6422
14:41:07 | ep  97 |  5.7s | BPR=0.3400 ILE=0.0023 CL=5.6398
14:41:13 | ep  98 |  5.7s | BPR=0.3342 ILE=0.0023 CL=5.6415
14:41:19 | ep  99 |  5.6s | BPR=0.3291 ILE=0.0022 CL=5.6414
14:41:25 | ep 100 |  5.5s | BPR=0.3235 ILE=0.0023 CL=5.6425 | VAL R@10=0.0805 R@20=0.1291 N@10=0.0388 N@20=0.0511 TailR@20=0.0337 Cov@20=0.6131 ARP@20=6.2054 HeadExp=0.8410 MidExp=0.1431 TailExp=0.0159 ⭐best
14:41:26 | ✅ [full_L3_ile0p1_cl0p5_tau0p2_beta0p5_s42] TEST | R@10=0.0686 R@20=0.1148 N@10=0.0335 N@20=0.0451 TailR@20=0.0150 Cov@20=0.6148 ARP@20=6.2026 HeadExp=0.8404 MidExp=0.1436 TailExp=0.0160
