13:39:37 | 🚀 [full_L2_ile1p0_cl0p1_tau0p2_beta0p0_s42] ILE=True(λ=1.0) aug_main=False CL=True(λ=0.1,τ=0.2) negβ=0.0 drop=degree_aware layers=2 epochs=100 steps/epoch=137 device=cuda
13:39:42 | ep   1 |  4.3s | BPR=0.6925 ILE=0.0000 CL=5.5759
13:39:46 | ep   2 |  4.1s | BPR=0.6916 ILE=0.0000 CL=5.5704
13:39:50 | ep   3 |  4.3s | BPR=0.6901 ILE=0.0000 CL=5.5676
13:39:54 | ep   4 |  4.2s | BPR=0.6880 ILE=0.0000 CL=5.5689
13:39:59 | ep   5 |  4.2s | BPR=0.6848 ILE=0.0000 CL=5.5726 | VAL R@10=0.0388 R@20=0.0621 N@10=0.0189 N@20=0.0248 TailR@20=0.0021 Cov@20=0.8271 ARP@20=5.7915 HeadExp=0.6722 MidExp=0.2837 TailExp=0.0441 ⭐best
13:40:04 | ep   6 |  4.4s | BPR=0.6796 ILE=0.0000 CL=5.5824
13:40:08 | ep   7 |  4.5s | BPR=0.6709 ILE=0.0000 CL=5.6002
13:40:12 | ep   8 |  4.0s | BPR=0.6556 ILE=0.0002 CL=5.6351
13:40:16 | ep   9 |  3.9s | BPR=0.6284 ILE=0.0010 CL=5.7059
13:40:21 | ep  10 |  4.2s | BPR=0.5842 ILE=0.0034 CL=5.8185 | VAL R@10=0.0786 R@20=0.1303 N@10=0.0379 N@20=0.0509 TailR@20=0.0484 Cov@20=0.5882 ARP@20=6.4653 HeadExp=0.8945 MidExp=0.0667 TailExp=0.0388 ⭐best
13:40:25 | ep  11 |  4.2s | BPR=0.5271 ILE=0.0071 CL=5.9456
13:40:30 | ep  12 |  4.3s | BPR=0.4709 ILE=0.0111 CL=6.0471
13:40:34 | ep  13 |  4.4s | BPR=0.4216 ILE=0.0128 CL=6.1175
13:40:38 | ep  14 |  4.4s | BPR=0.3813 ILE=0.0138 CL=6.1632
13:40:44 | ep  15 |  4.3s | BPR=0.3494 ILE=0.0137 CL=6.1917 | VAL R@10=0.0863 R@20=0.1468 N@10=0.0421 N@20=0.0573 TailR@20=0.0568 Cov@20=0.4860 ARP@20=6.5762 HeadExp=0.9121 MidExp=0.0451 TailExp=0.0428 ⭐best
13:40:48 | ep  16 |  4.3s | BPR=0.3228 ILE=0.0128 CL=6.2064
13:40:52 | ep  17 |  4.4s | BPR=0.3012 ILE=0.0130 CL=6.2114
13:40:57 | ep  18 |  4.3s | BPR=0.2834 ILE=0.0120 CL=6.2110
13:41:01 | ep  19 |  4.2s | BPR=0.2690 ILE=0.0118 CL=6.2070
13:41:06 | ep  20 |  4.3s | BPR=0.2559 ILE=0.0113 CL=6.2028 | VAL R@10=0.0913 R@20=0.1490 N@10=0.0441 N@20=0.0586 TailR@20=0.0547 Cov@20=0.4866 ARP@20=6.5764 HeadExp=0.9133 MidExp=0.0485 TailExp=0.0383 ⭐best
13:41:10 | ep  21 |  4.3s | BPR=0.2448 ILE=0.0100 CL=6.1929
13:41:14 | ep  22 |  4.1s | BPR=0.2348 ILE=0.0100 CL=6.1837
13:41:19 | ep  23 |  4.2s | BPR=0.2269 ILE=0.0094 CL=6.1756
13:41:23 | ep  24 |  4.2s | BPR=0.2188 ILE=0.0083 CL=6.1659
13:41:28 | ep  25 |  4.4s | BPR=0.2119 ILE=0.0083 CL=6.1592 | VAL R@10=0.0926 R@20=0.1518 N@10=0.0448 N@20=0.0596 TailR@20=0.0505 Cov@20=0.5016 ARP@20=6.5616 HeadExp=0.9117 MidExp=0.0532 TailExp=0.0351 ⭐best
13:41:33 | ep  26 |  4.4s | BPR=0.2057 ILE=0.0076 CL=6.1478
13:41:37 | ep  27 |  4.4s | BPR=0.1995 ILE=0.0073 CL=6.1395
13:41:41 | ep  28 |  4.3s | BPR=0.1944 ILE=0.0068 CL=6.1303
13:41:46 | ep  29 |  4.3s | BPR=0.1888 ILE=0.0064 CL=6.1215
13:41:51 | ep  30 |  4.3s | BPR=0.1848 ILE=0.0061 CL=6.1100 | VAL R@10=0.0930 R@20=0.1515 N@10=0.0449 N@20=0.0595 TailR@20=0.0484 Cov@20=0.5177 ARP@20=6.5405 HeadExp=0.9083 MidExp=0.0586 TailExp=0.0331 (best 0.1518@25)
13:41:55 | ep  31 |  4.4s | BPR=0.1803 ILE=0.0061 CL=6.1039
13:41:59 | ep  32 |  4.2s | BPR=0.1765 ILE=0.0060 CL=6.0923
13:42:03 | ep  33 |  3.8s | BPR=0.1731 ILE=0.0059 CL=6.0823
13:42:08 | ep  34 |  4.4s | BPR=0.1704 ILE=0.0051 CL=6.0767
13:42:13 | ep  35 |  4.4s | BPR=0.1662 ILE=0.0054 CL=6.0703 | VAL R@10=0.0936 R@20=0.1501 N@10=0.0449 N@20=0.0591 TailR@20=0.0505 Cov@20=0.5347 ARP@20=6.5176 HeadExp=0.9033 MidExp=0.0651 TailExp=0.0315 (best 0.1518@25)
13:42:17 | ep  36 |  4.4s | BPR=0.1637 ILE=0.0049 CL=6.0608
13:42:22 | ep  37 |  4.4s | BPR=0.1608 ILE=0.0047 CL=6.0555
13:42:26 | ep  38 |  4.4s | BPR=0.1571 ILE=0.0048 CL=6.0468
13:42:31 | ep  39 |  4.4s | BPR=0.1553 ILE=0.0043 CL=6.0398
13:42:36 | ep  40 |  4.2s | BPR=0.1533 ILE=0.0041 CL=6.0343 | VAL R@10=0.0943 R@20=0.1490 N@10=0.0447 N@20=0.0583 TailR@20=0.0484 Cov@20=0.5531 ARP@20=6.4930 HeadExp=0.8979 MidExp=0.0716 TailExp=0.0305 (best 0.1518@25)
13:42:40 | ep  41 |  4.0s | BPR=0.1508 ILE=0.0046 CL=6.0249
13:42:44 | ep  42 |  4.4s | BPR=0.1483 ILE=0.0043 CL=6.0202
13:42:49 | ep  43 |  4.4s | BPR=0.1454 ILE=0.0041 CL=6.0132
13:42:53 | ep  44 |  4.4s | BPR=0.1440 ILE=0.0038 CL=6.0078
13:42:58 | ep  45 |  4.0s | BPR=0.1417 ILE=0.0036 CL=6.0034 | VAL R@10=0.0926 R@20=0.1490 N@10=0.0440 N@20=0.0581 TailR@20=0.0463 Cov@20=0.5709 ARP@20=6.4713 HeadExp=0.8932 MidExp=0.0769 TailExp=0.0299 (best 0.1518@25)
13:43:02 | ep  46 |  4.0s | BPR=0.1402 ILE=0.0033 CL=5.9988
13:43:06 | ep  47 |  3.9s | BPR=0.1393 ILE=0.0040 CL=5.9924
13:43:10 | ep  48 |  4.3s | BPR=0.1372 ILE=0.0036 CL=5.9858
13:43:14 | ep  49 |  4.3s | BPR=0.1356 ILE=0.0033 CL=5.9785
13:43:19 | ep  50 |  4.4s | BPR=0.1336 ILE=0.0035 CL=5.9763 | VAL R@10=0.0918 R@20=0.1462 N@10=0.0438 N@20=0.0574 TailR@20=0.0463 Cov@20=0.5851 ARP@20=6.4454 HeadExp=0.8866 MidExp=0.0838 TailExp=0.0296 (best 0.1518@25)
13:43:24 | ep  51 |  4.4s | BPR=0.1321 ILE=0.0034 CL=5.9697
13:43:28 | ep  52 |  4.1s | BPR=0.1308 ILE=0.0028 CL=5.9687
13:43:32 | ep  53 |  3.9s | BPR=0.1291 ILE=0.0031 CL=5.9662
13:43:36 | ep  54 |  4.0s | BPR=0.1277 ILE=0.0029 CL=5.9625
13:43:41 | ep  55 |  4.1s | BPR=0.1266 ILE=0.0031 CL=5.9576 | VAL R@10=0.0907 R@20=0.1462 N@10=0.0428 N@20=0.0567 TailR@20=0.0484 Cov@20=0.6032 ARP@20=6.4251 HeadExp=0.8814 MidExp=0.0896 TailExp=0.0290 (best 0.1518@25)
13:43:45 | ep  56 |  4.4s | BPR=0.1248 ILE=0.0031 CL=5.9519
13:43:50 | ep  57 |  4.4s | BPR=0.1244 ILE=0.0029 CL=5.9492
13:43:54 | ep  58 |  4.4s | BPR=0.1228 ILE=0.0026 CL=5.9466
13:43:58 | ep  59 |  4.4s | BPR=0.1215 ILE=0.0029 CL=5.9414
13:44:04 | ep  60 |  4.4s | BPR=0.1214 ILE=0.0026 CL=5.9378 | VAL R@10=0.0895 R@20=0.1452 N@10=0.0426 N@20=0.0565 TailR@20=0.0484 Cov@20=0.6173 ARP@20=6.4046 HeadExp=0.8756 MidExp=0.0954 TailExp=0.0290 (best 0.1518@25)
13:44:08 | ep  61 |  4.4s | BPR=0.1196 ILE=0.0024 CL=5.9371
13:44:13 | ep  62 |  4.4s | BPR=0.1188 ILE=0.0029 CL=5.9334
13:44:17 | ep  63 |  4.4s | BPR=0.1177 ILE=0.0025 CL=5.9261
13:44:21 | ep  64 |  4.2s | BPR=0.1174 ILE=0.0026 CL=5.9258
13:44:26 | ep  65 |  4.3s | BPR=0.1160 ILE=0.0022 CL=5.9219 | VAL R@10=0.0888 R@20=0.1447 N@10=0.0420 N@20=0.0560 TailR@20=0.0484 Cov@20=0.6306 ARP@20=6.3846 HeadExp=0.8701 MidExp=0.1008 TailExp=0.0291 (best 0.1518@25)
13:44:31 | ep  66 |  4.2s | BPR=0.1145 ILE=0.0026 CL=5.9194
13:44:35 | ep  67 |  4.3s | BPR=0.1143 ILE=0.0022 CL=5.9173
13:44:39 | ep  68 |  3.9s | BPR=0.1131 ILE=0.0021 CL=5.9174
13:44:43 | ep  69 |  4.3s | BPR=0.1126 ILE=0.0026 CL=5.9104
13:44:48 | ep  70 |  4.4s | BPR=0.1120 ILE=0.0021 CL=5.9095 | VAL R@10=0.0887 R@20=0.1439 N@10=0.0420 N@20=0.0558 TailR@20=0.0463 Cov@20=0.6417 ARP@20=6.3655 HeadExp=0.8646 MidExp=0.1063 TailExp=0.0291 (best 0.1518@25)
13:44:53 | ep  71 |  4.4s | BPR=0.1112 ILE=0.0021 CL=5.9062
13:44:57 | ep  72 |  4.3s | BPR=0.1102 ILE=0.0022 CL=5.9064
13:45:01 | ep  73 |  4.4s | BPR=0.1095 ILE=0.0019 CL=5.9052
13:45:06 | ep  74 |  4.4s | BPR=0.1082 ILE=0.0026 CL=5.8989
13:45:11 | ep  75 |  4.3s | BPR=0.1091 ILE=0.0021 CL=5.8961 | VAL R@10=0.0875 R@20=0.1434 N@10=0.0415 N@20=0.0555 TailR@20=0.0484 Cov@20=0.6490 ARP@20=6.3483 HeadExp=0.8590 MidExp=0.1117 TailExp=0.0293 (best 0.1518@25)
13:45:11 | ⏰ early stopping @ epoch 75
13:45:12 | ✅ [full_L2_ile1p0_cl0p1_tau0p2_beta0p0_s42] TEST | R@10=0.0774 R@20=0.1354 N@10=0.0382 N@20=0.0527 TailR@20=0.0374 Cov@20=0.5027 ARP@20=6.5595 HeadExp=0.9113 MidExp=0.0535 TailExp=0.0352
