15:06:41 | 🚀 [full_L3_ile0p5_cl0p5_tau0p2_beta0p5_s42] ILE=True(λ=0.5) aug_main=False CL=True(λ=0.5,τ=0.2) negβ=0.5 drop=degree_aware layers=3 epochs=100 steps/epoch=137 device=cuda
15:06:46 | ep   1 |  5.6s | BPR=0.6929 ILE=0.0000 CL=5.5818
15:06:52 | ep   2 |  5.6s | BPR=0.6928 ILE=0.0000 CL=5.5719
15:06:57 | ep   3 |  5.6s | BPR=0.6928 ILE=0.0000 CL=5.5654
15:07:03 | ep   4 |  5.7s | BPR=0.6927 ILE=0.0000 CL=5.5642
15:07:09 | ep   5 |  5.6s | BPR=0.6926 ILE=0.0000 CL=5.5623 | VAL R@10=0.0083 R@20=0.0149 N@10=0.0037 N@20=0.0054 TailR@20=0.0000 Cov@20=0.8426 ARP@20=5.3613 HeadExp=0.4869 MidExp=0.4327 TailExp=0.0804 ⭐best
15:07:15 | ep   6 |  5.5s | BPR=0.6926 ILE=0.0000 CL=5.5624
15:07:21 | ep   7 |  5.5s | BPR=0.6925 ILE=0.0000 CL=5.5617
15:07:26 | ep   8 |  5.6s | BPR=0.6924 ILE=0.0000 CL=5.5611
15:07:32 | ep   9 |  5.7s | BPR=0.6924 ILE=0.0000 CL=5.5611
15:07:38 | ep  10 |  5.7s | BPR=0.6923 ILE=0.0000 CL=5.5593 | VAL R@10=0.0109 R@20=0.0182 N@10=0.0049 N@20=0.0067 TailR@20=0.0000 Cov@20=0.7622 ARP@20=5.5050 HeadExp=0.5363 MidExp=0.4183 TailExp=0.0454 ⭐best
15:07:44 | ep  11 |  5.6s | BPR=0.6922 ILE=0.0000 CL=5.5606
15:07:50 | ep  12 |  5.6s | BPR=0.6921 ILE=0.0000 CL=5.5622
15:07:55 | ep  13 |  5.6s | BPR=0.6920 ILE=0.0000 CL=5.5594
15:08:01 | ep  14 |  5.6s | BPR=0.6920 ILE=0.0000 CL=5.5588
15:08:07 | ep  15 |  5.6s | BPR=0.6919 ILE=0.0000 CL=5.5607 | VAL R@10=0.0111 R@20=0.0197 N@10=0.0058 N@20=0.0079 TailR@20=0.0000 Cov@20=0.7404 ARP@20=5.5319 HeadExp=0.5454 MidExp=0.4157 TailExp=0.0388 ⭐best
15:08:13 | ep  16 |  5.6s | BPR=0.6918 ILE=0.0000 CL=5.5605
15:08:19 | ep  17 |  5.6s | BPR=0.6917 ILE=0.0000 CL=5.5584
15:08:24 | ep  18 |  5.7s | BPR=0.6916 ILE=0.0000 CL=5.5582
15:08:30 | ep  19 |  5.8s | BPR=0.6915 ILE=0.0000 CL=5.5608
15:08:37 | ep  20 |  5.7s | BPR=0.6914 ILE=0.0000 CL=5.5576 | VAL R@10=0.0128 R@20=0.0215 N@10=0.0062 N@20=0.0084 TailR@20=0.0000 Cov@20=0.7345 ARP@20=5.5431 HeadExp=0.5480 MidExp=0.4154 TailExp=0.0367 ⭐best
15:08:42 | ep  21 |  5.5s | BPR=0.6913 ILE=0.0000 CL=5.5573
15:08:47 | ep  22 |  5.3s | BPR=0.6912 ILE=0.0000 CL=5.5600
15:08:53 | ep  23 |  5.5s | BPR=0.6911 ILE=0.0000 CL=5.5582
15:08:58 | ep  24 |  5.5s | BPR=0.6910 ILE=0.0000 CL=5.5601
15:09:05 | ep  25 |  5.6s | BPR=0.6909 ILE=0.0000 CL=5.5598 | VAL R@10=0.0138 R@20=0.0230 N@10=0.0066 N@20=0.0089 TailR@20=0.0000 Cov@20=0.7322 ARP@20=5.5481 HeadExp=0.5503 MidExp=0.4143 TailExp=0.0354 ⭐best
15:09:11 | ep  26 |  5.6s | BPR=0.6908 ILE=0.0000 CL=5.5599
15:09:16 | ep  27 |  5.6s | BPR=0.6906 ILE=0.0000 CL=5.5584
15:09:22 | ep  28 |  5.6s | BPR=0.6905 ILE=0.0000 CL=5.5608
15:09:27 | ep  29 |  5.6s | BPR=0.6904 ILE=0.0000 CL=5.5606
15:09:34 | ep  30 |  5.6s | BPR=0.6902 ILE=0.0000 CL=5.5577 | VAL R@10=0.0138 R@20=0.0237 N@10=0.0069 N@20=0.0094 TailR@20=0.0042 Cov@20=0.7286 ARP@20=5.5532 HeadExp=0.5528 MidExp=0.4120 TailExp=0.0351 ⭐best
15:09:39 | ep  31 |  5.6s | BPR=0.6900 ILE=0.0000 CL=5.5579
15:09:45 | ep  32 |  5.6s | BPR=0.6899 ILE=0.0000 CL=5.5595
15:09:50 | ep  33 |  5.6s | BPR=0.6897 ILE=0.0000 CL=5.5588
15:09:56 | ep  34 |  5.6s | BPR=0.6895 ILE=0.0000 CL=5.5596
15:10:03 | ep  35 |  5.7s | BPR=0.6893 ILE=0.0000 CL=5.5596 | VAL R@10=0.0139 R@20=0.0259 N@10=0.0072 N@20=0.0102 TailR@20=0.0042 Cov@20=0.7291 ARP@20=5.5619 HeadExp=0.5573 MidExp=0.4079 TailExp=0.0347 ⭐best
15:10:08 | ep  36 |  5.6s | BPR=0.6891 ILE=0.0000 CL=5.5597
15:10:14 | ep  37 |  5.6s | BPR=0.6888 ILE=0.0000 CL=5.5596
15:10:19 | ep  38 |  5.6s | BPR=0.6886 ILE=0.0000 CL=5.5591
15:10:25 | ep  39 |  5.7s | BPR=0.6883 ILE=0.0000 CL=5.5589
15:10:32 | ep  40 |  5.6s | BPR=0.6880 ILE=0.0000 CL=5.5576 | VAL R@10=0.0147 R@20=0.0300 N@10=0.0073 N@20=0.0110 TailR@20=0.0042 Cov@20=0.7291 ARP@20=5.5743 HeadExp=0.5640 MidExp=0.4018 TailExp=0.0341 ⭐best
15:10:37 | ep  41 |  5.6s | BPR=0.6877 ILE=0.0000 CL=5.5583
15:10:43 | ep  42 |  5.6s | BPR=0.6874 ILE=0.0000 CL=5.5580
15:10:48 | ep  43 |  5.6s | BPR=0.6870 ILE=0.0000 CL=5.5577
15:10:54 | ep  44 |  5.6s | BPR=0.6866 ILE=0.0000 CL=5.5600
15:11:01 | ep  45 |  5.6s | BPR=0.6862 ILE=0.0000 CL=5.5603 | VAL R@10=0.0172 R@20=0.0302 N@10=0.0086 N@20=0.0119 TailR@20=0.0042 Cov@20=0.7328 ARP@20=5.5976 HeadExp=0.5750 MidExp=0.3916 TailExp=0.0334 ⭐best
15:11:06 | ep  46 |  5.6s | BPR=0.6857 ILE=0.0000 CL=5.5589
15:11:12 | ep  47 |  5.6s | BPR=0.6852 ILE=0.0000 CL=5.5595
15:11:17 | ep  48 |  5.6s | BPR=0.6846 ILE=0.0000 CL=5.5597
15:11:23 | ep  49 |  5.6s | BPR=0.6840 ILE=0.0000 CL=5.5589
15:11:29 | ep  50 |  5.4s | BPR=0.6833 ILE=0.0000 CL=5.5604 | VAL R@10=0.0197 R@20=0.0350 N@10=0.0100 N@20=0.0138 TailR@20=0.0042 Cov@20=0.7283 ARP@20=5.6299 HeadExp=0.5921 MidExp=0.3757 TailExp=0.0322 ⭐best
15:11:35 | ep  51 |  5.4s | BPR=0.6826 ILE=0.0000 CL=5.5584
15:11:40 | ep  52 |  5.2s | BPR=0.6817 ILE=0.0000 CL=5.5591
15:11:45 | ep  53 |  5.3s | BPR=0.6807 ILE=0.0000 CL=5.5604
15:11:51 | ep  54 |  5.6s | BPR=0.6797 ILE=0.0000 CL=5.5597
15:11:57 | ep  55 |  5.6s | BPR=0.6785 ILE=0.0000 CL=5.5594 | VAL R@10=0.0252 R@20=0.0426 N@10=0.0128 N@20=0.0171 TailR@20=0.0063 Cov@20=0.7240 ARP@20=5.6822 HeadExp=0.6180 MidExp=0.3519 TailExp=0.0300 ⭐best
15:12:03 | ep  56 |  5.2s | BPR=0.6771 ILE=0.0000 CL=5.5624
15:12:08 | ep  57 |  5.5s | BPR=0.6755 ILE=0.0000 CL=5.5605
15:12:13 | ep  58 |  5.4s | BPR=0.6737 ILE=0.0000 CL=5.5610
15:12:19 | ep  59 |  5.6s | BPR=0.6718 ILE=0.0000 CL=5.5607
15:12:25 | ep  60 |  5.3s | BPR=0.6696 ILE=0.0000 CL=5.5639 | VAL R@10=0.0317 R@20=0.0550 N@10=0.0157 N@20=0.0216 TailR@20=0.0105 Cov@20=0.7204 ARP@20=5.7656 HeadExp=0.6583 MidExp=0.3137 TailExp=0.0280 ⭐best
15:12:31 | ep  61 |  5.6s | BPR=0.6671 ILE=0.0000 CL=5.5644
15:12:36 | ep  62 |  5.6s | BPR=0.6640 ILE=0.0000 CL=5.5643
15:12:42 | ep  63 |  5.6s | BPR=0.6606 ILE=0.0000 CL=5.5666
15:12:48 | ep  64 |  5.5s | BPR=0.6567 ILE=0.0000 CL=5.5667
15:12:54 | ep  65 |  5.6s | BPR=0.6524 ILE=0.0000 CL=5.5661 | VAL R@10=0.0429 R@20=0.0676 N@10=0.0219 N@20=0.0281 TailR@20=0.0126 Cov@20=0.7020 ARP@20=5.8847 HeadExp=0.7110 MidExp=0.2647 TailExp=0.0244 ⭐best
15:13:00 | ep  66 |  5.5s | BPR=0.6475 ILE=0.0000 CL=5.5659
15:13:05 | ep  67 |  5.5s | BPR=0.6417 ILE=0.0000 CL=5.5702
15:13:11 | ep  68 |  5.6s | BPR=0.6352 ILE=0.0000 CL=5.5722
15:13:16 | ep  69 |  5.6s | BPR=0.6282 ILE=0.0000 CL=5.5758
15:13:23 | ep  70 |  5.6s | BPR=0.6197 ILE=0.0000 CL=5.5746 | VAL R@10=0.0578 R@20=0.0890 N@10=0.0283 N@20=0.0361 TailR@20=0.0189 Cov@20=0.6819 ARP@20=6.0175 HeadExp=0.7670 MidExp=0.2123 TailExp=0.0207 ⭐best
15:13:28 | ep  71 |  5.6s | BPR=0.6108 ILE=0.0000 CL=5.5792
15:13:34 | ep  72 |  5.6s | BPR=0.6011 ILE=0.0001 CL=5.5829
15:13:40 | ep  73 |  5.7s | BPR=0.5903 ILE=0.0001 CL=5.5829
15:13:45 | ep  74 |  5.7s | BPR=0.5792 ILE=0.0001 CL=5.5869
15:13:52 | ep  75 |  5.6s | BPR=0.5670 ILE=0.0002 CL=5.5891 | VAL R@10=0.0665 R@20=0.1066 N@10=0.0327 N@20=0.0428 TailR@20=0.0232 Cov@20=0.6581 ARP@20=6.1347 HeadExp=0.8125 MidExp=0.1691 TailExp=0.0184 ⭐best
15:13:58 | ep  76 |  5.6s | BPR=0.5546 ILE=0.0002 CL=5.5944
15:14:03 | ep  77 |  5.6s | BPR=0.5417 ILE=0.0003 CL=5.5993
15:14:09 | ep  78 |  5.6s | BPR=0.5282 ILE=0.0003 CL=5.6024
15:14:14 | ep  79 |  5.6s | BPR=0.5149 ILE=0.0004 CL=5.6084
15:14:20 | ep  80 |  5.2s | BPR=0.5022 ILE=0.0005 CL=5.6094 | VAL R@10=0.0739 R@20=0.1172 N@10=0.0358 N@20=0.0467 TailR@20=0.0274 Cov@20=0.6414 ARP@20=6.1999 HeadExp=0.8369 MidExp=0.1447 TailExp=0.0184 ⭐best
15:14:26 | ep  81 |  5.4s | BPR=0.4894 ILE=0.0005 CL=5.6127
15:14:31 | ep  82 |  5.3s | BPR=0.4769 ILE=0.0006 CL=5.6173
15:14:37 | ep  83 |  5.6s | BPR=0.4641 ILE=0.0006 CL=5.6201
15:14:42 | ep  84 |  5.2s | BPR=0.4523 ILE=0.0007 CL=5.6220
15:14:48 | ep  85 |  5.5s | BPR=0.4408 ILE=0.0008 CL=5.6253 | VAL R@10=0.0782 R@20=0.1206 N@10=0.0377 N@20=0.0484 TailR@20=0.0337 Cov@20=0.6326 ARP@20=6.2202 HeadExp=0.8444 MidExp=0.1360 TailExp=0.0196 ⭐best
15:14:54 | ep  86 |  5.6s | BPR=0.4305 ILE=0.0008 CL=5.6282
15:15:00 | ep  87 |  5.6s | BPR=0.4196 ILE=0.0008 CL=5.6290
15:15:05 | ep  88 |  5.6s | BPR=0.4097 ILE=0.0008 CL=5.6295
15:15:11 | ep  89 |  5.4s | BPR=0.3998 ILE=0.0008 CL=5.6306
15:15:17 | ep  90 |  5.5s | BPR=0.3920 ILE=0.0008 CL=5.6348 | VAL R@10=0.0802 R@20=0.1255 N@10=0.0388 N@20=0.0502 TailR@20=0.0337 Cov@20=0.6326 ARP@20=6.2160 HeadExp=0.8435 MidExp=0.1352 TailExp=0.0213 ⭐best
15:15:23 | ep  91 |  5.6s | BPR=0.3831 ILE=0.0009 CL=5.6344
15:15:28 | ep  92 |  5.6s | BPR=0.3747 ILE=0.0010 CL=5.6379
15:15:34 | ep  93 |  5.7s | BPR=0.3676 ILE=0.0008 CL=5.6369
15:15:39 | ep  94 |  5.6s | BPR=0.3607 ILE=0.0009 CL=5.6374
15:15:46 | ep  95 |  5.6s | BPR=0.3538 ILE=0.0008 CL=5.6371 | VAL R@10=0.0799 R@20=0.1271 N@10=0.0389 N@20=0.0508 TailR@20=0.0358 Cov@20=0.6377 ARP@20=6.1987 HeadExp=0.8382 MidExp=0.1394 TailExp=0.0224 ⭐best
15:15:52 | ep  96 |  5.5s | BPR=0.3471 ILE=0.0008 CL=5.6404
15:15:57 | ep  97 |  5.6s | BPR=0.3416 ILE=0.0008 CL=5.6381
15:16:03 | ep  98 |  5.7s | BPR=0.3359 ILE=0.0008 CL=5.6399
15:16:09 | ep  99 |  5.7s | BPR=0.3307 ILE=0.0008 CL=5.6398
15:16:15 | ep 100 |  5.7s | BPR=0.3251 ILE=0.0008 CL=5.6409 | VAL R@10=0.0809 R@20=0.1286 N@10=0.0388 N@20=0.0509 TailR@20=0.0421 Cov@20=0.6434 ARP@20=6.1819 HeadExp=0.8323 MidExp=0.1443 TailExp=0.0234 ⭐best
15:16:16 | ✅ [full_L3_ile0p5_cl0p5_tau0p2_beta0p5_s42] TEST | R@10=0.0688 R@20=0.1135 N@10=0.0334 N@20=0.0447 TailR@20=0.0187 Cov@20=0.6442 ARP@20=6.1790 HeadExp=0.8316 MidExp=0.1449 TailExp=0.0235
