14:41:26 | 🚀 [full_L3_ile0p5_cl0p1_tau0p2_beta0p0_s42] ILE=True(λ=0.5) aug_main=False CL=True(λ=0.1,τ=0.2) negβ=0.0 drop=degree_aware layers=3 epochs=100 steps/epoch=137 device=cuda
14:41:31 | ep   1 |  5.0s | BPR=0.6929 ILE=0.0000 CL=5.5785
14:41:36 | ep   2 |  4.9s | BPR=0.6926 ILE=0.0000 CL=5.5718
14:41:41 | ep   3 |  4.9s | BPR=0.6923 ILE=0.0000 CL=5.5672
14:41:46 | ep   4 |  4.9s | BPR=0.6919 ILE=0.0000 CL=5.5657
14:41:51 | ep   5 |  4.6s | BPR=0.6914 ILE=0.0000 CL=5.5647 | VAL R@10=0.0167 R@20=0.0267 N@10=0.0079 N@20=0.0104 TailR@20=0.0021 Cov@20=0.9069 ARP@20=5.4061 HeadExp=0.5218 MidExp=0.3930 TailExp=0.0852 ⭐best
14:41:56 | ep   6 |  4.8s | BPR=0.6908 ILE=0.0000 CL=5.5657
14:42:01 | ep   7 |  4.9s | BPR=0.6900 ILE=0.0000 CL=5.5663
14:42:06 | ep   8 |  4.9s | BPR=0.6890 ILE=0.0000 CL=5.5657
14:42:11 | ep   9 |  4.9s | BPR=0.6878 ILE=0.0000 CL=5.5671
14:42:17 | ep  10 |  4.7s | BPR=0.6860 ILE=0.0000 CL=5.5695 | VAL R@10=0.0351 R@20=0.0617 N@10=0.0178 N@20=0.0244 TailR@20=0.0147 Cov@20=0.7812 ARP@20=5.7751 HeadExp=0.6630 MidExp=0.2968 TailExp=0.0402 ⭐best
14:42:21 | ep  11 |  4.7s | BPR=0.6834 ILE=0.0000 CL=5.5724
14:42:26 | ep  12 |  4.7s | BPR=0.6797 ILE=0.0000 CL=5.5809
14:42:31 | ep  13 |  4.9s | BPR=0.6741 ILE=0.0000 CL=5.5911
14:42:36 | ep  14 |  4.9s | BPR=0.6652 ILE=0.0001 CL=5.6108
14:42:42 | ep  15 |  4.9s | BPR=0.6508 ILE=0.0004 CL=5.6521 | VAL R@10=0.0733 R@20=0.1158 N@10=0.0351 N@20=0.0459 TailR@20=0.0379 Cov@20=0.7076 ARP@20=6.2447 HeadExp=0.8506 MidExp=0.1085 TailExp=0.0409 ⭐best
14:42:47 | ep  16 |  5.0s | BPR=0.6270 ILE=0.0013 CL=5.7172
14:42:52 | ep  17 |  4.9s | BPR=0.5891 ILE=0.0043 CL=5.8297
14:42:57 | ep  18 |  4.9s | BPR=0.5389 ILE=0.0103 CL=5.9641
14:43:01 | ep  19 |  4.9s | BPR=0.4862 ILE=0.0181 CL=6.0839
14:43:07 | ep  20 |  4.9s | BPR=0.4387 ILE=0.0244 CL=6.1691 | VAL R@10=0.0870 R@20=0.1437 N@10=0.0426 N@20=0.0568 TailR@20=0.0547 Cov@20=0.5228 ARP@20=6.6072 HeadExp=0.9195 MidExp=0.0396 TailExp=0.0409 ⭐best
14:43:12 | ep  21 |  4.9s | BPR=0.3989 ILE=0.0276 CL=6.2205
14:43:17 | ep  22 |  4.9s | BPR=0.3658 ILE=0.0296 CL=6.2526
14:43:22 | ep  23 |  4.9s | BPR=0.3399 ILE=0.0302 CL=6.2704
14:43:27 | ep  24 |  4.9s | BPR=0.3175 ILE=0.0288 CL=6.2790
14:43:33 | ep  25 |  5.0s | BPR=0.2988 ILE=0.0286 CL=6.2849 | VAL R@10=0.0921 R@20=0.1480 N@10=0.0439 N@20=0.0580 TailR@20=0.0526 Cov@20=0.4690 ARP@20=6.6349 HeadExp=0.9312 MidExp=0.0387 TailExp=0.0301 ⭐best
14:43:38 | ep  26 |  4.9s | BPR=0.2834 ILE=0.0272 CL=6.2799
14:43:43 | ep  27 |  4.9s | BPR=0.2697 ILE=0.0261 CL=6.2757
14:43:48 | ep  28 |  4.9s | BPR=0.2584 ILE=0.0247 CL=6.2683
14:43:53 | ep  29 |  4.9s | BPR=0.2474 ILE=0.0233 CL=6.2611
14:43:58 | ep  30 |  5.0s | BPR=0.2391 ILE=0.0224 CL=6.2472 | VAL R@10=0.0923 R@20=0.1548 N@10=0.0445 N@20=0.0602 TailR@20=0.0526 Cov@20=0.4673 ARP@20=6.6173 HeadExp=0.9311 MidExp=0.0426 TailExp=0.0263 ⭐best
14:44:03 | ep  31 |  4.9s | BPR=0.2310 ILE=0.0215 CL=6.2411
14:44:08 | ep  32 |  5.0s | BPR=0.2239 ILE=0.0211 CL=6.2281
14:44:13 | ep  33 |  4.9s | BPR=0.2176 ILE=0.0203 CL=6.2167
14:44:18 | ep  34 |  5.0s | BPR=0.2124 ILE=0.0185 CL=6.2085
14:44:24 | ep  35 |  4.9s | BPR=0.2060 ILE=0.0186 CL=6.2000 | VAL R@10=0.0921 R@20=0.1566 N@10=0.0446 N@20=0.0608 TailR@20=0.0484 Cov@20=0.4752 ARP@20=6.5953 HeadExp=0.9278 MidExp=0.0473 TailExp=0.0249 ⭐best
14:44:29 | ep  36 |  5.0s | BPR=0.2016 ILE=0.0175 CL=6.1880
14:44:34 | ep  37 |  4.9s | BPR=0.1970 ILE=0.0165 CL=6.1795
14:44:39 | ep  38 |  5.0s | BPR=0.1919 ILE=0.0164 CL=6.1687
14:44:44 | ep  39 |  5.0s | BPR=0.1887 ILE=0.0151 CL=6.1594
14:44:50 | ep  40 |  4.9s | BPR=0.1856 ILE=0.0145 CL=6.1507 | VAL R@10=0.0945 R@20=0.1571 N@10=0.0454 N@20=0.0610 TailR@20=0.0505 Cov@20=0.4902 ARP@20=6.5698 HeadExp=0.9233 MidExp=0.0525 TailExp=0.0242 ⭐best
14:44:55 | ep  41 |  5.0s | BPR=0.1818 ILE=0.0152 CL=6.1393
14:45:00 | ep  42 |  4.9s | BPR=0.1782 ILE=0.0144 CL=6.1336
14:45:05 | ep  43 |  4.9s | BPR=0.1745 ILE=0.0138 CL=6.1243
14:45:10 | ep  44 |  4.8s | BPR=0.1720 ILE=0.0129 CL=6.1157
14:45:15 | ep  45 |  4.9s | BPR=0.1689 ILE=0.0123 CL=6.1089 | VAL R@10=0.0938 R@20=0.1551 N@10=0.0455 N@20=0.0608 TailR@20=0.0484 Cov@20=0.5050 ARP@20=6.5468 HeadExp=0.9183 MidExp=0.0579 TailExp=0.0238 (best 0.1571@40)
14:45:20 | ep  46 |  4.9s | BPR=0.1667 ILE=0.0116 CL=6.1018
14:45:25 | ep  47 |  4.9s | BPR=0.1652 ILE=0.0125 CL=6.0931
14:45:30 | ep  48 |  4.9s | BPR=0.1622 ILE=0.0117 CL=6.0859
14:45:35 | ep  49 |  4.9s | BPR=0.1600 ILE=0.0109 CL=6.0767
14:45:41 | ep  50 |  4.9s | BPR=0.1574 ILE=0.0111 CL=6.0722 | VAL R@10=0.0923 R@20=0.1545 N@10=0.0448 N@20=0.0604 TailR@20=0.0442 Cov@20=0.5163 ARP@20=6.5218 HeadExp=0.9127 MidExp=0.0634 TailExp=0.0239 (best 0.1571@40)
14:45:46 | ep  51 |  4.7s | BPR=0.1553 ILE=0.0107 CL=6.0638
14:45:50 | ep  52 |  4.6s | BPR=0.1535 ILE=0.0095 CL=6.0613
14:45:55 | ep  53 |  4.8s | BPR=0.1514 ILE=0.0097 CL=6.0569
14:45:59 | ep  54 |  4.6s | BPR=0.1495 ILE=0.0093 CL=6.0515
14:46:05 | ep  55 |  4.6s | BPR=0.1479 ILE=0.0096 CL=6.0449 | VAL R@10=0.0918 R@20=0.1530 N@10=0.0441 N@20=0.0595 TailR@20=0.0463 Cov@20=0.5296 ARP@20=6.4981 HeadExp=0.9069 MidExp=0.0689 TailExp=0.0242 (best 0.1571@40)
14:46:10 | ep  56 |  4.9s | BPR=0.1457 ILE=0.0094 CL=6.0384
14:46:15 | ep  57 |  4.9s | BPR=0.1448 ILE=0.0090 CL=6.0337
14:46:20 | ep  58 |  4.9s | BPR=0.1429 ILE=0.0083 CL=6.0296
14:46:25 | ep  59 |  4.9s | BPR=0.1413 ILE=0.0088 CL=6.0225
14:46:30 | ep  60 |  5.0s | BPR=0.1406 ILE=0.0082 CL=6.0180 | VAL R@10=0.0925 R@20=0.1521 N@10=0.0441 N@20=0.0590 TailR@20=0.0463 Cov@20=0.5502 ARP@20=6.4780 HeadExp=0.9017 MidExp=0.0740 TailExp=0.0243 (best 0.1571@40)
14:46:35 | ep  61 |  4.9s | BPR=0.1386 ILE=0.0076 CL=6.0164
14:46:40 | ep  62 |  4.9s | BPR=0.1374 ILE=0.0085 CL=6.0104
14:46:45 | ep  63 |  5.0s | BPR=0.1360 ILE=0.0076 CL=6.0026
14:46:50 | ep  64 |  4.9s | BPR=0.1352 ILE=0.0079 CL=6.0010
14:46:56 | ep  65 |  4.9s | BPR=0.1337 ILE=0.0070 CL=5.9955 | VAL R@10=0.0908 R@20=0.1523 N@10=0.0436 N@20=0.0591 TailR@20=0.0484 Cov@20=0.5618 ARP@20=6.4563 HeadExp=0.8960 MidExp=0.0795 TailExp=0.0244 (best 0.1571@40)
14:47:01 | ep  66 |  5.0s | BPR=0.1321 ILE=0.0075 CL=5.9920
14:47:06 | ep  67 |  5.0s | BPR=0.1314 ILE=0.0070 CL=5.9892
14:47:11 | ep  68 |  5.0s | BPR=0.1301 ILE=0.0065 CL=5.9874
14:47:16 | ep  69 |  4.9s | BPR=0.1295 ILE=0.0073 CL=5.9795
14:47:22 | ep  70 |  5.0s | BPR=0.1284 ILE=0.0064 CL=5.9773 | VAL R@10=0.0908 R@20=0.1526 N@10=0.0433 N@20=0.0588 TailR@20=0.0484 Cov@20=0.5749 ARP@20=6.4359 HeadExp=0.8908 MidExp=0.0844 TailExp=0.0248 (best 0.1571@40)
14:47:27 | ep  71 |  4.9s | BPR=0.1272 ILE=0.0063 CL=5.9737
14:47:32 | ep  72 |  4.9s | BPR=0.1261 ILE=0.0064 CL=5.9726
14:47:37 | ep  73 |  4.9s | BPR=0.1252 ILE=0.0058 CL=5.9708
14:47:42 | ep  74 |  4.9s | BPR=0.1239 ILE=0.0069 CL=5.9634
14:47:47 | ep  75 |  4.9s | BPR=0.1243 ILE=0.0063 CL=5.9601 | VAL R@10=0.0887 R@20=0.1520 N@10=0.0423 N@20=0.0583 TailR@20=0.0505 Cov@20=0.5885 ARP@20=6.4189 HeadExp=0.8853 MidExp=0.0897 TailExp=0.0251 (best 0.1571@40)
14:47:52 | ep  76 |  4.9s | BPR=0.1224 ILE=0.0062 CL=5.9577
14:47:57 | ep  77 |  4.9s | BPR=0.1211 ILE=0.0057 CL=5.9551
14:48:02 | ep  78 |  4.9s | BPR=0.1214 ILE=0.0062 CL=5.9509
14:48:07 | ep  79 |  4.9s | BPR=0.1208 ILE=0.0060 CL=5.9488
14:48:13 | ep  80 |  4.9s | BPR=0.1198 ILE=0.0052 CL=5.9483 | VAL R@10=0.0877 R@20=0.1503 N@10=0.0419 N@20=0.0577 TailR@20=0.0547 Cov@20=0.6029 ARP@20=6.4012 HeadExp=0.8801 MidExp=0.0945 TailExp=0.0254 (best 0.1571@40)
14:48:18 | ep  81 |  5.0s | BPR=0.1185 ILE=0.0053 CL=5.9452
14:48:23 | ep  82 |  4.9s | BPR=0.1177 ILE=0.0058 CL=5.9402
14:48:28 | ep  83 |  4.9s | BPR=0.1162 ILE=0.0052 CL=5.9401
14:48:33 | ep  84 |  4.9s | BPR=0.1165 ILE=0.0050 CL=5.9383
14:48:38 | ep  85 |  4.9s | BPR=0.1159 ILE=0.0049 CL=5.9337 | VAL R@10=0.0888 R@20=0.1498 N@10=0.0425 N@20=0.0578 TailR@20=0.0484 Cov@20=0.6111 ARP@20=6.3856 HeadExp=0.8755 MidExp=0.0989 TailExp=0.0257 (best 0.1571@40)
14:48:43 | ep  86 |  4.9s | BPR=0.1153 ILE=0.0055 CL=5.9308
14:48:48 | ep  87 |  5.0s | BPR=0.1144 ILE=0.0050 CL=5.9315
14:48:53 | ep  88 |  4.9s | BPR=0.1149 ILE=0.0049 CL=5.9275
14:48:58 | ep  89 |  4.9s | BPR=0.1133 ILE=0.0051 CL=5.9256
14:49:04 | ep  90 |  4.9s | BPR=0.1126 ILE=0.0047 CL=5.9217 | VAL R@10=0.0900 R@20=0.1493 N@10=0.0430 N@20=0.0579 TailR@20=0.0547 Cov@20=0.6275 ARP@20=6.3694 HeadExp=0.8706 MidExp=0.1031 TailExp=0.0262 (best 0.1571@40)
14:49:04 | ⏰ early stopping @ epoch 90
14:49:05 | ✅ [full_L3_ile0p5_cl0p1_tau0p2_beta0p0_s42] TEST | R@10=0.0810 R@20=0.1369 N@10=0.0391 N@20=0.0531 TailR@20=0.0243 Cov@20=0.4914 ARP@20=6.5674 HeadExp=0.9228 MidExp=0.0529 TailExp=0.0243
