14:15:14 | 🚀 [full_L3_ile0p1_cl0p1_tau0p2_beta0p5_s42] ILE=True(λ=0.1) aug_main=False CL=True(λ=0.1,τ=0.2) negβ=0.5 drop=degree_aware layers=3 epochs=100 steps/epoch=137 device=cuda
14:15:19 | ep   1 |  5.6s | BPR=0.6928 ILE=0.0000 CL=5.5819
14:15:25 | ep   2 |  5.6s | BPR=0.6926 ILE=0.0000 CL=5.5724
14:15:31 | ep   3 |  5.6s | BPR=0.6922 ILE=0.0000 CL=5.5662
14:15:36 | ep   4 |  5.4s | BPR=0.6917 ILE=0.0000 CL=5.5654
14:15:42 | ep   5 |  5.7s | BPR=0.6912 ILE=0.0000 CL=5.5641 | VAL R@10=0.0166 R@20=0.0270 N@10=0.0082 N@20=0.0108 TailR@20=0.0000 Cov@20=0.8701 ARP@20=5.4297 HeadExp=0.5269 MidExp=0.3896 TailExp=0.0835 ⭐best
14:15:48 | ep   6 |  5.6s | BPR=0.6905 ILE=0.0000 CL=5.5650
14:15:54 | ep   7 |  5.6s | BPR=0.6897 ILE=0.0000 CL=5.5653
14:15:59 | ep   8 |  5.6s | BPR=0.6887 ILE=0.0000 CL=5.5662
14:16:05 | ep   9 |  5.6s | BPR=0.6873 ILE=0.0000 CL=5.5681
14:16:12 | ep  10 |  5.7s | BPR=0.6853 ILE=0.0000 CL=5.5693 | VAL R@10=0.0394 R@20=0.0648 N@10=0.0197 N@20=0.0260 TailR@20=0.0105 Cov@20=0.7577 ARP@20=5.8321 HeadExp=0.6866 MidExp=0.2760 TailExp=0.0375 ⭐best
14:16:17 | ep  11 |  5.6s | BPR=0.6826 ILE=0.0000 CL=5.5748
14:16:23 | ep  12 |  5.6s | BPR=0.6788 ILE=0.0000 CL=5.5829
14:16:28 | ep  13 |  5.6s | BPR=0.6733 ILE=0.0000 CL=5.5904
14:16:34 | ep  14 |  5.7s | BPR=0.6652 ILE=0.0000 CL=5.6053
14:16:41 | ep  15 |  5.6s | BPR=0.6533 ILE=0.0001 CL=5.6320 | VAL R@10=0.0746 R@20=0.1220 N@10=0.0360 N@20=0.0479 TailR@20=0.0274 Cov@20=0.6063 ARP@20=6.2985 HeadExp=0.8639 MidExp=0.1161 TailExp=0.0199 ⭐best
14:16:46 | ep  16 |  5.6s | BPR=0.6366 ILE=0.0002 CL=5.6688
14:16:52 | ep  17 |  5.4s | BPR=0.6132 ILE=0.0007 CL=5.7204
14:16:57 | ep  18 |  5.7s | BPR=0.5830 ILE=0.0019 CL=5.7911
14:17:03 | ep  19 |  5.6s | BPR=0.5473 ILE=0.0041 CL=5.8752
14:17:09 | ep  20 |  5.6s | BPR=0.5100 ILE=0.0074 CL=5.9530 | VAL R@10=0.0845 R@20=0.1430 N@10=0.0411 N@20=0.0557 TailR@20=0.0316 Cov@20=0.4543 ARP@20=6.6081 HeadExp=0.9335 MidExp=0.0548 TailExp=0.0117 ⭐best
14:17:15 | ep  21 |  5.6s | BPR=0.4750 ILE=0.0110 CL=6.0188
14:17:21 | ep  22 |  5.6s | BPR=0.4439 ILE=0.0147 CL=6.0670
14:17:26 | ep  23 |  5.2s | BPR=0.4179 ILE=0.0178 CL=6.0942
14:17:31 | ep  24 |  5.4s | BPR=0.3962 ILE=0.0182 CL=6.1124
14:17:38 | ep  25 |  5.3s | BPR=0.3780 ILE=0.0197 CL=6.1210 | VAL R@10=0.0903 R@20=0.1506 N@10=0.0430 N@20=0.0581 TailR@20=0.0358 Cov@20=0.4331 ARP@20=6.5987 HeadExp=0.9348 MidExp=0.0549 TailExp=0.0103 ⭐best
14:17:43 | ep  26 |  5.6s | BPR=0.3625 ILE=0.0205 CL=6.1226
14:17:49 | ep  27 |  5.5s | BPR=0.3482 ILE=0.0201 CL=6.1200
14:17:54 | ep  28 |  5.5s | BPR=0.3367 ILE=0.0207 CL=6.1164
14:18:00 | ep  29 |  5.3s | BPR=0.3273 ILE=0.0196 CL=6.1083
14:18:06 | ep  30 |  5.4s | BPR=0.3183 ILE=0.0207 CL=6.1002 | VAL R@10=0.0931 R@20=0.1551 N@10=0.0448 N@20=0.0603 TailR@20=0.0337 Cov@20=0.4486 ARP@20=6.5440 HeadExp=0.9257 MidExp=0.0639 TailExp=0.0103 ⭐best
14:18:11 | ep  31 |  5.6s | BPR=0.3100 ILE=0.0187 CL=6.0920
14:18:17 | ep  32 |  5.7s | BPR=0.3030 ILE=0.0188 CL=6.0844
14:18:23 | ep  33 |  5.7s | BPR=0.2967 ILE=0.0181 CL=6.0744
14:18:28 | ep  34 |  5.6s | BPR=0.2905 ILE=0.0168 CL=6.0682
14:18:35 | ep  35 |  5.6s | BPR=0.2845 ILE=0.0169 CL=6.0605 | VAL R@10=0.0933 R@20=0.1608 N@10=0.0451 N@20=0.0619 TailR@20=0.0379 Cov@20=0.4648 ARP@20=6.4966 HeadExp=0.9156 MidExp=0.0738 TailExp=0.0106 ⭐best
14:18:41 | ep  36 |  5.7s | BPR=0.2800 ILE=0.0178 CL=6.0522
14:18:46 | ep  37 |  5.6s | BPR=0.2745 ILE=0.0164 CL=6.0427
14:18:52 | ep  38 |  5.5s | BPR=0.2701 ILE=0.0160 CL=6.0352
14:18:57 | ep  39 |  5.6s | BPR=0.2654 ILE=0.0143 CL=6.0286
14:19:04 | ep  40 |  5.6s | BPR=0.2622 ILE=0.0140 CL=6.0209 | VAL R@10=0.0943 R@20=0.1588 N@10=0.0451 N@20=0.0613 TailR@20=0.0358 Cov@20=0.4911 ARP@20=6.4542 HeadExp=0.9046 MidExp=0.0839 TailExp=0.0116 (best 0.1608@35)
14:19:10 | ep  41 |  5.7s | BPR=0.2582 ILE=0.0141 CL=6.0143
14:19:15 | ep  42 |  5.7s | BPR=0.2552 ILE=0.0132 CL=6.0066
14:19:21 | ep  43 |  5.3s | BPR=0.2509 ILE=0.0137 CL=6.0002
14:19:26 | ep  44 |  5.6s | BPR=0.2486 ILE=0.0126 CL=5.9951
14:19:33 | ep  45 |  5.7s | BPR=0.2457 ILE=0.0125 CL=5.9900 | VAL R@10=0.0943 R@20=0.1556 N@10=0.0449 N@20=0.0604 TailR@20=0.0316 Cov@20=0.5092 ARP@20=6.4157 HeadExp=0.8933 MidExp=0.0939 TailExp=0.0128 (best 0.1608@35)
14:19:38 | ep  46 |  5.7s | BPR=0.2427 ILE=0.0119 CL=5.9820
14:19:44 | ep  47 |  5.4s | BPR=0.2399 ILE=0.0110 CL=5.9775
14:19:49 | ep  48 |  5.2s | BPR=0.2364 ILE=0.0121 CL=5.9726
14:19:54 | ep  49 |  5.2s | BPR=0.2347 ILE=0.0112 CL=5.9671
14:20:01 | ep  50 |  5.7s | BPR=0.2329 ILE=0.0116 CL=5.9632 | VAL R@10=0.0951 R@20=0.1550 N@10=0.0453 N@20=0.0604 TailR@20=0.0358 Cov@20=0.5276 ARP@20=6.3827 HeadExp=0.8827 MidExp=0.1035 TailExp=0.0138 (best 0.1608@35)
14:20:06 | ep  51 |  5.6s | BPR=0.2304 ILE=0.0110 CL=5.9560
14:20:12 | ep  52 |  5.7s | BPR=0.2271 ILE=0.0103 CL=5.9518
14:20:17 | ep  53 |  5.4s | BPR=0.2254 ILE=0.0093 CL=5.9481
14:20:23 | ep  54 |  5.7s | BPR=0.2235 ILE=0.0094 CL=5.9421
14:20:30 | ep  55 |  5.7s | BPR=0.2219 ILE=0.0089 CL=5.9386 | VAL R@10=0.0960 R@20=0.1555 N@10=0.0461 N@20=0.0610 TailR@20=0.0400 Cov@20=0.5466 ARP@20=6.3530 HeadExp=0.8728 MidExp=0.1121 TailExp=0.0151 (best 0.1608@35)
14:20:35 | ep  56 |  5.7s | BPR=0.2201 ILE=0.0087 CL=5.9365
14:20:41 | ep  57 |  5.7s | BPR=0.2178 ILE=0.0085 CL=5.9302
14:20:47 | ep  58 |  5.7s | BPR=0.2163 ILE=0.0084 CL=5.9268
14:20:52 | ep  59 |  5.6s | BPR=0.2148 ILE=0.0077 CL=5.9218
14:20:59 | ep  60 |  5.7s | BPR=0.2138 ILE=0.0083 CL=5.9211 | VAL R@10=0.0979 R@20=0.1543 N@10=0.0460 N@20=0.0601 TailR@20=0.0463 Cov@20=0.5664 ARP@20=6.3227 HeadExp=0.8628 MidExp=0.1208 TailExp=0.0163 (best 0.1608@35)
14:21:05 | ep  61 |  5.7s | BPR=0.2114 ILE=0.0072 CL=5.9182
14:21:10 | ep  62 |  5.6s | BPR=0.2092 ILE=0.0073 CL=5.9148
14:21:16 | ep  63 |  5.6s | BPR=0.2077 ILE=0.0072 CL=5.9111
14:21:21 | ep  64 |  5.6s | BPR=0.2062 ILE=0.0070 CL=5.9071
14:21:28 | ep  65 |  5.7s | BPR=0.2055 ILE=0.0078 CL=5.9014 | VAL R@10=0.0958 R@20=0.1551 N@10=0.0453 N@20=0.0601 TailR@20=0.0484 Cov@20=0.5800 ARP@20=6.2945 HeadExp=0.8525 MidExp=0.1297 TailExp=0.0177 (best 0.1608@35)
14:21:34 | ep  66 |  5.6s | BPR=0.2048 ILE=0.0072 CL=5.8977
14:21:39 | ep  67 |  5.6s | BPR=0.2028 ILE=0.0064 CL=5.8982
14:21:45 | ep  68 |  5.7s | BPR=0.2014 ILE=0.0063 CL=5.8961
14:21:51 | ep  69 |  5.6s | BPR=0.2011 ILE=0.0069 CL=5.8942
14:21:57 | ep  70 |  5.7s | BPR=0.1992 ILE=0.0066 CL=5.8870 | VAL R@10=0.0958 R@20=0.1526 N@10=0.0452 N@20=0.0595 TailR@20=0.0463 Cov@20=0.6003 ARP@20=6.2695 HeadExp=0.8432 MidExp=0.1379 TailExp=0.0189 (best 0.1608@35)
14:22:03 | ep  71 |  5.7s | BPR=0.1978 ILE=0.0062 CL=5.8870
14:22:09 | ep  72 |  5.7s | BPR=0.1967 ILE=0.0060 CL=5.8847
14:22:14 | ep  73 |  5.4s | BPR=0.1951 ILE=0.0057 CL=5.8799
14:22:19 | ep  74 |  5.3s | BPR=0.1947 ILE=0.0062 CL=5.8786
14:22:25 | ep  75 |  5.4s | BPR=0.1931 ILE=0.0057 CL=5.8742 | VAL R@10=0.0948 R@20=0.1525 N@10=0.0450 N@20=0.0595 TailR@20=0.0484 Cov@20=0.6182 ARP@20=6.2480 HeadExp=0.8350 MidExp=0.1451 TailExp=0.0200 (best 0.1608@35)
14:22:31 | ep  76 |  5.6s | BPR=0.1928 ILE=0.0056 CL=5.8731
14:22:37 | ep  77 |  5.6s | BPR=0.1917 ILE=0.0057 CL=5.8716
14:22:42 | ep  78 |  5.6s | BPR=0.1895 ILE=0.0054 CL=5.8706
14:22:48 | ep  79 |  5.6s | BPR=0.1893 ILE=0.0049 CL=5.8693
14:22:54 | ep  80 |  5.6s | BPR=0.1890 ILE=0.0051 CL=5.8654 | VAL R@10=0.0953 R@20=0.1531 N@10=0.0449 N@20=0.0594 TailR@20=0.0484 Cov@20=0.6292 ARP@20=6.2277 HeadExp=0.8273 MidExp=0.1516 TailExp=0.0211 (best 0.1608@35)
14:23:00 | ep  81 |  5.6s | BPR=0.1887 ILE=0.0045 CL=5.8642
14:23:05 | ep  82 |  5.5s | BPR=0.1876 ILE=0.0049 CL=5.8637
14:23:11 | ep  83 |  5.6s | BPR=0.1857 ILE=0.0050 CL=5.8609
14:23:17 | ep  84 |  5.6s | BPR=0.1856 ILE=0.0045 CL=5.8579
14:23:23 | ep  85 |  5.5s | BPR=0.1839 ILE=0.0046 CL=5.8572 | VAL R@10=0.0953 R@20=0.1513 N@10=0.0448 N@20=0.0588 TailR@20=0.0505 Cov@20=0.6405 ARP@20=6.2067 HeadExp=0.8194 MidExp=0.1584 TailExp=0.0222 (best 0.1608@35)
14:23:23 | ⏰ early stopping @ epoch 85
14:23:24 | ✅ [full_L3_ile0p1_cl0p1_tau0p2_beta0p5_s42] TEST | R@10=0.0794 R@20=0.1387 N@10=0.0388 N@20=0.0537 TailR@20=0.0187 Cov@20=0.4659 ARP@20=6.4944 HeadExp=0.9153 MidExp=0.0741 TailExp=0.0106
