13:52:03 | 🚀 [full_L2_ile1p0_cl0p5_tau0p2_beta0p0_s42] ILE=True(λ=1.0) aug_main=False CL=True(λ=0.5,τ=0.2) negβ=0.0 drop=degree_aware layers=2 epochs=100 steps/epoch=137 device=cuda
13:52:08 | ep   1 |  4.4s | BPR=0.6927 ILE=0.0000 CL=5.5749
13:52:12 | ep   2 |  4.4s | BPR=0.6925 ILE=0.0000 CL=5.5680
13:52:17 | ep   3 |  4.4s | BPR=0.6923 ILE=0.0000 CL=5.5635
13:52:21 | ep   4 |  4.4s | BPR=0.6920 ILE=0.0000 CL=5.5620
13:52:26 | ep   5 |  4.4s | BPR=0.6917 ILE=0.0000 CL=5.5608 | VAL R@10=0.0113 R@20=0.0174 N@10=0.0049 N@20=0.0064 TailR@20=0.0000 Cov@20=0.8432 ARP@20=5.4127 HeadExp=0.5095 MidExp=0.4195 TailExp=0.0710 ⭐best
13:52:31 | ep   6 |  4.4s | BPR=0.6914 ILE=0.0000 CL=5.5612
13:52:35 | ep   7 |  4.5s | BPR=0.6911 ILE=0.0000 CL=5.5610
13:52:40 | ep   8 |  4.4s | BPR=0.6907 ILE=0.0000 CL=5.5593
13:52:44 | ep   9 |  4.3s | BPR=0.6904 ILE=0.0000 CL=5.5589
13:52:48 | ep  10 |  3.9s | BPR=0.6900 ILE=0.0000 CL=5.5587 | VAL R@10=0.0134 R@20=0.0210 N@10=0.0062 N@20=0.0082 TailR@20=0.0000 Cov@20=0.7651 ARP@20=5.5327 HeadExp=0.5493 MidExp=0.4066 TailExp=0.0441 ⭐best
13:52:52 | ep  11 |  3.9s | BPR=0.6895 ILE=0.0000 CL=5.5572
13:52:57 | ep  12 |  4.4s | BPR=0.6890 ILE=0.0000 CL=5.5588
13:53:01 | ep  13 |  4.4s | BPR=0.6884 ILE=0.0000 CL=5.5577
13:53:06 | ep  14 |  4.4s | BPR=0.6878 ILE=0.0000 CL=5.5570
13:53:11 | ep  15 |  4.4s | BPR=0.6871 ILE=0.0000 CL=5.5608 | VAL R@10=0.0157 R@20=0.0290 N@10=0.0075 N@20=0.0108 TailR@20=0.0042 Cov@20=0.7546 ARP@20=5.5714 HeadExp=0.5667 MidExp=0.3941 TailExp=0.0392 ⭐best
13:53:15 | ep  16 |  4.4s | BPR=0.6863 ILE=0.0000 CL=5.5575
13:53:20 | ep  17 |  4.3s | BPR=0.6854 ILE=0.0000 CL=5.5601
13:53:24 | ep  18 |  4.3s | BPR=0.6843 ILE=0.0000 CL=5.5578
13:53:28 | ep  19 |  4.3s | BPR=0.6831 ILE=0.0000 CL=5.5581
13:53:34 | ep  20 |  4.4s | BPR=0.6817 ILE=0.0000 CL=5.5618 | VAL R@10=0.0186 R@20=0.0381 N@10=0.0094 N@20=0.0143 TailR@20=0.0084 Cov@20=0.7716 ARP@20=5.6174 HeadExp=0.5940 MidExp=0.3674 TailExp=0.0386 ⭐best
13:53:38 | ep  21 |  4.4s | BPR=0.6800 ILE=0.0000 CL=5.5578
13:53:42 | ep  22 |  4.3s | BPR=0.6779 ILE=0.0000 CL=5.5592
13:53:46 | ep  23 |  3.8s | BPR=0.6756 ILE=0.0000 CL=5.5618
13:53:50 | ep  24 |  4.1s | BPR=0.6726 ILE=0.0000 CL=5.5620
13:53:55 | ep  25 |  4.1s | BPR=0.6693 ILE=0.0000 CL=5.5616 | VAL R@10=0.0290 R@20=0.0487 N@10=0.0144 N@20=0.0194 TailR@20=0.0147 Cov@20=0.7804 ARP@20=5.7081 HeadExp=0.6454 MidExp=0.3177 TailExp=0.0369 ⭐best
13:54:00 | ep  26 |  4.3s | BPR=0.6651 ILE=0.0000 CL=5.5631
13:54:04 | ep  27 |  4.2s | BPR=0.6599 ILE=0.0000 CL=5.5633
13:54:08 | ep  28 |  4.3s | BPR=0.6537 ILE=0.0000 CL=5.5669
13:54:12 | ep  29 |  4.0s | BPR=0.6461 ILE=0.0000 CL=5.5676
13:54:17 | ep  30 |  3.8s | BPR=0.6368 ILE=0.0000 CL=5.5688 | VAL R@10=0.0452 R@20=0.0731 N@10=0.0226 N@20=0.0296 TailR@20=0.0168 Cov@20=0.7806 ARP@20=5.8617 HeadExp=0.7239 MidExp=0.2391 TailExp=0.0370 ⭐best
13:54:21 | ep  31 |  3.8s | BPR=0.6257 ILE=0.0001 CL=5.5773
13:54:25 | ep  32 |  3.8s | BPR=0.6131 ILE=0.0001 CL=5.5771
13:54:28 | ep  33 |  3.8s | BPR=0.5981 ILE=0.0002 CL=5.5829
13:54:32 | ep  34 |  3.8s | BPR=0.5812 ILE=0.0003 CL=5.5899
13:54:37 | ep  35 |  3.8s | BPR=0.5623 ILE=0.0005 CL=5.5971 | VAL R@10=0.0582 R@20=0.0966 N@10=0.0292 N@20=0.0389 TailR@20=0.0358 Cov@20=0.7634 ARP@20=6.0067 HeadExp=0.7902 MidExp=0.1664 TailExp=0.0434 ⭐best
13:54:41 | ep  36 |  4.1s | BPR=0.5423 ILE=0.0007 CL=5.6018
13:54:45 | ep  37 |  4.3s | BPR=0.5208 ILE=0.0008 CL=5.6097
13:54:49 | ep  38 |  4.0s | BPR=0.4987 ILE=0.0011 CL=5.6168
13:54:53 | ep  39 |  4.1s | BPR=0.4772 ILE=0.0012 CL=5.6230
13:54:58 | ep  40 |  4.0s | BPR=0.4558 ILE=0.0014 CL=5.6309 | VAL R@10=0.0718 R@20=0.1135 N@10=0.0355 N@20=0.0460 TailR@20=0.0463 Cov@20=0.7464 ARP@20=6.0885 HeadExp=0.8192 MidExp=0.1316 TailExp=0.0492 ⭐best
13:55:02 | ep  41 |  4.0s | BPR=0.4358 ILE=0.0016 CL=5.6348
13:55:06 | ep  42 |  4.0s | BPR=0.4165 ILE=0.0016 CL=5.6407
13:55:11 | ep  43 |  4.3s | BPR=0.3979 ILE=0.0017 CL=5.6433
13:55:15 | ep  44 |  4.3s | BPR=0.3813 ILE=0.0017 CL=5.6463
13:55:20 | ep  45 |  4.4s | BPR=0.3651 ILE=0.0017 CL=5.6506 | VAL R@10=0.0751 R@20=0.1211 N@10=0.0373 N@20=0.0489 TailR@20=0.0526 Cov@20=0.7215 ARP@20=6.1278 HeadExp=0.8304 MidExp=0.1198 TailExp=0.0498 ⭐best
13:55:24 | ep  46 |  4.4s | BPR=0.3512 ILE=0.0017 CL=5.6535
13:55:29 | ep  47 |  4.4s | BPR=0.3380 ILE=0.0020 CL=5.6556
13:55:33 | ep  48 |  4.2s | BPR=0.3253 ILE=0.0018 CL=5.6575
13:55:37 | ep  49 |  4.2s | BPR=0.3137 ILE=0.0017 CL=5.6554
13:55:43 | ep  50 |  4.3s | BPR=0.3029 ILE=0.0017 CL=5.6590 | VAL R@10=0.0762 R@20=0.1225 N@10=0.0378 N@20=0.0495 TailR@20=0.0547 Cov@20=0.7102 ARP@20=6.1410 HeadExp=0.8331 MidExp=0.1194 TailExp=0.0475 ⭐best
13:55:47 | ep  51 |  4.4s | BPR=0.2931 ILE=0.0018 CL=5.6575
13:55:51 | ep  52 |  4.3s | BPR=0.2841 ILE=0.0016 CL=5.6601
13:55:56 | ep  53 |  4.2s | BPR=0.2761 ILE=0.0015 CL=5.6619
13:56:00 | ep  54 |  4.2s | BPR=0.2681 ILE=0.0015 CL=5.6628
13:56:05 | ep  55 |  4.3s | BPR=0.2611 ILE=0.0017 CL=5.6629 | VAL R@10=0.0747 R@20=0.1223 N@10=0.0373 N@20=0.0492 TailR@20=0.0526 Cov@20=0.7070 ARP@20=6.1372 HeadExp=0.8305 MidExp=0.1237 TailExp=0.0458 (best 0.1225@50)
13:56:09 | ep  56 |  4.0s | BPR=0.2543 ILE=0.0016 CL=5.6613
13:56:13 | ep  57 |  3.8s | BPR=0.2483 ILE=0.0015 CL=5.6614
13:56:17 | ep  58 |  3.9s | BPR=0.2423 ILE=0.0014 CL=5.6618
13:56:21 | ep  59 |  4.4s | BPR=0.2369 ILE=0.0016 CL=5.6605
13:56:26 | ep  60 |  4.4s | BPR=0.2327 ILE=0.0014 CL=5.6606 | VAL R@10=0.0734 R@20=0.1208 N@10=0.0369 N@20=0.0488 TailR@20=0.0526 Cov@20=0.7119 ARP@20=6.1270 HeadExp=0.8260 MidExp=0.1292 TailExp=0.0448 (best 0.1225@50)
13:56:31 | ep  61 |  4.3s | BPR=0.2271 ILE=0.0013 CL=5.6615
13:56:35 | ep  62 |  4.2s | BPR=0.2226 ILE=0.0016 CL=5.6624
13:56:39 | ep  63 |  4.4s | BPR=0.2187 ILE=0.0013 CL=5.6577
13:56:43 | ep  64 |  4.3s | BPR=0.2148 ILE=0.0015 CL=5.6592
13:56:49 | ep  65 |  4.3s | BPR=0.2110 ILE=0.0012 CL=5.6572 | VAL R@10=0.0728 R@20=0.1175 N@10=0.0364 N@20=0.0476 TailR@20=0.0526 Cov@20=0.7130 ARP@20=6.1106 HeadExp=0.8192 MidExp=0.1363 TailExp=0.0445 (best 0.1225@50)
13:56:53 | ep  66 |  4.3s | BPR=0.2066 ILE=0.0014 CL=5.6580
13:56:57 | ep  67 |  3.8s | BPR=0.2041 ILE=0.0012 CL=5.6571
13:57:01 | ep  68 |  3.9s | BPR=0.2004 ILE=0.0011 CL=5.6589
13:57:05 | ep  69 |  4.4s | BPR=0.1977 ILE=0.0015 CL=5.6556
13:57:10 | ep  70 |  4.4s | BPR=0.1944 ILE=0.0011 CL=5.6576 | VAL R@10=0.0703 R@20=0.1168 N@10=0.0353 N@20=0.0469 TailR@20=0.0547 Cov@20=0.7170 ARP@20=6.0952 HeadExp=0.8126 MidExp=0.1431 TailExp=0.0443 (best 0.1225@50)
13:57:15 | ep  71 |  4.3s | BPR=0.1918 ILE=0.0012 CL=5.6557
13:57:18 | ep  72 |  3.8s | BPR=0.1890 ILE=0.0012 CL=5.6569
13:57:23 | ep  73 |  4.2s | BPR=0.1869 ILE=0.0009 CL=5.6569
13:57:27 | ep  74 |  4.3s | BPR=0.1838 ILE=0.0013 CL=5.6536
13:57:32 | ep  75 |  4.4s | BPR=0.1826 ILE=0.0013 CL=5.6544 | VAL R@10=0.0701 R@20=0.1124 N@10=0.0351 N@20=0.0457 TailR@20=0.0526 Cov@20=0.7288 ARP@20=6.0766 HeadExp=0.8048 MidExp=0.1501 TailExp=0.0451 (best 0.1225@50)
13:57:37 | ep  76 |  4.4s | BPR=0.1793 ILE=0.0011 CL=5.6537
13:57:41 | ep  77 |  4.4s | BPR=0.1769 ILE=0.0011 CL=5.6530
13:57:45 | ep  78 |  4.4s | BPR=0.1761 ILE=0.0013 CL=5.6515
13:57:50 | ep  79 |  4.4s | BPR=0.1745 ILE=0.0012 CL=5.6519
13:57:55 | ep  80 |  4.4s | BPR=0.1726 ILE=0.0010 CL=5.6531 | VAL R@10=0.0689 R@20=0.1089 N@10=0.0348 N@20=0.0449 TailR@20=0.0505 Cov@20=0.7373 ARP@20=6.0627 HeadExp=0.7988 MidExp=0.1557 TailExp=0.0455 (best 0.1225@50)
13:57:59 | ep  81 |  4.4s | BPR=0.1698 ILE=0.0010 CL=5.6529
13:58:04 | ep  82 |  4.4s | BPR=0.1679 ILE=0.0011 CL=5.6503
13:58:08 | ep  83 |  4.4s | BPR=0.1657 ILE=0.0010 CL=5.6513
13:58:13 | ep  84 |  4.3s | BPR=0.1649 ILE=0.0010 CL=5.6508
13:58:18 | ep  85 |  4.3s | BPR=0.1634 ILE=0.0010 CL=5.6499 | VAL R@10=0.0675 R@20=0.1086 N@10=0.0341 N@20=0.0444 TailR@20=0.0505 Cov@20=0.7455 ARP@20=6.0446 HeadExp=0.7917 MidExp=0.1614 TailExp=0.0469 (best 0.1225@50)
13:58:22 | ep  86 |  4.4s | BPR=0.1623 ILE=0.0011 CL=5.6479
13:58:26 | ep  87 |  4.1s | BPR=0.1604 ILE=0.0011 CL=5.6508
13:58:30 | ep  88 |  3.9s | BPR=0.1601 ILE=0.0011 CL=5.6494
13:58:35 | ep  89 |  4.4s | BPR=0.1573 ILE=0.0011 CL=5.6500
13:58:40 | ep  90 |  4.2s | BPR=0.1566 ILE=0.0008 CL=5.6464 | VAL R@10=0.0679 R@20=0.1052 N@10=0.0344 N@20=0.0437 TailR@20=0.0505 Cov@20=0.7605 ARP@20=6.0305 HeadExp=0.7857 MidExp=0.1663 TailExp=0.0480 (best 0.1225@50)
13:58:44 | ep  91 |  4.2s | BPR=0.1549 ILE=0.0010 CL=5.6490
13:58:48 | ep  92 |  4.3s | BPR=0.1543 ILE=0.0010 CL=5.6459
13:58:52 | ep  93 |  4.3s | BPR=0.1534 ILE=0.0010 CL=5.6466
13:58:57 | ep  94 |  4.4s | BPR=0.1519 ILE=0.0010 CL=5.6480
13:59:02 | ep  95 |  4.4s | BPR=0.1508 ILE=0.0011 CL=5.6457 | VAL R@10=0.0661 R@20=0.1039 N@10=0.0341 N@20=0.0435 TailR@20=0.0526 Cov@20=0.7693 ARP@20=6.0150 HeadExp=0.7793 MidExp=0.1716 TailExp=0.0491 (best 0.1225@50)
13:59:07 | ep  96 |  4.4s | BPR=0.1490 ILE=0.0009 CL=5.6440
13:59:11 | ep  97 |  4.3s | BPR=0.1485 ILE=0.0010 CL=5.6450
13:59:15 | ep  98 |  4.4s | BPR=0.1477 ILE=0.0010 CL=5.6485
13:59:20 | ep  99 |  4.4s | BPR=0.1463 ILE=0.0011 CL=5.6442
13:59:25 | ep 100 |  4.4s | BPR=0.1456 ILE=0.0011 CL=5.6475 | VAL R@10=0.0660 R@20=0.1006 N@10=0.0337 N@20=0.0424 TailR@20=0.0442 Cov@20=0.7789 ARP@20=6.0013 HeadExp=0.7735 MidExp=0.1765 TailExp=0.0500 (best 0.1225@50)
13:59:25 | ⏰ early stopping @ epoch 100
13:59:26 | ✅ [full_L2_ile1p0_cl0p5_tau0p2_beta0p0_s42] TEST | R@10=0.0650 R@20=0.1100 N@10=0.0316 N@20=0.0430 TailR@20=0.0299 Cov@20=0.7136 ARP@20=6.1375 HeadExp=0.8321 MidExp=0.1200 TailExp=0.0479
