13:59:26 | 🚀 [full_L2_ile1p0_cl0p5_tau0p2_beta0p5_s42] ILE=True(λ=1.0) aug_main=False CL=True(λ=0.5,τ=0.2) negβ=0.5 drop=degree_aware layers=2 epochs=100 steps/epoch=137 device=cuda
13:59:31 | ep   1 |  5.0s | BPR=0.6927 ILE=0.0000 CL=5.5782
13:59:36 | ep   2 |  4.9s | BPR=0.6925 ILE=0.0000 CL=5.5686
13:59:41 | ep   3 |  4.9s | BPR=0.6922 ILE=0.0000 CL=5.5624
13:59:46 | ep   4 |  4.8s | BPR=0.6919 ILE=0.0000 CL=5.5616
13:59:51 | ep   5 |  5.0s | BPR=0.6916 ILE=0.0000 CL=5.5600 | VAL R@10=0.0098 R@20=0.0189 N@10=0.0045 N@20=0.0068 TailR@20=0.0000 Cov@20=0.8271 ARP@20=5.4237 HeadExp=0.5112 MidExp=0.4191 TailExp=0.0696 ⭐best
13:59:56 | ep   6 |  5.0s | BPR=0.6913 ILE=0.0000 CL=5.5603
14:00:01 | ep   7 |  4.9s | BPR=0.6909 ILE=0.0000 CL=5.5598
14:00:06 | ep   8 |  5.0s | BPR=0.6905 ILE=0.0000 CL=5.5593
14:00:11 | ep   9 |  4.9s | BPR=0.6901 ILE=0.0000 CL=5.5593
14:00:17 | ep  10 |  4.9s | BPR=0.6896 ILE=0.0000 CL=5.5577 | VAL R@10=0.0136 R@20=0.0234 N@10=0.0068 N@20=0.0092 TailR@20=0.0000 Cov@20=0.7574 ARP@20=5.5531 HeadExp=0.5563 MidExp=0.4026 TailExp=0.0411 ⭐best
14:00:22 | ep  11 |  4.9s | BPR=0.6891 ILE=0.0000 CL=5.5592
14:00:27 | ep  12 |  4.8s | BPR=0.6886 ILE=0.0000 CL=5.5608
14:00:32 | ep  13 |  5.0s | BPR=0.6879 ILE=0.0000 CL=5.5584
14:00:37 | ep  14 |  4.9s | BPR=0.6873 ILE=0.0000 CL=5.5578
14:00:42 | ep  15 |  5.0s | BPR=0.6865 ILE=0.0000 CL=5.5598 | VAL R@10=0.0176 R@20=0.0305 N@10=0.0089 N@20=0.0121 TailR@20=0.0000 Cov@20=0.7354 ARP@20=5.6202 HeadExp=0.5848 MidExp=0.3827 TailExp=0.0325 ⭐best
14:00:48 | ep  16 |  5.1s | BPR=0.6856 ILE=0.0000 CL=5.5599
14:00:53 | ep  17 |  4.9s | BPR=0.6846 ILE=0.0000 CL=5.5579
14:00:58 | ep  18 |  5.0s | BPR=0.6834 ILE=0.0000 CL=5.5581
14:01:02 | ep  19 |  4.9s | BPR=0.6820 ILE=0.0000 CL=5.5609
14:01:08 | ep  20 |  5.0s | BPR=0.6804 ILE=0.0000 CL=5.5582 | VAL R@10=0.0232 R@20=0.0386 N@10=0.0114 N@20=0.0153 TailR@20=0.0021 Cov@20=0.7147 ARP@20=5.7142 HeadExp=0.6262 MidExp=0.3476 TailExp=0.0262 ⭐best
14:01:13 | ep  21 |  5.1s | BPR=0.6785 ILE=0.0000 CL=5.5584
14:01:18 | ep  22 |  5.0s | BPR=0.6762 ILE=0.0000 CL=5.5616
14:01:23 | ep  23 |  5.0s | BPR=0.6734 ILE=0.0000 CL=5.5605
14:01:28 | ep  24 |  5.1s | BPR=0.6701 ILE=0.0000 CL=5.5632
14:01:34 | ep  25 |  5.0s | BPR=0.6662 ILE=0.0000 CL=5.5640 | VAL R@10=0.0340 R@20=0.0575 N@10=0.0168 N@20=0.0227 TailR@20=0.0063 Cov@20=0.6816 ARP@20=5.8668 HeadExp=0.6945 MidExp=0.2870 TailExp=0.0185 ⭐best
14:01:39 | ep  26 |  5.0s | BPR=0.6612 ILE=0.0000 CL=5.5653
14:01:44 | ep  27 |  5.0s | BPR=0.6554 ILE=0.0000 CL=5.5654
14:01:49 | ep  28 |  5.0s | BPR=0.6484 ILE=0.0000 CL=5.5696
14:01:54 | ep  29 |  5.0s | BPR=0.6402 ILE=0.0000 CL=5.5717
14:02:00 | ep  30 |  5.1s | BPR=0.6305 ILE=0.0000 CL=5.5715 | VAL R@10=0.0497 R@20=0.0849 N@10=0.0247 N@20=0.0335 TailR@20=0.0211 Cov@20=0.6527 ARP@20=6.0487 HeadExp=0.7742 MidExp=0.2115 TailExp=0.0143 ⭐best
14:02:05 | ep  31 |  5.0s | BPR=0.6190 ILE=0.0001 CL=5.5748
14:02:10 | ep  32 |  4.7s | BPR=0.6063 ILE=0.0001 CL=5.5799
14:02:14 | ep  33 |  4.5s | BPR=0.5919 ILE=0.0001 CL=5.5831
14:02:19 | ep  34 |  4.5s | BPR=0.5762 ILE=0.0002 CL=5.5883
14:02:25 | ep  35 |  4.9s | BPR=0.5594 ILE=0.0002 CL=5.5930 | VAL R@10=0.0653 R@20=0.1076 N@10=0.0317 N@20=0.0424 TailR@20=0.0274 Cov@20=0.6329 ARP@20=6.1732 HeadExp=0.8271 MidExp=0.1577 TailExp=0.0152 ⭐best
14:02:30 | ep  36 |  5.0s | BPR=0.5423 ILE=0.0003 CL=5.5978
14:02:35 | ep  37 |  4.9s | BPR=0.5242 ILE=0.0003 CL=5.6022
14:02:40 | ep  38 |  5.0s | BPR=0.5065 ILE=0.0004 CL=5.6063
14:02:45 | ep  39 |  4.9s | BPR=0.4888 ILE=0.0004 CL=5.6104
14:02:50 | ep  40 |  4.9s | BPR=0.4721 ILE=0.0004 CL=5.6132 | VAL R@10=0.0721 R@20=0.1218 N@10=0.0351 N@20=0.0476 TailR@20=0.0358 Cov@20=0.6252 ARP@20=6.2121 HeadExp=0.8449 MidExp=0.1366 TailExp=0.0185 ⭐best
14:02:55 | ep  41 |  5.0s | BPR=0.4558 ILE=0.0004 CL=5.6172
14:03:00 | ep  42 |  5.0s | BPR=0.4409 ILE=0.0004 CL=5.6200
14:03:05 | ep  43 |  4.9s | BPR=0.4259 ILE=0.0006 CL=5.6223
14:03:10 | ep  44 |  5.0s | BPR=0.4125 ILE=0.0005 CL=5.6267
14:03:16 | ep  45 |  5.0s | BPR=0.4005 ILE=0.0005 CL=5.6291 | VAL R@10=0.0769 R@20=0.1260 N@10=0.0371 N@20=0.0494 TailR@20=0.0421 Cov@20=0.6227 ARP@20=6.2049 HeadExp=0.8445 MidExp=0.1341 TailExp=0.0214 ⭐best
14:03:21 | ep  46 |  5.1s | BPR=0.3883 ILE=0.0005 CL=5.6290
14:03:26 | ep  47 |  5.0s | BPR=0.3773 ILE=0.0005 CL=5.6312
14:03:31 | ep  48 |  5.0s | BPR=0.3665 ILE=0.0006 CL=5.6322
14:03:36 | ep  49 |  4.9s | BPR=0.3586 ILE=0.0006 CL=5.6320
14:03:42 | ep  50 |  5.0s | BPR=0.3499 ILE=0.0006 CL=5.6340 | VAL R@10=0.0774 R@20=0.1258 N@10=0.0380 N@20=0.0501 TailR@20=0.0442 Cov@20=0.6261 ARP@20=6.1830 HeadExp=0.8376 MidExp=0.1397 TailExp=0.0227 (best 0.1260@45)
14:03:47 | ep  51 |  5.0s | BPR=0.3422 ILE=0.0006 CL=5.6324
14:03:52 | ep  52 |  5.0s | BPR=0.3334 ILE=0.0005 CL=5.6334
14:03:57 | ep  53 |  5.0s | BPR=0.3267 ILE=0.0005 CL=5.6349
14:04:02 | ep  54 |  5.0s | BPR=0.3203 ILE=0.0005 CL=5.6342
14:04:08 | ep  55 |  4.9s | BPR=0.3144 ILE=0.0005 CL=5.6340 | VAL R@10=0.0766 R@20=0.1253 N@10=0.0375 N@20=0.0498 TailR@20=0.0442 Cov@20=0.6346 ARP@20=6.1588 HeadExp=0.8296 MidExp=0.1467 TailExp=0.0237 (best 0.1260@45)
14:04:13 | ep  56 |  5.0s | BPR=0.3083 ILE=0.0005 CL=5.6365
14:04:18 | ep  57 |  4.9s | BPR=0.3025 ILE=0.0005 CL=5.6344
14:04:23 | ep  58 |  5.0s | BPR=0.2979 ILE=0.0004 CL=5.6344
14:04:28 | ep  59 |  5.0s | BPR=0.2929 ILE=0.0004 CL=5.6335
14:04:34 | ep  60 |  5.0s | BPR=0.2894 ILE=0.0005 CL=5.6361 | VAL R@10=0.0769 R@20=0.1228 N@10=0.0370 N@20=0.0486 TailR@20=0.0400 Cov@20=0.6448 ARP@20=6.1300 HeadExp=0.8190 MidExp=0.1566 TailExp=0.0244 (best 0.1260@45)
14:04:39 | ep  61 |  5.0s | BPR=0.2849 ILE=0.0005 CL=5.6360
14:04:43 | ep  62 |  4.7s | BPR=0.2797 ILE=0.0005 CL=5.6351
14:04:48 | ep  63 |  5.0s | BPR=0.2757 ILE=0.0005 CL=5.6360
14:04:53 | ep  64 |  5.0s | BPR=0.2724 ILE=0.0004 CL=5.6348
14:04:59 | ep  65 |  5.0s | BPR=0.2696 ILE=0.0005 CL=5.6326 | VAL R@10=0.0752 R@20=0.1197 N@10=0.0361 N@20=0.0474 TailR@20=0.0400 Cov@20=0.6533 ARP@20=6.0990 HeadExp=0.8063 MidExp=0.1679 TailExp=0.0257 (best 0.1260@45)
14:05:04 | ep  66 |  5.0s | BPR=0.2669 ILE=0.0005 CL=5.6310
14:05:09 | ep  67 |  5.0s | BPR=0.2630 ILE=0.0005 CL=5.6338
14:05:14 | ep  68 |  5.0s | BPR=0.2599 ILE=0.0004 CL=5.6339
14:05:19 | ep  69 |  5.0s | BPR=0.2580 ILE=0.0006 CL=5.6350
14:05:25 | ep  70 |  4.7s | BPR=0.2544 ILE=0.0005 CL=5.6311 | VAL R@10=0.0739 R@20=0.1172 N@10=0.0358 N@20=0.0469 TailR@20=0.0421 Cov@20=0.6635 ARP@20=6.0729 HeadExp=0.7952 MidExp=0.1778 TailExp=0.0270 (best 0.1260@45)
14:05:30 | ep  71 |  5.1s | BPR=0.2521 ILE=0.0005 CL=5.6327
14:05:35 | ep  72 |  5.0s | BPR=0.2493 ILE=0.0005 CL=5.6334
14:05:40 | ep  73 |  5.1s | BPR=0.2465 ILE=0.0005 CL=5.6301
14:05:45 | ep  74 |  5.0s | BPR=0.2450 ILE=0.0007 CL=5.6305
14:05:51 | ep  75 |  5.1s | BPR=0.2421 ILE=0.0005 CL=5.6286 | VAL R@10=0.0729 R@20=0.1140 N@10=0.0358 N@20=0.0463 TailR@20=0.0463 Cov@20=0.6739 ARP@20=6.0463 HeadExp=0.7836 MidExp=0.1883 TailExp=0.0281 (best 0.1260@45)
14:05:56 | ep  76 |  5.0s | BPR=0.2409 ILE=0.0006 CL=5.6301
14:06:01 | ep  77 |  4.9s | BPR=0.2387 ILE=0.0006 CL=5.6309
14:06:06 | ep  78 |  5.0s | BPR=0.2354 ILE=0.0005 CL=5.6305
14:06:11 | ep  79 |  4.9s | BPR=0.2337 ILE=0.0004 CL=5.6321
14:06:16 | ep  80 |  4.9s | BPR=0.2331 ILE=0.0006 CL=5.6295 | VAL R@10=0.0731 R@20=0.1140 N@10=0.0358 N@20=0.0462 TailR@20=0.0442 Cov@20=0.6804 ARP@20=6.0237 HeadExp=0.7739 MidExp=0.1973 TailExp=0.0288 (best 0.1260@45)
14:06:21 | ep  81 |  5.0s | BPR=0.2320 ILE=0.0004 CL=5.6292
14:06:26 | ep  82 |  4.9s | BPR=0.2300 ILE=0.0005 CL=5.6306
14:06:31 | ep  83 |  5.0s | BPR=0.2273 ILE=0.0006 CL=5.6301
14:06:36 | ep  84 |  4.9s | BPR=0.2265 ILE=0.0005 CL=5.6289
14:06:42 | ep  85 |  5.0s | BPR=0.2243 ILE=0.0005 CL=5.6295 | VAL R@10=0.0709 R@20=0.1119 N@10=0.0350 N@20=0.0454 TailR@20=0.0463 Cov@20=0.6926 ARP@20=5.9983 HeadExp=0.7622 MidExp=0.2073 TailExp=0.0305 (best 0.1260@45)
14:06:47 | ep  86 |  5.0s | BPR=0.2242 ILE=0.0005 CL=5.6300
14:06:52 | ep  87 |  4.9s | BPR=0.2215 ILE=0.0006 CL=5.6287
14:06:57 | ep  88 |  5.1s | BPR=0.2199 ILE=0.0005 CL=5.6272
14:07:02 | ep  89 |  5.0s | BPR=0.2183 ILE=0.0005 CL=5.6266
14:07:08 | ep  90 |  4.9s | BPR=0.2183 ILE=0.0006 CL=5.6293 | VAL R@10=0.0691 R@20=0.1107 N@10=0.0343 N@20=0.0447 TailR@20=0.0463 Cov@20=0.6954 ARP@20=5.9790 HeadExp=0.7536 MidExp=0.2151 TailExp=0.0313 (best 0.1260@45)
14:07:13 | ep  91 |  5.0s | BPR=0.2166 ILE=0.0006 CL=5.6276
14:07:18 | ep  92 |  4.9s | BPR=0.2148 ILE=0.0006 CL=5.6298
14:07:23 | ep  93 |  5.0s | BPR=0.2138 ILE=0.0005 CL=5.6278
14:07:28 | ep  94 |  4.7s | BPR=0.2132 ILE=0.0005 CL=5.6277
14:07:33 | ep  95 |  4.5s | BPR=0.2120 ILE=0.0005 CL=5.6265 | VAL R@10=0.0679 R@20=0.1084 N@10=0.0339 N@20=0.0441 TailR@20=0.0442 Cov@20=0.7082 ARP@20=5.9551 HeadExp=0.7432 MidExp=0.2235 TailExp=0.0333 (best 0.1260@45)
14:07:33 | ⏰ early stopping @ epoch 95
14:07:34 | ✅ [full_L2_ile1p0_cl0p5_tau0p2_beta0p5_s42] TEST | R@10=0.0688 R@20=0.1117 N@10=0.0324 N@20=0.0432 TailR@20=0.0243 Cov@20=0.6235 ARP@20=6.2019 HeadExp=0.8437 MidExp=0.1348 TailExp=0.0215
