14:23:24 | 🚀 [full_L3_ile0p1_cl0p5_tau0p2_beta0p0_s42] ILE=True(λ=0.1) aug_main=False CL=True(λ=0.5,τ=0.2) negβ=0.0 drop=degree_aware layers=3 epochs=100 steps/epoch=137 device=cuda
14:23:29 | ep   1 |  4.8s | BPR=0.6929 ILE=0.0000 CL=5.5784
14:23:34 | ep   2 |  4.8s | BPR=0.6929 ILE=0.0000 CL=5.5714
14:23:38 | ep   3 |  4.6s | BPR=0.6928 ILE=0.0000 CL=5.5665
14:23:43 | ep   4 |  4.8s | BPR=0.6927 ILE=0.0000 CL=5.5646
14:23:49 | ep   5 |  4.9s | BPR=0.6927 ILE=0.0000 CL=5.5630 | VAL R@10=0.0080 R@20=0.0147 N@10=0.0035 N@20=0.0053 TailR@20=0.0000 Cov@20=0.8480 ARP@20=5.3670 HeadExp=0.4896 MidExp=0.4315 TailExp=0.0789 ⭐best
14:23:53 | ep   6 |  4.6s | BPR=0.6926 ILE=0.0000 CL=5.5634
14:23:58 | ep   7 |  4.8s | BPR=0.6925 ILE=0.0000 CL=5.5631
14:24:03 | ep   8 |  4.9s | BPR=0.6925 ILE=0.0000 CL=5.5611
14:24:08 | ep   9 |  4.9s | BPR=0.6924 ILE=0.0000 CL=5.5606
14:24:14 | ep  10 |  4.9s | BPR=0.6924 ILE=0.0000 CL=5.5604 | VAL R@10=0.0098 R@20=0.0167 N@10=0.0044 N@20=0.0061 TailR@20=0.0000 Cov@20=0.7628 ARP@20=5.5051 HeadExp=0.5347 MidExp=0.4199 TailExp=0.0454 ⭐best
14:24:19 | ep  11 |  4.9s | BPR=0.6923 ILE=0.0000 CL=5.5588
14:24:23 | ep  12 |  4.8s | BPR=0.6922 ILE=0.0000 CL=5.5603
14:24:28 | ep  13 |  4.9s | BPR=0.6921 ILE=0.0000 CL=5.5590
14:24:33 | ep  14 |  4.9s | BPR=0.6921 ILE=0.0000 CL=5.5582
14:24:39 | ep  15 |  4.9s | BPR=0.6920 ILE=0.0000 CL=5.5618 | VAL R@10=0.0094 R@20=0.0184 N@10=0.0044 N@20=0.0067 TailR@20=0.0000 Cov@20=0.7461 ARP@20=5.5321 HeadExp=0.5445 MidExp=0.4168 TailExp=0.0388 ⭐best
14:24:44 | ep  16 |  4.9s | BPR=0.6919 ILE=0.0000 CL=5.5583
14:24:49 | ep  17 |  5.0s | BPR=0.6918 ILE=0.0000 CL=5.5607
14:24:54 | ep  18 |  4.9s | BPR=0.6918 ILE=0.0000 CL=5.5582
14:24:59 | ep  19 |  4.9s | BPR=0.6917 ILE=0.0000 CL=5.5582
14:25:05 | ep  20 |  4.9s | BPR=0.6916 ILE=0.0000 CL=5.5616 | VAL R@10=0.0114 R@20=0.0204 N@10=0.0051 N@20=0.0074 TailR@20=0.0042 Cov@20=0.7419 ARP@20=5.5341 HeadExp=0.5453 MidExp=0.4172 TailExp=0.0375 ⭐best
14:25:10 | ep  21 |  4.9s | BPR=0.6915 ILE=0.0000 CL=5.5570
14:25:14 | ep  22 |  4.9s | BPR=0.6914 ILE=0.0000 CL=5.5580
14:25:19 | ep  23 |  4.9s | BPR=0.6913 ILE=0.0000 CL=5.5599
14:25:24 | ep  24 |  4.8s | BPR=0.6912 ILE=0.0000 CL=5.5594
14:25:30 | ep  25 |  4.7s | BPR=0.6911 ILE=0.0000 CL=5.5580 | VAL R@10=0.0114 R@20=0.0219 N@10=0.0054 N@20=0.0080 TailR@20=0.0063 Cov@20=0.7393 ARP@20=5.5299 HeadExp=0.5448 MidExp=0.4178 TailExp=0.0373 ⭐best
14:25:35 | ep  26 |  4.8s | BPR=0.6910 ILE=0.0000 CL=5.5583
14:25:39 | ep  27 |  4.9s | BPR=0.6908 ILE=0.0000 CL=5.5570
14:25:44 | ep  28 |  4.9s | BPR=0.6907 ILE=0.0000 CL=5.5588
14:25:49 | ep  29 |  4.9s | BPR=0.6906 ILE=0.0000 CL=5.5573
14:25:55 | ep  30 |  4.9s | BPR=0.6904 ILE=0.0000 CL=5.5557 | VAL R@10=0.0124 R@20=0.0227 N@10=0.0061 N@20=0.0086 TailR@20=0.0084 Cov@20=0.7416 ARP@20=5.5230 HeadExp=0.5445 MidExp=0.4164 TailExp=0.0391 ⭐best
14:26:00 | ep  31 |  4.9s | BPR=0.6903 ILE=0.0000 CL=5.5606
14:26:05 | ep  32 |  5.0s | BPR=0.6901 ILE=0.0000 CL=5.5564
14:26:10 | ep  33 |  4.7s | BPR=0.6900 ILE=0.0000 CL=5.5573
14:26:15 | ep  34 |  4.9s | BPR=0.6898 ILE=0.0000 CL=5.5585
14:26:20 | ep  35 |  4.9s | BPR=0.6896 ILE=0.0000 CL=5.5597 | VAL R@10=0.0133 R@20=0.0232 N@10=0.0062 N@20=0.0087 TailR@20=0.0063 Cov@20=0.7546 ARP@20=5.5037 HeadExp=0.5430 MidExp=0.4139 TailExp=0.0431 ⭐best
14:26:25 | ep  36 |  5.0s | BPR=0.6894 ILE=0.0000 CL=5.5576
14:26:30 | ep  37 |  4.9s | BPR=0.6892 ILE=0.0000 CL=5.5585
14:26:35 | ep  38 |  4.9s | BPR=0.6890 ILE=0.0000 CL=5.5591
14:26:40 | ep  39 |  5.0s | BPR=0.6887 ILE=0.0000 CL=5.5586
14:26:46 | ep  40 |  5.0s | BPR=0.6885 ILE=0.0000 CL=5.5606 | VAL R@10=0.0136 R@20=0.0245 N@10=0.0065 N@20=0.0092 TailR@20=0.0063 Cov@20=0.7622 ARP@20=5.4729 HeadExp=0.5413 MidExp=0.4101 TailExp=0.0486 ⭐best
14:26:51 | ep  41 |  5.0s | BPR=0.6882 ILE=0.0000 CL=5.5591
14:26:56 | ep  42 |  4.9s | BPR=0.6879 ILE=0.0000 CL=5.5601
14:27:01 | ep  43 |  4.9s | BPR=0.6876 ILE=0.0000 CL=5.5584
14:27:06 | ep  44 |  5.0s | BPR=0.6872 ILE=0.0000 CL=5.5575
14:27:12 | ep  45 |  4.9s | BPR=0.6868 ILE=0.0000 CL=5.5590 | VAL R@10=0.0144 R@20=0.0265 N@10=0.0068 N@20=0.0098 TailR@20=0.0063 Cov@20=0.7685 ARP@20=5.4337 HeadExp=0.5426 MidExp=0.3989 TailExp=0.0584 ⭐best
14:27:16 | ep  46 |  4.7s | BPR=0.6864 ILE=0.0000 CL=5.5593
14:27:21 | ep  47 |  4.6s | BPR=0.6860 ILE=0.0000 CL=5.5594
14:27:26 | ep  48 |  4.6s | BPR=0.6855 ILE=0.0000 CL=5.5599
14:27:30 | ep  49 |  4.9s | BPR=0.6849 ILE=0.0000 CL=5.5560
14:27:36 | ep  50 |  4.9s | BPR=0.6843 ILE=0.0000 CL=5.5589 | VAL R@10=0.0167 R@20=0.0287 N@10=0.0081 N@20=0.0111 TailR@20=0.0105 Cov@20=0.7809 ARP@20=5.3927 HeadExp=0.5473 MidExp=0.3830 TailExp=0.0697 ⭐best
14:27:41 | ep  51 |  4.9s | BPR=0.6837 ILE=0.0000 CL=5.5570
14:27:46 | ep  52 |  5.0s | BPR=0.6829 ILE=0.0000 CL=5.5590
14:27:51 | ep  53 |  4.9s | BPR=0.6821 ILE=0.0000 CL=5.5603
14:27:56 | ep  54 |  4.9s | BPR=0.6812 ILE=0.0000 CL=5.5613
14:28:02 | ep  55 |  4.8s | BPR=0.6802 ILE=0.0000 CL=5.5617 | VAL R@10=0.0192 R@20=0.0325 N@10=0.0091 N@20=0.0124 TailR@20=0.0105 Cov@20=0.7925 ARP@20=5.3844 HeadExp=0.5622 MidExp=0.3610 TailExp=0.0768 ⭐best
14:28:06 | ep  56 |  4.6s | BPR=0.6791 ILE=0.0000 CL=5.5600
14:28:11 | ep  57 |  4.7s | BPR=0.6778 ILE=0.0000 CL=5.5606
14:28:16 | ep  58 |  4.9s | BPR=0.6763 ILE=0.0000 CL=5.5616
14:28:20 | ep  59 |  4.6s | BPR=0.6747 ILE=0.0000 CL=5.5617
14:28:26 | ep  60 |  4.7s | BPR=0.6729 ILE=0.0000 CL=5.5624 | VAL R@10=0.0250 R@20=0.0396 N@10=0.0121 N@20=0.0157 TailR@20=0.0084 Cov@20=0.7905 ARP@20=5.4177 HeadExp=0.5913 MidExp=0.3290 TailExp=0.0797 ⭐best
14:28:31 | ep  61 |  4.9s | BPR=0.6706 ILE=0.0000 CL=5.5633
14:28:36 | ep  62 |  4.9s | BPR=0.6682 ILE=0.0000 CL=5.5661
14:28:41 | ep  63 |  4.9s | BPR=0.6654 ILE=0.0000 CL=5.5621
14:28:46 | ep  64 |  4.9s | BPR=0.6621 ILE=0.0000 CL=5.5649
14:28:51 | ep  65 |  4.9s | BPR=0.6585 ILE=0.0000 CL=5.5643 | VAL R@10=0.0307 R@20=0.0519 N@10=0.0157 N@20=0.0211 TailR@20=0.0105 Cov@20=0.7866 ARP@20=5.5264 HeadExp=0.6411 MidExp=0.2839 TailExp=0.0750 ⭐best
14:28:56 | ep  66 |  4.9s | BPR=0.6540 ILE=0.0000 CL=5.5668
14:29:01 | ep  67 |  4.9s | BPR=0.6491 ILE=0.0000 CL=5.5678
14:29:06 | ep  68 |  5.0s | BPR=0.6433 ILE=0.0000 CL=5.5716
14:29:11 | ep  69 |  5.0s | BPR=0.6368 ILE=0.0000 CL=5.5713
14:29:17 | ep  70 |  4.9s | BPR=0.6292 ILE=0.0000 CL=5.5765 | VAL R@10=0.0457 R@20=0.0751 N@10=0.0227 N@20=0.0301 TailR@20=0.0168 Cov@20=0.7710 ARP@20=5.7007 HeadExp=0.7095 MidExp=0.2251 TailExp=0.0654 ⭐best
14:29:22 | ep  71 |  4.8s | BPR=0.6206 ILE=0.0001 CL=5.5773
14:29:27 | ep  72 |  4.9s | BPR=0.6107 ILE=0.0001 CL=5.5825
14:29:32 | ep  73 |  5.0s | BPR=0.6001 ILE=0.0002 CL=5.5865
14:29:37 | ep  74 |  4.9s | BPR=0.5875 ILE=0.0005 CL=5.5887
14:29:42 | ep  75 |  4.9s | BPR=0.5742 ILE=0.0008 CL=5.5956 | VAL R@10=0.0597 R@20=0.0963 N@10=0.0292 N@20=0.0384 TailR@20=0.0232 Cov@20=0.7356 ARP@20=5.9000 HeadExp=0.7789 MidExp=0.1671 TailExp=0.0540 ⭐best
14:29:47 | ep  76 |  5.0s | BPR=0.5598 ILE=0.0011 CL=5.6007
14:29:52 | ep  77 |  4.8s | BPR=0.5440 ILE=0.0016 CL=5.6057
14:29:57 | ep  78 |  4.8s | BPR=0.5284 ILE=0.0022 CL=5.6107
14:30:02 | ep  79 |  4.9s | BPR=0.5118 ILE=0.0030 CL=5.6182
14:30:08 | ep  80 |  5.0s | BPR=0.4951 ILE=0.0036 CL=5.6255 | VAL R@10=0.0698 R@20=0.1155 N@10=0.0344 N@20=0.0458 TailR@20=0.0316 Cov@20=0.6943 ARP@20=6.0590 HeadExp=0.8282 MidExp=0.1268 TailExp=0.0450 ⭐best
14:30:13 | ep  81 |  4.9s | BPR=0.4778 ILE=0.0046 CL=5.6316
14:30:18 | ep  82 |  4.9s | BPR=0.4610 ILE=0.0056 CL=5.6350
14:30:23 | ep  83 |  4.9s | BPR=0.4446 ILE=0.0063 CL=5.6417
14:30:27 | ep  84 |  4.9s | BPR=0.4288 ILE=0.0075 CL=5.6467
14:30:33 | ep  85 |  4.9s | BPR=0.4136 ILE=0.0084 CL=5.6506 | VAL R@10=0.0734 R@20=0.1226 N@10=0.0362 N@20=0.0485 TailR@20=0.0442 Cov@20=0.6717 ARP@20=6.1510 HeadExp=0.8527 MidExp=0.1092 TailExp=0.0381 ⭐best
14:30:38 | ep  86 |  4.9s | BPR=0.3996 ILE=0.0093 CL=5.6528
14:30:43 | ep  87 |  4.9s | BPR=0.3857 ILE=0.0100 CL=5.6593
14:30:48 | ep  88 |  4.9s | BPR=0.3735 ILE=0.0104 CL=5.6609
14:30:53 | ep  89 |  4.9s | BPR=0.3602 ILE=0.0113 CL=5.6646
14:30:59 | ep  90 |  4.9s | BPR=0.3490 ILE=0.0112 CL=5.6630 | VAL R@10=0.0776 R@20=0.1251 N@10=0.0381 N@20=0.0500 TailR@20=0.0421 Cov@20=0.6538 ARP@20=6.1947 HeadExp=0.8630 MidExp=0.1039 TailExp=0.0331 ⭐best
14:31:04 | ep  91 |  4.9s | BPR=0.3380 ILE=0.0119 CL=5.6677
14:31:09 | ep  92 |  5.0s | BPR=0.3281 ILE=0.0123 CL=5.6663
14:31:14 | ep  93 |  4.9s | BPR=0.3190 ILE=0.0126 CL=5.6686
14:31:18 | ep  94 |  4.9s | BPR=0.3099 ILE=0.0129 CL=5.6710
14:31:24 | ep  95 |  4.9s | BPR=0.3017 ILE=0.0134 CL=5.6700 | VAL R@10=0.0789 R@20=0.1251 N@10=0.0387 N@20=0.0504 TailR@20=0.0421 Cov@20=0.6425 ARP@20=6.2112 HeadExp=0.8655 MidExp=0.1047 TailExp=0.0298 (best 0.1251@90)
14:31:29 | ep  96 |  4.9s | BPR=0.2933 ILE=0.0128 CL=5.6689
14:31:34 | ep  97 |  4.8s | BPR=0.2868 ILE=0.0124 CL=5.6703
14:31:39 | ep  98 |  5.0s | BPR=0.2798 ILE=0.0132 CL=5.6746
14:31:44 | ep  99 |  4.7s | BPR=0.2729 ILE=0.0131 CL=5.6705
14:31:49 | ep 100 |  4.8s | BPR=0.2669 ILE=0.0128 CL=5.6744 | VAL R@10=0.0799 R@20=0.1261 N@10=0.0393 N@20=0.0509 TailR@20=0.0484 Cov@20=0.6442 ARP@20=6.2104 HeadExp=0.8636 MidExp=0.1086 TailExp=0.0278 ⭐best
14:31:50 | ✅ [full_L3_ile0p1_cl0p5_tau0p2_beta0p0_s42] TEST | R@10=0.0663 R@20=0.1119 N@10=0.0320 N@20=0.0434 TailR@20=0.0168 Cov@20=0.6453 ARP@20=6.2072 HeadExp=0.8629 MidExp=0.1092 TailExp=0.0279
