13:45:12 | 🚀 [full_L2_ile1p0_cl0p1_tau0p2_beta0p5_s42] ILE=True(λ=1.0) aug_main=False CL=True(λ=0.1,τ=0.2) negβ=0.5 drop=degree_aware layers=2 epochs=100 steps/epoch=137 device=cuda
13:45:17 | ep   1 |  5.0s | BPR=0.6925 ILE=0.0000 CL=5.5793
13:45:22 | ep   2 |  5.1s | BPR=0.6914 ILE=0.0000 CL=5.5712
13:45:26 | ep   3 |  4.5s | BPR=0.6897 ILE=0.0000 CL=5.5670
13:45:31 | ep   4 |  4.9s | BPR=0.6874 ILE=0.0000 CL=5.5693
13:45:37 | ep   5 |  5.0s | BPR=0.6838 ILE=0.0000 CL=5.5731 | VAL R@10=0.0381 R@20=0.0618 N@10=0.0201 N@20=0.0260 TailR@20=0.0000 Cov@20=0.8115 ARP@20=5.8211 HeadExp=0.6822 MidExp=0.2743 TailExp=0.0435 ⭐best
13:45:42 | ep   6 |  5.1s | BPR=0.6785 ILE=0.0000 CL=5.5825
13:45:47 | ep   7 |  5.0s | BPR=0.6699 ILE=0.0000 CL=5.5978
13:45:52 | ep   8 |  5.0s | BPR=0.6560 ILE=0.0001 CL=5.6248
13:45:57 | ep   9 |  4.9s | BPR=0.6350 ILE=0.0002 CL=5.6689
13:46:03 | ep  10 |  5.0s | BPR=0.6048 ILE=0.0005 CL=5.7306 | VAL R@10=0.0807 R@20=0.1331 N@10=0.0390 N@20=0.0521 TailR@20=0.0295 Cov@20=0.5064 ARP@20=6.4392 HeadExp=0.9035 MidExp=0.0798 TailExp=0.0167 ⭐best
13:46:08 | ep  11 |  5.0s | BPR=0.5665 ILE=0.0011 CL=5.8103
13:46:13 | ep  12 |  5.0s | BPR=0.5243 ILE=0.0019 CL=5.8896
13:46:18 | ep  13 |  5.0s | BPR=0.4845 ILE=0.0026 CL=5.9506
13:46:23 | ep  14 |  5.0s | BPR=0.4498 ILE=0.0028 CL=5.9948
13:46:29 | ep  15 |  4.9s | BPR=0.4192 ILE=0.0033 CL=6.0269 | VAL R@10=0.0883 R@20=0.1462 N@10=0.0423 N@20=0.0568 TailR@20=0.0379 Cov@20=0.4769 ARP@20=6.5022 HeadExp=0.9089 MidExp=0.0632 TailExp=0.0279 ⭐best
13:46:34 | ep  16 |  5.0s | BPR=0.3959 ILE=0.0032 CL=6.0425
13:46:39 | ep  17 |  5.0s | BPR=0.3757 ILE=0.0031 CL=6.0496
13:46:44 | ep  18 |  5.0s | BPR=0.3586 ILE=0.0031 CL=6.0512
13:46:49 | ep  19 |  5.0s | BPR=0.3436 ILE=0.0028 CL=6.0520
13:46:55 | ep  20 |  5.1s | BPR=0.3313 ILE=0.0026 CL=6.0473 | VAL R@10=0.0910 R@20=0.1546 N@10=0.0441 N@20=0.0600 TailR@20=0.0463 Cov@20=0.5007 ARP@20=6.4619 HeadExp=0.8985 MidExp=0.0714 TailExp=0.0301 ⭐best
13:47:00 | ep  21 |  5.0s | BPR=0.3206 ILE=0.0023 CL=6.0441
13:47:05 | ep  22 |  5.0s | BPR=0.3100 ILE=0.0024 CL=6.0394
13:47:10 | ep  23 |  5.0s | BPR=0.3018 ILE=0.0025 CL=6.0284
13:47:15 | ep  24 |  5.0s | BPR=0.2946 ILE=0.0018 CL=6.0228
13:47:21 | ep  25 |  5.0s | BPR=0.2871 ILE=0.0019 CL=6.0181 | VAL R@10=0.0907 R@20=0.1573 N@10=0.0443 N@20=0.0610 TailR@20=0.0442 Cov@20=0.5293 ARP@20=6.4180 HeadExp=0.8870 MidExp=0.0819 TailExp=0.0311 ⭐best
13:47:25 | ep  26 |  4.8s | BPR=0.2812 ILE=0.0019 CL=6.0100
13:47:30 | ep  27 |  4.8s | BPR=0.2739 ILE=0.0017 CL=6.0031
13:47:35 | ep  28 |  4.9s | BPR=0.2690 ILE=0.0018 CL=5.9972
13:47:40 | ep  29 |  5.0s | BPR=0.2650 ILE=0.0015 CL=5.9881
13:47:46 | ep  30 |  5.1s | BPR=0.2602 ILE=0.0017 CL=5.9797 | VAL R@10=0.0923 R@20=0.1576 N@10=0.0447 N@20=0.0611 TailR@20=0.0505 Cov@20=0.5579 ARP@20=6.3772 HeadExp=0.8748 MidExp=0.0933 TailExp=0.0320 ⭐best
13:47:51 | ep  31 |  5.0s | BPR=0.2555 ILE=0.0014 CL=5.9739
13:47:56 | ep  32 |  5.0s | BPR=0.2521 ILE=0.0015 CL=5.9678
13:48:01 | ep  33 |  5.0s | BPR=0.2483 ILE=0.0013 CL=5.9601
13:48:06 | ep  34 |  5.0s | BPR=0.2445 ILE=0.0011 CL=5.9568
13:48:12 | ep  35 |  5.0s | BPR=0.2407 ILE=0.0013 CL=5.9512 | VAL R@10=0.0941 R@20=0.1566 N@10=0.0451 N@20=0.0608 TailR@20=0.0505 Cov@20=0.5746 ARP@20=6.3447 HeadExp=0.8641 MidExp=0.1042 TailExp=0.0317 (best 0.1576@30)
13:48:17 | ep  36 |  5.0s | BPR=0.2383 ILE=0.0014 CL=5.9445
13:48:22 | ep  37 |  4.9s | BPR=0.2344 ILE=0.0012 CL=5.9374
13:48:27 | ep  38 |  4.9s | BPR=0.2316 ILE=0.0012 CL=5.9330
13:48:32 | ep  39 |  5.0s | BPR=0.2282 ILE=0.0010 CL=5.9293
13:48:38 | ep  40 |  5.0s | BPR=0.2264 ILE=0.0010 CL=5.9251 | VAL R@10=0.0940 R@20=0.1555 N@10=0.0448 N@20=0.0602 TailR@20=0.0547 Cov@20=0.6003 ARP@20=6.3141 HeadExp=0.8536 MidExp=0.1145 TailExp=0.0319 (best 0.1576@30)
13:48:43 | ep  41 |  5.0s | BPR=0.2234 ILE=0.0010 CL=5.9203
13:48:48 | ep  42 |  5.0s | BPR=0.2214 ILE=0.0009 CL=5.9147
13:48:52 | ep  43 |  4.6s | BPR=0.2183 ILE=0.0011 CL=5.9101
13:48:57 | ep  44 |  4.8s | BPR=0.2170 ILE=0.0010 CL=5.9074
13:49:03 | ep  45 |  5.0s | BPR=0.2146 ILE=0.0010 CL=5.9041 | VAL R@10=0.0935 R@20=0.1516 N@10=0.0446 N@20=0.0593 TailR@20=0.0526 Cov@20=0.6219 ARP@20=6.2784 HeadExp=0.8424 MidExp=0.1251 TailExp=0.0325 (best 0.1576@30)
13:49:08 | ep  46 |  5.1s | BPR=0.2127 ILE=0.0009 CL=5.8983
13:49:13 | ep  47 |  4.9s | BPR=0.2106 ILE=0.0009 CL=5.8962
13:49:18 | ep  48 |  5.0s | BPR=0.2078 ILE=0.0010 CL=5.8920
13:49:23 | ep  49 |  5.1s | BPR=0.2069 ILE=0.0009 CL=5.8881
13:49:29 | ep  50 |  5.0s | BPR=0.2058 ILE=0.0010 CL=5.8860 | VAL R@10=0.0935 R@20=0.1521 N@10=0.0447 N@20=0.0594 TailR@20=0.0589 Cov@20=0.6383 ARP@20=6.2497 HeadExp=0.8322 MidExp=0.1345 TailExp=0.0333 (best 0.1576@30)
13:49:34 | ep  51 |  5.0s | BPR=0.2036 ILE=0.0010 CL=5.8799
13:49:39 | ep  52 |  5.0s | BPR=0.2009 ILE=0.0008 CL=5.8778
13:49:44 | ep  53 |  5.0s | BPR=0.1997 ILE=0.0008 CL=5.8766
13:49:49 | ep  54 |  5.0s | BPR=0.1982 ILE=0.0008 CL=5.8726
13:49:55 | ep  55 |  5.0s | BPR=0.1971 ILE=0.0007 CL=5.8703 | VAL R@10=0.0946 R@20=0.1511 N@10=0.0449 N@20=0.0591 TailR@20=0.0589 Cov@20=0.6538 ARP@20=6.2274 HeadExp=0.8240 MidExp=0.1423 TailExp=0.0336 (best 0.1576@30)
13:50:00 | ep  56 |  4.9s | BPR=0.1958 ILE=0.0008 CL=5.8702
13:50:04 | ep  57 |  4.7s | BPR=0.1938 ILE=0.0008 CL=5.8653
13:50:09 | ep  58 |  4.6s | BPR=0.1930 ILE=0.0007 CL=5.8625
13:50:14 | ep  59 |  4.8s | BPR=0.1916 ILE=0.0006 CL=5.8590
13:50:19 | ep  60 |  5.0s | BPR=0.1910 ILE=0.0008 CL=5.8592 | VAL R@10=0.0925 R@20=0.1521 N@10=0.0444 N@20=0.0593 TailR@20=0.0589 Cov@20=0.6654 ARP@20=6.1991 HeadExp=0.8143 MidExp=0.1515 TailExp=0.0342 (best 0.1576@30)
13:50:25 | ep  61 |  5.0s | BPR=0.1890 ILE=0.0007 CL=5.8576
13:50:30 | ep  62 |  4.9s | BPR=0.1870 ILE=0.0007 CL=5.8553
13:50:35 | ep  63 |  5.0s | BPR=0.1859 ILE=0.0006 CL=5.8533
13:50:39 | ep  64 |  4.9s | BPR=0.1849 ILE=0.0006 CL=5.8498
13:50:45 | ep  65 |  4.8s | BPR=0.1844 ILE=0.0008 CL=5.8445 | VAL R@10=0.0916 R@20=0.1495 N@10=0.0435 N@20=0.0579 TailR@20=0.0632 Cov@20=0.6802 ARP@20=6.1699 HeadExp=0.8036 MidExp=0.1613 TailExp=0.0352 (best 0.1576@30)
13:50:50 | ep  66 |  5.0s | BPR=0.1840 ILE=0.0007 CL=5.8412
13:50:55 | ep  67 |  5.0s | BPR=0.1823 ILE=0.0006 CL=5.8431
13:51:00 | ep  68 |  5.0s | BPR=0.1811 ILE=0.0006 CL=5.8420
13:51:05 | ep  69 |  4.9s | BPR=0.1810 ILE=0.0009 CL=5.8410
13:51:11 | ep  70 |  5.1s | BPR=0.1795 ILE=0.0008 CL=5.8348 | VAL R@10=0.0905 R@20=0.1475 N@10=0.0436 N@20=0.0578 TailR@20=0.0611 Cov@20=0.6903 ARP@20=6.1484 HeadExp=0.7949 MidExp=0.1690 TailExp=0.0360 (best 0.1576@30)
13:51:16 | ep  71 |  5.1s | BPR=0.1784 ILE=0.0006 CL=5.8350
13:51:21 | ep  72 |  5.0s | BPR=0.1775 ILE=0.0007 CL=5.8347
13:51:26 | ep  73 |  5.0s | BPR=0.1762 ILE=0.0007 CL=5.8305
13:51:31 | ep  74 |  5.0s | BPR=0.1759 ILE=0.0009 CL=5.8296
13:51:37 | ep  75 |  4.9s | BPR=0.1745 ILE=0.0007 CL=5.8255 | VAL R@10=0.0893 R@20=0.1460 N@10=0.0433 N@20=0.0575 TailR@20=0.0611 Cov@20=0.7014 ARP@20=6.1297 HeadExp=0.7872 MidExp=0.1762 TailExp=0.0366 (best 0.1576@30)
13:51:42 | ep  76 |  4.7s | BPR=0.1745 ILE=0.0007 CL=5.8255
13:51:47 | ep  77 |  5.0s | BPR=0.1734 ILE=0.0007 CL=5.8248
13:51:52 | ep  78 |  4.9s | BPR=0.1717 ILE=0.0007 CL=5.8246
13:51:57 | ep  79 |  5.1s | BPR=0.1715 ILE=0.0006 CL=5.8244
13:52:02 | ep  80 |  4.9s | BPR=0.1713 ILE=0.0007 CL=5.8211 | VAL R@10=0.0880 R@20=0.1453 N@10=0.0428 N@20=0.0571 TailR@20=0.0674 Cov@20=0.7042 ARP@20=6.1142 HeadExp=0.7813 MidExp=0.1816 TailExp=0.0371 (best 0.1576@30)
13:52:02 | ⏰ early stopping @ epoch 80
13:52:03 | ✅ [full_L2_ile1p0_cl0p1_tau0p2_beta0p5_s42] TEST | R@10=0.0787 R@20=0.1347 N@10=0.0378 N@20=0.0518 TailR@20=0.0299 Cov@20=0.5579 ARP@20=6.3745 HeadExp=0.8741 MidExp=0.0937 TailExp=0.0322
