13:24:06 | 🚀 [full_L2_ile0p5_cl0p5_tau0p2_beta0p0_s42] ILE=True(λ=0.5) aug_main=False CL=True(λ=0.5,τ=0.2) negβ=0.0 drop=degree_aware layers=2 epochs=100 steps/epoch=137 device=cuda
13:24:10 | ep   1 |  4.2s | BPR=0.6927 ILE=0.0000 CL=5.5749
13:24:14 | ep   2 |  3.9s | BPR=0.6925 ILE=0.0000 CL=5.5680
13:24:18 | ep   3 |  3.8s | BPR=0.6923 ILE=0.0000 CL=5.5635
13:24:22 | ep   4 |  4.3s | BPR=0.6920 ILE=0.0000 CL=5.5620
13:24:27 | ep   5 |  4.4s | BPR=0.6917 ILE=0.0000 CL=5.5608 | VAL R@10=0.0113 R@20=0.0174 N@10=0.0048 N@20=0.0064 TailR@20=0.0000 Cov@20=0.8435 ARP@20=5.4119 HeadExp=0.5092 MidExp=0.4195 TailExp=0.0713 ⭐best
13:24:31 | ep   6 |  3.9s | BPR=0.6914 ILE=0.0000 CL=5.5612
13:24:35 | ep   7 |  4.2s | BPR=0.6911 ILE=0.0000 CL=5.5610
13:24:40 | ep   8 |  4.3s | BPR=0.6907 ILE=0.0000 CL=5.5593
13:24:44 | ep   9 |  4.3s | BPR=0.6904 ILE=0.0000 CL=5.5589
13:24:49 | ep  10 |  4.3s | BPR=0.6900 ILE=0.0000 CL=5.5587 | VAL R@10=0.0134 R@20=0.0210 N@10=0.0062 N@20=0.0082 TailR@20=0.0000 Cov@20=0.7668 ARP@20=5.5309 HeadExp=0.5488 MidExp=0.4065 TailExp=0.0447 ⭐best
13:24:54 | ep  11 |  4.4s | BPR=0.6895 ILE=0.0000 CL=5.5572
13:24:58 | ep  12 |  4.4s | BPR=0.6890 ILE=0.0000 CL=5.5588
13:25:02 | ep  13 |  4.4s | BPR=0.6884 ILE=0.0000 CL=5.5577
13:25:06 | ep  14 |  3.9s | BPR=0.6878 ILE=0.0000 CL=5.5570
13:25:11 | ep  15 |  3.8s | BPR=0.6871 ILE=0.0000 CL=5.5608 | VAL R@10=0.0157 R@20=0.0290 N@10=0.0074 N@20=0.0108 TailR@20=0.0042 Cov@20=0.7554 ARP@20=5.5689 HeadExp=0.5657 MidExp=0.3944 TailExp=0.0399 ⭐best
13:25:15 | ep  16 |  3.8s | BPR=0.6863 ILE=0.0000 CL=5.5575
13:25:19 | ep  17 |  3.8s | BPR=0.6854 ILE=0.0000 CL=5.5601
13:25:22 | ep  18 |  3.8s | BPR=0.6843 ILE=0.0000 CL=5.5578
13:25:27 | ep  19 |  4.5s | BPR=0.6831 ILE=0.0000 CL=5.5581
13:25:32 | ep  20 |  4.4s | BPR=0.6817 ILE=0.0000 CL=5.5618 | VAL R@10=0.0182 R@20=0.0378 N@10=0.0093 N@20=0.0142 TailR@20=0.0084 Cov@20=0.7733 ARP@20=5.6135 HeadExp=0.5926 MidExp=0.3678 TailExp=0.0395 ⭐best
13:25:37 | ep  21 |  4.6s | BPR=0.6800 ILE=0.0000 CL=5.5578
13:25:41 | ep  22 |  4.4s | BPR=0.6779 ILE=0.0000 CL=5.5592
13:25:45 | ep  23 |  4.0s | BPR=0.6756 ILE=0.0000 CL=5.5618
13:25:50 | ep  24 |  4.4s | BPR=0.6726 ILE=0.0000 CL=5.5620
13:25:55 | ep  25 |  4.3s | BPR=0.6692 ILE=0.0000 CL=5.5616 | VAL R@10=0.0288 R@20=0.0484 N@10=0.0144 N@20=0.0193 TailR@20=0.0147 Cov@20=0.7829 ARP@20=5.7031 HeadExp=0.6437 MidExp=0.3183 TailExp=0.0380 ⭐best
13:25:59 | ep  26 |  4.2s | BPR=0.6651 ILE=0.0000 CL=5.5631
13:26:03 | ep  27 |  4.0s | BPR=0.6599 ILE=0.0000 CL=5.5633
13:26:07 | ep  28 |  4.3s | BPR=0.6536 ILE=0.0000 CL=5.5669
13:26:12 | ep  29 |  4.4s | BPR=0.6460 ILE=0.0000 CL=5.5676
13:26:17 | ep  30 |  4.4s | BPR=0.6367 ILE=0.0001 CL=5.5689 | VAL R@10=0.0456 R@20=0.0729 N@10=0.0228 N@20=0.0298 TailR@20=0.0147 Cov@20=0.7772 ARP@20=5.8637 HeadExp=0.7250 MidExp=0.2386 TailExp=0.0364 ⭐best
13:26:21 | ep  31 |  4.4s | BPR=0.6255 ILE=0.0001 CL=5.5775
13:26:26 | ep  32 |  4.4s | BPR=0.6127 ILE=0.0002 CL=5.5775
13:26:30 | ep  33 |  4.3s | BPR=0.5975 ILE=0.0003 CL=5.5835
13:26:34 | ep  34 |  4.3s | BPR=0.5804 ILE=0.0005 CL=5.5908
13:26:40 | ep  35 |  4.3s | BPR=0.5611 ILE=0.0008 CL=5.5984 | VAL R@10=0.0593 R@20=0.0974 N@10=0.0295 N@20=0.0392 TailR@20=0.0295 Cov@20=0.7492 ARP@20=6.0287 HeadExp=0.7986 MidExp=0.1631 TailExp=0.0384 ⭐best
13:26:44 | ep  36 |  4.3s | BPR=0.5406 ILE=0.0011 CL=5.6034
13:26:48 | ep  37 |  4.3s | BPR=0.5187 ILE=0.0015 CL=5.6118
13:26:53 | ep  38 |  4.3s | BPR=0.4961 ILE=0.0020 CL=5.6193
13:26:57 | ep  39 |  4.4s | BPR=0.4741 ILE=0.0024 CL=5.6259
13:27:02 | ep  40 |  4.4s | BPR=0.4524 ILE=0.0028 CL=5.6340 | VAL R@10=0.0718 R@20=0.1139 N@10=0.0357 N@20=0.0463 TailR@20=0.0379 Cov@20=0.7294 ARP@20=6.1203 HeadExp=0.8319 MidExp=0.1272 TailExp=0.0409 ⭐best
13:27:07 | ep  41 |  4.4s | BPR=0.4319 ILE=0.0033 CL=5.6383
13:27:11 | ep  42 |  3.9s | BPR=0.4124 ILE=0.0035 CL=5.6443
13:27:15 | ep  43 |  4.2s | BPR=0.3936 ILE=0.0037 CL=5.6470
13:27:19 | ep  44 |  4.2s | BPR=0.3769 ILE=0.0037 CL=5.6498
13:27:24 | ep  45 |  3.8s | BPR=0.3606 ILE=0.0038 CL=5.6542 | VAL R@10=0.0762 R@20=0.1221 N@10=0.0378 N@20=0.0494 TailR@20=0.0484 Cov@20=0.7037 ARP@20=6.1595 HeadExp=0.8432 MidExp=0.1160 TailExp=0.0408 ⭐best
13:27:28 | ep  46 |  4.0s | BPR=0.3466 ILE=0.0039 CL=5.6570
13:27:32 | ep  47 |  3.8s | BPR=0.3334 ILE=0.0044 CL=5.6591
13:27:36 | ep  48 |  4.3s | BPR=0.3206 ILE=0.0041 CL=5.6609
13:27:40 | ep  49 |  4.3s | BPR=0.3091 ILE=0.0039 CL=5.6586
13:27:45 | ep  50 |  4.4s | BPR=0.2985 ILE=0.0038 CL=5.6620 | VAL R@10=0.0767 R@20=0.1231 N@10=0.0381 N@20=0.0498 TailR@20=0.0484 Cov@20=0.6926 ARP@20=6.1692 HeadExp=0.8444 MidExp=0.1168 TailExp=0.0388 ⭐best
13:27:50 | ep  51 |  4.3s | BPR=0.2887 ILE=0.0040 CL=5.6605
13:27:54 | ep  52 |  4.3s | BPR=0.2798 ILE=0.0036 CL=5.6628
13:27:58 | ep  53 |  4.3s | BPR=0.2719 ILE=0.0034 CL=5.6645
13:28:02 | ep  54 |  3.9s | BPR=0.2640 ILE=0.0034 CL=5.6652
13:28:07 | ep  55 |  4.2s | BPR=0.2569 ILE=0.0037 CL=5.6654 | VAL R@10=0.0754 R@20=0.1230 N@10=0.0374 N@20=0.0493 TailR@20=0.0484 Cov@20=0.6912 ARP@20=6.1620 HeadExp=0.8407 MidExp=0.1214 TailExp=0.0379 (best 0.1231@50)
13:28:12 | ep  56 |  4.2s | BPR=0.2503 ILE=0.0034 CL=5.6636
13:28:16 | ep  57 |  4.3s | BPR=0.2444 ILE=0.0034 CL=5.6636
13:28:20 | ep  58 |  4.3s | BPR=0.2385 ILE=0.0032 CL=5.6638
13:28:24 | ep  59 |  4.1s | BPR=0.2331 ILE=0.0035 CL=5.6626
13:28:29 | ep  60 |  4.3s | BPR=0.2289 ILE=0.0031 CL=5.6626 | VAL R@10=0.0739 R@20=0.1223 N@10=0.0369 N@20=0.0490 TailR@20=0.0526 Cov@20=0.6988 ARP@20=6.1490 HeadExp=0.8353 MidExp=0.1273 TailExp=0.0374 (best 0.1231@50)
13:28:34 | ep  61 |  4.3s | BPR=0.2235 ILE=0.0029 CL=5.6632
13:28:38 | ep  62 |  4.3s | BPR=0.2190 ILE=0.0034 CL=5.6642
13:28:42 | ep  63 |  4.3s | BPR=0.2152 ILE=0.0029 CL=5.6594
13:28:46 | ep  64 |  4.1s | BPR=0.2114 ILE=0.0031 CL=5.6608
13:28:51 | ep  65 |  4.2s | BPR=0.2077 ILE=0.0026 CL=5.6588 | VAL R@10=0.0729 R@20=0.1200 N@10=0.0362 N@20=0.0480 TailR@20=0.0526 Cov@20=0.7028 ARP@20=6.1310 HeadExp=0.8280 MidExp=0.1345 TailExp=0.0376 (best 0.1231@50)
13:28:56 | ep  66 |  4.5s | BPR=0.2033 ILE=0.0029 CL=5.6594
13:29:00 | ep  67 |  4.4s | BPR=0.2009 ILE=0.0027 CL=5.6585
13:29:05 | ep  68 |  4.4s | BPR=0.1973 ILE=0.0025 CL=5.6602
13:29:09 | ep  69 |  4.4s | BPR=0.1947 ILE=0.0030 CL=5.6569
13:29:14 | ep  70 |  4.4s | BPR=0.1915 ILE=0.0024 CL=5.6589 | VAL R@10=0.0713 R@20=0.1168 N@10=0.0355 N@20=0.0469 TailR@20=0.0526 Cov@20=0.7068 ARP@20=6.1134 HeadExp=0.8207 MidExp=0.1415 TailExp=0.0378 (best 0.1231@50)
13:29:19 | ep  71 |  4.4s | BPR=0.1889 ILE=0.0024 CL=5.6568
13:29:23 | ep  72 |  4.4s | BPR=0.1861 ILE=0.0025 CL=5.6580
13:29:28 | ep  73 |  4.5s | BPR=0.1841 ILE=0.0020 CL=5.6578
13:29:32 | ep  74 |  4.4s | BPR=0.1811 ILE=0.0026 CL=5.6546
13:29:38 | ep  75 |  4.4s | BPR=0.1797 ILE=0.0026 CL=5.6557 | VAL R@10=0.0699 R@20=0.1134 N@10=0.0349 N@20=0.0458 TailR@20=0.0526 Cov@20=0.7144 ARP@20=6.0942 HeadExp=0.8124 MidExp=0.1488 TailExp=0.0388 (best 0.1231@50)
13:29:42 | ep  76 |  4.4s | BPR=0.1766 ILE=0.0023 CL=5.6548
13:29:46 | ep  77 |  4.4s | BPR=0.1744 ILE=0.0023 CL=5.6538
13:29:51 | ep  78 |  4.3s | BPR=0.1734 ILE=0.0025 CL=5.6525
13:29:55 | ep  79 |  4.4s | BPR=0.1718 ILE=0.0024 CL=5.6530
13:30:00 | ep  80 |  3.9s | BPR=0.1701 ILE=0.0021 CL=5.6540 | VAL R@10=0.0686 R@20=0.1112 N@10=0.0347 N@20=0.0453 TailR@20=0.0505 Cov@20=0.7286 ARP@20=6.0784 HeadExp=0.8057 MidExp=0.1546 TailExp=0.0397 (best 0.1231@50)
13:30:04 | ep  81 |  4.2s | BPR=0.1674 ILE=0.0020 CL=5.6537
13:30:08 | ep  82 |  4.3s | BPR=0.1654 ILE=0.0022 CL=5.6511
13:30:13 | ep  83 |  4.3s | BPR=0.1633 ILE=0.0021 CL=5.6520
13:30:17 | ep  84 |  4.0s | BPR=0.1626 ILE=0.0020 CL=5.6515
13:30:21 | ep  85 |  4.1s | BPR=0.1611 ILE=0.0021 CL=5.6507 | VAL R@10=0.0671 R@20=0.1094 N@10=0.0342 N@20=0.0447 TailR@20=0.0505 Cov@20=0.7382 ARP@20=6.0611 HeadExp=0.7990 MidExp=0.1600 TailExp=0.0410 (best 0.1231@50)
13:30:26 | ep  86 |  4.3s | BPR=0.1600 ILE=0.0022 CL=5.6487
13:30:30 | ep  87 |  4.3s | BPR=0.1581 ILE=0.0021 CL=5.6515
13:30:34 | ep  88 |  4.3s | BPR=0.1579 ILE=0.0021 CL=5.6501
13:30:39 | ep  89 |  4.3s | BPR=0.1551 ILE=0.0021 CL=5.6507
13:30:44 | ep  90 |  4.3s | BPR=0.1545 ILE=0.0017 CL=5.6470 | VAL R@10=0.0671 R@20=0.1056 N@10=0.0343 N@20=0.0439 TailR@20=0.0505 Cov@20=0.7504 ARP@20=6.0463 HeadExp=0.7924 MidExp=0.1656 TailExp=0.0420 (best 0.1231@50)
13:30:48 | ep  91 |  4.0s | BPR=0.1528 ILE=0.0020 CL=5.6496
13:30:52 | ep  92 |  3.8s | BPR=0.1522 ILE=0.0019 CL=5.6465
13:30:56 | ep  93 |  4.4s | BPR=0.1513 ILE=0.0019 CL=5.6472
13:31:00 | ep  94 |  4.2s | BPR=0.1498 ILE=0.0020 CL=5.6486
13:31:05 | ep  95 |  4.1s | BPR=0.1487 ILE=0.0021 CL=5.6464 | VAL R@10=0.0666 R@20=0.1037 N@10=0.0343 N@20=0.0435 TailR@20=0.0463 Cov@20=0.7659 ARP@20=6.0299 HeadExp=0.7859 MidExp=0.1706 TailExp=0.0436 (best 0.1231@50)
13:31:10 | ep  96 |  4.2s | BPR=0.1470 ILE=0.0018 CL=5.6445
13:31:14 | ep  97 |  4.3s | BPR=0.1465 ILE=0.0019 CL=5.6455
13:31:18 | ep  98 |  4.4s | BPR=0.1458 ILE=0.0020 CL=5.6491
13:31:23 | ep  99 |  4.3s | BPR=0.1444 ILE=0.0020 CL=5.6447
13:31:28 | ep 100 |  4.3s | BPR=0.1436 ILE=0.0021 CL=5.6482 | VAL R@10=0.0665 R@20=0.1023 N@10=0.0339 N@20=0.0428 TailR@20=0.0442 Cov@20=0.7747 ARP@20=6.0179 HeadExp=0.7806 MidExp=0.1752 TailExp=0.0441 (best 0.1231@50)
13:31:28 | ⏰ early stopping @ epoch 100
13:31:29 | ✅ [full_L2_ile0p5_cl0p5_tau0p2_beta0p0_s42] TEST | R@10=0.0661 R@20=0.1105 N@10=0.0321 N@20=0.0433 TailR@20=0.0206 Cov@20=0.6943 ARP@20=6.1658 HeadExp=0.8436 MidExp=0.1173 TailExp=0.0391
