14:07:34 | 🚀 [full_L3_ile0p1_cl0p1_tau0p2_beta0p0_s42] ILE=True(λ=0.1) aug_main=False CL=True(λ=0.1,τ=0.2) negβ=0.0 drop=degree_aware layers=3 epochs=100 steps/epoch=137 device=cuda
14:07:39 | ep   1 |  5.3s | BPR=0.6929 ILE=0.0000 CL=5.5785
14:07:44 | ep   2 |  5.0s | BPR=0.6926 ILE=0.0000 CL=5.5718
14:07:49 | ep   3 |  4.9s | BPR=0.6923 ILE=0.0000 CL=5.5672
14:07:54 | ep   4 |  5.0s | BPR=0.6919 ILE=0.0000 CL=5.5657
14:08:00 | ep   5 |  5.0s | BPR=0.6914 ILE=0.0000 CL=5.5647 | VAL R@10=0.0167 R@20=0.0267 N@10=0.0080 N@20=0.0104 TailR@20=0.0021 Cov@20=0.9069 ARP@20=5.4049 HeadExp=0.5215 MidExp=0.3929 TailExp=0.0856 ⭐best
14:08:05 | ep   6 |  5.0s | BPR=0.6908 ILE=0.0000 CL=5.5657
14:08:10 | ep   7 |  5.0s | BPR=0.6900 ILE=0.0000 CL=5.5663
14:08:15 | ep   8 |  5.0s | BPR=0.6890 ILE=0.0000 CL=5.5657
14:08:20 | ep   9 |  4.9s | BPR=0.6878 ILE=0.0000 CL=5.5671
14:08:26 | ep  10 |  4.9s | BPR=0.6860 ILE=0.0000 CL=5.5695 | VAL R@10=0.0351 R@20=0.0618 N@10=0.0178 N@20=0.0245 TailR@20=0.0168 Cov@20=0.7821 ARP@20=5.7731 HeadExp=0.6622 MidExp=0.2970 TailExp=0.0408 ⭐best
14:08:31 | ep  11 |  4.9s | BPR=0.6834 ILE=0.0000 CL=5.5724
14:08:35 | ep  12 |  4.9s | BPR=0.6797 ILE=0.0000 CL=5.5809
14:08:40 | ep  13 |  4.7s | BPR=0.6741 ILE=0.0000 CL=5.5913
14:08:45 | ep  14 |  4.8s | BPR=0.6651 ILE=0.0001 CL=5.6117
14:08:51 | ep  15 |  4.9s | BPR=0.6502 ILE=0.0004 CL=5.6557 | VAL R@10=0.0739 R@20=0.1180 N@10=0.0354 N@20=0.0465 TailR@20=0.0379 Cov@20=0.6991 ARP@20=6.2655 HeadExp=0.8573 MidExp=0.1046 TailExp=0.0381 ⭐best
14:08:56 | ep  16 |  5.0s | BPR=0.6245 ILE=0.0018 CL=5.7321
14:09:01 | ep  17 |  5.1s | BPR=0.5803 ILE=0.0070 CL=5.8811
14:09:06 | ep  18 |  4.9s | BPR=0.5168 ILE=0.0211 CL=6.0873
14:09:11 | ep  19 |  5.0s | BPR=0.4504 ILE=0.0426 CL=6.2717
14:09:16 | ep  20 |  4.8s | BPR=0.3959 ILE=0.0610 CL=6.3785 | VAL R@10=0.0867 R@20=0.1430 N@10=0.0419 N@20=0.0560 TailR@20=0.0358 Cov@20=0.4817 ARP@20=6.7332 HeadExp=0.9445 MidExp=0.0303 TailExp=0.0253 ⭐best
14:09:21 | ep  21 |  4.7s | BPR=0.3543 ILE=0.0711 CL=6.4235
14:09:26 | ep  22 |  4.9s | BPR=0.3224 ILE=0.0774 CL=6.4367
14:09:31 | ep  23 |  4.8s | BPR=0.2985 ILE=0.0794 CL=6.4340
14:09:36 | ep  24 |  4.9s | BPR=0.2787 ILE=0.0771 CL=6.4211
14:09:42 | ep  25 |  5.0s | BPR=0.2624 ILE=0.0762 CL=6.4082 | VAL R@10=0.0920 R@20=0.1498 N@10=0.0436 N@20=0.0582 TailR@20=0.0337 Cov@20=0.4237 ARP@20=6.7241 HeadExp=0.9567 MidExp=0.0291 TailExp=0.0142 ⭐best
14:09:47 | ep  26 |  5.0s | BPR=0.2490 ILE=0.0732 CL=6.3886
14:09:52 | ep  27 |  4.9s | BPR=0.2375 ILE=0.0706 CL=6.3697
14:09:56 | ep  28 |  4.8s | BPR=0.2280 ILE=0.0676 CL=6.3508
14:10:01 | ep  29 |  4.9s | BPR=0.2187 ILE=0.0645 CL=6.3329
14:10:07 | ep  30 |  4.9s | BPR=0.2119 ILE=0.0624 CL=6.3102 | VAL R@10=0.0915 R@20=0.1551 N@10=0.0443 N@20=0.0602 TailR@20=0.0316 Cov@20=0.4316 ARP@20=6.6824 HeadExp=0.9546 MidExp=0.0339 TailExp=0.0115 ⭐best
14:10:12 | ep  31 |  5.0s | BPR=0.2050 ILE=0.0601 CL=6.2970
14:10:17 | ep  32 |  4.8s | BPR=0.1990 ILE=0.0591 CL=6.2778
14:10:22 | ep  33 |  4.7s | BPR=0.1935 ILE=0.0573 CL=6.2621
14:10:27 | ep  34 |  5.0s | BPR=0.1894 ILE=0.0528 CL=6.2480
14:10:32 | ep  35 |  4.9s | BPR=0.1839 ILE=0.0526 CL=6.2352 | VAL R@10=0.0920 R@20=0.1559 N@10=0.0444 N@20=0.0604 TailR@20=0.0316 Cov@20=0.4418 ARP@20=6.6483 HeadExp=0.9505 MidExp=0.0390 TailExp=0.0105 ⭐best
14:10:37 | ep  36 |  5.0s | BPR=0.1802 ILE=0.0506 CL=6.2196
14:10:42 | ep  37 |  4.9s | BPR=0.1766 ILE=0.0476 CL=6.2066
14:10:47 | ep  38 |  5.0s | BPR=0.1721 ILE=0.0473 CL=6.1936
14:10:52 | ep  39 |  4.9s | BPR=0.1696 ILE=0.0446 CL=6.1814
14:10:58 | ep  40 |  5.0s | BPR=0.1672 ILE=0.0426 CL=6.1695 | VAL R@10=0.0953 R@20=0.1576 N@10=0.0457 N@20=0.0612 TailR@20=0.0358 Cov@20=0.4543 ARP@20=6.6144 HeadExp=0.9440 MidExp=0.0459 TailExp=0.0102 ⭐best
14:11:03 | ep  41 |  5.0s | BPR=0.1638 ILE=0.0437 CL=6.1579
14:11:08 | ep  42 |  4.9s | BPR=0.1607 ILE=0.0424 CL=6.1498
14:11:13 | ep  43 |  5.0s | BPR=0.1574 ILE=0.0407 CL=6.1395
14:11:18 | ep  44 |  4.9s | BPR=0.1556 ILE=0.0387 CL=6.1282
14:11:24 | ep  45 |  5.0s | BPR=0.1531 ILE=0.0370 CL=6.1198 | VAL R@10=0.0931 R@20=0.1553 N@10=0.0451 N@20=0.0607 TailR@20=0.0379 Cov@20=0.4670 ARP@20=6.5857 HeadExp=0.9380 MidExp=0.0517 TailExp=0.0103 (best 0.1576@40)
14:11:29 | ep  46 |  4.9s | BPR=0.1513 ILE=0.0352 CL=6.1109
14:11:34 | ep  47 |  4.9s | BPR=0.1502 ILE=0.0374 CL=6.1020
14:11:39 | ep  48 |  5.0s | BPR=0.1476 ILE=0.0355 CL=6.0941
14:11:44 | ep  49 |  4.9s | BPR=0.1456 ILE=0.0335 CL=6.0843
14:11:49 | ep  50 |  4.9s | BPR=0.1435 ILE=0.0334 CL=6.0791 | VAL R@10=0.0930 R@20=0.1559 N@10=0.0448 N@20=0.0606 TailR@20=0.0358 Cov@20=0.4817 ARP@20=6.5574 HeadExp=0.9317 MidExp=0.0576 TailExp=0.0107 (best 0.1576@40)
14:11:54 | ep  51 |  5.0s | BPR=0.1417 ILE=0.0327 CL=6.0703
14:11:59 | ep  52 |  4.9s | BPR=0.1403 ILE=0.0297 CL=6.0656
14:12:04 | ep  53 |  4.9s | BPR=0.1387 ILE=0.0298 CL=6.0606
14:12:09 | ep  54 |  4.9s | BPR=0.1372 ILE=0.0288 CL=6.0541
14:12:15 | ep  55 |  4.9s | BPR=0.1357 ILE=0.0295 CL=6.0483 | VAL R@10=0.0930 R@20=0.1540 N@10=0.0440 N@20=0.0593 TailR@20=0.0337 Cov@20=0.4956 ARP@20=6.5306 HeadExp=0.9251 MidExp=0.0638 TailExp=0.0111 (best 0.1576@40)
14:12:20 | ep  56 |  4.8s | BPR=0.1338 ILE=0.0289 CL=6.0416
14:12:25 | ep  57 |  4.9s | BPR=0.1331 ILE=0.0276 CL=6.0366
14:12:29 | ep  58 |  4.9s | BPR=0.1316 ILE=0.0259 CL=6.0314
14:12:34 | ep  59 |  4.8s | BPR=0.1303 ILE=0.0269 CL=6.0244
14:12:40 | ep  60 |  4.9s | BPR=0.1297 ILE=0.0254 CL=6.0201 | VAL R@10=0.0936 R@20=0.1521 N@10=0.0443 N@20=0.0590 TailR@20=0.0358 Cov@20=0.5083 ARP@20=6.5087 HeadExp=0.9189 MidExp=0.0696 TailExp=0.0114 (best 0.1576@40)
14:12:45 | ep  61 |  4.9s | BPR=0.1282 ILE=0.0240 CL=6.0171
14:12:50 | ep  62 |  4.8s | BPR=0.1271 ILE=0.0258 CL=6.0118
14:12:55 | ep  63 |  4.9s | BPR=0.1259 ILE=0.0240 CL=6.0042
14:13:00 | ep  64 |  4.9s | BPR=0.1254 ILE=0.0245 CL=6.0019
14:13:05 | ep  65 |  4.9s | BPR=0.1241 ILE=0.0221 CL=5.9958 | VAL R@10=0.0921 R@20=0.1521 N@10=0.0433 N@20=0.0585 TailR@20=0.0358 Cov@20=0.5256 ARP@20=6.4858 HeadExp=0.9124 MidExp=0.0757 TailExp=0.0118 (best 0.1576@40)
14:13:10 | ep  66 |  5.0s | BPR=0.1226 ILE=0.0231 CL=5.9925
14:13:15 | ep  67 |  4.9s | BPR=0.1223 ILE=0.0219 CL=5.9890
14:13:20 | ep  68 |  5.0s | BPR=0.1212 ILE=0.0209 CL=5.9870
14:13:25 | ep  69 |  5.0s | BPR=0.1207 ILE=0.0226 CL=5.9799
14:13:31 | ep  70 |  4.9s | BPR=0.1199 ILE=0.0204 CL=5.9774 | VAL R@10=0.0926 R@20=0.1521 N@10=0.0435 N@20=0.0585 TailR@20=0.0358 Cov@20=0.5409 ARP@20=6.4641 HeadExp=0.9065 MidExp=0.0810 TailExp=0.0125 (best 0.1576@40)
14:13:36 | ep  71 |  4.9s | BPR=0.1187 ILE=0.0198 CL=5.9734
14:13:41 | ep  72 |  4.9s | BPR=0.1179 ILE=0.0201 CL=5.9721
14:13:46 | ep  73 |  4.9s | BPR=0.1172 ILE=0.0185 CL=5.9699
14:13:51 | ep  74 |  4.9s | BPR=0.1161 ILE=0.0207 CL=5.9630
14:13:57 | ep  75 |  4.9s | BPR=0.1163 ILE=0.0198 CL=5.9610 | VAL R@10=0.0920 R@20=0.1528 N@10=0.0430 N@20=0.0582 TailR@20=0.0358 Cov@20=0.5514 ARP@20=6.4456 HeadExp=0.9004 MidExp=0.0866 TailExp=0.0130 (best 0.1576@40)
14:14:02 | ep  76 |  4.9s | BPR=0.1148 ILE=0.0193 CL=5.9575
14:14:06 | ep  77 |  4.9s | BPR=0.1137 ILE=0.0181 CL=5.9544
14:14:11 | ep  78 |  4.9s | BPR=0.1140 ILE=0.0191 CL=5.9512
14:14:16 | ep  79 |  4.9s | BPR=0.1135 ILE=0.0186 CL=5.9490
14:14:22 | ep  80 |  5.0s | BPR=0.1127 ILE=0.0169 CL=5.9479 | VAL R@10=0.0903 R@20=0.1515 N@10=0.0427 N@20=0.0581 TailR@20=0.0358 Cov@20=0.5644 ARP@20=6.4274 HeadExp=0.8948 MidExp=0.0918 TailExp=0.0134 (best 0.1576@40)
14:14:27 | ep  81 |  4.9s | BPR=0.1116 ILE=0.0167 CL=5.9444
14:14:32 | ep  82 |  4.9s | BPR=0.1108 ILE=0.0178 CL=5.9402
14:14:37 | ep  83 |  4.9s | BPR=0.1095 ILE=0.0165 CL=5.9394
14:14:42 | ep  84 |  4.9s | BPR=0.1101 ILE=0.0159 CL=5.9373
14:14:48 | ep  85 |  4.9s | BPR=0.1094 ILE=0.0157 CL=5.9331 | VAL R@10=0.0902 R@20=0.1513 N@10=0.0428 N@20=0.0581 TailR@20=0.0358 Cov@20=0.5780 ARP@20=6.4092 HeadExp=0.8889 MidExp=0.0968 TailExp=0.0143 (best 0.1576@40)
14:14:53 | ep  86 |  4.9s | BPR=0.1090 ILE=0.0169 CL=5.9304
14:14:57 | ep  87 |  4.9s | BPR=0.1082 ILE=0.0156 CL=5.9309
14:15:02 | ep  88 |  4.9s | BPR=0.1089 ILE=0.0154 CL=5.9270
14:15:07 | ep  89 |  4.8s | BPR=0.1072 ILE=0.0158 CL=5.9257
14:15:13 | ep  90 |  4.9s | BPR=0.1067 ILE=0.0149 CL=5.9213 | VAL R@10=0.0897 R@20=0.1495 N@10=0.0426 N@20=0.0577 TailR@20=0.0337 Cov@20=0.5862 ARP@20=6.3933 HeadExp=0.8841 MidExp=0.1010 TailExp=0.0149 (best 0.1576@40)
14:15:13 | ⏰ early stopping @ epoch 90
14:15:14 | ✅ [full_L3_ile0p1_cl0p1_tau0p2_beta0p0_s42] TEST | R@10=0.0804 R@20=0.1362 N@10=0.0390 N@20=0.0530 TailR@20=0.0093 Cov@20=0.4543 ARP@20=6.6121 HeadExp=0.9436 MidExp=0.0462 TailExp=0.0102
