13:17:42 | 🚀 [full_L2_ile0p5_cl0p1_tau0p2_beta0p5_s42] ILE=True(λ=0.5) aug_main=False CL=True(λ=0.1,τ=0.2) negβ=0.5 drop=degree_aware layers=2 epochs=100 steps/epoch=137 device=cuda
13:17:47 | ep   1 |  4.9s | BPR=0.6925 ILE=0.0000 CL=5.5793
13:17:52 | ep   2 |  4.7s | BPR=0.6914 ILE=0.0000 CL=5.5712
13:17:57 | ep   3 |  5.1s | BPR=0.6897 ILE=0.0000 CL=5.5670
13:18:02 | ep   4 |  4.9s | BPR=0.6874 ILE=0.0000 CL=5.5693
13:18:08 | ep   5 |  5.0s | BPR=0.6838 ILE=0.0000 CL=5.5731 | VAL R@10=0.0383 R@20=0.0618 N@10=0.0202 N@20=0.0261 TailR@20=0.0000 Cov@20=0.8143 ARP@20=5.8163 HeadExp=0.6809 MidExp=0.2740 TailExp=0.0451 ⭐best
13:18:13 | ep   6 |  5.0s | BPR=0.6785 ILE=0.0000 CL=5.5825
13:18:18 | ep   7 |  5.0s | BPR=0.6698 ILE=0.0000 CL=5.5979
13:18:23 | ep   8 |  5.0s | BPR=0.6559 ILE=0.0001 CL=5.6253
13:18:28 | ep   9 |  5.0s | BPR=0.6347 ILE=0.0002 CL=5.6706
13:18:33 | ep  10 |  4.9s | BPR=0.6038 ILE=0.0008 CL=5.7356 | VAL R@10=0.0800 R@20=0.1329 N@10=0.0388 N@20=0.0521 TailR@20=0.0295 Cov@20=0.4936 ARP@20=6.4630 HeadExp=0.9106 MidExp=0.0772 TailExp=0.0122 ⭐best
13:18:38 | ep  11 |  4.8s | BPR=0.5640 ILE=0.0019 CL=5.8215
13:18:43 | ep  12 |  5.0s | BPR=0.5201 ILE=0.0035 CL=5.9080
13:18:48 | ep  13 |  5.0s | BPR=0.4787 ILE=0.0052 CL=5.9744
13:18:53 | ep  14 |  4.8s | BPR=0.4431 ILE=0.0060 CL=6.0202
13:18:59 | ep  15 |  5.0s | BPR=0.4121 ILE=0.0070 CL=6.0518 | VAL R@10=0.0868 R@20=0.1468 N@10=0.0418 N@20=0.0568 TailR@20=0.0337 Cov@20=0.4580 ARP@20=6.5428 HeadExp=0.9211 MidExp=0.0602 TailExp=0.0187 ⭐best
13:19:04 | ep  16 |  4.7s | BPR=0.3888 ILE=0.0070 CL=6.0659
13:19:09 | ep  17 |  5.0s | BPR=0.3688 ILE=0.0068 CL=6.0704
13:19:14 | ep  18 |  5.0s | BPR=0.3520 ILE=0.0068 CL=6.0699
13:19:19 | ep  19 |  5.0s | BPR=0.3372 ILE=0.0062 CL=6.0685
13:19:24 | ep  20 |  4.9s | BPR=0.3253 ILE=0.0058 CL=6.0615 | VAL R@10=0.0898 R@20=0.1548 N@10=0.0437 N@20=0.0600 TailR@20=0.0400 Cov@20=0.4803 ARP@20=6.4907 HeadExp=0.9092 MidExp=0.0695 TailExp=0.0213 ⭐best
13:19:29 | ep  21 |  5.0s | BPR=0.3149 ILE=0.0053 CL=6.0561
13:19:34 | ep  22 |  5.0s | BPR=0.3047 ILE=0.0054 CL=6.0502
13:19:39 | ep  23 |  4.9s | BPR=0.2966 ILE=0.0054 CL=6.0386
13:19:44 | ep  24 |  4.8s | BPR=0.2897 ILE=0.0043 CL=6.0314
13:19:50 | ep  25 |  4.8s | BPR=0.2825 ILE=0.0043 CL=6.0248 | VAL R@10=0.0912 R@20=0.1574 N@10=0.0443 N@20=0.0609 TailR@20=0.0421 Cov@20=0.5129 ARP@20=6.4398 HeadExp=0.8959 MidExp=0.0815 TailExp=0.0227 ⭐best
13:19:55 | ep  26 |  4.8s | BPR=0.2767 ILE=0.0042 CL=6.0162
13:19:59 | ep  27 |  4.5s | BPR=0.2697 ILE=0.0037 CL=6.0081
13:20:04 | ep  28 |  5.0s | BPR=0.2650 ILE=0.0039 CL=6.0018
13:20:09 | ep  29 |  4.8s | BPR=0.2610 ILE=0.0034 CL=5.9924
13:20:15 | ep  30 |  5.0s | BPR=0.2564 ILE=0.0037 CL=5.9833 | VAL R@10=0.0935 R@20=0.1574 N@10=0.0451 N@20=0.0611 TailR@20=0.0463 Cov@20=0.5386 ARP@20=6.3950 HeadExp=0.8825 MidExp=0.0931 TailExp=0.0244 (best 0.1574@25)
13:20:20 | ep  31 |  5.0s | BPR=0.2519 ILE=0.0030 CL=5.9769
13:20:25 | ep  32 |  5.0s | BPR=0.2485 ILE=0.0032 CL=5.9705
13:20:30 | ep  33 |  5.0s | BPR=0.2449 ILE=0.0029 CL=5.9624
13:20:35 | ep  34 |  5.0s | BPR=0.2412 ILE=0.0024 CL=5.9584
13:20:41 | ep  35 |  5.1s | BPR=0.2375 ILE=0.0026 CL=5.9527 | VAL R@10=0.0943 R@20=0.1556 N@10=0.0451 N@20=0.0606 TailR@20=0.0484 Cov@20=0.5630 ARP@20=6.3578 HeadExp=0.8703 MidExp=0.1047 TailExp=0.0250 (best 0.1574@25)
13:20:46 | ep  36 |  5.0s | BPR=0.2351 ILE=0.0029 CL=5.9464
13:20:51 | ep  37 |  5.0s | BPR=0.2312 ILE=0.0025 CL=5.9393
13:20:56 | ep  38 |  5.0s | BPR=0.2286 ILE=0.0025 CL=5.9342
13:21:01 | ep  39 |  5.0s | BPR=0.2253 ILE=0.0020 CL=5.9300
13:21:07 | ep  40 |  5.0s | BPR=0.2236 ILE=0.0020 CL=5.9253 | VAL R@10=0.0946 R@20=0.1553 N@10=0.0450 N@20=0.0603 TailR@20=0.0505 Cov@20=0.5879 ARP@20=6.3237 HeadExp=0.8581 MidExp=0.1156 TailExp=0.0263 (best 0.1574@25)
13:21:12 | ep  41 |  4.9s | BPR=0.2207 ILE=0.0021 CL=5.9208
13:21:16 | ep  42 |  4.6s | BPR=0.2188 ILE=0.0018 CL=5.9149
13:21:21 | ep  43 |  4.8s | BPR=0.2157 ILE=0.0022 CL=5.9105
13:21:26 | ep  44 |  5.1s | BPR=0.2144 ILE=0.0019 CL=5.9077
13:21:32 | ep  45 |  5.0s | BPR=0.2122 ILE=0.0019 CL=5.9041 | VAL R@10=0.0940 R@20=0.1516 N@10=0.0447 N@20=0.0593 TailR@20=0.0505 Cov@20=0.6085 ARP@20=6.2878 HeadExp=0.8468 MidExp=0.1259 TailExp=0.0273 (best 0.1574@25)
13:21:37 | ep  46 |  5.1s | BPR=0.2103 ILE=0.0017 CL=5.8985
13:21:42 | ep  47 |  5.0s | BPR=0.2082 ILE=0.0016 CL=5.8958
13:21:47 | ep  48 |  5.1s | BPR=0.2054 ILE=0.0019 CL=5.8922
13:21:52 | ep  49 |  5.0s | BPR=0.2045 ILE=0.0017 CL=5.8883
13:21:58 | ep  50 |  4.7s | BPR=0.2035 ILE=0.0019 CL=5.8861 | VAL R@10=0.0936 R@20=0.1526 N@10=0.0447 N@20=0.0595 TailR@20=0.0568 Cov@20=0.6284 ARP@20=6.2577 HeadExp=0.8359 MidExp=0.1356 TailExp=0.0285 (best 0.1574@25)
13:22:02 | ep  51 |  4.5s | BPR=0.2014 ILE=0.0018 CL=5.8802
13:22:07 | ep  52 |  4.9s | BPR=0.1987 ILE=0.0015 CL=5.8778
13:22:12 | ep  53 |  4.8s | BPR=0.1976 ILE=0.0014 CL=5.8762
13:22:17 | ep  54 |  5.0s | BPR=0.1962 ILE=0.0014 CL=5.8721
13:22:23 | ep  55 |  5.1s | BPR=0.1951 ILE=0.0013 CL=5.8697 | VAL R@10=0.0945 R@20=0.1518 N@10=0.0450 N@20=0.0594 TailR@20=0.0547 Cov@20=0.6439 ARP@20=6.2335 HeadExp=0.8272 MidExp=0.1434 TailExp=0.0294 (best 0.1574@25)
13:22:28 | ep  56 |  4.7s | BPR=0.1938 ILE=0.0013 CL=5.8694
13:22:33 | ep  57 |  4.9s | BPR=0.1919 ILE=0.0013 CL=5.8646
13:22:38 | ep  58 |  4.9s | BPR=0.1911 ILE=0.0013 CL=5.8621
13:22:42 | ep  59 |  4.9s | BPR=0.1897 ILE=0.0011 CL=5.8585
13:22:48 | ep  60 |  4.9s | BPR=0.1892 ILE=0.0014 CL=5.8588 | VAL R@10=0.0925 R@20=0.1513 N@10=0.0444 N@20=0.0591 TailR@20=0.0547 Cov@20=0.6553 ARP@20=6.2037 HeadExp=0.8166 MidExp=0.1529 TailExp=0.0306 (best 0.1574@25)
13:22:53 | ep  61 |  5.0s | BPR=0.1872 ILE=0.0011 CL=5.8569
13:22:58 | ep  62 |  5.0s | BPR=0.1853 ILE=0.0011 CL=5.8546
13:23:03 | ep  63 |  4.9s | BPR=0.1842 ILE=0.0011 CL=5.8526
13:23:08 | ep  64 |  4.9s | BPR=0.1832 ILE=0.0011 CL=5.8495
13:23:14 | ep  65 |  5.1s | BPR=0.1827 ILE=0.0013 CL=5.8444 | VAL R@10=0.0915 R@20=0.1497 N@10=0.0433 N@20=0.0579 TailR@20=0.0568 Cov@20=0.6691 ARP@20=6.1756 HeadExp=0.8060 MidExp=0.1621 TailExp=0.0318 (best 0.1574@25)
13:23:19 | ep  66 |  5.0s | BPR=0.1823 ILE=0.0012 CL=5.8412
13:23:24 | ep  67 |  4.9s | BPR=0.1806 ILE=0.0010 CL=5.8426
13:23:29 | ep  68 |  4.9s | BPR=0.1794 ILE=0.0010 CL=5.8415
13:23:34 | ep  69 |  4.9s | BPR=0.1793 ILE=0.0014 CL=5.8407
13:23:40 | ep  70 |  5.0s | BPR=0.1779 ILE=0.0012 CL=5.8345 | VAL R@10=0.0912 R@20=0.1475 N@10=0.0437 N@20=0.0578 TailR@20=0.0568 Cov@20=0.6850 ARP@20=6.1519 HeadExp=0.7968 MidExp=0.1700 TailExp=0.0332 (best 0.1574@25)
13:23:45 | ep  71 |  5.1s | BPR=0.1768 ILE=0.0010 CL=5.8349
13:23:49 | ep  72 |  4.6s | BPR=0.1760 ILE=0.0011 CL=5.8343
13:23:54 | ep  73 |  4.7s | BPR=0.1747 ILE=0.0010 CL=5.8299
13:23:59 | ep  74 |  5.0s | BPR=0.1743 ILE=0.0013 CL=5.8292
13:24:05 | ep  75 |  5.0s | BPR=0.1730 ILE=0.0011 CL=5.8254 | VAL R@10=0.0897 R@20=0.1465 N@10=0.0432 N@20=0.0575 TailR@20=0.0589 Cov@20=0.6974 ARP@20=6.1316 HeadExp=0.7884 MidExp=0.1776 TailExp=0.0340 (best 0.1574@25)
13:24:05 | ⏰ early stopping @ epoch 75
13:24:06 | ✅ [full_L2_ile0p5_cl0p1_tau0p2_beta0p5_s42] TEST | R@10=0.0771 R@20=0.1366 N@10=0.0377 N@20=0.0527 TailR@20=0.0262 Cov@20=0.5123 ARP@20=6.4371 HeadExp=0.8953 MidExp=0.0819 TailExp=0.0228
