14:49:05 | 🚀 [full_L3_ile0p5_cl0p1_tau0p2_beta0p5_s42] ILE=True(λ=0.5) aug_main=False CL=True(λ=0.1,τ=0.2) negβ=0.5 drop=degree_aware layers=3 epochs=100 steps/epoch=137 device=cuda
14:49:10 | ep   1 |  5.5s | BPR=0.6928 ILE=0.0000 CL=5.5819
14:49:16 | ep   2 |  5.7s | BPR=0.6926 ILE=0.0000 CL=5.5724
14:49:21 | ep   3 |  5.5s | BPR=0.6922 ILE=0.0000 CL=5.5662
14:49:27 | ep   4 |  5.6s | BPR=0.6917 ILE=0.0000 CL=5.5654
14:49:33 | ep   5 |  5.6s | BPR=0.6912 ILE=0.0000 CL=5.5641 | VAL R@10=0.0166 R@20=0.0270 N@10=0.0082 N@20=0.0109 TailR@20=0.0000 Cov@20=0.8698 ARP@20=5.4317 HeadExp=0.5274 MidExp=0.3897 TailExp=0.0828 ⭐best
14:49:39 | ep   6 |  5.6s | BPR=0.6905 ILE=0.0000 CL=5.5650
14:49:45 | ep   7 |  5.6s | BPR=0.6897 ILE=0.0000 CL=5.5653
14:49:50 | ep   8 |  5.6s | BPR=0.6887 ILE=0.0000 CL=5.5662
14:49:56 | ep   9 |  5.6s | BPR=0.6873 ILE=0.0000 CL=5.5681
14:50:02 | ep  10 |  5.7s | BPR=0.6853 ILE=0.0000 CL=5.5693 | VAL R@10=0.0389 R@20=0.0648 N@10=0.0195 N@20=0.0260 TailR@20=0.0084 Cov@20=0.7557 ARP@20=5.8371 HeadExp=0.6879 MidExp=0.2759 TailExp=0.0362 ⭐best
14:50:08 | ep  11 |  5.6s | BPR=0.6826 ILE=0.0000 CL=5.5749
14:50:14 | ep  12 |  5.6s | BPR=0.6788 ILE=0.0000 CL=5.5829
14:50:19 | ep  13 |  5.6s | BPR=0.6733 ILE=0.0000 CL=5.5904
14:50:25 | ep  14 |  5.6s | BPR=0.6652 ILE=0.0000 CL=5.6052
14:50:31 | ep  15 |  5.6s | BPR=0.6534 ILE=0.0001 CL=5.6316 | VAL R@10=0.0742 R@20=0.1218 N@10=0.0358 N@20=0.0478 TailR@20=0.0274 Cov@20=0.6074 ARP@20=6.2945 HeadExp=0.8625 MidExp=0.1168 TailExp=0.0207 ⭐best
14:50:37 | ep  16 |  5.6s | BPR=0.6368 ILE=0.0002 CL=5.6675
14:50:43 | ep  17 |  5.6s | BPR=0.6140 ILE=0.0005 CL=5.7162
14:50:48 | ep  18 |  5.7s | BPR=0.5849 ILE=0.0013 CL=5.7807
14:50:54 | ep  19 |  5.6s | BPR=0.5512 ILE=0.0023 CL=5.8544
14:51:00 | ep  20 |  5.6s | BPR=0.5163 ILE=0.0037 CL=5.9203 | VAL R@10=0.0853 R@20=0.1442 N@10=0.0410 N@20=0.0557 TailR@20=0.0421 Cov@20=0.4834 ARP@20=6.5558 HeadExp=0.9216 MidExp=0.0578 TailExp=0.0206 ⭐best
14:51:06 | ep  21 |  5.2s | BPR=0.4834 ILE=0.0049 CL=5.9767
14:51:11 | ep  22 |  5.5s | BPR=0.4535 ILE=0.0061 CL=6.0195
14:51:17 | ep  23 |  5.6s | BPR=0.4284 ILE=0.0069 CL=6.0445
14:51:22 | ep  24 |  5.6s | BPR=0.4068 ILE=0.0065 CL=6.0647
14:51:29 | ep  25 |  5.6s | BPR=0.3884 ILE=0.0069 CL=6.0763 | VAL R@10=0.0898 R@20=0.1490 N@10=0.0430 N@20=0.0579 TailR@20=0.0421 Cov@20=0.4670 ARP@20=6.5407 HeadExp=0.9180 MidExp=0.0595 TailExp=0.0225 ⭐best
14:51:35 | ep  26 |  5.6s | BPR=0.3727 ILE=0.0069 CL=6.0803
14:51:40 | ep  27 |  5.5s | BPR=0.3580 ILE=0.0065 CL=6.0814
14:51:45 | ep  28 |  5.4s | BPR=0.3462 ILE=0.0067 CL=6.0807
14:51:51 | ep  29 |  5.6s | BPR=0.3365 ILE=0.0060 CL=6.0752
14:51:57 | ep  30 |  5.3s | BPR=0.3272 ILE=0.0064 CL=6.0695 | VAL R@10=0.0928 R@20=0.1545 N@10=0.0452 N@20=0.0606 TailR@20=0.0442 Cov@20=0.4846 ARP@20=6.4936 HeadExp=0.9088 MidExp=0.0676 TailExp=0.0236 ⭐best
14:52:03 | ep  31 |  5.6s | BPR=0.3184 ILE=0.0055 CL=6.0643
14:52:08 | ep  32 |  5.5s | BPR=0.3111 ILE=0.0055 CL=6.0589
14:52:14 | ep  33 |  5.6s | BPR=0.3044 ILE=0.0051 CL=6.0512
14:52:20 | ep  34 |  5.6s | BPR=0.2979 ILE=0.0046 CL=6.0472
14:52:26 | ep  35 |  5.6s | BPR=0.2918 ILE=0.0047 CL=6.0406 | VAL R@10=0.0935 R@20=0.1573 N@10=0.0454 N@20=0.0614 TailR@20=0.0484 Cov@20=0.5075 ARP@20=6.4516 HeadExp=0.8988 MidExp=0.0768 TailExp=0.0244 ⭐best
14:52:32 | ep  36 |  5.7s | BPR=0.2872 ILE=0.0050 CL=6.0326
14:52:37 | ep  37 |  5.6s | BPR=0.2814 ILE=0.0044 CL=6.0246
14:52:43 | ep  38 |  5.6s | BPR=0.2768 ILE=0.0043 CL=6.0188
14:52:49 | ep  39 |  5.7s | BPR=0.2718 ILE=0.0036 CL=6.0136
14:52:55 | ep  40 |  5.6s | BPR=0.2683 ILE=0.0036 CL=6.0075 | VAL R@10=0.0951 R@20=0.1574 N@10=0.0457 N@20=0.0613 TailR@20=0.0484 Cov@20=0.5265 ARP@20=6.4139 HeadExp=0.8885 MidExp=0.0861 TailExp=0.0254 ⭐best
14:53:01 | ep  41 |  5.7s | BPR=0.2642 ILE=0.0035 CL=6.0013
14:53:06 | ep  42 |  5.6s | BPR=0.2609 ILE=0.0032 CL=5.9946
14:53:12 | ep  43 |  5.6s | BPR=0.2566 ILE=0.0036 CL=5.9887
14:53:18 | ep  44 |  5.6s | BPR=0.2540 ILE=0.0031 CL=5.9844
14:53:24 | ep  45 |  5.7s | BPR=0.2510 ILE=0.0031 CL=5.9800 | VAL R@10=0.0938 R@20=0.1576 N@10=0.0452 N@20=0.0613 TailR@20=0.0526 Cov@20=0.5480 ARP@20=6.3771 HeadExp=0.8776 MidExp=0.0957 TailExp=0.0267 ⭐best
14:53:30 | ep  46 |  5.6s | BPR=0.2479 ILE=0.0029 CL=5.9723
14:53:35 | ep  47 |  5.6s | BPR=0.2449 ILE=0.0026 CL=5.9693
14:53:41 | ep  48 |  5.6s | BPR=0.2413 ILE=0.0031 CL=5.9641
14:53:46 | ep  49 |  5.3s | BPR=0.2395 ILE=0.0027 CL=5.9588
14:53:52 | ep  50 |  5.2s | BPR=0.2375 ILE=0.0029 CL=5.9554 | VAL R@10=0.0951 R@20=0.1556 N@10=0.0454 N@20=0.0606 TailR@20=0.0568 Cov@20=0.5669 ARP@20=6.3454 HeadExp=0.8677 MidExp=0.1045 TailExp=0.0278 (best 0.1576@45)
14:53:58 | ep  51 |  5.4s | BPR=0.2351 ILE=0.0027 CL=5.9482
14:54:04 | ep  52 |  5.6s | BPR=0.2315 ILE=0.0025 CL=5.9448
14:54:09 | ep  53 |  5.6s | BPR=0.2297 ILE=0.0022 CL=5.9420
14:54:15 | ep  54 |  5.6s | BPR=0.2277 ILE=0.0022 CL=5.9366
14:54:21 | ep  55 |  5.6s | BPR=0.2260 ILE=0.0020 CL=5.9334 | VAL R@10=0.0968 R@20=0.1536 N@10=0.0464 N@20=0.0606 TailR@20=0.0526 Cov@20=0.5865 ARP@20=6.3196 HeadExp=0.8590 MidExp=0.1123 TailExp=0.0286 (best 0.1576@45)
14:54:27 | ep  56 |  5.6s | BPR=0.2240 ILE=0.0020 CL=5.9316
14:54:32 | ep  57 |  5.6s | BPR=0.2217 ILE=0.0020 CL=5.9256
14:54:38 | ep  58 |  5.6s | BPR=0.2202 ILE=0.0019 CL=5.9219
14:54:44 | ep  59 |  5.6s | BPR=0.2185 ILE=0.0017 CL=5.9176
14:54:50 | ep  60 |  5.6s | BPR=0.2175 ILE=0.0020 CL=5.9168 | VAL R@10=0.0966 R@20=0.1546 N@10=0.0458 N@20=0.0603 TailR@20=0.0547 Cov@20=0.6068 ARP@20=6.2914 HeadExp=0.8501 MidExp=0.1206 TailExp=0.0294 (best 0.1576@45)
14:54:56 | ep  61 |  5.6s | BPR=0.2149 ILE=0.0016 CL=5.9146
14:55:01 | ep  62 |  5.6s | BPR=0.2126 ILE=0.0017 CL=5.9114
14:55:07 | ep  63 |  5.6s | BPR=0.2111 ILE=0.0017 CL=5.9079
14:55:12 | ep  64 |  5.6s | BPR=0.2095 ILE=0.0016 CL=5.9036
14:55:19 | ep  65 |  5.6s | BPR=0.2087 ILE=0.0019 CL=5.8976 | VAL R@10=0.0963 R@20=0.1536 N@10=0.0456 N@20=0.0599 TailR@20=0.0568 Cov@20=0.6224 ARP@20=6.2635 HeadExp=0.8402 MidExp=0.1293 TailExp=0.0305 (best 0.1576@45)
14:55:25 | ep  66 |  5.6s | BPR=0.2080 ILE=0.0017 CL=5.8940
14:55:30 | ep  67 |  5.6s | BPR=0.2059 ILE=0.0015 CL=5.8952
14:55:36 | ep  68 |  5.6s | BPR=0.2044 ILE=0.0015 CL=5.8932
14:55:41 | ep  69 |  5.6s | BPR=0.2041 ILE=0.0018 CL=5.8911
14:55:48 | ep  70 |  5.6s | BPR=0.2022 ILE=0.0017 CL=5.8842 | VAL R@10=0.0956 R@20=0.1523 N@10=0.0452 N@20=0.0594 TailR@20=0.0589 Cov@20=0.6374 ARP@20=6.2413 HeadExp=0.8319 MidExp=0.1368 TailExp=0.0313 (best 0.1576@45)
14:55:53 | ep  71 |  5.6s | BPR=0.2007 ILE=0.0015 CL=5.8840
14:55:59 | ep  72 |  5.5s | BPR=0.1995 ILE=0.0015 CL=5.8822
14:56:05 | ep  73 |  5.6s | BPR=0.1979 ILE=0.0014 CL=5.8778
14:56:10 | ep  74 |  5.7s | BPR=0.1974 ILE=0.0017 CL=5.8764
14:56:17 | ep  75 |  5.7s | BPR=0.1958 ILE=0.0014 CL=5.8716 | VAL R@10=0.0951 R@20=0.1521 N@10=0.0449 N@20=0.0592 TailR@20=0.0589 Cov@20=0.6493 ARP@20=6.2205 HeadExp=0.8243 MidExp=0.1434 TailExp=0.0323 (best 0.1576@45)
14:56:22 | ep  76 |  5.7s | BPR=0.1954 ILE=0.0014 CL=5.8708
14:56:28 | ep  77 |  5.6s | BPR=0.1943 ILE=0.0014 CL=5.8692
14:56:34 | ep  78 |  5.6s | BPR=0.1921 ILE=0.0014 CL=5.8687
14:56:39 | ep  79 |  5.6s | BPR=0.1917 ILE=0.0012 CL=5.8675
14:56:46 | ep  80 |  5.6s | BPR=0.1914 ILE=0.0013 CL=5.8638 | VAL R@10=0.0948 R@20=0.1530 N@10=0.0447 N@20=0.0593 TailR@20=0.0589 Cov@20=0.6640 ARP@20=6.2021 HeadExp=0.8177 MidExp=0.1492 TailExp=0.0330 (best 0.1576@45)
14:56:51 | ep  81 |  5.6s | BPR=0.1911 ILE=0.0011 CL=5.8626
14:56:57 | ep  82 |  5.6s | BPR=0.1899 ILE=0.0013 CL=5.8624
14:57:02 | ep  83 |  5.6s | BPR=0.1880 ILE=0.0013 CL=5.8594
14:57:08 | ep  84 |  5.6s | BPR=0.1879 ILE=0.0012 CL=5.8561
14:57:15 | ep  85 |  5.6s | BPR=0.1862 ILE=0.0012 CL=5.8559 | VAL R@10=0.0941 R@20=0.1508 N@10=0.0442 N@20=0.0584 TailR@20=0.0589 Cov@20=0.6728 ARP@20=6.1811 HeadExp=0.8096 MidExp=0.1564 TailExp=0.0339 (best 0.1576@45)
14:57:20 | ep  86 |  5.7s | BPR=0.1869 ILE=0.0011 CL=5.8546
14:57:26 | ep  87 |  5.6s | BPR=0.1849 ILE=0.0012 CL=5.8525
14:57:31 | ep  88 |  5.5s | BPR=0.1838 ILE=0.0012 CL=5.8488
14:57:37 | ep  89 |  5.6s | BPR=0.1829 ILE=0.0011 CL=5.8466
14:57:43 | ep  90 |  5.7s | BPR=0.1831 ILE=0.0011 CL=5.8480 | VAL R@10=0.0921 R@20=0.1482 N@10=0.0436 N@20=0.0577 TailR@20=0.0589 Cov@20=0.6853 ARP@20=6.1637 HeadExp=0.8035 MidExp=0.1617 TailExp=0.0349 (best 0.1576@45)
14:57:49 | ep  91 |  5.7s | BPR=0.1822 ILE=0.0012 CL=5.8452
14:57:55 | ep  92 |  5.6s | BPR=0.1810 ILE=0.0010 CL=5.8456
14:58:00 | ep  93 |  5.7s | BPR=0.1801 ILE=0.0009 CL=5.8426
14:58:06 | ep  94 |  5.6s | BPR=0.1799 ILE=0.0010 CL=5.8424
14:58:12 | ep  95 |  5.5s | BPR=0.1792 ILE=0.0010 CL=5.8395 | VAL R@10=0.0897 R@20=0.1473 N@10=0.0430 N@20=0.0575 TailR@20=0.0611 Cov@20=0.6966 ARP@20=6.1444 HeadExp=0.7960 MidExp=0.1682 TailExp=0.0358 (best 0.1576@45)
14:58:12 | ⏰ early stopping @ epoch 95
14:58:13 | ✅ [full_L3_ile0p5_cl0p1_tau0p2_beta0p5_s42] TEST | R@10=0.0779 R@20=0.1367 N@10=0.0379 N@20=0.0526 TailR@20=0.0299 Cov@20=0.5497 ARP@20=6.3746 HeadExp=0.8771 MidExp=0.0961 TailExp=0.0268
