12:56:27 | 🚀 [full_L2_ile0p1_cl0p5_tau0p2_beta0p0_s42] ILE=True(λ=0.1) aug_main=False CL=True(λ=0.5,τ=0.2) negβ=0.0 drop=degree_aware layers=2 epochs=100 steps/epoch=137 device=cuda
12:56:31 | ep   1 |  3.8s | BPR=0.6927 ILE=0.0000 CL=5.5749
12:56:34 | ep   2 |  3.9s | BPR=0.6925 ILE=0.0000 CL=5.5680
12:56:39 | ep   3 |  4.1s | BPR=0.6923 ILE=0.0000 CL=5.5635
12:56:43 | ep   4 |  4.3s | BPR=0.6920 ILE=0.0000 CL=5.5620
12:56:48 | ep   5 |  4.3s | BPR=0.6917 ILE=0.0000 CL=5.5608 | VAL R@10=0.0113 R@20=0.0176 N@10=0.0048 N@20=0.0064 TailR@20=0.0000 Cov@20=0.8438 ARP@20=5.4111 HeadExp=0.5090 MidExp=0.4195 TailExp=0.0715 ⭐best
12:56:52 | ep   6 |  4.3s | BPR=0.6914 ILE=0.0000 CL=5.5612
12:56:56 | ep   7 |  4.0s | BPR=0.6911 ILE=0.0000 CL=5.5610
12:57:01 | ep   8 |  4.3s | BPR=0.6907 ILE=0.0000 CL=5.5593
12:57:05 | ep   9 |  4.0s | BPR=0.6904 ILE=0.0000 CL=5.5589
12:57:10 | ep  10 |  4.3s | BPR=0.6900 ILE=0.0000 CL=5.5587 | VAL R@10=0.0134 R@20=0.0215 N@10=0.0062 N@20=0.0083 TailR@20=0.0000 Cov@20=0.7682 ARP@20=5.5296 HeadExp=0.5484 MidExp=0.4065 TailExp=0.0451 ⭐best
12:57:14 | ep  11 |  4.3s | BPR=0.6895 ILE=0.0000 CL=5.5572
12:57:18 | ep  12 |  4.2s | BPR=0.6890 ILE=0.0000 CL=5.5588
12:57:23 | ep  13 |  4.3s | BPR=0.6884 ILE=0.0000 CL=5.5577
12:57:27 | ep  14 |  4.0s | BPR=0.6878 ILE=0.0000 CL=5.5570
12:57:31 | ep  15 |  3.8s | BPR=0.6871 ILE=0.0000 CL=5.5608 | VAL R@10=0.0157 R@20=0.0288 N@10=0.0074 N@20=0.0107 TailR@20=0.0042 Cov@20=0.7557 ARP@20=5.5669 HeadExp=0.5650 MidExp=0.3944 TailExp=0.0405 ⭐best
12:57:35 | ep  16 |  3.8s | BPR=0.6863 ILE=0.0000 CL=5.5575
12:57:39 | ep  17 |  4.3s | BPR=0.6854 ILE=0.0000 CL=5.5601
12:57:44 | ep  18 |  4.2s | BPR=0.6843 ILE=0.0000 CL=5.5578
12:57:48 | ep  19 |  4.2s | BPR=0.6831 ILE=0.0000 CL=5.5581
12:57:53 | ep  20 |  3.9s | BPR=0.6817 ILE=0.0000 CL=5.5618 | VAL R@10=0.0184 R@20=0.0378 N@10=0.0094 N@20=0.0142 TailR@20=0.0084 Cov@20=0.7755 ARP@20=5.6094 HeadExp=0.5911 MidExp=0.3684 TailExp=0.0405 ⭐best
12:57:57 | ep  21 |  3.8s | BPR=0.6800 ILE=0.0000 CL=5.5578
12:58:01 | ep  22 |  4.1s | BPR=0.6779 ILE=0.0000 CL=5.5592
12:58:05 | ep  23 |  4.2s | BPR=0.6756 ILE=0.0000 CL=5.5618
12:58:09 | ep  24 |  4.2s | BPR=0.6726 ILE=0.0000 CL=5.5620
12:58:14 | ep  25 |  4.3s | BPR=0.6692 ILE=0.0000 CL=5.5616 | VAL R@10=0.0292 R@20=0.0484 N@10=0.0144 N@20=0.0193 TailR@20=0.0147 Cov@20=0.7860 ARP@20=5.6977 HeadExp=0.6419 MidExp=0.3189 TailExp=0.0393 ⭐best
12:58:19 | ep  26 |  4.3s | BPR=0.6650 ILE=0.0000 CL=5.5631
12:58:23 | ep  27 |  3.9s | BPR=0.6598 ILE=0.0000 CL=5.5633
12:58:27 | ep  28 |  4.1s | BPR=0.6536 ILE=0.0000 CL=5.5669
12:58:31 | ep  29 |  4.3s | BPR=0.6459 ILE=0.0000 CL=5.5677
12:58:36 | ep  30 |  4.3s | BPR=0.6366 ILE=0.0001 CL=5.5690 | VAL R@10=0.0456 R@20=0.0728 N@10=0.0229 N@20=0.0298 TailR@20=0.0147 Cov@20=0.7772 ARP@20=5.8641 HeadExp=0.7255 MidExp=0.2383 TailExp=0.0363 ⭐best
12:58:41 | ep  31 |  4.3s | BPR=0.6253 ILE=0.0001 CL=5.5777
12:58:45 | ep  32 |  4.3s | BPR=0.6124 ILE=0.0002 CL=5.5779
12:58:49 | ep  33 |  3.8s | BPR=0.5970 ILE=0.0004 CL=5.5841
12:58:53 | ep  34 |  4.3s | BPR=0.5795 ILE=0.0007 CL=5.5918
12:58:58 | ep  35 |  4.3s | BPR=0.5597 ILE=0.0012 CL=5.6000 | VAL R@10=0.0607 R@20=0.0989 N@10=0.0300 N@20=0.0397 TailR@20=0.0274 Cov@20=0.7325 ARP@20=6.0514 HeadExp=0.8073 MidExp=0.1592 TailExp=0.0336 ⭐best
12:59:02 | ep  36 |  4.3s | BPR=0.5386 ILE=0.0019 CL=5.6058
12:59:07 | ep  37 |  4.3s | BPR=0.5160 ILE=0.0028 CL=5.6150
12:59:11 | ep  38 |  4.3s | BPR=0.4925 ILE=0.0041 CL=5.6234
12:59:15 | ep  39 |  4.2s | BPR=0.4698 ILE=0.0051 CL=5.6309
12:59:20 | ep  40 |  4.2s | BPR=0.4473 ILE=0.0065 CL=5.6399 | VAL R@10=0.0723 R@20=0.1168 N@10=0.0359 N@20=0.0471 TailR@20=0.0295 Cov@20=0.6864 ARP@20=6.1663 HeadExp=0.8500 MidExp=0.1199 TailExp=0.0301 ⭐best
12:59:25 | ep  41 |  4.3s | BPR=0.4261 ILE=0.0080 CL=5.6449
12:59:29 | ep  42 |  4.2s | BPR=0.4061 ILE=0.0089 CL=5.6513
12:59:33 | ep  43 |  4.3s | BPR=0.3868 ILE=0.0099 CL=5.6544
12:59:37 | ep  44 |  3.9s | BPR=0.3699 ILE=0.0105 CL=5.6573
12:59:42 | ep  45 |  4.0s | BPR=0.3535 ILE=0.0111 CL=5.6617 | VAL R@10=0.0777 R@20=0.1230 N@10=0.0383 N@20=0.0497 TailR@20=0.0358 Cov@20=0.6569 ARP@20=6.2109 HeadExp=0.8639 MidExp=0.1088 TailExp=0.0272 ⭐best
12:59:46 | ep  46 |  4.1s | BPR=0.3394 ILE=0.0116 CL=5.6645
12:59:50 | ep  47 |  3.8s | BPR=0.3261 ILE=0.0128 CL=5.6666
12:59:54 | ep  48 |  4.0s | BPR=0.3133 ILE=0.0126 CL=5.6682
12:59:58 | ep  49 |  4.3s | BPR=0.3019 ILE=0.0124 CL=5.6656
13:00:03 | ep  50 |  4.3s | BPR=0.2914 ILE=0.0124 CL=5.6687 | VAL R@10=0.0787 R@20=0.1255 N@10=0.0385 N@20=0.0501 TailR@20=0.0400 Cov@20=0.6510 ARP@20=6.2191 HeadExp=0.8649 MidExp=0.1103 TailExp=0.0248 ⭐best
13:00:08 | ep  51 |  4.3s | BPR=0.2817 ILE=0.0128 CL=5.6671
13:00:12 | ep  52 |  4.0s | BPR=0.2730 ILE=0.0121 CL=5.6690
13:00:15 | ep  53 |  3.9s | BPR=0.2653 ILE=0.0116 CL=5.6703
13:00:20 | ep  54 |  4.2s | BPR=0.2576 ILE=0.0118 CL=5.6708
13:00:25 | ep  55 |  4.3s | BPR=0.2505 ILE=0.0122 CL=5.6709 | VAL R@10=0.0766 R@20=0.1251 N@10=0.0376 N@20=0.0498 TailR@20=0.0379 Cov@20=0.6451 ARP@20=6.2097 HeadExp=0.8605 MidExp=0.1161 TailExp=0.0234 (best 0.1255@50)
13:00:29 | ep  56 |  4.3s | BPR=0.2440 ILE=0.0117 CL=5.6689
13:00:33 | ep  57 |  4.1s | BPR=0.2383 ILE=0.0115 CL=5.6687
13:00:37 | ep  58 |  4.3s | BPR=0.2326 ILE=0.0111 CL=5.6685
13:00:42 | ep  59 |  4.3s | BPR=0.2274 ILE=0.0118 CL=5.6673
13:00:47 | ep  60 |  4.4s | BPR=0.2232 ILE=0.0110 CL=5.6672 | VAL R@10=0.0757 R@20=0.1246 N@10=0.0370 N@20=0.0492 TailR@20=0.0400 Cov@20=0.6482 ARP@20=6.1942 HeadExp=0.8540 MidExp=0.1230 TailExp=0.0230 (best 0.1255@50)
13:00:51 | ep  61 |  4.3s | BPR=0.2181 ILE=0.0103 CL=5.6674
13:00:56 | ep  62 |  4.4s | BPR=0.2136 ILE=0.0113 CL=5.6684
13:01:00 | ep  63 |  4.4s | BPR=0.2099 ILE=0.0105 CL=5.6635
13:01:04 | ep  64 |  4.3s | BPR=0.2063 ILE=0.0107 CL=5.6647
13:01:09 | ep  65 |  4.3s | BPR=0.2026 ILE=0.0096 CL=5.6624 | VAL R@10=0.0736 R@20=0.1211 N@10=0.0362 N@20=0.0480 TailR@20=0.0442 Cov@20=0.6541 ARP@20=6.1740 HeadExp=0.8460 MidExp=0.1307 TailExp=0.0233 (best 0.1255@50)
13:01:14 | ep  66 |  4.3s | BPR=0.1984 ILE=0.0100 CL=5.6629
13:01:18 | ep  67 |  4.3s | BPR=0.1962 ILE=0.0096 CL=5.6618
13:01:23 | ep  68 |  4.4s | BPR=0.1927 ILE=0.0091 CL=5.6633
13:01:27 | ep  69 |  4.4s | BPR=0.1901 ILE=0.0100 CL=5.6600
13:01:32 | ep  70 |  4.4s | BPR=0.1871 ILE=0.0089 CL=5.6619 | VAL R@10=0.0719 R@20=0.1185 N@10=0.0355 N@20=0.0471 TailR@20=0.0379 Cov@20=0.6666 ARP@20=6.1531 HeadExp=0.8376 MidExp=0.1383 TailExp=0.0241 (best 0.1255@50)
13:01:37 | ep  71 |  4.4s | BPR=0.1845 ILE=0.0086 CL=5.6596
13:01:41 | ep  72 |  4.5s | BPR=0.1819 ILE=0.0088 CL=5.6607
13:01:46 | ep  73 |  4.4s | BPR=0.1800 ILE=0.0077 CL=5.6603
13:01:50 | ep  74 |  4.1s | BPR=0.1771 ILE=0.0089 CL=5.6571
13:01:55 | ep  75 |  4.2s | BPR=0.1756 ILE=0.0089 CL=5.6585 | VAL R@10=0.0708 R@20=0.1147 N@10=0.0350 N@20=0.0459 TailR@20=0.0358 Cov@20=0.6785 ARP@20=6.1338 HeadExp=0.8291 MidExp=0.1460 TailExp=0.0249 (best 0.1255@50)
13:01:59 | ep  76 |  4.0s | BPR=0.1726 ILE=0.0083 CL=5.6572
13:02:03 | ep  77 |  4.1s | BPR=0.1706 ILE=0.0080 CL=5.6560
13:02:07 | ep  78 |  3.8s | BPR=0.1696 ILE=0.0085 CL=5.6549
13:02:11 | ep  79 |  3.9s | BPR=0.1681 ILE=0.0083 CL=5.6553
13:02:15 | ep  80 |  3.8s | BPR=0.1664 ILE=0.0075 CL=5.6561 | VAL R@10=0.0693 R@20=0.1112 N@10=0.0348 N@20=0.0452 TailR@20=0.0358 Cov@20=0.6949 ARP@20=6.1160 HeadExp=0.8216 MidExp=0.1525 TailExp=0.0259 (best 0.1255@50)
13:02:19 | ep  81 |  4.2s | BPR=0.1639 ILE=0.0071 CL=5.6556
13:02:24 | ep  82 |  4.2s | BPR=0.1618 ILE=0.0076 CL=5.6530
13:02:28 | ep  83 |  4.2s | BPR=0.1599 ILE=0.0073 CL=5.6538
13:02:32 | ep  84 |  4.4s | BPR=0.1593 ILE=0.0071 CL=5.6533
13:02:37 | ep  85 |  4.4s | BPR=0.1577 ILE=0.0072 CL=5.6525 | VAL R@10=0.0673 R@20=0.1077 N@10=0.0342 N@20=0.0443 TailR@20=0.0337 Cov@20=0.7070 ARP@20=6.0977 HeadExp=0.8137 MidExp=0.1590 TailExp=0.0273 (best 0.1255@50)
13:02:42 | ep  86 |  4.4s | BPR=0.1567 ILE=0.0075 CL=5.6505
13:02:46 | ep  87 |  4.3s | BPR=0.1549 ILE=0.0071 CL=5.6532
13:02:51 | ep  88 |  4.3s | BPR=0.1548 ILE=0.0069 CL=5.6516
13:02:54 | ep  89 |  3.9s | BPR=0.1519 ILE=0.0071 CL=5.6524
13:02:59 | ep  90 |  4.1s | BPR=0.1514 ILE=0.0063 CL=5.6484 | VAL R@10=0.0675 R@20=0.1064 N@10=0.0343 N@20=0.0440 TailR@20=0.0358 Cov@20=0.7223 ARP@20=6.0824 HeadExp=0.8072 MidExp=0.1645 TailExp=0.0283 (best 0.1255@50)
13:03:04 | ep  91 |  4.3s | BPR=0.1498 ILE=0.0067 CL=5.6510
13:03:08 | ep  92 |  3.9s | BPR=0.1493 ILE=0.0065 CL=5.6478
13:03:11 | ep  93 |  3.9s | BPR=0.1483 ILE=0.0066 CL=5.6486
13:03:16 | ep  94 |  4.3s | BPR=0.1470 ILE=0.0065 CL=5.6500
13:03:21 | ep  95 |  4.4s | BPR=0.1458 ILE=0.0067 CL=5.6478 | VAL R@10=0.0663 R@20=0.1056 N@10=0.0340 N@20=0.0438 TailR@20=0.0337 Cov@20=0.7356 ARP@20=6.0668 HeadExp=0.8006 MidExp=0.1699 TailExp=0.0295 (best 0.1255@50)
13:03:25 | ep  96 |  4.2s | BPR=0.1442 ILE=0.0060 CL=5.6457
13:03:29 | ep  97 |  3.8s | BPR=0.1438 ILE=0.0062 CL=5.6467
13:03:33 | ep  98 |  4.0s | BPR=0.1431 ILE=0.0066 CL=5.6504
13:03:37 | ep  99 |  4.1s | BPR=0.1416 ILE=0.0064 CL=5.6460
13:03:42 | ep 100 |  4.3s | BPR=0.1408 ILE=0.0066 CL=5.6495 | VAL R@10=0.0663 R@20=0.1039 N@10=0.0339 N@20=0.0432 TailR@20=0.0316 Cov@20=0.7458 ARP@20=6.0550 HeadExp=0.7953 MidExp=0.1745 TailExp=0.0302 (best 0.1255@50)
13:03:42 | ⏰ early stopping @ epoch 100
13:03:43 | ✅ [full_L2_ile0p1_cl0p5_tau0p2_beta0p0_s42] TEST | R@10=0.0663 R@20=0.1112 N@10=0.0322 N@20=0.0436 TailR@20=0.0131 Cov@20=0.6527 ARP@20=6.2159 HeadExp=0.8641 MidExp=0.1110 TailExp=0.0249
