15:41:25 | 🚀 [full_L3_ile1p0_cl0p5_tau0p2_beta0p5_s42] ILE=True(λ=1.0) aug_main=False CL=True(λ=0.5,τ=0.2) negβ=0.5 drop=degree_aware layers=3 epochs=100 steps/epoch=137 device=cuda
15:41:30 | ep   1 |  5.6s | BPR=0.6929 ILE=0.0000 CL=5.5818
15:41:36 | ep   2 |  5.6s | BPR=0.6928 ILE=0.0000 CL=5.5719
15:41:41 | ep   3 |  5.2s | BPR=0.6928 ILE=0.0000 CL=5.5654
15:41:47 | ep   4 |  5.3s | BPR=0.6927 ILE=0.0000 CL=5.5642
15:41:53 | ep   5 |  5.6s | BPR=0.6926 ILE=0.0000 CL=5.5623 | VAL R@10=0.0083 R@20=0.0149 N@10=0.0037 N@20=0.0054 TailR@20=0.0000 Cov@20=0.8426 ARP@20=5.3616 HeadExp=0.4869 MidExp=0.4327 TailExp=0.0803 ⭐best
15:41:59 | ep   6 |  5.7s | BPR=0.6926 ILE=0.0000 CL=5.5624
15:42:04 | ep   7 |  5.5s | BPR=0.6925 ILE=0.0000 CL=5.5617
15:42:10 | ep   8 |  5.4s | BPR=0.6924 ILE=0.0000 CL=5.5611
15:42:15 | ep   9 |  5.6s | BPR=0.6924 ILE=0.0000 CL=5.5611
15:42:22 | ep  10 |  5.6s | BPR=0.6923 ILE=0.0000 CL=5.5593 | VAL R@10=0.0109 R@20=0.0182 N@10=0.0049 N@20=0.0067 TailR@20=0.0000 Cov@20=0.7625 ARP@20=5.5051 HeadExp=0.5364 MidExp=0.4183 TailExp=0.0453 ⭐best
15:42:27 | ep  11 |  5.7s | BPR=0.6922 ILE=0.0000 CL=5.5606
15:42:33 | ep  12 |  5.6s | BPR=0.6921 ILE=0.0000 CL=5.5622
15:42:39 | ep  13 |  5.5s | BPR=0.6920 ILE=0.0000 CL=5.5594
15:42:44 | ep  14 |  5.2s | BPR=0.6920 ILE=0.0000 CL=5.5588
15:42:50 | ep  15 |  5.4s | BPR=0.6919 ILE=0.0000 CL=5.5607 | VAL R@10=0.0111 R@20=0.0197 N@10=0.0058 N@20=0.0079 TailR@20=0.0000 Cov@20=0.7402 ARP@20=5.5322 HeadExp=0.5455 MidExp=0.4158 TailExp=0.0387 ⭐best
15:42:56 | ep  16 |  5.6s | BPR=0.6918 ILE=0.0000 CL=5.5605
15:43:01 | ep  17 |  5.6s | BPR=0.6917 ILE=0.0000 CL=5.5584
15:43:07 | ep  18 |  5.6s | BPR=0.6916 ILE=0.0000 CL=5.5582
15:43:12 | ep  19 |  5.5s | BPR=0.6915 ILE=0.0000 CL=5.5608
15:43:19 | ep  20 |  5.5s | BPR=0.6914 ILE=0.0000 CL=5.5576 | VAL R@10=0.0128 R@20=0.0215 N@10=0.0062 N@20=0.0084 TailR@20=0.0000 Cov@20=0.7348 ARP@20=5.5436 HeadExp=0.5481 MidExp=0.4154 TailExp=0.0365 ⭐best
15:43:24 | ep  21 |  5.4s | BPR=0.6913 ILE=0.0000 CL=5.5573
15:43:30 | ep  22 |  5.6s | BPR=0.6912 ILE=0.0000 CL=5.5600
15:43:35 | ep  23 |  5.5s | BPR=0.6911 ILE=0.0000 CL=5.5582
15:43:41 | ep  24 |  5.6s | BPR=0.6910 ILE=0.0000 CL=5.5601
15:43:47 | ep  25 |  5.4s | BPR=0.6909 ILE=0.0000 CL=5.5598 | VAL R@10=0.0138 R@20=0.0230 N@10=0.0066 N@20=0.0089 TailR@20=0.0000 Cov@20=0.7317 ARP@20=5.5486 HeadExp=0.5505 MidExp=0.4142 TailExp=0.0353 ⭐best
15:43:53 | ep  26 |  5.2s | BPR=0.6908 ILE=0.0000 CL=5.5599
15:43:58 | ep  27 |  5.5s | BPR=0.6906 ILE=0.0000 CL=5.5584
15:44:04 | ep  28 |  5.6s | BPR=0.6905 ILE=0.0000 CL=5.5608
15:44:09 | ep  29 |  5.6s | BPR=0.6904 ILE=0.0000 CL=5.5606
15:44:16 | ep  30 |  5.6s | BPR=0.6902 ILE=0.0000 CL=5.5577 | VAL R@10=0.0138 R@20=0.0237 N@10=0.0069 N@20=0.0094 TailR@20=0.0042 Cov@20=0.7277 ARP@20=5.5545 HeadExp=0.5532 MidExp=0.4119 TailExp=0.0349 ⭐best
15:44:21 | ep  31 |  5.7s | BPR=0.6900 ILE=0.0000 CL=5.5579
15:44:27 | ep  32 |  5.6s | BPR=0.6899 ILE=0.0000 CL=5.5595
15:44:33 | ep  33 |  5.7s | BPR=0.6897 ILE=0.0000 CL=5.5588
15:44:38 | ep  34 |  5.4s | BPR=0.6895 ILE=0.0000 CL=5.5596
15:44:45 | ep  35 |  5.6s | BPR=0.6893 ILE=0.0000 CL=5.5596 | VAL R@10=0.0139 R@20=0.0257 N@10=0.0073 N@20=0.0102 TailR@20=0.0042 Cov@20=0.7277 ARP@20=5.5637 HeadExp=0.5580 MidExp=0.4078 TailExp=0.0342 ⭐best
15:44:50 | ep  36 |  5.7s | BPR=0.6891 ILE=0.0000 CL=5.5598
15:44:56 | ep  37 |  5.7s | BPR=0.6889 ILE=0.0000 CL=5.5596
15:45:02 | ep  38 |  5.7s | BPR=0.6886 ILE=0.0000 CL=5.5591
15:45:07 | ep  39 |  5.7s | BPR=0.6883 ILE=0.0000 CL=5.5589
15:45:14 | ep  40 |  5.5s | BPR=0.6881 ILE=0.0000 CL=5.5576 | VAL R@10=0.0147 R@20=0.0300 N@10=0.0073 N@20=0.0110 TailR@20=0.0042 Cov@20=0.7271 ARP@20=5.5764 HeadExp=0.5647 MidExp=0.4018 TailExp=0.0335 ⭐best
15:45:19 | ep  41 |  5.3s | BPR=0.6877 ILE=0.0000 CL=5.5583
15:45:25 | ep  42 |  5.5s | BPR=0.6874 ILE=0.0000 CL=5.5580
15:45:30 | ep  43 |  5.6s | BPR=0.6870 ILE=0.0000 CL=5.5577
15:45:36 | ep  44 |  5.5s | BPR=0.6866 ILE=0.0000 CL=5.5600
15:45:42 | ep  45 |  5.6s | BPR=0.6862 ILE=0.0000 CL=5.5603 | VAL R@10=0.0172 R@20=0.0303 N@10=0.0086 N@20=0.0119 TailR@20=0.0042 Cov@20=0.7294 ARP@20=5.6015 HeadExp=0.5764 MidExp=0.3913 TailExp=0.0324 ⭐best
15:45:48 | ep  46 |  5.5s | BPR=0.6857 ILE=0.0000 CL=5.5589
15:45:53 | ep  47 |  5.6s | BPR=0.6852 ILE=0.0000 CL=5.5595
15:45:59 | ep  48 |  5.4s | BPR=0.6846 ILE=0.0000 CL=5.5597
15:46:04 | ep  49 |  5.4s | BPR=0.6840 ILE=0.0000 CL=5.5589
15:46:10 | ep  50 |  5.4s | BPR=0.6833 ILE=0.0000 CL=5.5604 | VAL R@10=0.0196 R@20=0.0351 N@10=0.0099 N@20=0.0138 TailR@20=0.0042 Cov@20=0.7243 ARP@20=5.6358 HeadExp=0.5939 MidExp=0.3754 TailExp=0.0307 ⭐best
15:46:16 | ep  51 |  5.5s | BPR=0.6826 ILE=0.0000 CL=5.5584
15:46:21 | ep  52 |  5.3s | BPR=0.6817 ILE=0.0000 CL=5.5591
15:46:26 | ep  53 |  5.3s | BPR=0.6807 ILE=0.0000 CL=5.5604
15:46:32 | ep  54 |  5.5s | BPR=0.6797 ILE=0.0000 CL=5.5597
15:46:38 | ep  55 |  5.5s | BPR=0.6785 ILE=0.0000 CL=5.5594 | VAL R@10=0.0250 R@20=0.0429 N@10=0.0127 N@20=0.0172 TailR@20=0.0042 Cov@20=0.7189 ARP@20=5.6912 HeadExp=0.6206 MidExp=0.3515 TailExp=0.0279 ⭐best
15:46:44 | ep  56 |  5.4s | BPR=0.6771 ILE=0.0000 CL=5.5624
15:46:49 | ep  57 |  5.6s | BPR=0.6755 ILE=0.0000 CL=5.5606
15:46:55 | ep  58 |  5.6s | BPR=0.6738 ILE=0.0000 CL=5.5610
15:47:01 | ep  59 |  5.7s | BPR=0.6718 ILE=0.0000 CL=5.5607
15:47:07 | ep  60 |  5.7s | BPR=0.6696 ILE=0.0000 CL=5.5639 | VAL R@10=0.0318 R@20=0.0554 N@10=0.0157 N@20=0.0217 TailR@20=0.0084 Cov@20=0.7133 ARP@20=5.7769 HeadExp=0.6615 MidExp=0.3131 TailExp=0.0254 ⭐best
15:47:13 | ep  61 |  5.6s | BPR=0.6671 ILE=0.0000 CL=5.5644
15:47:18 | ep  62 |  5.6s | BPR=0.6641 ILE=0.0000 CL=5.5643
15:47:24 | ep  63 |  5.5s | BPR=0.6607 ILE=0.0000 CL=5.5666
15:47:29 | ep  64 |  5.4s | BPR=0.6568 ILE=0.0000 CL=5.5668
15:47:36 | ep  65 |  5.6s | BPR=0.6525 ILE=0.0000 CL=5.5661 | VAL R@10=0.0429 R@20=0.0676 N@10=0.0219 N@20=0.0281 TailR@20=0.0126 Cov@20=0.6952 ARP@20=5.8964 HeadExp=0.7140 MidExp=0.2643 TailExp=0.0218 ⭐best
15:47:41 | ep  66 |  5.6s | BPR=0.6475 ILE=0.0000 CL=5.5659
15:47:47 | ep  67 |  5.6s | BPR=0.6418 ILE=0.0000 CL=5.5702
15:47:53 | ep  68 |  5.6s | BPR=0.6353 ILE=0.0000 CL=5.5722
15:47:58 | ep  69 |  5.6s | BPR=0.6283 ILE=0.0000 CL=5.5758
15:48:05 | ep  70 |  5.6s | BPR=0.6200 ILE=0.0000 CL=5.5745 | VAL R@10=0.0578 R@20=0.0885 N@10=0.0283 N@20=0.0360 TailR@20=0.0168 Cov@20=0.6782 ARP@20=6.0229 HeadExp=0.7681 MidExp=0.2122 TailExp=0.0197 ⭐best
15:48:10 | ep  71 |  5.5s | BPR=0.6111 ILE=0.0000 CL=5.5790
15:48:16 | ep  72 |  5.5s | BPR=0.6014 ILE=0.0001 CL=5.5827
15:48:21 | ep  73 |  5.6s | BPR=0.5906 ILE=0.0001 CL=5.5827
15:48:27 | ep  74 |  5.6s | BPR=0.5796 ILE=0.0001 CL=5.5866
15:48:33 | ep  75 |  5.6s | BPR=0.5675 ILE=0.0002 CL=5.5887 | VAL R@10=0.0663 R@20=0.1062 N@10=0.0327 N@20=0.0427 TailR@20=0.0253 Cov@20=0.6629 ARP@20=6.1301 HeadExp=0.8103 MidExp=0.1702 TailExp=0.0194 ⭐best
15:48:39 | ep  76 |  5.6s | BPR=0.5552 ILE=0.0002 CL=5.5939
15:48:44 | ep  77 |  5.3s | BPR=0.5424 ILE=0.0002 CL=5.5988
15:48:50 | ep  78 |  5.6s | BPR=0.5290 ILE=0.0002 CL=5.6019
15:48:56 | ep  79 |  5.7s | BPR=0.5158 ILE=0.0002 CL=5.6077
15:49:02 | ep  80 |  5.6s | BPR=0.5032 ILE=0.0003 CL=5.6086 | VAL R@10=0.0734 R@20=0.1163 N@10=0.0358 N@20=0.0466 TailR@20=0.0295 Cov@20=0.6527 ARP@20=6.1891 HeadExp=0.8326 MidExp=0.1463 TailExp=0.0211 ⭐best
15:49:08 | ep  81 |  5.4s | BPR=0.4905 ILE=0.0003 CL=5.6119
15:49:13 | ep  82 |  5.4s | BPR=0.4780 ILE=0.0004 CL=5.6165
15:49:18 | ep  83 |  5.3s | BPR=0.4653 ILE=0.0004 CL=5.6192
15:49:24 | ep  84 |  5.5s | BPR=0.4536 ILE=0.0004 CL=5.6211
15:49:30 | ep  85 |  5.7s | BPR=0.4421 ILE=0.0005 CL=5.6244 | VAL R@10=0.0779 R@20=0.1202 N@10=0.0377 N@20=0.0483 TailR@20=0.0337 Cov@20=0.6473 ARP@20=6.2069 HeadExp=0.8394 MidExp=0.1372 TailExp=0.0234 ⭐best
15:49:36 | ep  86 |  5.6s | BPR=0.4318 ILE=0.0004 CL=5.6272
15:49:41 | ep  87 |  5.6s | BPR=0.4210 ILE=0.0005 CL=5.6280
15:49:47 | ep  88 |  5.5s | BPR=0.4111 ILE=0.0004 CL=5.6285
15:49:53 | ep  89 |  5.6s | BPR=0.4012 ILE=0.0005 CL=5.6297
15:49:59 | ep  90 |  5.6s | BPR=0.3934 ILE=0.0005 CL=5.6339 | VAL R@10=0.0800 R@20=0.1250 N@10=0.0390 N@20=0.0502 TailR@20=0.0358 Cov@20=0.6479 ARP@20=6.2039 HeadExp=0.8392 MidExp=0.1359 TailExp=0.0249 ⭐best
15:50:05 | ep  91 |  5.6s | BPR=0.3845 ILE=0.0005 CL=5.6335
15:50:10 | ep  92 |  5.6s | BPR=0.3761 ILE=0.0006 CL=5.6370
15:50:16 | ep  93 |  5.7s | BPR=0.3690 ILE=0.0005 CL=5.6361
15:50:22 | ep  94 |  5.7s | BPR=0.3622 ILE=0.0005 CL=5.6365
15:50:28 | ep  95 |  5.7s | BPR=0.3552 ILE=0.0005 CL=5.6363 | VAL R@10=0.0805 R@20=0.1269 N@10=0.0389 N@20=0.0506 TailR@20=0.0400 Cov@20=0.6533 ARP@20=6.1878 HeadExp=0.8339 MidExp=0.1401 TailExp=0.0260 ⭐best
15:50:34 | ep  96 |  5.7s | BPR=0.3485 ILE=0.0004 CL=5.6397
15:50:40 | ep  97 |  5.7s | BPR=0.3430 ILE=0.0005 CL=5.6374
15:50:45 | ep  98 |  5.7s | BPR=0.3372 ILE=0.0005 CL=5.6392
15:50:51 | ep  99 |  5.6s | BPR=0.3321 ILE=0.0005 CL=5.6392
15:50:57 | ep 100 |  5.6s | BPR=0.3265 ILE=0.0005 CL=5.6403 | VAL R@10=0.0805 R@20=0.1284 N@10=0.0388 N@20=0.0509 TailR@20=0.0400 Cov@20=0.6538 ARP@20=6.1725 HeadExp=0.8287 MidExp=0.1447 TailExp=0.0266 ⭐best
15:50:58 | ✅ [full_L3_ile1p0_cl0p5_tau0p2_beta0p5_s42] TEST | R@10=0.0684 R@20=0.1139 N@10=0.0334 N@20=0.0448 TailR@20=0.0206 Cov@20=0.6550 ARP@20=6.1692 HeadExp=0.8279 MidExp=0.1454 TailExp=0.0267
