13:31:29 | 🚀 [full_L2_ile0p5_cl0p5_tau0p2_beta0p5_s42] ILE=True(λ=0.5) aug_main=False CL=True(λ=0.5,τ=0.2) negβ=0.5 drop=degree_aware layers=2 epochs=100 steps/epoch=137 device=cuda
13:31:33 | ep   1 |  4.7s | BPR=0.6927 ILE=0.0000 CL=5.5782
13:31:38 | ep   2 |  4.9s | BPR=0.6925 ILE=0.0000 CL=5.5686
13:31:43 | ep   3 |  4.9s | BPR=0.6922 ILE=0.0000 CL=5.5624
13:31:48 | ep   4 |  5.0s | BPR=0.6919 ILE=0.0000 CL=5.5616
13:31:54 | ep   5 |  5.0s | BPR=0.6916 ILE=0.0000 CL=5.5600 | VAL R@10=0.0098 R@20=0.0186 N@10=0.0045 N@20=0.0067 TailR@20=0.0000 Cov@20=0.8276 ARP@20=5.4230 HeadExp=0.5110 MidExp=0.4191 TailExp=0.0698 ⭐best
13:31:59 | ep   6 |  4.9s | BPR=0.6913 ILE=0.0000 CL=5.5603
13:32:04 | ep   7 |  4.8s | BPR=0.6909 ILE=0.0000 CL=5.5598
13:32:08 | ep   8 |  4.6s | BPR=0.6905 ILE=0.0000 CL=5.5593
13:32:13 | ep   9 |  5.0s | BPR=0.6901 ILE=0.0000 CL=5.5593
13:32:19 | ep  10 |  5.0s | BPR=0.6896 ILE=0.0000 CL=5.5577 | VAL R@10=0.0136 R@20=0.0235 N@10=0.0067 N@20=0.0092 TailR@20=0.0000 Cov@20=0.7583 ARP@20=5.5516 HeadExp=0.5557 MidExp=0.4027 TailExp=0.0416 ⭐best
13:32:24 | ep  11 |  5.0s | BPR=0.6891 ILE=0.0000 CL=5.5592
13:32:29 | ep  12 |  5.0s | BPR=0.6886 ILE=0.0000 CL=5.5608
13:32:34 | ep  13 |  5.0s | BPR=0.6879 ILE=0.0000 CL=5.5584
13:32:39 | ep  14 |  5.0s | BPR=0.6873 ILE=0.0000 CL=5.5578
13:32:45 | ep  15 |  5.0s | BPR=0.6865 ILE=0.0000 CL=5.5598 | VAL R@10=0.0176 R@20=0.0305 N@10=0.0089 N@20=0.0121 TailR@20=0.0000 Cov@20=0.7371 ARP@20=5.6176 HeadExp=0.5839 MidExp=0.3829 TailExp=0.0332 ⭐best
13:32:50 | ep  16 |  5.0s | BPR=0.6856 ILE=0.0000 CL=5.5599
13:32:55 | ep  17 |  5.0s | BPR=0.6846 ILE=0.0000 CL=5.5579
13:33:00 | ep  18 |  4.9s | BPR=0.6834 ILE=0.0000 CL=5.5581
13:33:05 | ep  19 |  4.8s | BPR=0.6820 ILE=0.0000 CL=5.5609
13:33:11 | ep  20 |  5.1s | BPR=0.6804 ILE=0.0000 CL=5.5581 | VAL R@10=0.0230 R@20=0.0386 N@10=0.0114 N@20=0.0153 TailR@20=0.0042 Cov@20=0.7172 ARP@20=5.7096 HeadExp=0.6245 MidExp=0.3481 TailExp=0.0274 ⭐best
13:33:16 | ep  21 |  5.0s | BPR=0.6785 ILE=0.0000 CL=5.5584
13:33:21 | ep  22 |  5.1s | BPR=0.6762 ILE=0.0000 CL=5.5615
13:33:26 | ep  23 |  5.0s | BPR=0.6734 ILE=0.0000 CL=5.5605
13:33:31 | ep  24 |  5.0s | BPR=0.6701 ILE=0.0000 CL=5.5632
13:33:37 | ep  25 |  4.9s | BPR=0.6661 ILE=0.0000 CL=5.5640 | VAL R@10=0.0336 R@20=0.0578 N@10=0.0167 N@20=0.0228 TailR@20=0.0084 Cov@20=0.6870 ARP@20=5.8603 HeadExp=0.6925 MidExp=0.2875 TailExp=0.0200 ⭐best
13:33:42 | ep  26 |  5.0s | BPR=0.6612 ILE=0.0000 CL=5.5653
13:33:46 | ep  27 |  4.8s | BPR=0.6554 ILE=0.0000 CL=5.5654
13:33:51 | ep  28 |  5.0s | BPR=0.6484 ILE=0.0000 CL=5.5696
13:33:56 | ep  29 |  5.0s | BPR=0.6402 ILE=0.0000 CL=5.5717
13:34:02 | ep  30 |  4.9s | BPR=0.6304 ILE=0.0000 CL=5.5715 | VAL R@10=0.0496 R@20=0.0845 N@10=0.0246 N@20=0.0334 TailR@20=0.0168 Cov@20=0.6527 ARP@20=6.0480 HeadExp=0.7742 MidExp=0.2114 TailExp=0.0144 ⭐best
13:34:07 | ep  31 |  5.0s | BPR=0.6188 ILE=0.0001 CL=5.5749
13:34:12 | ep  32 |  4.9s | BPR=0.6061 ILE=0.0001 CL=5.5800
13:34:17 | ep  33 |  5.0s | BPR=0.5916 ILE=0.0002 CL=5.5834
13:34:22 | ep  34 |  4.9s | BPR=0.5758 ILE=0.0002 CL=5.5886
13:34:28 | ep  35 |  5.0s | BPR=0.5589 ILE=0.0003 CL=5.5934 | VAL R@10=0.0651 R@20=0.1082 N@10=0.0317 N@20=0.0426 TailR@20=0.0253 Cov@20=0.6216 ARP@20=6.1825 HeadExp=0.8307 MidExp=0.1566 TailExp=0.0127 ⭐best
13:34:33 | ep  36 |  5.0s | BPR=0.5416 ILE=0.0005 CL=5.5983
13:34:38 | ep  37 |  5.0s | BPR=0.5234 ILE=0.0006 CL=5.6028
13:34:43 | ep  38 |  4.9s | BPR=0.5056 ILE=0.0007 CL=5.6070
13:34:48 | ep  39 |  4.9s | BPR=0.4878 ILE=0.0006 CL=5.6112
13:34:54 | ep  40 |  5.0s | BPR=0.4711 ILE=0.0008 CL=5.6139 | VAL R@10=0.0714 R@20=0.1218 N@10=0.0349 N@20=0.0476 TailR@20=0.0316 Cov@20=0.6102 ARP@20=6.2260 HeadExp=0.8500 MidExp=0.1356 TailExp=0.0144 ⭐best
13:34:59 | ep  41 |  5.0s | BPR=0.4548 ILE=0.0008 CL=5.6180
13:35:04 | ep  42 |  4.9s | BPR=0.4398 ILE=0.0008 CL=5.6208
13:35:08 | ep  43 |  4.8s | BPR=0.4248 ILE=0.0010 CL=5.6231
13:35:13 | ep  44 |  4.9s | BPR=0.4113 ILE=0.0009 CL=5.6276
13:35:19 | ep  45 |  5.0s | BPR=0.3993 ILE=0.0010 CL=5.6298 | VAL R@10=0.0761 R@20=0.1263 N@10=0.0368 N@20=0.0495 TailR@20=0.0400 Cov@20=0.6088 ARP@20=6.2180 HeadExp=0.8496 MidExp=0.1332 TailExp=0.0172 ⭐best
13:35:24 | ep  46 |  5.1s | BPR=0.3870 ILE=0.0010 CL=5.6298
13:35:29 | ep  47 |  5.0s | BPR=0.3761 ILE=0.0009 CL=5.6319
13:35:34 | ep  48 |  5.1s | BPR=0.3653 ILE=0.0011 CL=5.6329
13:35:39 | ep  49 |  5.0s | BPR=0.3573 ILE=0.0010 CL=5.6328
13:35:45 | ep  50 |  5.0s | BPR=0.3486 ILE=0.0011 CL=5.6347 | VAL R@10=0.0774 R@20=0.1260 N@10=0.0379 N@20=0.0501 TailR@20=0.0421 Cov@20=0.6111 ARP@20=6.1946 HeadExp=0.8425 MidExp=0.1388 TailExp=0.0187 (best 0.1263@45)
13:35:50 | ep  51 |  5.0s | BPR=0.3409 ILE=0.0011 CL=5.6331
13:35:55 | ep  52 |  5.0s | BPR=0.3321 ILE=0.0010 CL=5.6341
13:36:00 | ep  53 |  5.0s | BPR=0.3254 ILE=0.0008 CL=5.6355
13:36:05 | ep  54 |  4.9s | BPR=0.3191 ILE=0.0009 CL=5.6347
13:36:11 | ep  55 |  5.1s | BPR=0.3132 ILE=0.0008 CL=5.6345 | VAL R@10=0.0767 R@20=0.1248 N@10=0.0375 N@20=0.0496 TailR@20=0.0400 Cov@20=0.6219 ARP@20=6.1682 HeadExp=0.8335 MidExp=0.1464 TailExp=0.0201 (best 0.1263@45)
13:36:16 | ep  56 |  5.1s | BPR=0.3071 ILE=0.0009 CL=5.6370
13:36:21 | ep  57 |  4.6s | BPR=0.3013 ILE=0.0008 CL=5.6348
13:36:26 | ep  58 |  4.7s | BPR=0.2967 ILE=0.0007 CL=5.6348
13:36:31 | ep  59 |  5.0s | BPR=0.2918 ILE=0.0007 CL=5.6338
13:36:36 | ep  60 |  5.0s | BPR=0.2883 ILE=0.0008 CL=5.6364 | VAL R@10=0.0777 R@20=0.1235 N@10=0.0372 N@20=0.0487 TailR@20=0.0400 Cov@20=0.6315 ARP@20=6.1370 HeadExp=0.8220 MidExp=0.1566 TailExp=0.0214 (best 0.1263@45)
13:36:42 | ep  61 |  5.1s | BPR=0.2839 ILE=0.0007 CL=5.6363
13:36:47 | ep  62 |  5.0s | BPR=0.2787 ILE=0.0007 CL=5.6353
13:36:52 | ep  63 |  5.0s | BPR=0.2747 ILE=0.0008 CL=5.6363
13:36:56 | ep  64 |  4.9s | BPR=0.2713 ILE=0.0006 CL=5.6351
13:37:02 | ep  65 |  5.0s | BPR=0.2685 ILE=0.0008 CL=5.6330 | VAL R@10=0.0759 R@20=0.1203 N@10=0.0362 N@20=0.0475 TailR@20=0.0400 Cov@20=0.6442 ARP@20=6.1057 HeadExp=0.8092 MidExp=0.1677 TailExp=0.0231 (best 0.1263@45)
13:37:07 | ep  66 |  5.0s | BPR=0.2658 ILE=0.0008 CL=5.6314
13:37:12 | ep  67 |  5.0s | BPR=0.2620 ILE=0.0007 CL=5.6340
13:37:17 | ep  68 |  5.0s | BPR=0.2589 ILE=0.0006 CL=5.6341
13:37:22 | ep  69 |  5.0s | BPR=0.2570 ILE=0.0008 CL=5.6352
13:37:28 | ep  70 |  5.0s | BPR=0.2534 ILE=0.0007 CL=5.6313 | VAL R@10=0.0737 R@20=0.1170 N@10=0.0358 N@20=0.0469 TailR@20=0.0400 Cov@20=0.6575 ARP@20=6.0778 HeadExp=0.7975 MidExp=0.1777 TailExp=0.0248 (best 0.1263@45)
13:37:33 | ep  71 |  5.0s | BPR=0.2510 ILE=0.0007 CL=5.6330
13:37:38 | ep  72 |  5.0s | BPR=0.2483 ILE=0.0007 CL=5.6336
13:37:43 | ep  73 |  4.9s | BPR=0.2455 ILE=0.0007 CL=5.6303
13:37:48 | ep  74 |  4.7s | BPR=0.2441 ILE=0.0009 CL=5.6307
13:37:53 | ep  75 |  4.9s | BPR=0.2411 ILE=0.0007 CL=5.6289 | VAL R@10=0.0733 R@20=0.1147 N@10=0.0358 N@20=0.0464 TailR@20=0.0442 Cov@20=0.6683 ARP@20=6.0510 HeadExp=0.7856 MidExp=0.1882 TailExp=0.0262 (best 0.1263@45)
13:37:58 | ep  76 |  5.0s | BPR=0.2400 ILE=0.0007 CL=5.6303
13:38:03 | ep  77 |  5.0s | BPR=0.2377 ILE=0.0007 CL=5.6311
13:38:08 | ep  78 |  5.0s | BPR=0.2344 ILE=0.0006 CL=5.6306
13:38:13 | ep  79 |  5.0s | BPR=0.2328 ILE=0.0006 CL=5.6322
13:38:19 | ep  80 |  5.0s | BPR=0.2322 ILE=0.0007 CL=5.6296 | VAL R@10=0.0733 R@20=0.1135 N@10=0.0358 N@20=0.0460 TailR@20=0.0442 Cov@20=0.6776 ARP@20=6.0260 HeadExp=0.7749 MidExp=0.1977 TailExp=0.0275 (best 0.1263@45)
13:38:24 | ep  81 |  5.0s | BPR=0.2311 ILE=0.0005 CL=5.6293
13:38:29 | ep  82 |  5.0s | BPR=0.2291 ILE=0.0007 CL=5.6306
13:38:34 | ep  83 |  5.0s | BPR=0.2264 ILE=0.0007 CL=5.6301
13:38:39 | ep  84 |  5.0s | BPR=0.2256 ILE=0.0006 CL=5.6290
13:38:45 | ep  85 |  5.0s | BPR=0.2234 ILE=0.0006 CL=5.6296 | VAL R@10=0.0701 R@20=0.1119 N@10=0.0347 N@20=0.0453 TailR@20=0.0463 Cov@20=0.6901 ARP@20=6.0003 HeadExp=0.7634 MidExp=0.2074 TailExp=0.0292 (best 0.1263@45)
13:38:50 | ep  86 |  5.0s | BPR=0.2232 ILE=0.0006 CL=5.6302
13:38:55 | ep  87 |  5.1s | BPR=0.2207 ILE=0.0007 CL=5.6288
13:39:00 | ep  88 |  5.0s | BPR=0.2190 ILE=0.0006 CL=5.6273
13:39:05 | ep  89 |  4.9s | BPR=0.2174 ILE=0.0006 CL=5.6267
13:39:11 | ep  90 |  5.0s | BPR=0.2175 ILE=0.0007 CL=5.6293 | VAL R@10=0.0688 R@20=0.1110 N@10=0.0342 N@20=0.0448 TailR@20=0.0463 Cov@20=0.6932 ARP@20=5.9795 HeadExp=0.7541 MidExp=0.2156 TailExp=0.0304 (best 0.1263@45)
13:39:16 | ep  91 |  5.0s | BPR=0.2158 ILE=0.0007 CL=5.6277
13:39:21 | ep  92 |  5.0s | BPR=0.2139 ILE=0.0007 CL=5.6300
13:39:26 | ep  93 |  5.0s | BPR=0.2129 ILE=0.0006 CL=5.6279
13:39:31 | ep  94 |  4.8s | BPR=0.2123 ILE=0.0006 CL=5.6278
13:39:36 | ep  95 |  4.8s | BPR=0.2111 ILE=0.0006 CL=5.6266 | VAL R@10=0.0681 R@20=0.1084 N@10=0.0338 N@20=0.0439 TailR@20=0.0442 Cov@20=0.7048 ARP@20=5.9565 HeadExp=0.7438 MidExp=0.2240 TailExp=0.0322 (best 0.1263@45)
13:39:37 | ⏰ early stopping @ epoch 95
13:39:37 | ✅ [full_L2_ile0p5_cl0p5_tau0p2_beta0p5_s42] TEST | R@10=0.0688 R@20=0.1124 N@10=0.0325 N@20=0.0434 TailR@20=0.0224 Cov@20=0.6100 ARP@20=6.2151 HeadExp=0.8487 MidExp=0.1340 TailExp=0.0172
