12:44:04 | 🚀 [full_L2_ile0p1_cl0p1_tau0p2_beta0p0_s42] ILE=True(λ=0.1) aug_main=False CL=True(λ=0.1,τ=0.2) negβ=0.0 drop=degree_aware layers=2 epochs=100 steps/epoch=137 device=cuda
12:44:08 | ep   1 |  3.9s | BPR=0.6925 ILE=0.0000 CL=5.5759
12:44:11 | ep   2 |  3.8s | BPR=0.6916 ILE=0.0000 CL=5.5704
12:44:15 | ep   3 |  3.8s | BPR=0.6901 ILE=0.0000 CL=5.5676
12:44:19 | ep   4 |  4.2s | BPR=0.6880 ILE=0.0000 CL=5.5689
12:44:25 | ep   5 |  4.2s | BPR=0.6848 ILE=0.0000 CL=5.5726 | VAL R@10=0.0388 R@20=0.0620 N@10=0.0190 N@20=0.0248 TailR@20=0.0021 Cov@20=0.8293 ARP@20=5.7892 HeadExp=0.6714 MidExp=0.2838 TailExp=0.0448 ⭐best
12:44:29 | ep   6 |  4.1s | BPR=0.6796 ILE=0.0000 CL=5.5825
12:44:33 | ep   7 |  4.4s | BPR=0.6708 ILE=0.0001 CL=5.6011
12:44:37 | ep   8 |  4.4s | BPR=0.6547 ILE=0.0003 CL=5.6402
12:44:42 | ep   9 |  4.4s | BPR=0.6236 ILE=0.0020 CL=5.7333
12:44:47 | ep  10 |  4.4s | BPR=0.5641 ILE=0.0103 CL=5.9267 | VAL R@10=0.0795 R@20=0.1319 N@10=0.0383 N@20=0.0515 TailR@20=0.0316 Cov@20=0.5545 ARP@20=6.6313 HeadExp=0.9300 MidExp=0.0475 TailExp=0.0225 ⭐best
12:44:52 | ep  11 |  4.4s | BPR=0.4788 ILE=0.0324 CL=6.1857
12:44:56 | ep  12 |  4.4s | BPR=0.4017 ILE=0.0601 CL=6.3629
12:45:00 | ep  13 |  4.4s | BPR=0.3463 ILE=0.0736 CL=6.4308
12:45:05 | ep  14 |  4.4s | BPR=0.3077 ILE=0.0797 CL=6.4429
12:45:10 | ep  15 |  4.4s | BPR=0.2803 ILE=0.0793 CL=6.4319 | VAL R@10=0.0877 R@20=0.1473 N@10=0.0416 N@20=0.0566 TailR@20=0.0316 Cov@20=0.4243 ARP@20=6.7519 HeadExp=0.9609 MidExp=0.0264 TailExp=0.0127 ⭐best
12:45:15 | ep  16 |  4.4s | BPR=0.2589 ILE=0.0757 CL=6.4092
12:45:19 | ep  17 |  4.0s | BPR=0.2415 ILE=0.0743 CL=6.3854
12:45:23 | ep  18 |  4.3s | BPR=0.2279 ILE=0.0699 CL=6.3588
12:45:27 | ep  19 |  4.3s | BPR=0.2169 ILE=0.0676 CL=6.3335
12:45:32 | ep  20 |  4.3s | BPR=0.2074 ILE=0.0635 CL=6.3107 | VAL R@10=0.0913 R@20=0.1510 N@10=0.0438 N@20=0.0587 TailR@20=0.0274 Cov@20=0.4299 ARP@20=6.6927 HeadExp=0.9573 MidExp=0.0327 TailExp=0.0100 ⭐best
12:45:37 | ep  21 |  4.3s | BPR=0.1989 ILE=0.0586 CL=6.2855
12:45:41 | ep  22 |  4.4s | BPR=0.1914 ILE=0.0579 CL=6.2639
12:45:45 | ep  23 |  4.3s | BPR=0.1857 ILE=0.0552 CL=6.2451
12:45:50 | ep  24 |  4.3s | BPR=0.1801 ILE=0.0507 CL=6.2248
12:45:55 | ep  25 |  4.4s | BPR=0.1751 ILE=0.0492 CL=6.2080 | VAL R@10=0.0916 R@20=0.1546 N@10=0.0441 N@20=0.0598 TailR@20=0.0295 Cov@20=0.4444 ARP@20=6.6484 HeadExp=0.9509 MidExp=0.0400 TailExp=0.0091 ⭐best
12:45:59 | ep  26 |  4.1s | BPR=0.1704 ILE=0.0462 CL=6.1912
12:46:03 | ep  27 |  4.3s | BPR=0.1659 ILE=0.0443 CL=6.1754
12:46:08 | ep  28 |  4.4s | BPR=0.1624 ILE=0.0419 CL=6.1612
12:46:12 | ep  29 |  4.4s | BPR=0.1581 ILE=0.0396 CL=6.1472
12:46:17 | ep  30 |  4.4s | BPR=0.1555 ILE=0.0381 CL=6.1311 | VAL R@10=0.0961 R@20=0.1531 N@10=0.0455 N@20=0.0597 TailR@20=0.0295 Cov@20=0.4619 ARP@20=6.6056 HeadExp=0.9423 MidExp=0.0484 TailExp=0.0093 (best 0.1546@25)
12:46:22 | ep  31 |  4.4s | BPR=0.1522 ILE=0.0371 CL=6.1231
12:46:26 | ep  32 |  4.4s | BPR=0.1494 ILE=0.0369 CL=6.1086
12:46:30 | ep  33 |  4.3s | BPR=0.1467 ILE=0.0355 CL=6.0977
12:46:35 | ep  34 |  4.4s | BPR=0.1449 ILE=0.0323 CL=6.0890
12:46:40 | ep  35 |  4.4s | BPR=0.1417 ILE=0.0326 CL=6.0806 | VAL R@10=0.0946 R@20=0.1521 N@10=0.0448 N@20=0.0592 TailR@20=0.0316 Cov@20=0.4800 ARP@20=6.5729 HeadExp=0.9347 MidExp=0.0557 TailExp=0.0096 (best 0.1546@25)
12:46:44 | ep  36 |  4.4s | BPR=0.1399 ILE=0.0309 CL=6.0696
12:46:49 | ep  37 |  4.4s | BPR=0.1381 ILE=0.0290 CL=6.0616
12:46:53 | ep  38 |  4.4s | BPR=0.1351 ILE=0.0291 CL=6.0524
12:46:58 | ep  39 |  4.4s | BPR=0.1341 ILE=0.0274 CL=6.0440
12:47:03 | ep  40 |  4.3s | BPR=0.1328 ILE=0.0258 CL=6.0366 | VAL R@10=0.0938 R@20=0.1516 N@10=0.0437 N@20=0.0583 TailR@20=0.0274 Cov@20=0.4990 ARP@20=6.5388 HeadExp=0.9260 MidExp=0.0641 TailExp=0.0099 (best 0.1546@25)
12:47:07 | ep  41 |  4.4s | BPR=0.1308 ILE=0.0272 CL=6.0285
12:47:12 | ep  42 |  4.4s | BPR=0.1287 ILE=0.0263 CL=6.0232
12:47:16 | ep  43 |  4.4s | BPR=0.1264 ILE=0.0250 CL=6.0162
12:47:20 | ep  44 |  4.4s | BPR=0.1257 ILE=0.0239 CL=6.0086
12:47:25 | ep  45 |  4.1s | BPR=0.1240 ILE=0.0226 CL=6.0033 | VAL R@10=0.0928 R@20=0.1516 N@10=0.0436 N@20=0.0583 TailR@20=0.0274 Cov@20=0.5180 ARP@20=6.5114 HeadExp=0.9188 MidExp=0.0708 TailExp=0.0105 (best 0.1546@25)
12:47:30 | ep  46 |  4.3s | BPR=0.1230 ILE=0.0213 CL=5.9977
12:47:34 | ep  47 |  4.3s | BPR=0.1227 ILE=0.0235 CL=5.9920
12:47:38 | ep  48 |  4.3s | BPR=0.1208 ILE=0.0223 CL=5.9859
12:47:43 | ep  49 |  4.3s | BPR=0.1195 ILE=0.0207 CL=5.9782
12:47:47 | ep  50 |  3.9s | BPR=0.1182 ILE=0.0207 CL=5.9762 | VAL R@10=0.0931 R@20=0.1460 N@10=0.0432 N@20=0.0565 TailR@20=0.0295 Cov@20=0.5350 ARP@20=6.4825 HeadExp=0.9105 MidExp=0.0784 TailExp=0.0112 (best 0.1546@25)
12:47:51 | ep  51 |  3.9s | BPR=0.1170 ILE=0.0203 CL=5.9697
12:47:55 | ep  52 |  4.0s | BPR=0.1162 ILE=0.0181 CL=5.9668
12:48:00 | ep  53 |  4.3s | BPR=0.1150 ILE=0.0186 CL=5.9642
12:48:04 | ep  54 |  4.3s | BPR=0.1139 ILE=0.0177 CL=5.9598
12:48:09 | ep  55 |  4.1s | BPR=0.1131 ILE=0.0184 CL=5.9559 | VAL R@10=0.0930 R@20=0.1472 N@10=0.0428 N@20=0.0564 TailR@20=0.0316 Cov@20=0.5485 ARP@20=6.4585 HeadExp=0.9029 MidExp=0.0853 TailExp=0.0117 (best 0.1546@25)
12:48:13 | ep  56 |  4.1s | BPR=0.1116 ILE=0.0182 CL=5.9508
12:48:17 | ep  57 |  4.3s | BPR=0.1114 ILE=0.0171 CL=5.9481
12:48:22 | ep  58 |  4.3s | BPR=0.1102 ILE=0.0158 CL=5.9444
12:48:26 | ep  59 |  4.1s | BPR=0.1093 ILE=0.0168 CL=5.9398
12:48:31 | ep  60 |  4.3s | BPR=0.1093 ILE=0.0157 CL=5.9367 | VAL R@10=0.0902 R@20=0.1455 N@10=0.0422 N@20=0.0561 TailR@20=0.0316 Cov@20=0.5701 ARP@20=6.4358 HeadExp=0.8960 MidExp=0.0914 TailExp=0.0126 (best 0.1546@25)
12:48:35 | ep  61 |  4.3s | BPR=0.1081 ILE=0.0147 CL=5.9348
12:48:39 | ep  62 |  4.3s | BPR=0.1074 ILE=0.0163 CL=5.9322
12:48:43 | ep  63 |  3.9s | BPR=0.1066 ILE=0.0149 CL=5.9253
12:48:48 | ep  64 |  4.3s | BPR=0.1065 ILE=0.0155 CL=5.9246
12:48:53 | ep  65 |  4.4s | BPR=0.1054 ILE=0.0135 CL=5.9198 | VAL R@10=0.0900 R@20=0.1460 N@10=0.0421 N@20=0.0562 TailR@20=0.0358 Cov@20=0.5851 ARP@20=6.4127 HeadExp=0.8885 MidExp=0.0979 TailExp=0.0136 (best 0.1546@25)
12:48:57 | ep  66 |  4.4s | BPR=0.1041 ILE=0.0144 CL=5.9179
12:49:02 | ep  67 |  4.4s | BPR=0.1042 ILE=0.0135 CL=5.9152
12:49:06 | ep  68 |  4.4s | BPR=0.1033 ILE=0.0129 CL=5.9150
12:49:10 | ep  69 |  4.4s | BPR=0.1029 ILE=0.0144 CL=5.9092
12:49:16 | ep  70 |  4.3s | BPR=0.1026 ILE=0.0127 CL=5.9084 | VAL R@10=0.0883 R@20=0.1458 N@10=0.0415 N@20=0.0560 TailR@20=0.0358 Cov@20=0.5981 ARP@20=6.3909 HeadExp=0.8820 MidExp=0.1037 TailExp=0.0143 (best 0.1546@25)
12:49:20 | ep  71 |  4.4s | BPR=0.1017 ILE=0.0121 CL=5.9046
12:49:24 | ep  72 |  4.4s | BPR=0.1011 ILE=0.0125 CL=5.9045
12:49:29 | ep  73 |  4.4s | BPR=0.1006 ILE=0.0114 CL=5.9031
12:49:33 | ep  74 |  4.4s | BPR=0.0995 ILE=0.0133 CL=5.8978
12:49:38 | ep  75 |  4.3s | BPR=0.1002 ILE=0.0124 CL=5.8969 | VAL R@10=0.0888 R@20=0.1439 N@10=0.0418 N@20=0.0557 TailR@20=0.0358 Cov@20=0.6122 ARP@20=6.3742 HeadExp=0.8759 MidExp=0.1089 TailExp=0.0152 (best 0.1546@25)
12:49:38 | ⏰ early stopping @ epoch 75
12:49:39 | ✅ [full_L2_ile0p1_cl0p1_tau0p2_beta0p0_s42] TEST | R@10=0.0799 R@20=0.1356 N@10=0.0394 N@20=0.0534 TailR@20=0.0131 Cov@20=0.4444 ARP@20=6.6463 HeadExp=0.9505 MidExp=0.0404 TailExp=0.0091
