15:32:58 | 🚀 [full_L3_ile1p0_cl0p5_tau0p2_beta0p0_s42] ILE=True(λ=1.0) aug_main=False CL=True(λ=0.5,τ=0.2) negβ=0.0 drop=degree_aware layers=3 epochs=100 steps/epoch=137 device=cuda
15:33:03 | ep   1 |  4.9s | BPR=0.6929 ILE=0.0000 CL=5.5784
15:33:08 | ep   2 |  4.9s | BPR=0.6929 ILE=0.0000 CL=5.5714
15:33:13 | ep   3 |  4.8s | BPR=0.6928 ILE=0.0000 CL=5.5665
15:33:18 | ep   4 |  4.9s | BPR=0.6927 ILE=0.0000 CL=5.5646
15:33:23 | ep   5 |  4.6s | BPR=0.6927 ILE=0.0000 CL=5.5630 | VAL R@10=0.0080 R@20=0.0147 N@10=0.0035 N@20=0.0053 TailR@20=0.0000 Cov@20=0.8480 ARP@20=5.3672 HeadExp=0.4896 MidExp=0.4315 TailExp=0.0789 ⭐best
15:33:28 | ep   6 |  4.9s | BPR=0.6926 ILE=0.0000 CL=5.5634
15:33:33 | ep   7 |  5.0s | BPR=0.6925 ILE=0.0000 CL=5.5631
15:33:38 | ep   8 |  4.7s | BPR=0.6925 ILE=0.0000 CL=5.5611
15:33:43 | ep   9 |  4.6s | BPR=0.6924 ILE=0.0000 CL=5.5606
15:33:48 | ep  10 |  5.0s | BPR=0.6924 ILE=0.0000 CL=5.5604 | VAL R@10=0.0098 R@20=0.0167 N@10=0.0044 N@20=0.0061 TailR@20=0.0000 Cov@20=0.7622 ARP@20=5.5055 HeadExp=0.5348 MidExp=0.4200 TailExp=0.0452 ⭐best
15:33:53 | ep  11 |  5.0s | BPR=0.6923 ILE=0.0000 CL=5.5588
15:33:58 | ep  12 |  5.0s | BPR=0.6922 ILE=0.0000 CL=5.5603
15:34:03 | ep  13 |  4.9s | BPR=0.6921 ILE=0.0000 CL=5.5590
15:34:08 | ep  14 |  4.6s | BPR=0.6921 ILE=0.0000 CL=5.5582
15:34:14 | ep  15 |  4.8s | BPR=0.6920 ILE=0.0000 CL=5.5618 | VAL R@10=0.0094 R@20=0.0184 N@10=0.0044 N@20=0.0067 TailR@20=0.0000 Cov@20=0.7458 ARP@20=5.5326 HeadExp=0.5446 MidExp=0.4168 TailExp=0.0386 ⭐best
15:34:19 | ep  16 |  4.9s | BPR=0.6919 ILE=0.0000 CL=5.5583
15:34:23 | ep  17 |  4.9s | BPR=0.6918 ILE=0.0000 CL=5.5607
15:34:28 | ep  18 |  4.9s | BPR=0.6918 ILE=0.0000 CL=5.5582
15:34:33 | ep  19 |  4.6s | BPR=0.6917 ILE=0.0000 CL=5.5582
15:34:39 | ep  20 |  4.9s | BPR=0.6916 ILE=0.0000 CL=5.5616 | VAL R@10=0.0114 R@20=0.0204 N@10=0.0051 N@20=0.0074 TailR@20=0.0042 Cov@20=0.7410 ARP@20=5.5349 HeadExp=0.5455 MidExp=0.4172 TailExp=0.0373 ⭐best
15:34:44 | ep  21 |  4.8s | BPR=0.6915 ILE=0.0000 CL=5.5570
15:34:48 | ep  22 |  4.8s | BPR=0.6914 ILE=0.0000 CL=5.5580
15:34:53 | ep  23 |  4.8s | BPR=0.6913 ILE=0.0000 CL=5.5599
15:34:58 | ep  24 |  4.8s | BPR=0.6912 ILE=0.0000 CL=5.5594
15:35:04 | ep  25 |  4.9s | BPR=0.6911 ILE=0.0000 CL=5.5580 | VAL R@10=0.0113 R@20=0.0222 N@10=0.0053 N@20=0.0081 TailR@20=0.0063 Cov@20=0.7382 ARP@20=5.5311 HeadExp=0.5453 MidExp=0.4177 TailExp=0.0370 ⭐best
15:35:09 | ep  26 |  4.7s | BPR=0.6910 ILE=0.0000 CL=5.5583
15:35:13 | ep  27 |  4.8s | BPR=0.6908 ILE=0.0000 CL=5.5570
15:35:18 | ep  28 |  5.0s | BPR=0.6907 ILE=0.0000 CL=5.5588
15:35:23 | ep  29 |  5.0s | BPR=0.6906 ILE=0.0000 CL=5.5573
15:35:29 | ep  30 |  5.0s | BPR=0.6904 ILE=0.0000 CL=5.5557 | VAL R@10=0.0124 R@20=0.0230 N@10=0.0061 N@20=0.0087 TailR@20=0.0084 Cov@20=0.7407 ARP@20=5.5248 HeadExp=0.5451 MidExp=0.4164 TailExp=0.0385 ⭐best
15:35:34 | ep  31 |  4.9s | BPR=0.6903 ILE=0.0000 CL=5.5606
15:35:39 | ep  32 |  5.0s | BPR=0.6901 ILE=0.0000 CL=5.5564
15:35:44 | ep  33 |  4.9s | BPR=0.6900 ILE=0.0000 CL=5.5573
15:35:49 | ep  34 |  4.9s | BPR=0.6898 ILE=0.0000 CL=5.5585
15:35:55 | ep  35 |  4.9s | BPR=0.6896 ILE=0.0000 CL=5.5597 | VAL R@10=0.0134 R@20=0.0232 N@10=0.0063 N@20=0.0087 TailR@20=0.0063 Cov@20=0.7526 ARP@20=5.5062 HeadExp=0.5439 MidExp=0.4138 TailExp=0.0423 ⭐best
15:36:00 | ep  36 |  5.0s | BPR=0.6894 ILE=0.0000 CL=5.5576
15:36:05 | ep  37 |  4.9s | BPR=0.6892 ILE=0.0000 CL=5.5585
15:36:09 | ep  38 |  4.7s | BPR=0.6890 ILE=0.0000 CL=5.5591
15:36:14 | ep  39 |  4.6s | BPR=0.6887 ILE=0.0000 CL=5.5586
15:36:19 | ep  40 |  4.6s | BPR=0.6885 ILE=0.0000 CL=5.5606 | VAL R@10=0.0134 R@20=0.0249 N@10=0.0064 N@20=0.0093 TailR@20=0.0063 Cov@20=0.7577 ARP@20=5.4772 HeadExp=0.5428 MidExp=0.4099 TailExp=0.0473 ⭐best
15:36:24 | ep  41 |  4.6s | BPR=0.6882 ILE=0.0000 CL=5.5591
15:36:29 | ep  42 |  4.6s | BPR=0.6879 ILE=0.0000 CL=5.5601
15:36:34 | ep  43 |  4.9s | BPR=0.6876 ILE=0.0000 CL=5.5584
15:36:38 | ep  44 |  4.9s | BPR=0.6872 ILE=0.0000 CL=5.5575
15:36:44 | ep  45 |  4.9s | BPR=0.6868 ILE=0.0000 CL=5.5590 | VAL R@10=0.0144 R@20=0.0268 N@10=0.0068 N@20=0.0099 TailR@20=0.0063 Cov@20=0.7645 ARP@20=5.4396 HeadExp=0.5447 MidExp=0.3985 TailExp=0.0569 ⭐best
15:36:49 | ep  46 |  4.7s | BPR=0.6864 ILE=0.0000 CL=5.5593
15:36:54 | ep  47 |  4.9s | BPR=0.6860 ILE=0.0000 CL=5.5594
15:36:59 | ep  48 |  4.9s | BPR=0.6855 ILE=0.0000 CL=5.5599
15:37:04 | ep  49 |  4.9s | BPR=0.6849 ILE=0.0000 CL=5.5560
15:37:10 | ep  50 |  4.9s | BPR=0.6843 ILE=0.0000 CL=5.5589 | VAL R@10=0.0166 R@20=0.0287 N@10=0.0081 N@20=0.0111 TailR@20=0.0105 Cov@20=0.7753 ARP@20=5.4015 HeadExp=0.5500 MidExp=0.3827 TailExp=0.0673 ⭐best
15:37:15 | ep  51 |  5.0s | BPR=0.6837 ILE=0.0000 CL=5.5570
15:37:20 | ep  52 |  4.9s | BPR=0.6829 ILE=0.0000 CL=5.5590
15:37:25 | ep  53 |  5.0s | BPR=0.6822 ILE=0.0000 CL=5.5604
15:37:29 | ep  54 |  4.9s | BPR=0.6812 ILE=0.0000 CL=5.5614
15:37:35 | ep  55 |  4.9s | BPR=0.6802 ILE=0.0000 CL=5.5617 | VAL R@10=0.0194 R@20=0.0326 N@10=0.0092 N@20=0.0125 TailR@20=0.0105 Cov@20=0.7826 ARP@20=5.3990 HeadExp=0.5665 MidExp=0.3605 TailExp=0.0731 ⭐best
15:37:40 | ep  56 |  4.9s | BPR=0.6791 ILE=0.0000 CL=5.5600
15:37:45 | ep  57 |  5.0s | BPR=0.6778 ILE=0.0000 CL=5.5606
15:37:50 | ep  58 |  4.9s | BPR=0.6763 ILE=0.0000 CL=5.5616
15:37:55 | ep  59 |  4.9s | BPR=0.6747 ILE=0.0000 CL=5.5617
15:38:01 | ep  60 |  4.7s | BPR=0.6729 ILE=0.0000 CL=5.5624 | VAL R@10=0.0252 R@20=0.0393 N@10=0.0122 N@20=0.0157 TailR@20=0.0063 Cov@20=0.7770 ARP@20=5.4355 HeadExp=0.5967 MidExp=0.3281 TailExp=0.0752 ⭐best
15:38:05 | ep  61 |  4.8s | BPR=0.6707 ILE=0.0000 CL=5.5633
15:38:10 | ep  62 |  4.9s | BPR=0.6682 ILE=0.0000 CL=5.5661
15:38:15 | ep  63 |  4.9s | BPR=0.6654 ILE=0.0000 CL=5.5621
15:38:20 | ep  64 |  4.9s | BPR=0.6622 ILE=0.0000 CL=5.5649
15:38:26 | ep  65 |  4.9s | BPR=0.6586 ILE=0.0000 CL=5.5643 | VAL R@10=0.0313 R@20=0.0525 N@10=0.0160 N@20=0.0213 TailR@20=0.0105 Cov@20=0.7772 ARP@20=5.5431 HeadExp=0.6463 MidExp=0.2826 TailExp=0.0711 ⭐best
15:38:31 | ep  66 |  4.9s | BPR=0.6542 ILE=0.0000 CL=5.5668
15:38:36 | ep  67 |  4.8s | BPR=0.6493 ILE=0.0000 CL=5.5677
15:38:41 | ep  68 |  4.8s | BPR=0.6435 ILE=0.0000 CL=5.5715
15:38:45 | ep  69 |  4.7s | BPR=0.6371 ILE=0.0000 CL=5.5711
15:38:51 | ep  70 |  4.7s | BPR=0.6296 ILE=0.0000 CL=5.5762 | VAL R@10=0.0451 R@20=0.0746 N@10=0.0224 N@20=0.0299 TailR@20=0.0168 Cov@20=0.7693 ARP@20=5.7024 HeadExp=0.7092 MidExp=0.2259 TailExp=0.0649 ⭐best
15:38:56 | ep  71 |  4.9s | BPR=0.6212 ILE=0.0001 CL=5.5768
15:39:01 | ep  72 |  4.9s | BPR=0.6115 ILE=0.0001 CL=5.5817
15:39:06 | ep  73 |  4.9s | BPR=0.6011 ILE=0.0001 CL=5.5855
15:39:11 | ep  74 |  4.9s | BPR=0.5890 ILE=0.0003 CL=5.5871
15:39:16 | ep  75 |  4.9s | BPR=0.5763 ILE=0.0004 CL=5.5934 | VAL R@10=0.0592 R@20=0.0948 N@10=0.0288 N@20=0.0378 TailR@20=0.0295 Cov@20=0.7651 ARP@20=5.8710 HeadExp=0.7656 MidExp=0.1744 TailExp=0.0600 ⭐best
15:39:21 | ep  76 |  4.8s | BPR=0.5626 ILE=0.0005 CL=5.5977
15:39:26 | ep  77 |  4.8s | BPR=0.5476 ILE=0.0006 CL=5.6018
15:39:31 | ep  78 |  4.9s | BPR=0.5329 ILE=0.0008 CL=5.6057
15:39:36 | ep  79 |  4.9s | BPR=0.5174 ILE=0.0009 CL=5.6121
15:39:41 | ep  80 |  4.7s | BPR=0.5016 ILE=0.0010 CL=5.6185 | VAL R@10=0.0683 R@20=0.1119 N@10=0.0339 N@20=0.0448 TailR@20=0.0526 Cov@20=0.7540 ARP@20=5.9982 HeadExp=0.8030 MidExp=0.1384 TailExp=0.0586 ⭐best
15:39:46 | ep  81 |  4.9s | BPR=0.4854 ILE=0.0012 CL=5.6236
15:39:51 | ep  82 |  4.8s | BPR=0.4697 ILE=0.0014 CL=5.6259
15:39:56 | ep  83 |  4.9s | BPR=0.4539 ILE=0.0014 CL=5.6320
15:40:01 | ep  84 |  4.9s | BPR=0.4390 ILE=0.0016 CL=5.6361
15:40:07 | ep  85 |  4.9s | BPR=0.4245 ILE=0.0017 CL=5.6395 | VAL R@10=0.0723 R@20=0.1205 N@10=0.0361 N@20=0.0481 TailR@20=0.0611 Cov@20=0.7376 ARP@20=6.0721 HeadExp=0.8210 MidExp=0.1217 TailExp=0.0573 ⭐best
15:40:12 | ep  86 |  5.0s | BPR=0.4112 ILE=0.0018 CL=5.6411
15:40:17 | ep  87 |  5.0s | BPR=0.3977 ILE=0.0018 CL=5.6475
15:40:22 | ep  88 |  5.0s | BPR=0.3858 ILE=0.0018 CL=5.6490
15:40:27 | ep  89 |  5.0s | BPR=0.3728 ILE=0.0020 CL=5.6526
15:40:33 | ep  90 |  4.9s | BPR=0.3616 ILE=0.0018 CL=5.6513 | VAL R@10=0.0777 R@20=0.1221 N@10=0.0379 N@20=0.0490 TailR@20=0.0611 Cov@20=0.7249 ARP@20=6.1094 HeadExp=0.8290 MidExp=0.1154 TailExp=0.0557 ⭐best
15:40:38 | ep  91 |  4.9s | BPR=0.3508 ILE=0.0019 CL=5.6560
15:40:43 | ep  92 |  5.0s | BPR=0.3409 ILE=0.0019 CL=5.6547
15:40:48 | ep  93 |  4.9s | BPR=0.3320 ILE=0.0019 CL=5.6571
15:40:52 | ep  94 |  4.9s | BPR=0.3229 ILE=0.0020 CL=5.6596
15:40:58 | ep  95 |  4.9s | BPR=0.3149 ILE=0.0021 CL=5.6584 | VAL R@10=0.0781 R@20=0.1221 N@10=0.0383 N@20=0.0494 TailR@20=0.0632 Cov@20=0.7130 ARP@20=6.1264 HeadExp=0.8310 MidExp=0.1154 TailExp=0.0535 (best 0.1221@90)
15:41:03 | ep  96 |  5.0s | BPR=0.3061 ILE=0.0018 CL=5.6583
15:41:08 | ep  97 |  5.0s | BPR=0.2994 ILE=0.0017 CL=5.6599
15:41:13 | ep  98 |  4.9s | BPR=0.2922 ILE=0.0019 CL=5.6645
15:41:18 | ep  99 |  4.9s | BPR=0.2853 ILE=0.0019 CL=5.6605
15:41:24 | ep 100 |  4.9s | BPR=0.2791 ILE=0.0018 CL=5.6648 | VAL R@10=0.0787 R@20=0.1231 N@10=0.0390 N@20=0.0501 TailR@20=0.0632 Cov@20=0.7119 ARP@20=6.1285 HeadExp=0.8304 MidExp=0.1180 TailExp=0.0515 ⭐best
15:41:25 | ✅ [full_L3_ile1p0_cl0p5_tau0p2_beta0p0_s42] TEST | R@10=0.0645 R@20=0.1081 N@10=0.0312 N@20=0.0422 TailR@20=0.0280 Cov@20=0.7138 ARP@20=6.1245 HeadExp=0.8293 MidExp=0.1188 TailExp=0.0519
