15:24:20 | 🚀 [full_L3_ile1p0_cl0p1_tau0p2_beta0p5_s42] ILE=True(λ=1.0) aug_main=False CL=True(λ=0.1,τ=0.2) negβ=0.5 drop=degree_aware layers=3 epochs=100 steps/epoch=137 device=cuda
15:24:26 | ep   1 |  5.9s | BPR=0.6928 ILE=0.0000 CL=5.5819
15:24:31 | ep   2 |  5.6s | BPR=0.6926 ILE=0.0000 CL=5.5724
15:24:37 | ep   3 |  5.4s | BPR=0.6922 ILE=0.0000 CL=5.5662
15:24:42 | ep   4 |  5.6s | BPR=0.6917 ILE=0.0000 CL=5.5654
15:24:49 | ep   5 |  5.5s | BPR=0.6912 ILE=0.0000 CL=5.5641 | VAL R@10=0.0166 R@20=0.0270 N@10=0.0082 N@20=0.0109 TailR@20=0.0000 Cov@20=0.8689 ARP@20=5.4338 HeadExp=0.5279 MidExp=0.3900 TailExp=0.0821 ⭐best
15:24:54 | ep   6 |  5.6s | BPR=0.6905 ILE=0.0000 CL=5.5650
15:25:00 | ep   7 |  5.6s | BPR=0.6897 ILE=0.0000 CL=5.5653
15:25:06 | ep   8 |  5.6s | BPR=0.6887 ILE=0.0000 CL=5.5662
15:25:11 | ep   9 |  5.4s | BPR=0.6873 ILE=0.0000 CL=5.5681
15:25:17 | ep  10 |  5.6s | BPR=0.6853 ILE=0.0000 CL=5.5693 | VAL R@10=0.0393 R@20=0.0650 N@10=0.0196 N@20=0.0261 TailR@20=0.0084 Cov@20=0.7532 ARP@20=5.8421 HeadExp=0.6894 MidExp=0.2758 TailExp=0.0348 ⭐best
15:25:23 | ep  11 |  5.6s | BPR=0.6826 ILE=0.0000 CL=5.5749
15:25:29 | ep  12 |  5.6s | BPR=0.6788 ILE=0.0000 CL=5.5829
15:25:34 | ep  13 |  5.7s | BPR=0.6733 ILE=0.0000 CL=5.5904
15:25:40 | ep  14 |  5.7s | BPR=0.6653 ILE=0.0000 CL=5.6051
15:25:47 | ep  15 |  5.6s | BPR=0.6535 ILE=0.0000 CL=5.6311 | VAL R@10=0.0741 R@20=0.1216 N@10=0.0357 N@20=0.0477 TailR@20=0.0274 Cov@20=0.6134 ARP@20=6.2880 HeadExp=0.8604 MidExp=0.1176 TailExp=0.0220 ⭐best
15:25:52 | ep  16 |  5.7s | BPR=0.6371 ILE=0.0001 CL=5.6660
15:25:58 | ep  17 |  5.7s | BPR=0.6147 ILE=0.0004 CL=5.7124
15:26:04 | ep  18 |  5.7s | BPR=0.5866 ILE=0.0008 CL=5.7723
15:26:09 | ep  19 |  5.6s | BPR=0.5543 ILE=0.0013 CL=5.8399
15:26:16 | ep  20 |  5.6s | BPR=0.5210 ILE=0.0020 CL=5.8999 | VAL R@10=0.0857 R@20=0.1442 N@10=0.0411 N@20=0.0557 TailR@20=0.0442 Cov@20=0.4999 ARP@20=6.5173 HeadExp=0.9119 MidExp=0.0601 TailExp=0.0280 ⭐best
15:26:21 | ep  21 |  5.5s | BPR=0.4893 ILE=0.0025 CL=5.9523
15:26:27 | ep  22 |  5.6s | BPR=0.4603 ILE=0.0030 CL=5.9932
15:26:32 | ep  23 |  5.6s | BPR=0.4356 ILE=0.0033 CL=6.0177
15:26:38 | ep  24 |  5.6s | BPR=0.4141 ILE=0.0030 CL=6.0401
15:26:44 | ep  25 |  5.6s | BPR=0.3955 ILE=0.0032 CL=6.0537 | VAL R@10=0.0885 R@20=0.1487 N@10=0.0427 N@20=0.0578 TailR@20=0.0463 Cov@20=0.4843 ARP@20=6.5049 HeadExp=0.9071 MidExp=0.0614 TailExp=0.0315 ⭐best
15:26:50 | ep  26 |  5.6s | BPR=0.3798 ILE=0.0031 CL=6.0591
15:26:56 | ep  27 |  5.5s | BPR=0.3648 ILE=0.0029 CL=6.0626
15:27:01 | ep  28 |  5.6s | BPR=0.3527 ILE=0.0031 CL=6.0633
15:27:07 | ep  29 |  5.5s | BPR=0.3429 ILE=0.0027 CL=6.0595
15:27:13 | ep  30 |  5.4s | BPR=0.3333 ILE=0.0030 CL=6.0551 | VAL R@10=0.0920 R@20=0.1543 N@10=0.0449 N@20=0.0605 TailR@20=0.0526 Cov@20=0.5021 ARP@20=6.4636 HeadExp=0.8978 MidExp=0.0693 TailExp=0.0330 ⭐best
15:27:19 | ep  31 |  5.7s | BPR=0.3242 ILE=0.0024 CL=6.0519
15:27:24 | ep  32 |  5.5s | BPR=0.3167 ILE=0.0025 CL=6.0478
15:27:30 | ep  33 |  5.5s | BPR=0.3098 ILE=0.0023 CL=6.0413
15:27:35 | ep  34 |  5.3s | BPR=0.3030 ILE=0.0021 CL=6.0387
15:27:41 | ep  35 |  5.6s | BPR=0.2967 ILE=0.0021 CL=6.0327 | VAL R@10=0.0936 R@20=0.1573 N@10=0.0454 N@20=0.0613 TailR@20=0.0547 Cov@20=0.5219 ARP@20=6.4273 HeadExp=0.8893 MidExp=0.0778 TailExp=0.0329 ⭐best
15:27:47 | ep  36 |  5.6s | BPR=0.2921 ILE=0.0023 CL=6.0246
15:27:53 | ep  37 |  5.6s | BPR=0.2861 ILE=0.0019 CL=6.0175
15:27:58 | ep  38 |  5.6s | BPR=0.2813 ILE=0.0020 CL=6.0129
15:28:04 | ep  39 |  5.6s | BPR=0.2761 ILE=0.0016 CL=6.0087
15:28:10 | ep  40 |  5.6s | BPR=0.2724 ILE=0.0016 CL=6.0034 | VAL R@10=0.0941 R@20=0.1581 N@10=0.0454 N@20=0.0615 TailR@20=0.0526 Cov@20=0.5432 ARP@20=6.3931 HeadExp=0.8799 MidExp=0.0867 TailExp=0.0334 ⭐best
15:28:16 | ep  41 |  5.6s | BPR=0.2683 ILE=0.0016 CL=5.9973
15:28:21 | ep  42 |  5.5s | BPR=0.2649 ILE=0.0014 CL=5.9913
15:28:27 | ep  43 |  5.6s | BPR=0.2604 ILE=0.0017 CL=5.9854
15:28:33 | ep  44 |  5.6s | BPR=0.2578 ILE=0.0014 CL=5.9814
15:28:39 | ep  45 |  5.7s | BPR=0.2546 ILE=0.0015 CL=5.9777 | VAL R@10=0.0938 R@20=0.1571 N@10=0.0453 N@20=0.0612 TailR@20=0.0568 Cov@20=0.5650 ARP@20=6.3576 HeadExp=0.8697 MidExp=0.0960 TailExp=0.0343 (best 0.1581@40)
15:28:45 | ep  46 |  5.7s | BPR=0.2514 ILE=0.0013 CL=5.9699
15:28:50 | ep  47 |  5.6s | BPR=0.2483 ILE=0.0012 CL=5.9680
15:28:56 | ep  48 |  5.6s | BPR=0.2447 ILE=0.0015 CL=5.9621
15:29:02 | ep  49 |  5.5s | BPR=0.2428 ILE=0.0013 CL=5.9570
15:29:08 | ep  50 |  5.6s | BPR=0.2407 ILE=0.0014 CL=5.9539 | VAL R@10=0.0953 R@20=0.1559 N@10=0.0456 N@20=0.0608 TailR@20=0.0611 Cov@20=0.5842 ARP@20=6.3282 HeadExp=0.8605 MidExp=0.1045 TailExp=0.0350 (best 0.1581@40)
15:29:14 | ep  51 |  5.6s | BPR=0.2383 ILE=0.0013 CL=5.9465
15:29:19 | ep  52 |  5.7s | BPR=0.2346 ILE=0.0012 CL=5.9437
15:29:25 | ep  53 |  5.7s | BPR=0.2327 ILE=0.0010 CL=5.9415
15:29:31 | ep  54 |  5.7s | BPR=0.2306 ILE=0.0010 CL=5.9363
15:29:37 | ep  55 |  5.7s | BPR=0.2288 ILE=0.0010 CL=5.9332 | VAL R@10=0.0960 R@20=0.1536 N@10=0.0460 N@20=0.0604 TailR@20=0.0589 Cov@20=0.6026 ARP@20=6.3066 HeadExp=0.8535 MidExp=0.1115 TailExp=0.0350 (best 0.1581@40)
15:29:43 | ep  56 |  5.6s | BPR=0.2267 ILE=0.0010 CL=5.9315
15:29:48 | ep  57 |  5.6s | BPR=0.2243 ILE=0.0010 CL=5.9257
15:29:54 | ep  58 |  5.3s | BPR=0.2229 ILE=0.0009 CL=5.9216
15:29:59 | ep  59 |  5.6s | BPR=0.2211 ILE=0.0008 CL=5.9177
15:30:05 | ep  60 |  5.4s | BPR=0.2200 ILE=0.0010 CL=5.9168 | VAL R@10=0.0966 R@20=0.1540 N@10=0.0458 N@20=0.0602 TailR@20=0.0568 Cov@20=0.6199 ARP@20=6.2792 HeadExp=0.8450 MidExp=0.1197 TailExp=0.0353 (best 0.1581@40)
15:30:11 | ep  61 |  5.6s | BPR=0.2173 ILE=0.0008 CL=5.9151
15:30:17 | ep  62 |  5.5s | BPR=0.2150 ILE=0.0009 CL=5.9118
15:30:22 | ep  63 |  5.7s | BPR=0.2134 ILE=0.0008 CL=5.9084
15:30:28 | ep  64 |  5.7s | BPR=0.2119 ILE=0.0007 CL=5.9036
15:30:35 | ep  65 |  5.7s | BPR=0.2111 ILE=0.0010 CL=5.8973 | VAL R@10=0.0965 R@20=0.1541 N@10=0.0458 N@20=0.0602 TailR@20=0.0611 Cov@20=0.6337 ARP@20=6.2514 HeadExp=0.8352 MidExp=0.1288 TailExp=0.0360 (best 0.1581@40)
15:30:40 | ep  66 |  5.4s | BPR=0.2103 ILE=0.0009 CL=5.8938
15:30:46 | ep  67 |  5.6s | BPR=0.2081 ILE=0.0008 CL=5.8957
15:30:51 | ep  68 |  5.6s | BPR=0.2066 ILE=0.0008 CL=5.8935
15:30:57 | ep  69 |  5.7s | BPR=0.2063 ILE=0.0011 CL=5.8912
15:31:03 | ep  70 |  5.6s | BPR=0.2043 ILE=0.0009 CL=5.8846 | VAL R@10=0.0953 R@20=0.1516 N@10=0.0451 N@20=0.0593 TailR@20=0.0589 Cov@20=0.6465 ARP@20=6.2310 HeadExp=0.8277 MidExp=0.1359 TailExp=0.0364 (best 0.1581@40)
15:31:09 | ep  71 |  5.6s | BPR=0.2029 ILE=0.0008 CL=5.8840
15:31:15 | ep  72 |  5.5s | BPR=0.2015 ILE=0.0008 CL=5.8827
15:31:20 | ep  73 |  5.3s | BPR=0.1999 ILE=0.0007 CL=5.8785
15:31:25 | ep  74 |  5.5s | BPR=0.1994 ILE=0.0010 CL=5.8769
15:31:32 | ep  75 |  5.4s | BPR=0.1978 ILE=0.0008 CL=5.8717 | VAL R@10=0.0945 R@20=0.1515 N@10=0.0449 N@20=0.0593 TailR@20=0.0653 Cov@20=0.6603 ARP@20=6.2116 HeadExp=0.8206 MidExp=0.1426 TailExp=0.0368 (best 0.1581@40)
15:31:37 | ep  76 |  5.6s | BPR=0.1974 ILE=0.0008 CL=5.8712
15:31:43 | ep  77 |  5.2s | BPR=0.1962 ILE=0.0008 CL=5.8693
15:31:48 | ep  78 |  5.5s | BPR=0.1940 ILE=0.0008 CL=5.8693
15:31:54 | ep  79 |  5.6s | BPR=0.1936 ILE=0.0007 CL=5.8682
15:32:00 | ep  80 |  5.3s | BPR=0.1932 ILE=0.0008 CL=5.8645 | VAL R@10=0.0948 R@20=0.1521 N@10=0.0447 N@20=0.0591 TailR@20=0.0611 Cov@20=0.6722 ARP@20=6.1954 HeadExp=0.8145 MidExp=0.1484 TailExp=0.0371 (best 0.1581@40)
15:32:05 | ep  81 |  5.4s | BPR=0.1929 ILE=0.0006 CL=5.8633
15:32:11 | ep  82 |  5.6s | BPR=0.1917 ILE=0.0008 CL=5.8633
15:32:16 | ep  83 |  5.6s | BPR=0.1897 ILE=0.0008 CL=5.8600
15:32:22 | ep  84 |  5.6s | BPR=0.1897 ILE=0.0007 CL=5.8564
15:32:28 | ep  85 |  5.6s | BPR=0.1879 ILE=0.0007 CL=5.8566 | VAL R@10=0.0943 R@20=0.1498 N@10=0.0444 N@20=0.0584 TailR@20=0.0589 Cov@20=0.6833 ARP@20=6.1743 HeadExp=0.8067 MidExp=0.1555 TailExp=0.0378 (best 0.1581@40)
15:32:34 | ep  86 |  5.6s | BPR=0.1886 ILE=0.0007 CL=5.8550
15:32:40 | ep  87 |  5.6s | BPR=0.1865 ILE=0.0007 CL=5.8534
15:32:45 | ep  88 |  5.6s | BPR=0.1855 ILE=0.0007 CL=5.8493
15:32:51 | ep  89 |  5.7s | BPR=0.1846 ILE=0.0006 CL=5.8471
15:32:57 | ep  90 |  5.3s | BPR=0.1847 ILE=0.0007 CL=5.8487 | VAL R@10=0.0916 R@20=0.1493 N@10=0.0436 N@20=0.0581 TailR@20=0.0611 Cov@20=0.6912 ARP@20=6.1593 HeadExp=0.8014 MidExp=0.1606 TailExp=0.0380 (best 0.1581@40)
15:32:57 | ⏰ early stopping @ epoch 90
15:32:58 | ✅ [full_L3_ile1p0_cl0p1_tau0p2_beta0p5_s42] TEST | R@10=0.0799 R@20=0.1362 N@10=0.0385 N@20=0.0526 TailR@20=0.0355 Cov@20=0.5434 ARP@20=6.3904 HeadExp=0.8793 MidExp=0.0871 TailExp=0.0336
