15:16:16 | 🚀 [full_L3_ile1p0_cl0p1_tau0p2_beta0p0_s42] ILE=True(λ=1.0) aug_main=False CL=True(λ=0.1,τ=0.2) negβ=0.0 drop=degree_aware layers=3 epochs=100 steps/epoch=137 device=cuda
15:16:21 | ep   1 |  5.0s | BPR=0.6929 ILE=0.0000 CL=5.5785
15:16:26 | ep   2 |  4.9s | BPR=0.6926 ILE=0.0000 CL=5.5718
15:16:30 | ep   3 |  4.6s | BPR=0.6923 ILE=0.0000 CL=5.5672
15:16:35 | ep   4 |  4.8s | BPR=0.6919 ILE=0.0000 CL=5.5657
15:16:41 | ep   5 |  4.9s | BPR=0.6914 ILE=0.0000 CL=5.5647 | VAL R@10=0.0167 R@20=0.0267 N@10=0.0079 N@20=0.0104 TailR@20=0.0021 Cov@20=0.9060 ARP@20=5.4078 HeadExp=0.5222 MidExp=0.3932 TailExp=0.0845 ⭐best
15:16:46 | ep   6 |  4.9s | BPR=0.6908 ILE=0.0000 CL=5.5657
15:16:51 | ep   7 |  4.9s | BPR=0.6900 ILE=0.0000 CL=5.5663
15:16:56 | ep   8 |  5.0s | BPR=0.6890 ILE=0.0000 CL=5.5657
15:17:01 | ep   9 |  4.9s | BPR=0.6878 ILE=0.0000 CL=5.5671
15:17:07 | ep  10 |  4.9s | BPR=0.6860 ILE=0.0000 CL=5.5695 | VAL R@10=0.0351 R@20=0.0618 N@10=0.0178 N@20=0.0244 TailR@20=0.0147 Cov@20=0.7809 ARP@20=5.7767 HeadExp=0.6636 MidExp=0.2966 TailExp=0.0398 ⭐best
15:17:11 | ep  11 |  4.8s | BPR=0.6834 ILE=0.0000 CL=5.5724
15:17:16 | ep  12 |  5.0s | BPR=0.6797 ILE=0.0000 CL=5.5808
15:17:21 | ep  13 |  5.0s | BPR=0.6741 ILE=0.0000 CL=5.5908
15:17:26 | ep  14 |  4.8s | BPR=0.6654 ILE=0.0001 CL=5.6099
15:17:32 | ep  15 |  4.9s | BPR=0.6514 ILE=0.0003 CL=5.6485 | VAL R@10=0.0721 R@20=0.1160 N@10=0.0347 N@20=0.0458 TailR@20=0.0421 Cov@20=0.7170 ARP@20=6.2202 HeadExp=0.8429 MidExp=0.1121 TailExp=0.0450 ⭐best
15:17:37 | ep  16 |  5.0s | BPR=0.6292 ILE=0.0009 CL=5.7046
15:17:42 | ep  17 |  4.9s | BPR=0.5959 ILE=0.0026 CL=5.7944
15:17:47 | ep  18 |  4.7s | BPR=0.5535 ILE=0.0053 CL=5.8943
15:17:52 | ep  19 |  4.9s | BPR=0.5087 ILE=0.0087 CL=5.9862
15:17:57 | ep  20 |  4.7s | BPR=0.4662 ILE=0.0113 CL=6.0600 | VAL R@10=0.0865 R@20=0.1410 N@10=0.0425 N@20=0.0561 TailR@20=0.0611 Cov@20=0.5500 ARP@20=6.5118 HeadExp=0.8965 MidExp=0.0473 TailExp=0.0562 ⭐best
15:18:02 | ep  21 |  4.7s | BPR=0.4288 ILE=0.0126 CL=6.1110
15:18:07 | ep  22 |  4.9s | BPR=0.3962 ILE=0.0136 CL=6.1494
15:18:12 | ep  23 |  4.9s | BPR=0.3698 ILE=0.0140 CL=6.1753
15:18:17 | ep  24 |  5.0s | BPR=0.3460 ILE=0.0134 CL=6.1941
15:18:23 | ep  25 |  4.9s | BPR=0.3262 ILE=0.0135 CL=6.2086 | VAL R@10=0.0916 R@20=0.1490 N@10=0.0443 N@20=0.0586 TailR@20=0.0653 Cov@20=0.4990 ARP@20=6.5560 HeadExp=0.9070 MidExp=0.0464 TailExp=0.0466 ⭐best
15:18:28 | ep  26 |  4.9s | BPR=0.3094 ILE=0.0129 CL=6.2110
15:18:32 | ep  27 |  4.9s | BPR=0.2943 ILE=0.0125 CL=6.2152
15:18:37 | ep  28 |  4.9s | BPR=0.2816 ILE=0.0118 CL=6.2142
15:18:42 | ep  29 |  5.0s | BPR=0.2694 ILE=0.0112 CL=6.2138
15:18:48 | ep  30 |  4.9s | BPR=0.2600 ILE=0.0108 CL=6.2051 | VAL R@10=0.0912 R@20=0.1533 N@10=0.0446 N@20=0.0601 TailR@20=0.0547 Cov@20=0.4933 ARP@20=6.5592 HeadExp=0.9098 MidExp=0.0489 TailExp=0.0413 ⭐best
15:18:53 | ep  31 |  4.9s | BPR=0.2508 ILE=0.0104 CL=6.2036
15:18:58 | ep  32 |  4.9s | BPR=0.2428 ILE=0.0102 CL=6.1945
15:19:03 | ep  33 |  4.9s | BPR=0.2359 ILE=0.0099 CL=6.1857
15:19:08 | ep  34 |  4.9s | BPR=0.2297 ILE=0.0089 CL=6.1819
15:19:13 | ep  35 |  4.8s | BPR=0.2227 ILE=0.0091 CL=6.1755 | VAL R@10=0.0913 R@20=0.1553 N@10=0.0446 N@20=0.0607 TailR@20=0.0568 Cov@20=0.4982 ARP@20=6.5472 HeadExp=0.9081 MidExp=0.0534 TailExp=0.0385 ⭐best
15:19:19 | ep  36 |  4.9s | BPR=0.2177 ILE=0.0085 CL=6.1665
15:19:23 | ep  37 |  4.9s | BPR=0.2123 ILE=0.0080 CL=6.1611
15:19:28 | ep  38 |  5.0s | BPR=0.2067 ILE=0.0081 CL=6.1516
15:19:33 | ep  39 |  4.9s | BPR=0.2029 ILE=0.0073 CL=6.1444
15:19:39 | ep  40 |  5.0s | BPR=0.1992 ILE=0.0070 CL=6.1383 | VAL R@10=0.0931 R@20=0.1548 N@10=0.0453 N@20=0.0607 TailR@20=0.0568 Cov@20=0.5134 ARP@20=6.5297 HeadExp=0.9052 MidExp=0.0578 TailExp=0.0370 (best 0.1553@35)
15:19:44 | ep  41 |  4.9s | BPR=0.1952 ILE=0.0075 CL=6.1266
15:19:49 | ep  42 |  4.9s | BPR=0.1912 ILE=0.0070 CL=6.1228
15:19:54 | ep  43 |  4.9s | BPR=0.1871 ILE=0.0067 CL=6.1142
15:19:59 | ep  44 |  5.0s | BPR=0.1840 ILE=0.0062 CL=6.1079
15:20:05 | ep  45 |  5.0s | BPR=0.1805 ILE=0.0059 CL=6.1022 | VAL R@10=0.0936 R@20=0.1558 N@10=0.0453 N@20=0.0609 TailR@20=0.0547 Cov@20=0.5284 ARP@20=6.5106 HeadExp=0.9015 MidExp=0.0625 TailExp=0.0360 ⭐best
15:20:10 | ep  46 |  5.0s | BPR=0.1780 ILE=0.0056 CL=6.0963
15:20:15 | ep  47 |  4.9s | BPR=0.1761 ILE=0.0061 CL=6.0876
15:20:20 | ep  48 |  4.9s | BPR=0.1729 ILE=0.0057 CL=6.0813
15:20:25 | ep  49 |  4.9s | BPR=0.1704 ILE=0.0052 CL=6.0729
15:20:30 | ep  50 |  4.9s | BPR=0.1675 ILE=0.0054 CL=6.0688 | VAL R@10=0.0925 R@20=0.1543 N@10=0.0449 N@20=0.0603 TailR@20=0.0568 Cov@20=0.5412 ARP@20=6.4901 HeadExp=0.8971 MidExp=0.0677 TailExp=0.0352 (best 0.1558@45)
15:20:35 | ep  51 |  4.9s | BPR=0.1651 ILE=0.0052 CL=6.0605
15:20:40 | ep  52 |  4.6s | BPR=0.1629 ILE=0.0045 CL=6.0598
15:20:45 | ep  53 |  4.8s | BPR=0.1606 ILE=0.0047 CL=6.0559
15:20:50 | ep  54 |  4.9s | BPR=0.1584 ILE=0.0045 CL=6.0511
15:20:55 | ep  55 |  4.9s | BPR=0.1568 ILE=0.0047 CL=6.0440 | VAL R@10=0.0916 R@20=0.1533 N@10=0.0442 N@20=0.0596 TailR@20=0.0526 Cov@20=0.5519 ARP@20=6.4711 HeadExp=0.8929 MidExp=0.0729 TailExp=0.0342 (best 0.1558@45)
15:21:00 | ep  56 |  4.9s | BPR=0.1542 ILE=0.0045 CL=6.0378
15:21:05 | ep  57 |  4.9s | BPR=0.1531 ILE=0.0044 CL=6.0333
15:21:10 | ep  58 |  4.9s | BPR=0.1511 ILE=0.0040 CL=6.0297
15:21:15 | ep  59 |  4.9s | BPR=0.1492 ILE=0.0043 CL=6.0227
15:21:21 | ep  60 |  4.9s | BPR=0.1485 ILE=0.0040 CL=6.0180 | VAL R@10=0.0920 R@20=0.1510 N@10=0.0439 N@20=0.0588 TailR@20=0.0547 Cov@20=0.5692 ARP@20=6.4549 HeadExp=0.8889 MidExp=0.0774 TailExp=0.0337 (best 0.1558@45)
15:21:26 | ep  61 |  4.9s | BPR=0.1461 ILE=0.0036 CL=6.0175
15:21:31 | ep  62 |  4.9s | BPR=0.1448 ILE=0.0042 CL=6.0109
15:21:36 | ep  63 |  4.9s | BPR=0.1433 ILE=0.0036 CL=6.0032
15:21:40 | ep  64 |  4.9s | BPR=0.1422 ILE=0.0038 CL=6.0022
15:21:46 | ep  65 |  4.9s | BPR=0.1406 ILE=0.0033 CL=5.9971 | VAL R@10=0.0912 R@20=0.1523 N@10=0.0435 N@20=0.0589 TailR@20=0.0568 Cov@20=0.5836 ARP@20=6.4349 HeadExp=0.8839 MidExp=0.0825 TailExp=0.0335 (best 0.1558@45)
15:21:51 | ep  66 |  4.9s | BPR=0.1389 ILE=0.0037 CL=5.9932
15:21:56 | ep  67 |  5.0s | BPR=0.1379 ILE=0.0033 CL=5.9910
15:22:01 | ep  68 |  4.9s | BPR=0.1364 ILE=0.0031 CL=5.9895
15:22:06 | ep  69 |  4.9s | BPR=0.1358 ILE=0.0036 CL=5.9810
15:22:12 | ep  70 |  4.9s | BPR=0.1346 ILE=0.0030 CL=5.9790 | VAL R@10=0.0908 R@20=0.1506 N@10=0.0432 N@20=0.0583 TailR@20=0.0589 Cov@20=0.5899 ARP@20=6.4151 HeadExp=0.8794 MidExp=0.0872 TailExp=0.0334 (best 0.1558@45)
15:22:17 | ep  71 |  4.9s | BPR=0.1333 ILE=0.0030 CL=5.9756
15:22:22 | ep  72 |  4.9s | BPR=0.1320 ILE=0.0031 CL=5.9748
15:22:27 | ep  73 |  5.0s | BPR=0.1309 ILE=0.0028 CL=5.9731
15:22:32 | ep  74 |  4.9s | BPR=0.1297 ILE=0.0035 CL=5.9651
15:22:37 | ep  75 |  4.9s | BPR=0.1300 ILE=0.0030 CL=5.9608 | VAL R@10=0.0885 R@20=0.1506 N@10=0.0423 N@20=0.0580 TailR@20=0.0611 Cov@20=0.6049 ARP@20=6.3988 HeadExp=0.8745 MidExp=0.0923 TailExp=0.0333 (best 0.1558@45)
15:22:42 | ep  76 |  4.6s | BPR=0.1279 ILE=0.0030 CL=5.9595
15:22:47 | ep  77 |  4.9s | BPR=0.1264 ILE=0.0028 CL=5.9574
15:22:52 | ep  78 |  4.9s | BPR=0.1267 ILE=0.0031 CL=5.9522
15:22:57 | ep  79 |  5.0s | BPR=0.1260 ILE=0.0030 CL=5.9504
15:23:02 | ep  80 |  4.7s | BPR=0.1249 ILE=0.0024 CL=5.9502 | VAL R@10=0.0883 R@20=0.1495 N@10=0.0424 N@20=0.0578 TailR@20=0.0611 Cov@20=0.6185 ARP@20=6.3837 HeadExp=0.8704 MidExp=0.0963 TailExp=0.0333 (best 0.1558@45)
15:23:07 | ep  81 |  5.0s | BPR=0.1235 ILE=0.0025 CL=5.9474
15:23:12 | ep  82 |  4.9s | BPR=0.1228 ILE=0.0029 CL=5.9417
15:23:17 | ep  83 |  4.9s | BPR=0.1210 ILE=0.0026 CL=5.9422
15:23:22 | ep  84 |  4.9s | BPR=0.1211 ILE=0.0024 CL=5.9406
15:23:28 | ep  85 |  5.0s | BPR=0.1205 ILE=0.0023 CL=5.9358 | VAL R@10=0.0883 R@20=0.1500 N@10=0.0423 N@20=0.0579 TailR@20=0.0611 Cov@20=0.6281 ARP@20=6.3687 HeadExp=0.8661 MidExp=0.1004 TailExp=0.0335 (best 0.1558@45)
15:23:33 | ep  86 |  4.9s | BPR=0.1198 ILE=0.0027 CL=5.9327
15:23:38 | ep  87 |  4.9s | BPR=0.1188 ILE=0.0024 CL=5.9334
15:23:43 | ep  88 |  4.9s | BPR=0.1192 ILE=0.0024 CL=5.9294
15:23:48 | ep  89 |  4.9s | BPR=0.1177 ILE=0.0025 CL=5.9271
15:23:53 | ep  90 |  4.8s | BPR=0.1168 ILE=0.0023 CL=5.9234 | VAL R@10=0.0883 R@20=0.1488 N@10=0.0423 N@20=0.0576 TailR@20=0.0632 Cov@20=0.6405 ARP@20=6.3515 HeadExp=0.8613 MidExp=0.1049 TailExp=0.0338 (best 0.1558@45)
15:23:58 | ep  91 |  4.7s | BPR=0.1160 ILE=0.0023 CL=5.9237
15:24:03 | ep  92 |  4.9s | BPR=0.1160 ILE=0.0022 CL=5.9202
15:24:08 | ep  93 |  5.0s | BPR=0.1152 ILE=0.0022 CL=5.9184
15:24:13 | ep  94 |  5.0s | BPR=0.1147 ILE=0.0025 CL=5.9174
15:24:19 | ep  95 |  4.9s | BPR=0.1143 ILE=0.0024 CL=5.9124 | VAL R@10=0.0887 R@20=0.1495 N@10=0.0424 N@20=0.0577 TailR@20=0.0589 Cov@20=0.6516 ARP@20=6.3366 HeadExp=0.8570 MidExp=0.1091 TailExp=0.0339 (best 0.1558@45)
15:24:19 | ⏰ early stopping @ epoch 95
15:24:20 | ✅ [full_L3_ile1p0_cl0p1_tau0p2_beta0p0_s42] TEST | R@10=0.0812 R@20=0.1369 N@10=0.0389 N@20=0.0528 TailR@20=0.0374 Cov@20=0.5293 ARP@20=6.5078 HeadExp=0.9009 MidExp=0.0628 TailExp=0.0363
