13:11:51 | 🚀 [full_L2_ile0p5_cl0p1_tau0p2_beta0p0_s42] ILE=True(λ=0.5) aug_main=False CL=True(λ=0.1,τ=0.2) negβ=0.0 drop=degree_aware layers=2 epochs=100 steps/epoch=137 device=cuda
13:11:56 | ep   1 |  4.4s | BPR=0.6925 ILE=0.0000 CL=5.5759
13:12:00 | ep   2 |  4.4s | BPR=0.6916 ILE=0.0000 CL=5.5704
13:12:04 | ep   3 |  4.1s | BPR=0.6901 ILE=0.0000 CL=5.5676
13:12:08 | ep   4 |  3.8s | BPR=0.6880 ILE=0.0000 CL=5.5689
13:12:13 | ep   5 |  4.2s | BPR=0.6848 ILE=0.0000 CL=5.5726 | VAL R@10=0.0388 R@20=0.0621 N@10=0.0190 N@20=0.0248 TailR@20=0.0021 Cov@20=0.8285 ARP@20=5.7905 HeadExp=0.6719 MidExp=0.2837 TailExp=0.0445 ⭐best
13:12:17 | ep   6 |  4.0s | BPR=0.6796 ILE=0.0000 CL=5.5824
13:12:21 | ep   7 |  4.2s | BPR=0.6708 ILE=0.0001 CL=5.6007
13:12:25 | ep   8 |  4.2s | BPR=0.6551 ILE=0.0003 CL=5.6377
13:12:29 | ep   9 |  4.1s | BPR=0.6261 ILE=0.0014 CL=5.7185
13:12:35 | ep  10 |  4.4s | BPR=0.5756 ILE=0.0058 CL=5.8614 | VAL R@10=0.0776 R@20=0.1308 N@10=0.0376 N@20=0.0510 TailR@20=0.0379 Cov@20=0.5763 ARP@20=6.5396 HeadExp=0.9119 MidExp=0.0581 TailExp=0.0300 ⭐best
13:12:39 | ep  11 |  4.3s | BPR=0.5082 ILE=0.0145 CL=6.0303
13:12:43 | ep  12 |  4.2s | BPR=0.4439 ILE=0.0240 CL=6.1552
13:12:48 | ep  13 |  4.4s | BPR=0.3913 ILE=0.0282 CL=6.2270
13:12:52 | ep  14 |  4.4s | BPR=0.3508 ILE=0.0301 CL=6.2641
13:12:57 | ep  15 |  4.4s | BPR=0.3203 ILE=0.0296 CL=6.2806 | VAL R@10=0.0868 R@20=0.1482 N@10=0.0421 N@20=0.0574 TailR@20=0.0505 Cov@20=0.4583 ARP@20=6.6563 HeadExp=0.9358 MidExp=0.0366 TailExp=0.0276 ⭐best
13:13:02 | ep  16 |  4.4s | BPR=0.2956 ILE=0.0276 CL=6.2830
13:13:06 | ep  17 |  4.3s | BPR=0.2756 ILE=0.0273 CL=6.2779
13:13:10 | ep  18 |  4.3s | BPR=0.2595 ILE=0.0252 CL=6.2685
13:13:14 | ep  19 |  4.0s | BPR=0.2466 ILE=0.0245 CL=6.2567
13:13:19 | ep  20 |  4.4s | BPR=0.2350 ILE=0.0231 CL=6.2457 | VAL R@10=0.0910 R@20=0.1503 N@10=0.0438 N@20=0.0588 TailR@20=0.0484 Cov@20=0.4625 ARP@20=6.6313 HeadExp=0.9342 MidExp=0.0416 TailExp=0.0242 ⭐best
13:13:24 | ep  21 |  4.4s | BPR=0.2251 ILE=0.0208 CL=6.2298
13:13:28 | ep  22 |  4.4s | BPR=0.2162 ILE=0.0207 CL=6.2159
13:13:33 | ep  23 |  4.3s | BPR=0.2093 ILE=0.0194 CL=6.2035
13:13:37 | ep  24 |  4.2s | BPR=0.2023 ILE=0.0174 CL=6.1893
13:13:42 | ep  25 |  4.3s | BPR=0.1963 ILE=0.0171 CL=6.1785 | VAL R@10=0.0915 R@20=0.1518 N@10=0.0445 N@20=0.0597 TailR@20=0.0442 Cov@20=0.4750 ARP@20=6.6026 HeadExp=0.9301 MidExp=0.0472 TailExp=0.0227 ⭐best
13:13:46 | ep  26 |  4.4s | BPR=0.1907 ILE=0.0159 CL=6.1652
13:13:51 | ep  27 |  4.4s | BPR=0.1853 ILE=0.0151 CL=6.1537
13:13:55 | ep  28 |  4.2s | BPR=0.1808 ILE=0.0141 CL=6.1426
13:13:59 | ep  29 |  4.3s | BPR=0.1759 ILE=0.0133 CL=6.1315
13:14:04 | ep  30 |  3.9s | BPR=0.1725 ILE=0.0127 CL=6.1181 | VAL R@10=0.0943 R@20=0.1521 N@10=0.0451 N@20=0.0596 TailR@20=0.0421 Cov@20=0.4965 ARP@20=6.5718 HeadExp=0.9239 MidExp=0.0542 TailExp=0.0219 ⭐best
13:14:08 | ep  31 |  4.3s | BPR=0.1685 ILE=0.0126 CL=6.1112
13:14:12 | ep  32 |  3.9s | BPR=0.1651 ILE=0.0124 CL=6.0983
13:14:16 | ep  33 |  3.8s | BPR=0.1620 ILE=0.0120 CL=6.0881
13:14:20 | ep  34 |  4.1s | BPR=0.1598 ILE=0.0107 CL=6.0810
13:14:25 | ep  35 |  4.2s | BPR=0.1560 ILE=0.0111 CL=6.0740 | VAL R@10=0.0946 R@20=0.1505 N@10=0.0452 N@20=0.0592 TailR@20=0.0400 Cov@20=0.5149 ARP@20=6.5439 HeadExp=0.9173 MidExp=0.0611 TailExp=0.0216 (best 0.1521@30)
13:14:29 | ep  36 |  4.2s | BPR=0.1537 ILE=0.0103 CL=6.0638
13:14:34 | ep  37 |  4.3s | BPR=0.1514 ILE=0.0096 CL=6.0572
13:14:38 | ep  38 |  4.1s | BPR=0.1479 ILE=0.0098 CL=6.0484
13:14:42 | ep  39 |  4.1s | BPR=0.1465 ILE=0.0090 CL=6.0408
13:14:47 | ep  40 |  4.3s | BPR=0.1448 ILE=0.0085 CL=6.0344 | VAL R@10=0.0946 R@20=0.1503 N@10=0.0446 N@20=0.0586 TailR@20=0.0379 Cov@20=0.5324 ARP@20=6.5149 HeadExp=0.9103 MidExp=0.0683 TailExp=0.0213 (best 0.1521@30)
13:14:51 | ep  41 |  4.3s | BPR=0.1424 ILE=0.0093 CL=6.0256
13:14:56 | ep  42 |  4.3s | BPR=0.1402 ILE=0.0088 CL=6.0207
13:15:00 | ep  43 |  4.4s | BPR=0.1375 ILE=0.0083 CL=6.0137
13:15:04 | ep  44 |  4.3s | BPR=0.1364 ILE=0.0079 CL=6.0072
13:15:09 | ep  45 |  4.3s | BPR=0.1344 ILE=0.0074 CL=6.0024 | VAL R@10=0.0930 R@20=0.1498 N@10=0.0439 N@20=0.0581 TailR@20=0.0421 Cov@20=0.5508 ARP@20=6.4894 HeadExp=0.9040 MidExp=0.0745 TailExp=0.0215 (best 0.1521@30)
13:15:14 | ep  46 |  4.2s | BPR=0.1331 ILE=0.0069 CL=5.9974
13:15:18 | ep  47 |  4.0s | BPR=0.1324 ILE=0.0080 CL=5.9914
13:15:22 | ep  48 |  4.3s | BPR=0.1304 ILE=0.0074 CL=5.9849
13:15:26 | ep  49 |  4.3s | BPR=0.1289 ILE=0.0068 CL=5.9773
13:15:31 | ep  50 |  4.3s | BPR=0.1272 ILE=0.0070 CL=5.9753 | VAL R@10=0.0910 R@20=0.1473 N@10=0.0435 N@20=0.0576 TailR@20=0.0400 Cov@20=0.5703 ARP@20=6.4630 HeadExp=0.8970 MidExp=0.0813 TailExp=0.0217 (best 0.1521@30)
13:15:35 | ep  51 |  3.8s | BPR=0.1258 ILE=0.0068 CL=5.9688
13:15:39 | ep  52 |  3.8s | BPR=0.1247 ILE=0.0059 CL=5.9669
13:15:43 | ep  53 |  3.8s | BPR=0.1232 ILE=0.0062 CL=5.9644
13:15:47 | ep  54 |  4.0s | BPR=0.1220 ILE=0.0058 CL=5.9604
13:15:52 | ep  55 |  4.1s | BPR=0.1209 ILE=0.0062 CL=5.9560 | VAL R@10=0.0913 R@20=0.1457 N@10=0.0429 N@20=0.0566 TailR@20=0.0421 Cov@20=0.5822 ARP@20=6.4390 HeadExp=0.8902 MidExp=0.0881 TailExp=0.0217 (best 0.1521@30)
13:15:56 | ep  56 |  4.2s | BPR=0.1193 ILE=0.0061 CL=5.9505
13:16:01 | ep  57 |  4.4s | BPR=0.1190 ILE=0.0058 CL=5.9478
13:16:05 | ep  58 |  4.0s | BPR=0.1176 ILE=0.0053 CL=5.9448
13:16:09 | ep  59 |  4.0s | BPR=0.1164 ILE=0.0057 CL=5.9399
13:16:14 | ep  60 |  4.3s | BPR=0.1164 ILE=0.0053 CL=5.9365 | VAL R@10=0.0902 R@20=0.1452 N@10=0.0425 N@20=0.0563 TailR@20=0.0379 Cov@20=0.5995 ARP@20=6.4183 HeadExp=0.8840 MidExp=0.0939 TailExp=0.0221 (best 0.1521@30)
13:16:18 | ep  61 |  4.4s | BPR=0.1148 ILE=0.0048 CL=5.9353
13:16:23 | ep  62 |  4.2s | BPR=0.1140 ILE=0.0057 CL=5.9320
13:16:27 | ep  63 |  4.3s | BPR=0.1130 ILE=0.0049 CL=5.9249
13:16:31 | ep  64 |  4.2s | BPR=0.1128 ILE=0.0052 CL=5.9243
13:16:36 | ep  65 |  4.3s | BPR=0.1116 ILE=0.0044 CL=5.9201 | VAL R@10=0.0890 R@20=0.1457 N@10=0.0420 N@20=0.0562 TailR@20=0.0358 Cov@20=0.6153 ARP@20=6.3966 HeadExp=0.8778 MidExp=0.0995 TailExp=0.0227 (best 0.1521@30)
13:16:40 | ep  66 |  3.9s | BPR=0.1101 ILE=0.0050 CL=5.9179
13:16:44 | ep  67 |  4.0s | BPR=0.1101 ILE=0.0045 CL=5.9156
13:16:49 | ep  68 |  4.3s | BPR=0.1090 ILE=0.0042 CL=5.9155
13:16:53 | ep  69 |  4.2s | BPR=0.1085 ILE=0.0050 CL=5.9090
13:16:58 | ep  70 |  4.0s | BPR=0.1080 ILE=0.0042 CL=5.9081 | VAL R@10=0.0888 R@20=0.1445 N@10=0.0418 N@20=0.0558 TailR@20=0.0400 Cov@20=0.6292 ARP@20=6.3758 HeadExp=0.8715 MidExp=0.1052 TailExp=0.0234 (best 0.1521@30)
13:17:02 | ep  71 |  3.8s | BPR=0.1072 ILE=0.0041 CL=5.9047
13:17:06 | ep  72 |  4.0s | BPR=0.1063 ILE=0.0042 CL=5.9047
13:17:10 | ep  73 |  4.0s | BPR=0.1057 ILE=0.0038 CL=5.9035
13:17:14 | ep  74 |  4.2s | BPR=0.1045 ILE=0.0048 CL=5.8978
13:17:19 | ep  75 |  4.2s | BPR=0.1053 ILE=0.0042 CL=5.8958 | VAL R@10=0.0877 R@20=0.1430 N@10=0.0414 N@20=0.0554 TailR@20=0.0442 Cov@20=0.6397 ARP@20=6.3591 HeadExp=0.8660 MidExp=0.1103 TailExp=0.0237 (best 0.1521@30)
13:17:23 | ep  76 |  4.3s | BPR=0.1037 ILE=0.0041 CL=5.8935
13:17:28 | ep  77 |  4.4s | BPR=0.1028 ILE=0.0038 CL=5.8918
13:17:32 | ep  78 |  4.4s | BPR=0.1031 ILE=0.0043 CL=5.8891
13:17:36 | ep  79 |  4.3s | BPR=0.1029 ILE=0.0041 CL=5.8877
13:17:41 | ep  80 |  4.2s | BPR=0.1021 ILE=0.0035 CL=5.8876 | VAL R@10=0.0860 R@20=0.1430 N@10=0.0409 N@20=0.0552 TailR@20=0.0463 Cov@20=0.6476 ARP@20=6.3444 HeadExp=0.8608 MidExp=0.1152 TailExp=0.0240 (best 0.1521@30)
13:17:41 | ⏰ early stopping @ epoch 80
13:17:42 | ✅ [full_L2_ile0p5_cl0p1_tau0p2_beta0p0_s42] TEST | R@10=0.0787 R@20=0.1352 N@10=0.0384 N@20=0.0526 TailR@20=0.0262 Cov@20=0.4979 ARP@20=6.5695 HeadExp=0.9234 MidExp=0.0545 TailExp=0.0220
